2025-04-24 22:38:59,643 ENGINE | Temp: 98 | RPM: 6639
2025-04-24 22:38:59,658 [31m[1mWARNING: This is a development server. Do not use it in a production deployment. Use a production WSGI server instead.[0m
 * Running on all addresses (0.0.0.0)
 * Running on http://127.0.0.1:5001
 * Running on http://10.0.0.130:5001
2025-04-24 22:38:59,658 [33mPress CTRL+C to quit[0m
2025-04-24 22:39:04,649 ENGINE | Temp: 118 | RPM: 5139
2025-04-24 22:39:09,657 ENGINE | Temp: 71 | RPM: 6646
2025-04-24 22:39:14,662 ENGINE | Temp: 95 | RPM: 4101
2025-04-24 22:39:19,666 ENGINE | Temp: 125 | RPM: 4730
2025-04-24 22:39:24,673 ENGINE | Temp: 110 | RPM: 7387
2025-04-24 22:39:26,191 127.0.0.1 - - [24/Apr/2025 22:39:26] "GET /health HTTP/1.1" 200 -
2025-04-24 22:39:29,678 ENGINE | Temp: 80 | RPM: 4029
2025-04-24 22:39:34,680 ENGINE | Temp: 111 | RPM: 8220
2025-04-24 22:39:39,686 ENGINE | Temp: 84 | RPM: 6268
2025-04-24 22:39:44,693 ENGINE | Temp: 79 | RPM: 4170
2025-04-24 22:39:49,698 ENGINE | Temp: 123 | RPM: 5239
2025-04-24 22:39:54,705 ENGINE | Temp: 115 | RPM: 5146
2025-04-24 22:39:59,711 ENGINE | Temp: 124 | RPM: 8361
2025-04-24 22:40:04,715 ENGINE | Temp: 110 | RPM: 5828
2025-04-24 22:40:09,718 ENGINE | Temp: 102 | RPM: 5975
2025-04-24 22:40:14,724 ENGINE | Temp: 82 | RPM: 5628
2025-04-24 22:40:19,730 ENGINE | Temp: 83 | RPM: 5829
2025-04-24 22:40:24,734 ENGINE | Temp: 115 | RPM: 7707
2025-04-24 22:40:29,744 ENGINE | Temp: 93 | RPM: 5616
2025-04-24 22:40:34,749 ENGINE | Temp: 84 | RPM: 4360
2025-04-24 22:40:39,757 ENGINE | Temp: 112 | RPM: 6509
2025-04-24 22:40:44,761 ENGINE | Temp: 108 | RPM: 4236
2025-04-24 22:40:49,765 ENGINE | Temp: 101 | RPM: 7406
2025-04-24 22:40:54,771 ENGINE | Temp: 75 | RPM: 4517
2025-04-24 22:40:59,778 ENGINE | Temp: 78 | RPM: 6260
2025-04-24 22:41:04,787 ENGINE | Temp: 75 | RPM: 6015
2025-04-24 22:41:09,796 ENGINE | Temp: 117 | RPM: 4050
2025-04-24 22:41:14,803 ENGINE | Temp: 90 | RPM: 7278
2025-04-24 22:41:19,810 ENGINE | Temp: 88 | RPM: 8354
2025-04-24 22:41:24,817 ENGINE | Temp: 73 | RPM: 4523
2025-04-24 22:41:29,821 ENGINE | Temp: 128 | RPM: 5853
2025-04-24 22:41:34,823 ENGINE | Temp: 78 | RPM: 5708
2025-04-24 22:41:39,829 ENGINE | Temp: 94 | RPM: 8744
2025-04-24 22:41:44,830 ENGINE | Temp: 94 | RPM: 5516
2025-04-24 22:41:49,837 ENGINE | Temp: 94 | RPM: 6532
2025-04-24 22:41:54,840 ENGINE | Temp: 108 | RPM: 7498
2025-04-24 22:41:59,848 ENGINE | Temp: 125 | RPM: 7034
2025-04-24 22:42:04,852 ENGINE | Temp: 94 | RPM: 6640
2025-04-24 22:42:09,857 ENGINE | Temp: 100 | RPM: 7013
2025-04-24 22:42:14,863 ENGINE | Temp: 103 | RPM: 8715
2025-04-24 22:42:19,871 ENGINE | Temp: 125 | RPM: 8036
2025-04-24 22:42:24,878 ENGINE | Temp: 115 | RPM: 5901
2025-04-24 22:42:29,884 ENGINE | Temp: 73 | RPM: 5719
2025-04-24 22:42:34,891 ENGINE | Temp: 89 | RPM: 7785
2025-04-24 22:42:39,896 ENGINE | Temp: 114 | RPM: 5365
2025-04-24 22:42:44,898 ENGINE | Temp: 73 | RPM: 8574
2025-04-24 22:42:49,904 ENGINE | Temp: 82 | RPM: 6534
2025-04-24 22:42:54,911 ENGINE | Temp: 126 | RPM: 8254
2025-04-24 22:42:59,911 ENGINE | Temp: 82 | RPM: 7949
2025-04-24 22:43:04,914 ENGINE | Temp: 95 | RPM: 8145
2025-04-24 22:43:09,920 ENGINE | Temp: 73 | RPM: 4694
2025-04-24 22:43:14,925 ENGINE | Temp: 97 | RPM: 5314
2025-04-24 22:43:19,932 ENGINE | Temp: 90 | RPM: 5591
2025-04-24 22:43:24,939 ENGINE | Temp: 127 | RPM: 4514
2025-04-24 22:43:29,946 ENGINE | Temp: 77 | RPM: 4893
2025-04-24 22:43:34,953 ENGINE | Temp: 81 | RPM: 7551
2025-04-24 22:43:39,958 ENGINE | Temp: 93 | RPM: 8957
2025-04-24 22:43:44,960 ENGINE | Temp: 101 | RPM: 7843
2025-04-24 22:43:49,967 ENGINE | Temp: 72 | RPM: 6930
2025-04-24 22:43:54,974 ENGINE | Temp: 110 | RPM: 4067
2025-04-24 22:43:59,981 ENGINE | Temp: 95 | RPM: 4193
2025-04-24 22:44:04,988 ENGINE | Temp: 115 | RPM: 7135
2025-04-24 22:44:09,991 ENGINE | Temp: 105 | RPM: 6510
2025-04-24 22:44:14,996 ENGINE | Temp: 81 | RPM: 8250
2025-04-24 22:44:20,002 ENGINE | Temp: 82 | RPM: 6813
2025-04-24 22:44:25,009 ENGINE | Temp: 78 | RPM: 8797
2025-04-24 22:44:30,015 ENGINE | Temp: 108 | RPM: 8925
2025-04-24 22:44:35,021 ENGINE | Temp: 101 | RPM: 7908
2025-04-24 22:44:40,023 ENGINE | Temp: 130 | RPM: 8408
2025-04-24 22:44:45,030 ENGINE | Temp: 124 | RPM: 5276
2025-04-24 22:44:50,035 ENGINE | Temp: 85 | RPM: 6525
2025-04-24 22:44:55,042 ENGINE | Temp: 111 | RPM: 7886
2025-04-24 22:45:00,048 ENGINE | Temp: 78 | RPM: 8322
2025-04-24 22:45:05,055 ENGINE | Temp: 114 | RPM: 4323
2025-04-24 22:45:10,059 ENGINE | Temp: 77 | RPM: 5756
2025-04-24 22:45:15,062 ENGINE | Temp: 106 | RPM: 7973
2025-04-24 22:45:20,067 ENGINE | Temp: 104 | RPM: 4497
2025-04-24 22:45:25,069 ENGINE | Temp: 79 | RPM: 6354
2025-04-24 22:45:30,070 ENGINE | Temp: 90 | RPM: 6038
2025-04-24 22:45:35,076 ENGINE | Temp: 100 | RPM: 7393
2025-04-24 22:45:40,079 ENGINE | Temp: 73 | RPM: 8966
2025-04-24 22:45:45,083 ENGINE | Temp: 102 | RPM: 5151
2025-04-24 22:45:50,085 ENGINE | Temp: 86 | RPM: 5363
2025-04-24 22:45:55,087 ENGINE | Temp: 119 | RPM: 5866
2025-04-24 22:46:00,090 ENGINE | Temp: 75 | RPM: 4460
2025-04-24 22:46:05,093 ENGINE | Temp: 71 | RPM: 5154
2025-04-24 22:46:10,099 ENGINE | Temp: 99 | RPM: 4176
2025-04-24 22:46:15,105 ENGINE | Temp: 87 | RPM: 4211
2025-04-24 22:46:20,106 ENGINE | Temp: 101 | RPM: 5946
2025-04-24 22:46:25,111 ENGINE | Temp: 121 | RPM: 5888
2025-04-24 22:46:30,117 ENGINE | Temp: 100 | RPM: 7665
2025-04-24 22:46:35,126 ENGINE | Temp: 130 | RPM: 4367
2025-04-24 22:46:40,132 ENGINE | Temp: 122 | RPM: 7722
2025-04-24 22:46:45,139 ENGINE | Temp: 123 | RPM: 8757
2025-04-24 22:46:50,142 ENGINE | Temp: 129 | RPM: 8979
2025-04-24 22:46:55,150 ENGINE | Temp: 86 | RPM: 4581
2025-04-24 22:47:00,153 ENGINE | Temp: 125 | RPM: 6384
2025-04-24 22:47:05,158 ENGINE | Temp: 106 | RPM: 7438
2025-04-24 22:47:10,159 ENGINE | Temp: 70 | RPM: 6209
2025-04-24 22:47:15,163 ENGINE | Temp: 128 | RPM: 6383
2025-04-24 22:47:20,170 ENGINE | Temp: 80 | RPM: 8666
2025-04-24 22:47:25,178 ENGINE | Temp: 99 | RPM: 5225
2025-04-24 22:47:30,185 ENGINE | Temp: 82 | RPM: 8567
2025-04-24 22:47:35,190 ENGINE | Temp: 125 | RPM: 4579
2025-04-24 22:47:40,192 ENGINE | Temp: 119 | RPM: 7264
2025-04-24 22:47:45,200 ENGINE | Temp: 99 | RPM: 8023
2025-04-24 22:47:50,202 ENGINE | Temp: 81 | RPM: 5829
2025-04-24 22:47:55,208 ENGINE | Temp: 107 | RPM: 7184
2025-04-24 22:48:00,211 ENGINE | Temp: 90 | RPM: 7555
2025-04-24 22:48:05,216 ENGINE | Temp: 70 | RPM: 7847
2025-04-24 22:48:10,221 ENGINE | Temp: 73 | RPM: 4229
2025-04-24 22:48:15,228 ENGINE | Temp: 78 | RPM: 5613
2025-04-24 22:48:20,235 ENGINE | Temp: 85 | RPM: 8831
2025-04-24 22:48:25,241 ENGINE | Temp: 102 | RPM: 8070
2025-04-24 22:48:30,243 ENGINE | Temp: 109 | RPM: 7851
2025-04-24 22:48:35,247 ENGINE | Temp: 71 | RPM: 7656
2025-04-24 22:48:40,251 ENGINE | Temp: 97 | RPM: 8579
2025-04-24 22:48:45,256 ENGINE | Temp: 72 | RPM: 4545
2025-04-24 22:48:50,260 ENGINE | Temp: 108 | RPM: 5556
2025-04-24 22:48:55,267 ENGINE | Temp: 99 | RPM: 5737
2025-04-24 22:49:00,282 ENGINE | Temp: 96 | RPM: 8366
2025-04-24 22:49:05,339 ENGINE | Temp: 101 | RPM: 5344
2025-04-24 22:49:10,360 ENGINE | Temp: 71 | RPM: 4226
2025-04-24 22:49:15,363 ENGINE | Temp: 121 | RPM: 8897
2025-04-24 22:49:20,368 ENGINE | Temp: 88 | RPM: 8668
2025-04-24 22:49:25,376 ENGINE | Temp: 120 | RPM: 6802
2025-04-24 22:49:30,381 ENGINE | Temp: 98 | RPM: 6775
2025-04-24 22:49:35,388 ENGINE | Temp: 119 | RPM: 8559
2025-04-24 22:49:40,389 ENGINE | Temp: 106 | RPM: 5556
2025-04-24 22:49:45,395 ENGINE | Temp: 113 | RPM: 8356
2025-04-24 22:49:50,400 ENGINE | Temp: 74 | RPM: 4277
2025-04-24 22:49:55,406 ENGINE | Temp: 91 | RPM: 8377
2025-04-24 22:50:00,411 ENGINE | Temp: 110 | RPM: 7223
2025-04-24 22:50:05,418 ENGINE | Temp: 102 | RPM: 8563
2025-04-24 22:50:10,424 ENGINE | Temp: 101 | RPM: 8393
2025-04-24 22:50:15,432 ENGINE | Temp: 122 | RPM: 5098
2025-04-24 22:50:20,438 ENGINE | Temp: 121 | RPM: 8786
2025-04-24 22:50:25,441 ENGINE | Temp: 89 | RPM: 5694
2025-04-24 22:50:30,443 ENGINE | Temp: 119 | RPM: 8672
2025-04-24 22:50:35,450 ENGINE | Temp: 125 | RPM: 8563
2025-04-24 22:50:40,456 ENGINE | Temp: 70 | RPM: 7214
2025-04-24 22:50:45,462 ENGINE | Temp: 100 | RPM: 4312
2025-04-24 22:50:50,469 ENGINE | Temp: 125 | RPM: 8373
2025-04-24 22:50:55,476 ENGINE | Temp: 82 | RPM: 5193
2025-04-24 22:51:00,483 ENGINE | Temp: 91 | RPM: 7125
2025-04-24 22:51:05,490 ENGINE | Temp: 116 | RPM: 6829
2025-04-24 22:51:10,496 ENGINE | Temp: 111 | RPM: 7946
2025-04-24 22:51:15,504 ENGINE | Temp: 97 | RPM: 8723
2025-04-24 22:51:20,506 ENGINE | Temp: 75 | RPM: 5956
2025-04-24 22:51:25,513 ENGINE | Temp: 95 | RPM: 4293
2025-04-24 22:51:30,520 ENGINE | Temp: 102 | RPM: 7817
2025-04-24 22:51:35,523 ENGINE | Temp: 102 | RPM: 4984
2025-04-24 22:51:40,527 ENGINE | Temp: 105 | RPM: 5450
2025-04-24 22:51:45,530 ENGINE | Temp: 108 | RPM: 6482
2025-04-24 22:51:50,537 ENGINE | Temp: 80 | RPM: 5587
2025-04-24 22:51:55,539 ENGINE | Temp: 95 | RPM: 6484
2025-04-24 22:52:00,545 ENGINE | Temp: 73 | RPM: 8574
2025-04-24 22:52:05,551 ENGINE | Temp: 114 | RPM: 5907
2025-04-24 22:52:10,554 ENGINE | Temp: 83 | RPM: 7803
2025-04-24 22:52:15,561 ENGINE | Temp: 72 | RPM: 7826
2025-04-24 22:52:20,565 ENGINE | Temp: 76 | RPM: 5468
2025-04-24 22:52:25,572 ENGINE | Temp: 122 | RPM: 4393
2025-04-24 22:52:30,579 ENGINE | Temp: 91 | RPM: 7489
2025-04-24 22:52:35,588 ENGINE | Temp: 111 | RPM: 7267
2025-04-24 22:52:40,595 ENGINE | Temp: 77 | RPM: 4338
2025-04-24 22:52:45,602 ENGINE | Temp: 99 | RPM: 8734
2025-04-24 22:52:50,606 ENGINE | Temp: 128 | RPM: 5026
2025-04-24 22:52:55,618 ENGINE | Temp: 72 | RPM: 7975
2025-04-24 22:53:00,626 ENGINE | Temp: 112 | RPM: 7419
2025-04-24 22:53:05,632 ENGINE | Temp: 122 | RPM: 5519
2025-04-24 22:53:10,638 ENGINE | Temp: 121 | RPM: 7717
2025-04-24 22:55:49,581 ENGINE | Temp: 100.21 | RPM: 6043
2025-04-24 22:55:49,590 [31m[1mWARNING: This is a development server. Do not use it in a production deployment. Use a production WSGI server instead.[0m
 * Running on all addresses (0.0.0.0)
 * Running on http://127.0.0.1:5001
 * Running on http://10.0.0.130:5001
2025-04-24 22:55:49,590 [33mPress CTRL+C to quit[0m
2025-04-24 22:55:54,594 ENGINE | Temp: 102.66 | RPM: 6148
2025-04-24 22:55:59,600 ENGINE | Temp: 100.93 | RPM: 6419
2025-04-24 22:56:04,608 ENGINE | Temp: 104.14 | RPM: 6496
2025-04-24 22:56:09,614 ENGINE | Temp: 104.98 | RPM: 6681
2025-04-24 22:56:14,620 ENGINE | Temp: 103.06 | RPM: 6933
2025-04-24 22:58:27,592 ENGINE | Temp: 100.28 | RPM: 6087
2025-04-24 22:58:27,602 [31m[1mWARNING: This is a development server. Do not use it in a production deployment. Use a production WSGI server instead.[0m
 * Running on all addresses (0.0.0.0)
 * Running on http://127.0.0.1:5001
 * Running on http://10.0.0.130:5001
2025-04-24 22:58:27,603 [33mPress CTRL+C to quit[0m
2025-04-24 22:58:32,599 ENGINE | Temp: 101.47 | RPM: 6265
2025-04-24 22:58:37,605 ENGINE | Temp: 103.23 | RPM: 6482
2025-04-24 22:58:42,610 ENGINE | Temp: 102.2 | RPM: 6626
2025-04-24 22:58:47,612 ENGINE | Temp: 104.31 | RPM: 6864
2025-04-24 22:58:52,614 ENGINE | Temp: 103.12 | RPM: 7010
2025-04-24 22:58:57,616 ENGINE | Temp: 104.19 | RPM: 7099
2025-04-24 22:59:02,623 ENGINE | Temp: 105.46 | RPM: 7333
2025-04-24 22:59:07,627 ENGINE | Temp: 107.53 | RPM: 7414
2025-04-24 22:59:12,632 ENGINE | Temp: 107.59 | RPM: 7665
2025-04-24 22:59:17,635 ENGINE | Temp: 108.07 | RPM: 7770
2025-04-24 22:59:22,645 ENGINE | Temp: 110.62 | RPM: 7742
2025-04-24 22:59:27,647 ENGINE | Temp: 112.52 | RPM: 7849
2025-04-24 22:59:32,649 ENGINE | Temp: 113.25 | RPM: 7963
2025-04-24 22:59:37,655 ENGINE | Temp: 112.93 | RPM: 8034
2025-04-24 22:59:42,662 ENGINE | Temp: 112.94 | RPM: 7943
2025-04-24 22:59:47,668 ENGINE | Temp: 115.94 | RPM: 7969
2025-04-24 22:59:52,675 ENGINE | Temp: 116.86 | RPM: 7959
2025-04-24 22:59:57,678 ENGINE | Temp: 116.94 | RPM: 7993
2025-04-24 23:00:02,684 ENGINE | Temp: 115.05 | RPM: 7894
2025-04-24 23:00:07,691 ENGINE | Temp: 116.77 | RPM: 7829
2025-04-24 23:00:12,697 ENGINE | Temp: 118.84 | RPM: 7644
2025-04-24 23:00:17,709 ENGINE | Temp: 119.53 | RPM: 7543
2025-04-24 23:00:22,715 ENGINE | Temp: 120.1 | RPM: 7518
2025-04-24 23:00:27,721 ENGINE | Temp: 118.83 | RPM: 7266
2025-04-24 23:00:32,727 ENGINE | Temp: 120.93 | RPM: 7243
2025-04-24 23:00:37,728 ENGINE | Temp: 117.78 | RPM: 6974
2025-04-24 23:00:42,731 ENGINE | Temp: 119.89 | RPM: 6858
2025-04-24 23:00:47,733 ENGINE | Temp: 120.79 | RPM: 6658
2025-04-24 23:00:52,740 ENGINE | Temp: 119.2 | RPM: 6543
2025-04-24 23:00:57,744 ENGINE | Temp: 119.51 | RPM: 6240
2025-04-24 23:01:02,751 ENGINE | Temp: 118.44 | RPM: 5985
2025-04-24 23:01:07,758 ENGINE | Temp: 121.75 | RPM: 5832
2025-04-24 23:01:12,761 ENGINE | Temp: 119.56 | RPM: 5666
2025-04-24 23:01:17,763 ENGINE | Temp: 121.71 | RPM: 5425
2025-04-24 23:01:22,770 ENGINE | Temp: 120.81 | RPM: 5279
2025-04-24 23:01:27,778 ENGINE | Temp: 118.59 | RPM: 5113
2025-04-24 23:01:32,782 ENGINE | Temp: 118.24 | RPM: 4865
2025-04-24 23:01:37,787 ENGINE | Temp: 119.87 | RPM: 4816
2025-04-24 23:01:42,794 ENGINE | Temp: 117.34 | RPM: 4721
2025-04-24 23:01:47,805 ENGINE | Temp: 119.48 | RPM: 4560
2025-04-24 23:01:52,813 ENGINE | Temp: 117.11 | RPM: 4440
2025-04-24 23:01:57,817 ENGINE | Temp: 117.34 | RPM: 4183
2025-04-24 23:02:02,819 ENGINE | Temp: 115.37 | RPM: 4257
2025-04-24 23:02:07,826 ENGINE | Temp: 116.56 | RPM: 4125
2025-04-24 23:02:12,829 ENGINE | Temp: 115.09 | RPM: 4015
2025-04-24 23:02:17,837 ENGINE | Temp: 114.86 | RPM: 4060
2025-04-24 23:02:22,843 ENGINE | Temp: 113.42 | RPM: 3935
2025-04-24 23:02:27,847 ENGINE | Temp: 113.05 | RPM: 4105
2025-04-24 23:02:32,853 ENGINE | Temp: 111.71 | RPM: 4104
2025-04-24 23:02:37,859 ENGINE | Temp: 110.87 | RPM: 4087
2025-04-24 23:02:42,866 ENGINE | Temp: 113.0 | RPM: 4100
2025-04-24 23:02:47,875 ENGINE | Temp: 111.2 | RPM: 4308
2025-04-24 23:02:52,885 ENGINE | Temp: 110.87 | RPM: 4250
2025-04-24 23:02:57,891 ENGINE | Temp: 107.35 | RPM: 4446
2025-04-24 23:03:02,898 ENGINE | Temp: 106.93 | RPM: 4663
2025-04-24 23:03:07,905 ENGINE | Temp: 107.54 | RPM: 4664
2025-04-24 23:03:12,912 ENGINE | Temp: 106.45 | RPM: 4943
2025-04-24 23:03:17,920 ENGINE | Temp: 104.67 | RPM: 5123
2025-04-24 23:03:22,927 ENGINE | Temp: 105.27 | RPM: 5207
2025-04-24 23:03:27,929 ENGINE | Temp: 101.25 | RPM: 5539
2025-04-24 23:03:32,932 ENGINE | Temp: 100.61 | RPM: 5623
2025-04-24 23:03:37,940 ENGINE | Temp: 99.84 | RPM: 5926
2025-04-24 23:03:42,944 ENGINE | Temp: 99.93 | RPM: 6124
2025-04-24 23:03:47,949 ENGINE | Temp: 98.22 | RPM: 6328
2025-04-24 23:03:52,953 ENGINE | Temp: 95.92 | RPM: 6463
2025-04-24 23:03:57,958 ENGINE | Temp: 94.91 | RPM: 6642
2025-04-24 23:04:02,965 ENGINE | Temp: 95.81 | RPM: 6844
2025-04-24 23:04:07,969 ENGINE | Temp: 95.11 | RPM: 7003
2025-04-24 23:04:12,973 ENGINE | Temp: 95.59 | RPM: 7103
2025-04-24 23:04:17,980 ENGINE | Temp: 91.68 | RPM: 7363
2025-04-24 23:04:22,986 ENGINE | Temp: 92.47 | RPM: 7395
2025-04-24 23:04:27,992 ENGINE | Temp: 91.44 | RPM: 7651
2025-04-24 23:04:32,994 ENGINE | Temp: 89.22 | RPM: 7734
2025-04-24 23:04:38,001 ENGINE | Temp: 87.44 | RPM: 7808
2025-04-24 23:04:43,006 ENGINE | Temp: 90.16 | RPM: 7871
2025-04-24 23:04:48,009 ENGINE | Temp: 88.41 | RPM: 7901
2025-04-24 23:04:53,015 ENGINE | Temp: 86.11 | RPM: 7938
2025-04-24 23:04:58,021 ENGINE | Temp: 84.45 | RPM: 8026
2025-04-24 23:05:03,024 ENGINE | Temp: 83.84 | RPM: 7927
2025-04-24 23:05:08,029 ENGINE | Temp: 83.67 | RPM: 7947
2025-04-24 23:05:13,037 ENGINE | Temp: 86.08 | RPM: 8012
2025-04-24 23:05:18,038 ENGINE | Temp: 84.18 | RPM: 7800
2025-04-24 23:05:23,042 ENGINE | Temp: 82.68 | RPM: 7810
2025-04-24 23:05:28,048 ENGINE | Temp: 84.31 | RPM: 7700
2025-04-24 23:05:33,050 ENGINE | Temp: 84.1 | RPM: 7547
2025-04-24 23:05:38,057 ENGINE | Temp: 82.39 | RPM: 7463
2025-04-24 23:05:43,061 ENGINE | Temp: 82.24 | RPM: 7422
2025-04-24 23:05:48,066 ENGINE | Temp: 80.24 | RPM: 7157
2025-04-24 23:05:53,072 ENGINE | Temp: 82.64 | RPM: 7040
2025-04-24 23:05:58,075 ENGINE | Temp: 79.79 | RPM: 6889
2025-04-24 23:06:03,083 ENGINE | Temp: 81.97 | RPM: 6662
2025-04-24 23:06:08,087 ENGINE | Temp: 81.15 | RPM: 6436
2025-04-24 23:06:13,093 ENGINE | Temp: 80.75 | RPM: 6320
2025-04-24 23:06:18,097 ENGINE | Temp: 81.59 | RPM: 6106
2025-04-24 23:06:23,101 ENGINE | Temp: 78.75 | RPM: 5790
2025-04-24 23:06:28,104 ENGINE | Temp: 81.27 | RPM: 5613
2025-04-24 23:06:33,106 ENGINE | Temp: 81.72 | RPM: 5417
2025-04-24 23:06:38,111 ENGINE | Temp: 81.02 | RPM: 5328
2025-04-24 23:06:43,118 ENGINE | Temp: 80.48 | RPM: 5030
2025-04-24 23:06:48,123 ENGINE | Temp: 80.68 | RPM: 4942
2025-04-24 23:06:53,129 ENGINE | Temp: 82.6 | RPM: 4803
2025-04-24 23:06:58,134 ENGINE | Temp: 83.25 | RPM: 4667
2025-04-24 23:07:03,138 ENGINE | Temp: 83.07 | RPM: 4522
2025-04-24 23:07:08,141 ENGINE | Temp: 80.89 | RPM: 4325
2025-04-24 23:07:13,146 ENGINE | Temp: 83.48 | RPM: 4144
2025-04-24 23:07:18,163 ENGINE | Temp: 82.56 | RPM: 4156
2025-04-24 23:07:23,168 ENGINE | Temp: 82.39 | RPM: 4030
2025-04-24 23:07:28,172 ENGINE | Temp: 84.67 | RPM: 3994
2025-04-24 23:07:33,180 ENGINE | Temp: 83.51 | RPM: 4087
2025-04-24 23:07:38,186 ENGINE | Temp: 83.95 | RPM: 4096
2025-04-24 23:07:43,197 ENGINE | Temp: 86.01 | RPM: 4080
2025-04-24 23:07:48,213 ENGINE | Temp: 88.21 | RPM: 3995
2025-04-24 23:07:53,219 ENGINE | Temp: 86.61 | RPM: 4009
2025-04-24 23:07:58,226 ENGINE | Temp: 88.73 | RPM: 4148
2025-04-24 23:08:03,233 ENGINE | Temp: 89.27 | RPM: 4216
2025-04-24 23:08:08,249 ENGINE | Temp: 92.19 | RPM: 4451
2025-04-24 23:08:13,254 ENGINE | Temp: 92.54 | RPM: 4465
2025-04-24 23:08:18,259 ENGINE | Temp: 93.4 | RPM: 4565
2025-04-24 23:08:23,267 ENGINE | Temp: 94.81 | RPM: 4685
2025-04-24 23:08:28,270 ENGINE | Temp: 95.26 | RPM: 4855
2025-04-24 23:08:33,276 ENGINE | Temp: 94.74 | RPM: 5004
2025-04-24 23:08:38,296 ENGINE | Temp: 94.44 | RPM: 5358
2025-04-24 23:08:43,305 ENGINE | Temp: 97.13 | RPM: 5440
2025-04-24 23:08:48,312 ENGINE | Temp: 96.45 | RPM: 5608
2025-04-24 23:08:53,318 ENGINE | Temp: 100.14 | RPM: 5962
2025-04-24 23:08:58,323 ENGINE | Temp: 98.6 | RPM: 6084
2025-04-24 23:09:03,332 ENGINE | Temp: 100.09 | RPM: 6197
2025-04-24 23:09:08,341 ENGINE | Temp: 102.27 | RPM: 6368
2025-04-24 23:09:13,347 ENGINE | Temp: 101.46 | RPM: 6639
2025-04-24 23:09:18,355 ENGINE | Temp: 103.87 | RPM: 6742
2025-04-24 23:09:23,363 ENGINE | Temp: 104.82 | RPM: 7089
2025-04-24 23:09:28,370 ENGINE | Temp: 108.15 | RPM: 7139
2025-04-24 23:09:33,384 ENGINE | Temp: 107.38 | RPM: 7331
2025-04-24 23:09:38,389 ENGINE | Temp: 107.26 | RPM: 7536
2025-04-24 23:09:43,394 ENGINE | Temp: 108.93 | RPM: 7516
2025-04-24 23:09:48,401 ENGINE | Temp: 111.26 | RPM: 7722
2025-04-24 23:09:53,409 ENGINE | Temp: 111.53 | RPM: 7734
2025-04-24 23:09:58,416 ENGINE | Temp: 110.35 | RPM: 7947
2025-04-24 23:10:03,421 ENGINE | Temp: 111.19 | RPM: 7902
2025-04-24 23:10:08,426 ENGINE | Temp: 111.51 | RPM: 7915
2025-04-24 23:10:13,429 ENGINE | Temp: 114.51 | RPM: 7974
2025-04-24 23:10:18,435 ENGINE | Temp: 115.39 | RPM: 8029
2025-04-24 23:10:23,443 ENGINE | Temp: 114.45 | RPM: 8030
2025-04-24 23:10:28,449 ENGINE | Temp: 117.03 | RPM: 7959
2025-04-24 23:10:33,455 ENGINE | Temp: 118.06 | RPM: 7780
2025-04-24 23:10:38,462 ENGINE | Temp: 116.5 | RPM: 7797
2025-04-24 23:10:43,469 ENGINE | Temp: 118.0 | RPM: 7656
2025-04-24 23:10:48,472 ENGINE | Temp: 117.71 | RPM: 7537
2025-04-24 23:10:53,474 ENGINE | Temp: 117.05 | RPM: 7510
2025-04-24 23:10:58,478 ENGINE | Temp: 120.51 | RPM: 7302
2025-04-24 23:11:03,480 ENGINE | Temp: 117.3 | RPM: 7158
2025-04-24 23:11:08,483 ENGINE | Temp: 119.65 | RPM: 7033
2025-04-24 23:11:13,491 ENGINE | Temp: 117.8 | RPM: 6851
2025-04-24 23:11:18,497 ENGINE | Temp: 118.07 | RPM: 6606
2025-04-24 23:11:23,505 ENGINE | Temp: 121.35 | RPM: 6399
2025-04-24 23:11:28,509 ENGINE | Temp: 120.16 | RPM: 6261
2025-04-24 23:11:33,516 ENGINE | Temp: 118.32 | RPM: 5990
2025-04-24 23:11:38,520 ENGINE | Temp: 119.85 | RPM: 5721
2025-04-24 23:11:43,525 ENGINE | Temp: 119.24 | RPM: 5592
2025-04-24 23:11:48,528 ENGINE | Temp: 121.05 | RPM: 5469
2025-04-24 23:11:53,535 ENGINE | Temp: 119.04 | RPM: 5215
2025-04-24 23:11:58,539 ENGINE | Temp: 120.86 | RPM: 4995
2025-04-24 23:12:03,543 ENGINE | Temp: 117.8 | RPM: 4787
2025-04-24 23:12:08,553 ENGINE | Temp: 118.87 | RPM: 4804
2025-04-24 23:12:13,561 ENGINE | Temp: 118.89 | RPM: 4644
2025-04-24 23:12:18,569 ENGINE | Temp: 119.41 | RPM: 4432
2025-04-24 23:12:23,576 ENGINE | Temp: 116.97 | RPM: 4409
2025-04-24 23:12:28,583 ENGINE | Temp: 116.24 | RPM: 4165
2025-04-24 23:12:33,584 ENGINE | Temp: 116.04 | RPM: 4226
2025-04-24 23:12:38,587 ENGINE | Temp: 115.16 | RPM: 4074
2025-04-24 23:12:43,592 ENGINE | Temp: 115.92 | RPM: 4089
2025-04-24 23:12:48,599 ENGINE | Temp: 114.36 | RPM: 3945
2025-04-24 23:12:53,602 ENGINE | Temp: 112.67 | RPM: 3961
2025-04-24 23:12:58,606 ENGINE | Temp: 112.85 | RPM: 4099
2025-04-24 23:13:03,612 ENGINE | Temp: 112.71 | RPM: 4095
2025-04-24 23:13:08,618 ENGINE | Temp: 111.91 | RPM: 4181
2025-04-24 23:13:13,622 ENGINE | Temp: 110.04 | RPM: 4158
2025-04-24 23:13:18,626 ENGINE | Temp: 111.91 | RPM: 4312
2025-04-24 23:13:23,631 ENGINE | Temp: 111.0 | RPM: 4303
2025-04-24 23:13:28,634 ENGINE | Temp: 110.06 | RPM: 4410
2025-04-24 23:13:33,640 ENGINE | Temp: 108.5 | RPM: 4630
2025-04-24 23:13:38,645 ENGINE | Temp: 104.65 | RPM: 4801
2025-04-24 23:13:43,647 ENGINE | Temp: 106.68 | RPM: 5043
2025-04-24 23:13:48,652 ENGINE | Temp: 103.22 | RPM: 5086
2025-04-24 23:13:53,658 ENGINE | Temp: 104.83 | RPM: 5336
2025-04-24 23:13:58,665 ENGINE | Temp: 101.81 | RPM: 5411
2025-04-24 23:14:03,671 ENGINE | Temp: 100.15 | RPM: 5689
2025-04-24 23:14:08,677 ENGINE | Temp: 100.88 | RPM: 5879
2025-04-24 23:14:13,685 ENGINE | Temp: 100.03 | RPM: 6119
2025-04-24 23:14:18,693 ENGINE | Temp: 98.21 | RPM: 6222
2025-04-24 23:14:23,698 ENGINE | Temp: 96.08 | RPM: 6433
2025-04-24 23:14:28,704 ENGINE | Temp: 96.26 | RPM: 6752
2025-04-24 23:14:33,707 ENGINE | Temp: 97.1 | RPM: 6794
2025-04-24 23:14:38,709 ENGINE | Temp: 96.12 | RPM: 7073
2025-04-24 23:14:43,714 ENGINE | Temp: 91.68 | RPM: 7187
2025-04-24 23:14:48,720 ENGINE | Temp: 94.42 | RPM: 7265
2025-04-24 23:14:53,726 ENGINE | Temp: 93.7 | RPM: 7546
2025-04-24 23:14:58,734 ENGINE | Temp: 89.99 | RPM: 7585
2025-04-24 23:15:03,737 ENGINE | Temp: 88.77 | RPM: 7833
2025-04-24 23:15:08,744 ENGINE | Temp: 88.41 | RPM: 7813
2025-04-24 23:15:13,747 ENGINE | Temp: 86.59 | RPM: 7830
2025-04-24 23:15:18,749 ENGINE | Temp: 86.27 | RPM: 7859
2025-04-24 23:15:23,757 ENGINE | Temp: 85.26 | RPM: 8061
2025-04-24 23:15:28,763 ENGINE | Temp: 87.98 | RPM: 8095
2025-04-24 23:15:33,768 ENGINE | Temp: 83.48 | RPM: 8028
2025-04-24 23:15:38,774 ENGINE | Temp: 83.35 | RPM: 7970
2025-04-24 23:15:43,780 ENGINE | Temp: 84.19 | RPM: 7849
2025-04-24 23:15:48,782 ENGINE | Temp: 84.46 | RPM: 7890
2025-04-24 23:15:53,788 ENGINE | Temp: 81.42 | RPM: 7788
2025-04-24 23:15:58,795 ENGINE | Temp: 83.78 | RPM: 7725
2025-04-24 23:16:03,797 ENGINE | Temp: 81.12 | RPM: 7532
2025-04-24 23:16:08,804 ENGINE | Temp: 81.85 | RPM: 7471
2025-04-24 23:16:13,812 ENGINE | Temp: 82.12 | RPM: 7311
2025-04-24 23:16:18,818 ENGINE | Temp: 79.55 | RPM: 7155
2025-04-24 23:16:23,820 ENGINE | Temp: 78.97 | RPM: 6851
2025-04-24 23:16:28,827 ENGINE | Temp: 78.73 | RPM: 6810
2025-04-24 23:16:33,831 ENGINE | Temp: 81.56 | RPM: 6652
2025-04-24 23:16:38,836 ENGINE | Temp: 78.89 | RPM: 6432
2025-04-24 23:16:43,842 ENGINE | Temp: 80.45 | RPM: 6166
2025-04-24 23:16:48,846 ENGINE | Temp: 79.8 | RPM: 6001
2025-04-24 23:16:53,856 ENGINE | Temp: 79.21 | RPM: 5750
2025-04-24 23:16:58,864 ENGINE | Temp: 78.65 | RPM: 5502
2025-04-24 23:17:03,871 ENGINE | Temp: 79.11 | RPM: 5419
2025-04-24 23:17:08,877 ENGINE | Temp: 80.87 | RPM: 5199
2025-04-24 23:17:13,880 ENGINE | Temp: 80.01 | RPM: 5077
2025-04-24 23:17:18,882 ENGINE | Temp: 81.9 | RPM: 4768
2025-04-24 23:17:23,888 ENGINE | Temp: 80.65 | RPM: 4777
2025-04-24 23:17:28,890 ENGINE | Temp: 82.5 | RPM: 4603
2025-04-24 23:17:33,893 ENGINE | Temp: 83.56 | RPM: 4521
2025-04-24 23:17:38,899 ENGINE | Temp: 81.1 | RPM: 4399
2025-04-24 23:17:43,906 ENGINE | Temp: 84.22 | RPM: 4262
2025-04-24 23:17:48,913 ENGINE | Temp: 81.59 | RPM: 4068
2025-04-24 23:17:53,918 ENGINE | Temp: 85.82 | RPM: 4122
2025-04-24 23:17:58,923 ENGINE | Temp: 84.77 | RPM: 4101
2025-04-24 23:18:03,930 ENGINE | Temp: 85.98 | RPM: 4026
2025-04-24 23:18:08,937 ENGINE | Temp: 87.18 | RPM: 4036
2025-04-24 23:18:13,944 ENGINE | Temp: 86.91 | RPM: 3947
2025-04-24 23:18:18,952 ENGINE | Temp: 86.17 | RPM: 3965
2025-04-24 23:18:23,971 ENGINE | Temp: 87.73 | RPM: 4086
2025-04-24 23:18:28,977 ENGINE | Temp: 87.71 | RPM: 4098
2025-04-24 23:18:33,985 ENGINE | Temp: 90.03 | RPM: 4258
2025-04-24 23:18:38,990 ENGINE | Temp: 89.9 | RPM: 4413
2025-04-24 23:18:43,994 ENGINE | Temp: 90.87 | RPM: 4516
2025-04-24 23:18:49,000 ENGINE | Temp: 93.6 | RPM: 4657
2025-04-24 23:18:54,006 ENGINE | Temp: 91.88 | RPM: 4834
2025-04-24 23:18:59,012 ENGINE | Temp: 94.14 | RPM: 5073
2025-04-24 23:19:04,018 ENGINE | Temp: 94.58 | RPM: 5214
2025-04-24 23:19:09,025 ENGINE | Temp: 97.32 | RPM: 5316
2025-04-24 23:19:14,033 ENGINE | Temp: 96.79 | RPM: 5515
2025-04-24 23:19:19,035 ENGINE | Temp: 100.2 | RPM: 5802
2025-04-24 23:19:24,041 ENGINE | Temp: 99.0 | RPM: 5993
2025-04-24 23:19:29,048 ENGINE | Temp: 100.88 | RPM: 6071
2025-04-24 23:19:34,054 ENGINE | Temp: 100.6 | RPM: 6238
2025-04-24 23:19:39,073 ENGINE | Temp: 103.05 | RPM: 6499
2025-04-24 23:19:44,077 ENGINE | Temp: 101.9 | RPM: 6748
2025-04-24 23:19:49,089 ENGINE | Temp: 104.62 | RPM: 6993
2025-04-24 23:19:54,098 ENGINE | Temp: 106.26 | RPM: 7081
2025-04-24 23:19:59,105 ENGINE | Temp: 105.54 | RPM: 7242
2025-04-24 23:20:04,111 ENGINE | Temp: 109.25 | RPM: 7449
2025-04-24 23:20:09,116 ENGINE | Temp: 106.93 | RPM: 7617
2025-04-24 23:20:14,118 ENGINE | Temp: 109.95 | RPM: 7621
2025-04-24 23:20:19,125 ENGINE | Temp: 108.5 | RPM: 7805
2025-04-24 23:20:24,127 ENGINE | Temp: 112.56 | RPM: 7796
2025-04-24 23:20:29,129 ENGINE | Temp: 111.88 | RPM: 7819
2025-04-24 23:20:34,135 ENGINE | Temp: 114.43 | RPM: 7935
2025-04-24 23:20:39,141 ENGINE | Temp: 111.81 | RPM: 7968
2025-04-24 23:20:44,145 ENGINE | Temp: 114.0 | RPM: 7902
2025-04-24 23:20:49,153 ENGINE | Temp: 114.79 | RPM: 8010
2025-04-24 23:20:54,157 ENGINE | Temp: 114.94 | RPM: 7871
2025-04-24 23:20:59,163 ENGINE | Temp: 117.39 | RPM: 7960
2025-04-24 23:21:04,170 ENGINE | Temp: 115.1 | RPM: 7834
2025-04-24 23:21:09,179 ENGINE | Temp: 118.49 | RPM: 7815
2025-04-24 23:21:14,187 ENGINE | Temp: 117.46 | RPM: 7708
2025-04-24 23:21:19,194 ENGINE | Temp: 118.98 | RPM: 7546
2025-04-24 23:21:24,199 ENGINE | Temp: 116.72 | RPM: 7306
2025-04-24 23:21:29,200 ENGINE | Temp: 117.27 | RPM: 7174
2025-04-24 23:21:34,206 ENGINE | Temp: 117.25 | RPM: 7050
2025-04-24 23:21:39,207 ENGINE | Temp: 118.49 | RPM: 6903
2025-04-24 23:21:44,209 ENGINE | Temp: 119.22 | RPM: 6656
2025-04-24 23:21:49,219 ENGINE | Temp: 118.11 | RPM: 6473
2025-04-24 23:21:54,225 ENGINE | Temp: 118.67 | RPM: 6369
2025-04-24 23:21:59,228 ENGINE | Temp: 121.54 | RPM: 6078
2025-04-24 23:22:04,231 ENGINE | Temp: 120.99 | RPM: 5935
2025-04-24 23:22:09,234 ENGINE | Temp: 121.67 | RPM: 5668
2025-04-24 23:22:14,241 ENGINE | Temp: 118.18 | RPM: 5608
2025-04-24 23:22:19,247 ENGINE | Temp: 117.87 | RPM: 5362
2025-04-24 23:22:24,255 ENGINE | Temp: 119.53 | RPM: 5250
2025-04-24 23:22:29,265 ENGINE | Temp: 119.64 | RPM: 4969
2025-04-24 23:22:34,278 ENGINE | Temp: 118.03 | RPM: 4798
2025-04-24 23:22:39,285 ENGINE | Temp: 119.82 | RPM: 4719
2025-04-24 23:22:44,299 ENGINE | Temp: 117.48 | RPM: 4613
2025-04-24 23:22:49,307 ENGINE | Temp: 117.84 | RPM: 4477
2025-04-24 23:22:54,314 ENGINE | Temp: 115.96 | RPM: 4203
2025-04-24 23:22:59,317 ENGINE | Temp: 115.46 | RPM: 4123
2025-04-24 23:23:04,322 ENGINE | Temp: 117.44 | RPM: 4175
2025-04-24 23:23:09,324 ENGINE | Temp: 115.69 | RPM: 4113
2025-04-24 23:23:14,330 ENGINE | Temp: 116.26 | RPM: 4072
2025-04-24 23:23:19,332 ENGINE | Temp: 114.7 | RPM: 4028
2025-04-24 23:23:24,341 ENGINE | Temp: 112.97 | RPM: 3915
2025-04-24 23:23:29,346 ENGINE | Temp: 111.44 | RPM: 3992
2025-04-24 23:23:34,357 ENGINE | Temp: 113.03 | RPM: 4070
2025-04-24 23:23:39,365 ENGINE | Temp: 109.43 | RPM: 4178
2025-04-24 23:23:44,373 ENGINE | Temp: 111.12 | RPM: 4187
2025-04-24 23:23:49,376 ENGINE | Temp: 111.22 | RPM: 4376
2025-04-24 23:23:54,380 ENGINE | Temp: 110.04 | RPM: 4373
2025-04-24 23:23:59,384 ENGINE | Temp: 106.38 | RPM: 4551
2025-04-24 23:24:04,392 ENGINE | Temp: 107.46 | RPM: 4704
2025-04-24 23:24:09,427 ENGINE | Temp: 107.43 | RPM: 4893
2025-04-24 23:24:14,463 ENGINE | Temp: 107.07 | RPM: 4997
2025-04-24 23:24:19,483 ENGINE | Temp: 104.49 | RPM: 5287
2025-04-24 23:24:24,491 ENGINE | Temp: 101.48 | RPM: 5475
2025-04-24 23:24:29,500 ENGINE | Temp: 101.98 | RPM: 5655
2025-04-24 23:24:34,508 ENGINE | Temp: 100.09 | RPM: 5846
2025-04-24 23:24:39,529 ENGINE | Temp: 98.93 | RPM: 6053
2025-04-24 23:24:44,538 ENGINE | Temp: 98.64 | RPM: 6083
2025-04-24 23:24:49,545 ENGINE | Temp: 98.33 | RPM: 6273
2025-04-24 23:24:54,548 ENGINE | Temp: 99.13 | RPM: 6597
2025-04-24 23:24:59,555 ENGINE | Temp: 96.68 | RPM: 6673
2025-04-24 23:25:04,561 ENGINE | Temp: 96.29 | RPM: 6991
2025-04-24 23:25:09,562 ENGINE | Temp: 93.44 | RPM: 7006
2025-04-24 23:25:14,569 ENGINE | Temp: 92.9 | RPM: 7203
2025-04-24 23:25:19,573 ENGINE | Temp: 90.81 | RPM: 7429
2025-04-24 23:25:24,574 ENGINE | Temp: 93.23 | RPM: 7482
2025-04-24 23:25:29,578 ENGINE | Temp: 89.46 | RPM: 7756
2025-04-24 23:25:34,582 ENGINE | Temp: 89.34 | RPM: 7756
2025-04-24 23:25:39,588 ENGINE | Temp: 89.94 | RPM: 7921
2025-04-24 23:25:44,602 ENGINE | Temp: 87.92 | RPM: 7907
2025-04-24 23:25:49,631 ENGINE | Temp: 86.99 | RPM: 7943
2025-04-24 23:25:54,635 ENGINE | Temp: 86.65 | RPM: 8041
2025-04-24 23:25:59,641 ENGINE | Temp: 84.88 | RPM: 7930
2025-04-24 23:26:04,647 ENGINE | Temp: 85.05 | RPM: 8045
2025-04-24 23:26:09,650 ENGINE | Temp: 83.02 | RPM: 7906
2025-04-24 23:26:14,657 ENGINE | Temp: 82.16 | RPM: 7878
2025-04-24 23:26:19,660 ENGINE | Temp: 83.4 | RPM: 7819
2025-04-24 23:26:24,670 ENGINE | Temp: 84.25 | RPM: 7652
2025-04-24 23:26:29,685 ENGINE | Temp: 80.94 | RPM: 7626
2025-04-24 23:26:34,692 ENGINE | Temp: 82.22 | RPM: 7507
2025-04-24 23:26:39,694 ENGINE | Temp: 80.73 | RPM: 7362
2025-04-24 23:26:44,699 ENGINE | Temp: 79.19 | RPM: 7292
2025-04-24 23:26:49,706 ENGINE | Temp: 78.93 | RPM: 7115
2025-04-24 23:26:54,709 ENGINE | Temp: 80.44 | RPM: 6937
2025-04-24 23:26:59,713 ENGINE | Temp: 80.68 | RPM: 6664
2025-04-24 23:27:04,720 ENGINE | Temp: 79.13 | RPM: 6542
2025-04-24 23:27:09,726 ENGINE | Temp: 81.02 | RPM: 6403
2025-04-24 23:27:14,729 ENGINE | Temp: 79.93 | RPM: 6165
2025-04-24 23:27:19,735 ENGINE | Temp: 81.2 | RPM: 5950
2025-04-24 23:27:24,742 ENGINE | Temp: 79.12 | RPM: 5795
2025-04-24 23:27:29,750 ENGINE | Temp: 80.12 | RPM: 5461
2025-04-24 23:27:34,753 ENGINE | Temp: 80.54 | RPM: 5238
2025-04-24 23:27:39,760 ENGINE | Temp: 81.66 | RPM: 5192
2025-04-24 23:27:44,766 ENGINE | Temp: 81.5 | RPM: 4906
2025-04-24 23:27:49,772 ENGINE | Temp: 82.44 | RPM: 4725
2025-04-24 23:27:54,775 ENGINE | Temp: 81.02 | RPM: 4663
2025-04-24 23:27:59,780 ENGINE | Temp: 82.09 | RPM: 4553
2025-04-24 23:28:04,789 ENGINE | Temp: 83.39 | RPM: 4320
2025-04-24 23:28:09,796 ENGINE | Temp: 83.49 | RPM: 4214
2025-04-24 23:28:14,804 ENGINE | Temp: 83.96 | RPM: 4260
2025-04-24 23:28:19,809 ENGINE | Temp: 82.3 | RPM: 4091
2025-04-24 23:28:24,815 ENGINE | Temp: 84.25 | RPM: 4117
2025-04-24 23:28:29,819 ENGINE | Temp: 86.04 | RPM: 4000
2025-04-24 23:28:34,824 ENGINE | Temp: 85.15 | RPM: 3935
2025-04-24 23:28:39,827 ENGINE | Temp: 87.51 | RPM: 3962
2025-04-24 23:28:44,834 ENGINE | Temp: 86.57 | RPM: 3942
2025-04-24 23:28:49,838 ENGINE | Temp: 89.71 | RPM: 4025
2025-04-24 23:28:54,840 ENGINE | Temp: 87.59 | RPM: 4057
2025-04-24 23:28:59,856 ENGINE | Temp: 90.18 | RPM: 4290
2025-04-24 23:29:04,859 ENGINE | Temp: 92.0 | RPM: 4311
2025-04-24 23:29:09,867 ENGINE | Temp: 89.92 | RPM: 4502
2025-04-24 23:29:14,869 ENGINE | Temp: 93.15 | RPM: 4610
2025-04-24 23:29:19,873 ENGINE | Temp: 92.59 | RPM: 4651
2025-04-24 23:29:24,880 ENGINE | Temp: 94.16 | RPM: 4786
2025-04-24 23:29:29,885 ENGINE | Temp: 93.51 | RPM: 5123
2025-04-24 23:29:34,892 ENGINE | Temp: 96.26 | RPM: 5187
2025-04-24 23:29:39,898 ENGINE | Temp: 98.71 | RPM: 5445
2025-04-24 23:29:44,906 ENGINE | Temp: 97.3 | RPM: 5688
2025-04-24 23:29:49,911 ENGINE | Temp: 100.44 | RPM: 5871
2025-04-24 23:29:54,917 ENGINE | Temp: 100.2 | RPM: 5999
2025-04-24 23:29:59,924 ENGINE | Temp: 102.95 | RPM: 6131
2025-04-24 23:30:04,931 ENGINE | Temp: 103.52 | RPM: 6457
2025-04-24 23:30:09,935 ENGINE | Temp: 102.15 | RPM: 6626
2025-04-24 23:30:14,937 ENGINE | Temp: 102.87 | RPM: 6744
2025-04-24 23:30:19,944 ENGINE | Temp: 104.7 | RPM: 6863
2025-04-24 23:30:24,951 ENGINE | Temp: 105.73 | RPM: 7172
2025-04-24 23:30:29,958 ENGINE | Temp: 108.41 | RPM: 7309
2025-04-24 23:30:34,964 ENGINE | Temp: 107.3 | RPM: 7348
2025-04-24 23:30:39,995 ENGINE | Temp: 109.29 | RPM: 7532
2025-04-24 23:30:45,012 ENGINE | Temp: 107.98 | RPM: 7632
2025-04-24 23:30:50,017 ENGINE | Temp: 109.75 | RPM: 7844
2025-04-24 23:30:55,022 ENGINE | Temp: 111.13 | RPM: 7934
2025-04-24 23:31:00,026 ENGINE | Temp: 111.53 | RPM: 7955
2025-04-24 23:31:05,034 ENGINE | Temp: 113.99 | RPM: 7930
2025-04-24 23:31:10,040 ENGINE | Temp: 114.97 | RPM: 8060
2025-04-24 23:31:15,044 ENGINE | Temp: 115.91 | RPM: 7990
2025-04-24 23:31:20,048 ENGINE | Temp: 114.88 | RPM: 8021
2025-04-24 23:31:25,066 ENGINE | Temp: 114.22 | RPM: 7917
2025-04-24 23:31:30,072 ENGINE | Temp: 116.2 | RPM: 7836
2025-04-24 23:31:35,074 ENGINE | Temp: 118.73 | RPM: 7823
2025-04-24 23:31:40,076 ENGINE | Temp: 115.64 | RPM: 7644
2025-04-24 23:31:45,079 ENGINE | Temp: 119.76 | RPM: 7647
2025-04-24 23:31:50,091 ENGINE | Temp: 116.57 | RPM: 7572
2025-04-24 23:31:55,099 ENGINE | Temp: 120.12 | RPM: 7296
2025-04-24 23:32:00,101 ENGINE | Temp: 118.6 | RPM: 7150
2025-04-24 23:32:05,114 ENGINE | Temp: 118.08 | RPM: 7065
2025-04-24 23:32:10,127 ENGINE | Temp: 118.08 | RPM: 6889
2025-04-24 23:32:15,134 ENGINE | Temp: 118.83 | RPM: 6624
2025-04-24 23:32:20,136 ENGINE | Temp: 119.0 | RPM: 6440
2025-04-24 23:32:25,142 ENGINE | Temp: 118.2 | RPM: 6240
2025-04-24 23:32:30,147 ENGINE | Temp: 119.31 | RPM: 6100
2025-04-24 23:32:35,152 ENGINE | Temp: 119.43 | RPM: 5860
2025-04-24 23:32:40,153 ENGINE | Temp: 120.16 | RPM: 5645
2025-04-24 23:32:45,157 ENGINE | Temp: 121.08 | RPM: 5551
2025-04-24 23:32:50,163 ENGINE | Temp: 120.1 | RPM: 5198
2025-04-24 23:32:55,165 ENGINE | Temp: 118.49 | RPM: 5070
2025-04-24 23:33:00,172 ENGINE | Temp: 118.47 | RPM: 5027
2025-04-24 23:33:05,179 ENGINE | Temp: 117.78 | RPM: 4735
2025-04-24 23:33:10,181 ENGINE | Temp: 120.32 | RPM: 4527
2025-04-24 23:33:15,189 ENGINE | Temp: 116.99 | RPM: 4466
2025-04-24 23:33:20,198 ENGINE | Temp: 119.06 | RPM: 4326
2025-04-24 23:33:25,202 ENGINE | Temp: 115.45 | RPM: 4333
2025-04-24 23:33:30,209 ENGINE | Temp: 118.56 | RPM: 4156
2025-04-24 23:33:35,210 ENGINE | Temp: 117.33 | RPM: 4110
2025-04-24 23:33:40,216 ENGINE | Temp: 114.45 | RPM: 4054
2025-04-24 23:33:45,227 ENGINE | Temp: 116.19 | RPM: 4087
2025-04-24 23:33:50,230 ENGINE | Temp: 112.78 | RPM: 3919
2025-04-24 23:33:55,238 ENGINE | Temp: 111.86 | RPM: 4068
2025-04-24 23:34:00,245 ENGINE | Temp: 111.05 | RPM: 4113
2025-04-24 23:34:05,249 ENGINE | Temp: 110.49 | RPM: 4025
2025-04-24 23:34:10,253 ENGINE | Temp: 113.07 | RPM: 4176
2025-04-24 23:34:15,261 ENGINE | Temp: 111.43 | RPM: 4250
2025-04-24 23:34:20,267 ENGINE | Temp: 111.32 | RPM: 4328
2025-04-24 23:34:25,271 ENGINE | Temp: 106.78 | RPM: 4512
2025-04-24 23:34:30,277 ENGINE | Temp: 107.99 | RPM: 4539
2025-04-24 23:34:35,279 ENGINE | Temp: 106.52 | RPM: 4707
2025-04-24 23:34:40,289 ENGINE | Temp: 106.49 | RPM: 4834
2025-04-24 23:34:45,293 ENGINE | Temp: 103.06 | RPM: 5033
2025-04-24 23:34:50,301 ENGINE | Temp: 102.16 | RPM: 5330
2025-04-24 23:34:55,304 ENGINE | Temp: 101.87 | RPM: 5443
2025-04-24 23:35:00,308 ENGINE | Temp: 101.78 | RPM: 5686
2025-04-24 23:35:05,311 ENGINE | Temp: 100.4 | RPM: 5790
2025-04-24 23:35:10,314 ENGINE | Temp: 100.17 | RPM: 6127
2025-04-24 23:35:15,319 ENGINE | Temp: 98.08 | RPM: 6140
2025-04-24 23:35:20,340 ENGINE | Temp: 99.18 | RPM: 6383
2025-04-24 23:35:25,345 ENGINE | Temp: 98.05 | RPM: 6647
2025-04-24 23:35:30,351 ENGINE | Temp: 97.58 | RPM: 6808
2025-04-24 23:35:35,353 ENGINE | Temp: 96.3 | RPM: 6966
2025-04-24 23:35:40,360 ENGINE | Temp: 91.98 | RPM: 7175
2025-04-24 23:35:45,366 ENGINE | Temp: 94.02 | RPM: 7347
2025-04-24 23:35:50,372 ENGINE | Temp: 91.37 | RPM: 7379
2025-04-24 23:35:55,377 ENGINE | Temp: 92.26 | RPM: 7571
2025-04-24 23:36:00,384 ENGINE | Temp: 91.51 | RPM: 7676
2025-04-24 23:36:05,390 ENGINE | Temp: 91.23 | RPM: 7804
2025-04-24 23:36:10,395 ENGINE | Temp: 88.85 | RPM: 7944
2025-04-24 23:36:15,401 ENGINE | Temp: 87.32 | RPM: 8030
2025-04-24 23:36:20,405 ENGINE | Temp: 87.24 | RPM: 7929
2025-04-24 23:36:25,409 ENGINE | Temp: 85.43 | RPM: 8072
2025-04-24 23:36:30,412 ENGINE | Temp: 85.81 | RPM: 7993
2025-04-24 23:36:35,417 ENGINE | Temp: 86.46 | RPM: 8034
2025-04-24 23:36:40,423 ENGINE | Temp: 84.88 | RPM: 7881
2025-04-24 23:36:45,425 ENGINE | Temp: 84.59 | RPM: 7830
2025-04-24 23:36:50,432 ENGINE | Temp: 84.82 | RPM: 7769
2025-04-24 23:36:55,437 ENGINE | Temp: 81.92 | RPM: 7699
2025-04-24 23:37:00,444 ENGINE | Temp: 81.39 | RPM: 7501
2025-04-24 23:37:05,453 ENGINE | Temp: 79.71 | RPM: 7368
2025-04-24 23:37:10,459 ENGINE | Temp: 82.32 | RPM: 7249
2025-04-24 23:37:15,469 ENGINE | Temp: 81.33 | RPM: 7224
2025-04-24 23:37:20,475 ENGINE | Temp: 79.49 | RPM: 7052
2025-04-24 23:37:25,483 ENGINE | Temp: 78.64 | RPM: 6922
2025-04-24 23:37:30,486 ENGINE | Temp: 78.48 | RPM: 6631
2025-04-24 23:37:35,491 ENGINE | Temp: 80.34 | RPM: 6506
2025-04-24 23:37:40,499 ENGINE | Temp: 79.61 | RPM: 6187
2025-04-24 23:37:45,504 ENGINE | Temp: 81.97 | RPM: 5951
2025-04-24 23:37:50,510 ENGINE | Temp: 81.69 | RPM: 5859
2025-04-24 23:37:55,519 ENGINE | Temp: 81.52 | RPM: 5699
2025-04-24 23:38:00,523 ENGINE | Temp: 79.37 | RPM: 5552
2025-04-24 23:38:05,530 ENGINE | Temp: 81.72 | RPM: 5350
2025-04-24 23:38:10,536 ENGINE | Temp: 81.48 | RPM: 5115
2025-04-24 23:38:15,543 ENGINE | Temp: 82.22 | RPM: 4960
2025-04-24 23:38:20,548 ENGINE | Temp: 82.58 | RPM: 4808
2025-04-24 23:38:25,558 ENGINE | Temp: 80.89 | RPM: 4518
2025-04-24 23:38:30,563 ENGINE | Temp: 82.51 | RPM: 4449
2025-04-24 23:38:35,569 ENGINE | Temp: 82.86 | RPM: 4276
2025-04-24 23:38:40,576 ENGINE | Temp: 83.73 | RPM: 4226
2025-04-24 23:38:45,583 ENGINE | Temp: 84.82 | RPM: 4063
2025-04-24 23:38:50,589 ENGINE | Temp: 82.0 | RPM: 4133
2025-04-24 23:38:55,591 ENGINE | Temp: 84.47 | RPM: 4086
2025-04-24 23:39:00,607 ENGINE | Temp: 85.46 | RPM: 3947
2025-04-24 23:39:05,614 ENGINE | Temp: 84.44 | RPM: 4006
2025-04-24 23:39:10,620 ENGINE | Temp: 86.9 | RPM: 3940
2025-04-24 23:39:15,633 ENGINE | Temp: 87.82 | RPM: 4100
2025-04-24 23:39:20,640 ENGINE | Temp: 86.79 | RPM: 4003
2025-04-24 23:39:25,644 ENGINE | Temp: 87.3 | RPM: 4087
2025-04-24 23:39:30,652 ENGINE | Temp: 90.26 | RPM: 4330
2025-04-24 23:39:35,655 ENGINE | Temp: 89.92 | RPM: 4318
2025-04-24 23:39:40,662 ENGINE | Temp: 91.11 | RPM: 4481
2025-04-24 23:39:45,669 ENGINE | Temp: 92.41 | RPM: 4596
2025-04-24 23:39:50,675 ENGINE | Temp: 92.3 | RPM: 4687
2025-04-24 23:39:55,682 ENGINE | Temp: 94.1 | RPM: 4861
2025-04-24 23:40:00,688 ENGINE | Temp: 95.3 | RPM: 5061
2025-04-24 23:40:05,695 ENGINE | Temp: 94.9 | RPM: 5316
2025-04-24 23:40:10,698 ENGINE | Temp: 95.54 | RPM: 5573
2025-04-24 23:40:15,710 ENGINE | Temp: 98.11 | RPM: 5746
2025-04-24 23:40:20,712 ENGINE | Temp: 100.21 | RPM: 5833
2025-04-24 23:40:25,719 ENGINE | Temp: 101.89 | RPM: 6003
2025-04-24 23:40:30,726 ENGINE | Temp: 99.71 | RPM: 6349
2025-04-24 23:40:35,732 ENGINE | Temp: 103.49 | RPM: 6548
2025-04-24 23:40:40,736 ENGINE | Temp: 103.22 | RPM: 6662
2025-04-24 23:40:45,739 ENGINE | Temp: 103.1 | RPM: 6772
2025-04-24 23:40:50,746 ENGINE | Temp: 105.24 | RPM: 6985
2025-04-24 23:40:55,754 ENGINE | Temp: 107.92 | RPM: 7234
2025-04-24 23:41:00,763 ENGINE | Temp: 108.68 | RPM: 7300
2025-04-24 23:41:05,778 ENGINE | Temp: 109.65 | RPM: 7453
2025-04-24 23:41:10,786 ENGINE | Temp: 107.38 | RPM: 7685
2025-04-24 23:41:15,793 ENGINE | Temp: 109.42 | RPM: 7762
2025-04-24 23:41:20,796 ENGINE | Temp: 110.61 | RPM: 7724
2025-04-24 23:41:25,800 ENGINE | Temp: 109.58 | RPM: 7815
2025-04-24 23:41:30,807 ENGINE | Temp: 114.25 | RPM: 7982
2025-04-24 23:41:35,809 ENGINE | Temp: 114.47 | RPM: 8068
2025-04-24 23:41:40,815 ENGINE | Temp: 112.45 | RPM: 7953
2025-04-24 23:41:45,817 ENGINE | Temp: 113.74 | RPM: 8032
2025-04-24 23:41:50,819 ENGINE | Temp: 115.89 | RPM: 7944
2025-04-24 23:41:55,826 ENGINE | Temp: 115.0 | RPM: 7832
2025-04-24 23:42:00,837 ENGINE | Temp: 115.67 | RPM: 7928
2025-04-24 23:42:05,841 ENGINE | Temp: 118.36 | RPM: 7874
2025-04-24 23:42:10,851 ENGINE | Temp: 116.87 | RPM: 7691
2025-04-24 23:42:15,859 ENGINE | Temp: 116.06 | RPM: 7493
2025-04-24 23:42:20,863 ENGINE | Temp: 118.45 | RPM: 7380
2025-04-24 23:42:25,865 ENGINE | Temp: 118.73 | RPM: 7361
2025-04-24 23:42:30,873 ENGINE | Temp: 117.67 | RPM: 7187
2025-04-24 23:42:35,880 ENGINE | Temp: 117.75 | RPM: 6950
2025-04-24 23:42:40,885 ENGINE | Temp: 120.62 | RPM: 6740
2025-04-24 23:42:45,891 ENGINE | Temp: 120.14 | RPM: 6541
2025-04-24 23:42:50,893 ENGINE | Temp: 120.15 | RPM: 6378
2025-04-24 23:42:55,900 ENGINE | Temp: 118.28 | RPM: 6309
2025-04-24 23:43:00,906 ENGINE | Temp: 119.25 | RPM: 5952
2025-04-24 23:43:05,909 ENGINE | Temp: 119.17 | RPM: 5795
2025-04-24 23:43:10,916 ENGINE | Temp: 120.88 | RPM: 5646
2025-04-24 23:43:15,923 ENGINE | Temp: 118.63 | RPM: 5516
2025-04-24 23:43:20,929 ENGINE | Temp: 117.96 | RPM: 5147
2025-04-24 23:43:25,936 ENGINE | Temp: 119.64 | RPM: 5102
2025-04-24 23:43:30,939 ENGINE | Temp: 118.7 | RPM: 4884
2025-04-24 23:43:35,955 ENGINE | Temp: 117.96 | RPM: 4638
2025-04-24 23:43:40,962 ENGINE | Temp: 119.14 | RPM: 4627
2025-04-24 23:43:45,963 ENGINE | Temp: 118.52 | RPM: 4443
2025-04-24 23:43:50,968 ENGINE | Temp: 116.25 | RPM: 4249
2025-04-24 23:43:55,971 ENGINE | Temp: 117.14 | RPM: 4316
2025-04-24 23:44:00,976 ENGINE | Temp: 117.23 | RPM: 4059
2025-04-24 23:44:05,980 ENGINE | Temp: 117.67 | RPM: 4141
2025-04-24 23:44:10,987 ENGINE | Temp: 115.35 | RPM: 3943
2025-04-24 23:44:15,995 ENGINE | Temp: 115.76 | RPM: 4070
2025-04-24 23:44:21,001 ENGINE | Temp: 113.48 | RPM: 3973
2025-04-24 23:44:26,004 ENGINE | Temp: 111.4 | RPM: 4111
2025-04-24 23:44:31,009 ENGINE | Temp: 110.79 | RPM: 3964
2025-04-24 23:44:36,016 ENGINE | Temp: 110.04 | RPM: 4005
2025-04-24 23:44:41,023 ENGINE | Temp: 108.98 | RPM: 4099
2025-04-24 23:44:46,026 ENGINE | Temp: 110.0 | RPM: 4346
2025-04-24 23:44:51,029 ENGINE | Temp: 109.2 | RPM: 4429
2025-04-24 23:44:56,034 ENGINE | Temp: 108.59 | RPM: 4444
2025-04-24 23:45:01,041 ENGINE | Temp: 109.06 | RPM: 4560
2025-04-24 23:45:06,046 ENGINE | Temp: 107.74 | RPM: 4848
2025-04-24 23:45:11,050 ENGINE | Temp: 106.85 | RPM: 4920
2025-04-24 23:45:16,056 ENGINE | Temp: 102.97 | RPM: 5053
2025-04-24 23:45:21,058 ENGINE | Temp: 104.7 | RPM: 5311
2025-04-24 23:45:26,065 ENGINE | Temp: 101.36 | RPM: 5577
2025-04-24 23:45:31,071 ENGINE | Temp: 102.27 | RPM: 5749
2025-04-24 23:45:36,074 ENGINE | Temp: 99.27 | RPM: 5964
2025-04-24 23:45:41,082 ENGINE | Temp: 100.36 | RPM: 6073
2025-04-24 23:45:46,090 ENGINE | Temp: 98.7 | RPM: 6216
2025-04-24 23:45:51,096 ENGINE | Temp: 97.52 | RPM: 6499
2025-04-24 23:45:56,100 ENGINE | Temp: 95.68 | RPM: 6661
2025-04-24 23:46:01,107 ENGINE | Temp: 94.1 | RPM: 6943
2025-04-24 23:46:06,111 ENGINE | Temp: 95.41 | RPM: 7033
2025-04-24 23:46:11,114 ENGINE | Temp: 94.33 | RPM: 7252
2025-04-24 23:46:16,121 ENGINE | Temp: 93.09 | RPM: 7399
2025-04-24 23:46:21,126 ENGINE | Temp: 90.95 | RPM: 7499
2025-04-24 23:46:26,133 ENGINE | Temp: 89.17 | RPM: 7708
2025-04-24 23:46:31,137 ENGINE | Temp: 90.44 | RPM: 7829
2025-04-24 23:46:36,140 ENGINE | Temp: 88.32 | RPM: 7756
2025-04-24 23:46:41,142 ENGINE | Temp: 89.44 | RPM: 7883
2025-04-24 23:46:46,148 ENGINE | Temp: 85.78 | RPM: 8003
2025-04-24 23:46:51,155 ENGINE | Temp: 86.87 | RPM: 8078
2025-04-24 23:46:56,160 ENGINE | Temp: 87.89 | RPM: 7924
2025-04-24 23:47:01,165 ENGINE | Temp: 86.0 | RPM: 8061
2025-04-24 23:47:06,172 ENGINE | Temp: 83.46 | RPM: 8002
2025-04-24 23:47:11,179 ENGINE | Temp: 82.65 | RPM: 7921
2025-04-24 23:47:16,186 ENGINE | Temp: 82.33 | RPM: 7855
2025-04-24 23:47:21,193 ENGINE | Temp: 82.5 | RPM: 7861
2025-04-24 23:47:26,196 ENGINE | Temp: 82.46 | RPM: 7722
2025-04-24 23:47:31,203 ENGINE | Temp: 80.25 | RPM: 7612
2025-04-24 23:47:36,207 ENGINE | Temp: 80.4 | RPM: 7455
2025-04-24 23:47:41,209 ENGINE | Temp: 79.26 | RPM: 7345
2025-04-24 23:47:46,219 ENGINE | Temp: 81.02 | RPM: 7061
2025-04-24 23:47:51,228 ENGINE | Temp: 79.84 | RPM: 6927
2025-04-24 23:47:56,235 ENGINE | Temp: 81.7 | RPM: 6854
2025-04-24 23:48:01,243 ENGINE | Temp: 78.76 | RPM: 6592
2025-04-24 23:48:06,248 ENGINE | Temp: 79.82 | RPM: 6304
2025-04-24 23:48:11,255 ENGINE | Temp: 79.35 | RPM: 6276
2025-04-24 23:48:16,260 ENGINE | Temp: 81.51 | RPM: 5881
2025-04-24 23:48:21,268 ENGINE | Temp: 80.32 | RPM: 5873
2025-04-24 23:48:26,277 ENGINE | Temp: 79.23 | RPM: 5670
2025-04-24 23:48:31,283 ENGINE | Temp: 80.77 | RPM: 5361
2025-04-24 23:48:36,290 ENGINE | Temp: 81.17 | RPM: 5165
2025-04-24 23:48:41,298 ENGINE | Temp: 79.07 | RPM: 5043
2025-04-24 23:48:46,305 ENGINE | Temp: 82.67 | RPM: 4777
2025-04-24 23:48:51,317 ENGINE | Temp: 79.91 | RPM: 4638
2025-04-24 23:48:56,332 ENGINE | Temp: 83.43 | RPM: 4519
2025-04-24 23:49:01,338 ENGINE | Temp: 80.69 | RPM: 4442
2025-04-24 23:49:06,347 ENGINE | Temp: 80.81 | RPM: 4378
2025-04-24 23:49:11,354 ENGINE | Temp: 82.13 | RPM: 4304
2025-04-24 23:49:16,359 ENGINE | Temp: 84.14 | RPM: 4225
2025-04-24 23:49:21,363 ENGINE | Temp: 83.0 | RPM: 4002
2025-04-24 23:49:26,365 ENGINE | Temp: 84.23 | RPM: 4123
2025-04-24 23:49:31,370 ENGINE | Temp: 84.18 | RPM: 4057
2025-04-24 23:49:36,377 ENGINE | Temp: 85.79 | RPM: 3921
2025-04-24 23:49:41,383 ENGINE | Temp: 88.68 | RPM: 3943
2025-04-24 23:49:46,388 ENGINE | Temp: 87.0 | RPM: 4074
2025-04-24 23:49:51,396 ENGINE | Temp: 87.77 | RPM: 4201
2025-04-24 23:49:56,402 ENGINE | Temp: 89.19 | RPM: 4129
2025-04-24 23:50:01,408 ENGINE | Temp: 91.08 | RPM: 4309
2025-04-24 23:50:06,415 ENGINE | Temp: 90.06 | RPM: 4342
2025-04-24 23:50:11,419 ENGINE | Temp: 91.58 | RPM: 4534
2025-04-24 23:50:16,428 ENGINE | Temp: 92.35 | RPM: 4646
2025-04-24 23:50:21,433 ENGINE | Temp: 94.44 | RPM: 4898
2025-04-24 23:50:26,439 ENGINE | Temp: 94.44 | RPM: 4929
2025-04-24 23:50:31,444 ENGINE | Temp: 97.67 | RPM: 5201
2025-04-24 23:50:36,447 ENGINE | Temp: 97.19 | RPM: 5363
2025-04-24 23:50:41,453 ENGINE | Temp: 97.71 | RPM: 5584
2025-04-24 23:50:46,457 ENGINE | Temp: 100.32 | RPM: 5740
2025-04-24 23:50:51,462 ENGINE | Temp: 101.24 | RPM: 5873
2025-04-24 23:50:56,465 ENGINE | Temp: 100.89 | RPM: 6097
2025-04-24 23:51:01,471 ENGINE | Temp: 101.21 | RPM: 6366
2025-04-24 23:51:06,474 ENGINE | Temp: 101.63 | RPM: 6608
2025-04-24 23:51:11,479 ENGINE | Temp: 101.9 | RPM: 6637
2025-04-24 23:51:16,482 ENGINE | Temp: 106.54 | RPM: 6867
2025-04-24 23:51:21,483 ENGINE | Temp: 105.93 | RPM: 7058
2025-04-24 23:51:26,489 ENGINE | Temp: 107.97 | RPM: 7226
2025-04-24 23:51:31,496 ENGINE | Temp: 106.96 | RPM: 7424
2025-04-24 23:51:36,497 ENGINE | Temp: 107.27 | RPM: 7591
2025-04-24 23:51:41,501 ENGINE | Temp: 111.06 | RPM: 7709
2025-04-24 23:51:46,504 ENGINE | Temp: 111.08 | RPM: 7771
2025-04-24 23:51:51,507 ENGINE | Temp: 110.15 | RPM: 7929
2025-04-24 23:51:56,509 ENGINE | Temp: 111.58 | RPM: 7845
2025-04-24 23:52:01,511 ENGINE | Temp: 112.05 | RPM: 7948
2025-04-24 23:52:06,518 ENGINE | Temp: 112.51 | RPM: 7998
2025-04-24 23:52:11,524 ENGINE | Temp: 112.55 | RPM: 8007
2025-04-24 23:52:16,527 ENGINE | Temp: 115.13 | RPM: 8004
2025-04-24 23:52:21,530 ENGINE | Temp: 114.72 | RPM: 7893
2025-04-24 23:52:26,535 ENGINE | Temp: 117.91 | RPM: 7951
2025-04-24 23:52:31,539 ENGINE | Temp: 115.87 | RPM: 7763
2025-04-24 23:52:36,541 ENGINE | Temp: 117.7 | RPM: 7763
2025-04-24 23:52:41,547 ENGINE | Temp: 118.06 | RPM: 7579
2025-04-24 23:52:46,553 ENGINE | Temp: 117.71 | RPM: 7491
2025-04-24 23:52:51,564 ENGINE | Temp: 116.78 | RPM: 7473
2025-04-24 23:52:56,570 ENGINE | Temp: 119.13 | RPM: 7196
2025-04-24 23:53:01,576 ENGINE | Temp: 118.25 | RPM: 7160
2025-04-24 23:53:06,577 ENGINE | Temp: 120.59 | RPM: 6894
2025-04-25 05:58:11,140 ENGINE | Temp: 99.31 | RPM: 6063
2025-04-25 05:58:11,206 [31m[1mWARNING: This is a development server. Do not use it in a production deployment. Use a production WSGI server instead.[0m
 * Running on all addresses (0.0.0.0)
 * Running on http://127.0.0.1:5001
 * Running on http://172.20.0.4:5001
2025-04-25 05:58:11,208 [33mPress CTRL+C to quit[0m
2025-04-25 05:58:16,174 ENGINE | Temp: 100.84 | RPM: 6088
2025-04-25 05:58:21,211 ENGINE | Temp: 101.96 | RPM: 6339
2025-04-25 05:58:26,239 ENGINE | Temp: 102.42 | RPM: 6524
2025-04-25 05:58:31,312 ENGINE | Temp: 101.65 | RPM: 6671
2025-04-25 05:58:36,389 ENGINE | Temp: 103.33 | RPM: 6735
2025-04-25 05:58:41,397 ENGINE | Temp: 102.53 | RPM: 6928
2025-04-25 05:58:46,438 ENGINE | Temp: 104.39 | RPM: 6917
2025-04-25 05:58:51,488 ENGINE | Temp: 103.69 | RPM: 7131
2025-04-25 05:58:56,543 ENGINE | Temp: 103.37 | RPM: 7076
2025-04-25 05:59:01,566 ENGINE | Temp: 105.09 | RPM: 7279
2025-04-25 05:59:06,610 ENGINE | Temp: 106.11 | RPM: 7385
2025-04-25 05:59:11,617 ENGINE | Temp: 105.38 | RPM: 7344
2025-04-25 05:59:16,671 ENGINE | Temp: 105.29 | RPM: 7504
2025-04-25 05:59:21,688 ENGINE | Temp: 106.48 | RPM: 7433
2025-04-25 05:59:26,693 ENGINE | Temp: 106.12 | RPM: 7454
2025-04-25 05:59:31,701 ENGINE | Temp: 106.24 | RPM: 7426
2025-04-25 05:59:36,707 ENGINE | Temp: 107.11 | RPM: 7516
2025-04-25 05:59:41,743 ENGINE | Temp: 108.17 | RPM: 7441
2025-04-25 05:59:46,751 ENGINE | Temp: 108.75 | RPM: 7516
2025-04-25 05:59:51,756 ENGINE | Temp: 108.62 | RPM: 7319
2025-04-25 05:59:56,766 ENGINE | Temp: 107.7 | RPM: 7283
2025-04-25 06:00:01,778 ENGINE | Temp: 108.77 | RPM: 7300
2025-04-25 06:00:06,784 ENGINE | Temp: 108.76 | RPM: 7042
2025-04-25 06:00:11,790 ENGINE | Temp: 109.32 | RPM: 7070
2025-04-25 06:00:16,796 ENGINE | Temp: 110.22 | RPM: 6975
2025-04-25 06:00:21,803 ENGINE | Temp: 109.75 | RPM: 6708
2025-04-25 06:00:26,808 ENGINE | Temp: 109.84 | RPM: 6721
2025-04-25 06:00:31,814 ENGINE | Temp: 109.68 | RPM: 6524
2025-04-25 06:00:36,823 ENGINE | Temp: 110.86 | RPM: 6286
2025-04-25 06:00:41,829 ENGINE | Temp: 109.24 | RPM: 6292
2025-04-25 06:00:46,840 ENGINE | Temp: 109.45 | RPM: 6029
2025-04-25 06:00:51,853 ENGINE | Temp: 109.88 | RPM: 5939
2025-04-25 06:00:56,865 ENGINE | Temp: 110.76 | RPM: 5824
2025-04-25 06:01:01,872 ENGINE | Temp: 110.57 | RPM: 5676
2025-04-25 06:01:06,883 ENGINE | Temp: 109.75 | RPM: 5426
2025-04-25 06:01:11,907 ENGINE | Temp: 110.38 | RPM: 5289
2025-04-25 06:01:16,930 ENGINE | Temp: 110.04 | RPM: 5134
2025-04-25 06:01:22,107 ENGINE | Temp: 110.19 | RPM: 5030
2025-04-25 06:01:27,144 ENGINE | Temp: 109.56 | RPM: 4986
2025-04-25 06:01:32,158 ENGINE | Temp: 108.39 | RPM: 4875
2025-04-25 06:01:37,166 ENGINE | Temp: 109.49 | RPM: 4693
2025-04-25 06:01:42,183 ENGINE | Temp: 109.51 | RPM: 4608
2025-04-25 06:01:47,187 ENGINE | Temp: 109.03 | RPM: 4682
2025-04-25 06:01:52,196 ENGINE | Temp: 109.08 | RPM: 4564
2025-04-25 06:01:57,202 ENGINE | Temp: 108.35 | RPM: 4448
2025-04-25 06:02:02,232 ENGINE | Temp: 107.83 | RPM: 4481
2025-04-25 06:02:07,243 ENGINE | Temp: 106.49 | RPM: 4506
2025-04-25 06:02:12,252 ENGINE | Temp: 106.58 | RPM: 4560
2025-04-25 06:02:17,264 ENGINE | Temp: 106.07 | RPM: 4512
2025-04-25 06:02:22,277 ENGINE | Temp: 105.58 | RPM: 4648
2025-04-25 06:02:27,283 ENGINE | Temp: 105.48 | RPM: 4698
2025-04-25 06:02:32,289 ENGINE | Temp: 106.09 | RPM: 4747
2025-04-25 06:02:37,307 ENGINE | Temp: 104.5 | RPM: 4686
2025-04-25 06:02:42,316 ENGINE | Temp: 103.69 | RPM: 4828
2025-04-25 06:02:47,328 ENGINE | Temp: 103.62 | RPM: 4935
2025-04-25 06:07:28,690 ENGINE | Temp: 100.18 | RPM: 6023
2025-04-25 06:07:28,758 [31m[1mWARNING: This is a development server. Do not use it in a production deployment. Use a production WSGI server instead.[0m
 * Running on all addresses (0.0.0.0)
 * Running on http://127.0.0.1:5001
 * Running on http://172.20.0.3:5001
2025-04-25 06:07:28,761 [33mPress CTRL+C to quit[0m
2025-04-25 06:07:33,703 ENGINE | Temp: 101.42 | RPM: 6184
2025-04-25 06:07:38,717 ENGINE | Temp: 101.02 | RPM: 6291
2025-04-25 06:07:43,724 ENGINE | Temp: 101.09 | RPM: 6353
2025-04-25 06:07:48,737 ENGINE | Temp: 102.9 | RPM: 6506
2025-04-25 06:07:53,745 ENGINE | Temp: 102.35 | RPM: 6800
2025-04-25 06:07:58,755 ENGINE | Temp: 103.18 | RPM: 6802
2025-04-25 06:08:03,761 ENGINE | Temp: 103.93 | RPM: 7010
2025-04-25 06:08:08,776 ENGINE | Temp: 103.81 | RPM: 6996
2025-04-25 06:08:13,793 ENGINE | Temp: 103.77 | RPM: 7190
2025-04-25 06:08:18,799 ENGINE | Temp: 105.56 | RPM: 7314
2025-04-25 06:08:23,804 ENGINE | Temp: 105.37 | RPM: 7330
2025-04-25 06:08:28,804 ENGINE | Temp: 106.0 | RPM: 7318
2025-04-25 06:08:33,814 ENGINE | Temp: 105.29 | RPM: 7438
2025-04-25 06:08:38,825 ENGINE | Temp: 107.38 | RPM: 7571
2025-04-25 06:08:43,829 ENGINE | Temp: 106.1 | RPM: 7568
2025-04-25 06:08:48,837 ENGINE | Temp: 106.4 | RPM: 7453
2025-04-25 06:08:53,858 ENGINE | Temp: 106.54 | RPM: 7577
2025-04-25 06:08:58,898 ENGINE | Temp: 108.28 | RPM: 7503
2025-04-25 06:12:11,265 ENGINE | Temp: 100.42 | RPM: 6021
2025-04-25 06:12:11,296 [31m[1mWARNING: This is a development server. Do not use it in a production deployment. Use a production WSGI server instead.[0m
 * Running on all addresses (0.0.0.0)
 * Running on http://127.0.0.1:5001
 * Running on http://172.20.0.2:5001
2025-04-25 06:12:11,296 [33mPress CTRL+C to quit[0m
2025-04-25 06:12:16,273 ENGINE | Temp: 101.16 | RPM: 6221
2025-04-25 06:12:21,283 ENGINE | Temp: 100.93 | RPM: 6395
2025-04-25 06:12:26,293 ENGINE | Temp: 101.53 | RPM: 6344
2025-04-25 06:12:31,308 ENGINE | Temp: 102.31 | RPM: 6585
2025-04-25 06:12:36,316 ENGINE | Temp: 101.51 | RPM: 6667
2025-04-25 06:12:41,319 ENGINE | Temp: 102.26 | RPM: 6833
2025-04-25 06:12:46,323 ENGINE | Temp: 102.64 | RPM: 6940
2025-04-25 06:12:51,327 ENGINE | Temp: 103.6 | RPM: 7129
2025-04-25 06:12:56,337 ENGINE | Temp: 103.6 | RPM: 7126
2025-04-25 06:13:01,345 ENGINE | Temp: 104.97 | RPM: 7235
2025-04-25 06:13:06,354 ENGINE | Temp: 104.84 | RPM: 7395
2025-04-25 06:13:11,357 ENGINE | Temp: 105.22 | RPM: 7375
2025-04-25 06:13:16,361 ENGINE | Temp: 105.69 | RPM: 7530
2025-04-25 06:13:21,370 ENGINE | Temp: 106.21 | RPM: 7532
2025-04-25 06:13:26,374 ENGINE | Temp: 106.53 | RPM: 7481
2025-04-25 06:13:31,380 ENGINE | Temp: 106.87 | RPM: 7550
2025-04-25 06:13:36,386 ENGINE | Temp: 107.62 | RPM: 7585
2025-04-25 06:13:41,391 ENGINE | Temp: 107.74 | RPM: 7366
2025-04-25 06:13:46,395 ENGINE | Temp: 107.37 | RPM: 7438
2025-04-25 06:13:51,399 ENGINE | Temp: 108.72 | RPM: 7347
2025-04-25 06:13:56,403 ENGINE | Temp: 109.25 | RPM: 7269
2025-04-25 06:14:01,405 ENGINE | Temp: 108.65 | RPM: 7191
2025-04-25 06:14:06,411 ENGINE | Temp: 108.2 | RPM: 7053
2025-04-25 06:14:11,416 ENGINE | Temp: 108.93 | RPM: 6939
2025-04-25 06:14:16,429 ENGINE | Temp: 108.78 | RPM: 6965
2025-04-25 06:14:21,433 ENGINE | Temp: 110.46 | RPM: 6773
2025-04-25 06:14:26,438 ENGINE | Temp: 109.4 | RPM: 6621
2025-04-25 06:14:31,448 ENGINE | Temp: 109.37 | RPM: 6483
2025-04-25 06:14:36,471 ENGINE | Temp: 110.32 | RPM: 6296
2025-04-25 06:14:41,478 ENGINE | Temp: 109.58 | RPM: 6155
2025-04-25 06:14:46,486 ENGINE | Temp: 109.08 | RPM: 6024
2025-04-25 06:14:51,496 ENGINE | Temp: 110.83 | RPM: 5937
2025-04-25 06:16:23,116 ENGINE | Temp: 99.78 | RPM: 5980
2025-04-25 06:16:23,214 [31m[1mWARNING: This is a development server. Do not use it in a production deployment. Use a production WSGI server instead.[0m
 * Running on all addresses (0.0.0.0)
 * Running on http://127.0.0.1:5001
 * Running on http://172.20.0.3:5001
2025-04-25 06:16:23,215 [33mPress CTRL+C to quit[0m
2025-04-25 06:16:28,126 ENGINE | Temp: 100.38 | RPM: 6218
2025-04-25 06:16:33,136 ENGINE | Temp: 100.81 | RPM: 6305
2025-04-25 06:16:38,144 ENGINE | Temp: 100.73 | RPM: 6428
2025-04-25 06:16:43,150 ENGINE | Temp: 102.11 | RPM: 6529
2025-04-25 06:16:48,161 ENGINE | Temp: 103.29 | RPM: 6694
2025-04-25 06:16:53,167 ENGINE | Temp: 103.37 | RPM: 6925
2025-04-25 06:16:58,173 ENGINE | Temp: 102.83 | RPM: 6974
2025-04-25 06:17:03,192 ENGINE | Temp: 103.39 | RPM: 7047
2025-04-25 06:17:08,196 ENGINE | Temp: 105.22 | RPM: 7228
2025-04-25 06:17:13,199 ENGINE | Temp: 104.08 | RPM: 7329
2025-04-25 06:17:18,202 ENGINE | Temp: 106.07 | RPM: 7277
2025-04-25 06:17:23,206 ENGINE | Temp: 104.9 | RPM: 7429
2025-04-25 06:17:28,214 ENGINE | Temp: 105.07 | RPM: 7399
2025-04-25 06:17:33,218 ENGINE | Temp: 106.41 | RPM: 7574
2025-04-25 06:17:38,222 ENGINE | Temp: 107.34 | RPM: 7533
2025-04-25 06:17:43,231 ENGINE | Temp: 108.04 | RPM: 7537
2025-04-25 06:17:48,235 ENGINE | Temp: 107.27 | RPM: 7454
2025-04-25 06:17:53,238 ENGINE | Temp: 108.69 | RPM: 7417
2025-04-25 06:17:58,240 ENGINE | Temp: 108.16 | RPM: 7367
2025-04-25 06:18:03,245 ENGINE | Temp: 107.74 | RPM: 7390
2025-04-25 06:18:08,248 ENGINE | Temp: 109.37 | RPM: 7326
2025-04-25 06:18:13,254 ENGINE | Temp: 109.72 | RPM: 7234
2025-04-25 06:18:18,257 ENGINE | Temp: 109.84 | RPM: 7162
2025-04-25 06:18:23,272 ENGINE | Temp: 109.82 | RPM: 7064
2025-04-25 06:18:28,280 ENGINE | Temp: 109.97 | RPM: 6802
2025-04-25 06:18:33,288 ENGINE | Temp: 109.2 | RPM: 6833
2025-04-25 06:18:38,293 ENGINE | Temp: 110.11 | RPM: 6702
2025-04-25 06:18:43,297 ENGINE | Temp: 109.53 | RPM: 6517
2025-04-25 06:18:48,303 ENGINE | Temp: 108.95 | RPM: 6424
2025-04-25 06:18:53,310 ENGINE | Temp: 110.39 | RPM: 6293
2025-04-25 06:18:58,313 ENGINE | Temp: 110.23 | RPM: 5982
2025-04-25 06:19:03,316 ENGINE | Temp: 110.68 | RPM: 5861
2025-04-25 06:19:08,322 ENGINE | Temp: 109.39 | RPM: 5678
2025-04-25 06:19:13,327 ENGINE | Temp: 109.68 | RPM: 5590
2025-04-25 06:19:18,354 ENGINE | Temp: 109.02 | RPM: 5376
2025-04-25 06:19:23,380 ENGINE | Temp: 108.79 | RPM: 5363
2025-04-25 06:19:28,385 ENGINE | Temp: 109.79 | RPM: 5182
2025-04-25 06:19:33,392 ENGINE | Temp: 108.84 | RPM: 5102
2025-04-25 06:19:38,397 ENGINE | Temp: 108.98 | RPM: 4894
2025-04-25 06:19:43,402 ENGINE | Temp: 109.17 | RPM: 4958
2025-04-25 06:19:48,406 ENGINE | Temp: 109.38 | RPM: 4740
2025-04-25 06:19:53,410 ENGINE | Temp: 108.37 | RPM: 4692
2025-04-25 06:19:58,420 ENGINE | Temp: 109.03 | RPM: 4653
2025-04-25 06:20:03,429 ENGINE | Temp: 108.94 | RPM: 4570
2025-04-25 06:20:08,434 ENGINE | Temp: 108.14 | RPM: 4517
2025-04-25 06:20:13,438 ENGINE | Temp: 108.13 | RPM: 4483
2025-04-25 06:20:18,445 ENGINE | Temp: 106.14 | RPM: 4526
2025-04-25 06:20:23,448 ENGINE | Temp: 106.77 | RPM: 4458
2025-04-25 06:20:28,453 ENGINE | Temp: 106.87 | RPM: 4444
2025-04-25 06:20:33,457 ENGINE | Temp: 105.42 | RPM: 4553
2025-04-25 06:20:38,463 ENGINE | Temp: 105.76 | RPM: 4671
2025-04-25 06:20:43,482 ENGINE | Temp: 105.93 | RPM: 4701
2025-04-25 06:20:48,487 ENGINE | Temp: 104.12 | RPM: 4669
2025-04-25 06:20:53,490 ENGINE | Temp: 104.46 | RPM: 4822
2025-04-25 06:20:58,495 ENGINE | Temp: 104.65 | RPM: 4940
2025-04-25 06:21:03,500 ENGINE | Temp: 103.33 | RPM: 4962
2025-04-25 06:21:08,503 ENGINE | Temp: 101.96 | RPM: 5198
2025-04-25 06:21:13,506 ENGINE | Temp: 102.77 | RPM: 5206
2025-04-25 06:21:18,509 ENGINE | Temp: 102.4 | RPM: 5383
2025-04-25 06:21:23,515 ENGINE | Temp: 100.84 | RPM: 5519
2025-04-25 06:21:28,520 ENGINE | Temp: 99.97 | RPM: 5729
2025-04-25 06:21:33,526 ENGINE | Temp: 101.25 | RPM: 5862
2025-04-25 06:21:38,544 ENGINE | Temp: 99.83 | RPM: 6040
2025-04-25 06:21:43,582 ENGINE | Temp: 100.26 | RPM: 6272
2025-04-25 06:21:48,590 ENGINE | Temp: 98.11 | RPM: 6283
2025-04-25 06:21:53,596 ENGINE | Temp: 98.76 | RPM: 6529
2025-04-25 06:21:58,607 ENGINE | Temp: 98.45 | RPM: 6621
2025-04-25 06:22:03,611 ENGINE | Temp: 96.67 | RPM: 6789
2025-04-25 06:22:08,615 ENGINE | Temp: 97.52 | RPM: 6802
2025-04-25 06:22:13,629 ENGINE | Temp: 96.8 | RPM: 6894
2025-04-25 06:22:18,636 ENGINE | Temp: 95.25 | RPM: 7140
2025-04-25 06:22:23,640 ENGINE | Temp: 95.1 | RPM: 7145
2025-04-25 06:22:28,646 ENGINE | Temp: 95.0 | RPM: 7343
2025-04-25 06:22:33,655 ENGINE | Temp: 94.1 | RPM: 7358
2025-04-25 06:22:38,664 ENGINE | Temp: 93.84 | RPM: 7379
2025-04-25 06:22:43,671 ENGINE | Temp: 93.13 | RPM: 7468
2025-04-25 06:22:48,681 ENGINE | Temp: 93.24 | RPM: 7525
2025-04-25 06:22:53,686 ENGINE | Temp: 93.55 | RPM: 7504
2025-04-25 06:22:58,691 ENGINE | Temp: 93.62 | RPM: 7409
2025-04-25 06:23:03,695 ENGINE | Temp: 92.33 | RPM: 7409
2025-04-25 06:23:08,702 ENGINE | Temp: 91.81 | RPM: 7442
2025-04-25 06:23:13,711 ENGINE | Temp: 91.46 | RPM: 7338
2025-04-25 06:23:18,716 ENGINE | Temp: 92.27 | RPM: 7442
2025-04-25 06:23:23,722 ENGINE | Temp: 92.23 | RPM: 7290
2025-04-25 06:23:28,725 ENGINE | Temp: 90.69 | RPM: 7161
2025-04-25 06:23:33,730 ENGINE | Temp: 91.71 | RPM: 7185
2025-04-25 06:23:38,739 ENGINE | Temp: 90.69 | RPM: 6980
2025-04-25 06:23:43,750 ENGINE | Temp: 90.04 | RPM: 6803
2025-04-25 06:23:48,757 ENGINE | Temp: 89.96 | RPM: 6834
