2025-04-25 06:26:17,268 BRAKE (Front-Left) | Temp: 308.69°C | Slip: 4.60%
2025-04-25 06:26:17,274 BRAKE (Front-Right) | Temp: 294.63°C | Slip: 4.61%
2025-04-25 06:26:17,275 BRAKE (Rear-Left) | Temp: 311.14°C | Slip: 4.80%
2025-04-25 06:26:17,282 BRAKE (Rear-Right) | Temp: 306.40°C | Slip: 5.35%
2025-04-25 06:26:17,333 [31m[1mWARNING: This is a development server. Do not use it in a production deployment. Use a production WSGI server instead.[0m
 * Running on all addresses (0.0.0.0)
 * Running on http://127.0.0.1:5003
 * Running on http://172.20.0.3:5003
2025-04-25 06:26:17,334 [33mPress CTRL+C to quit[0m
2025-04-25 06:26:22,283 BRAKE (Front-Left) | Temp: 313.89°C | Slip: 4.78%
2025-04-25 06:26:22,284 BRAKE (Front-Right) | Temp: 288.78°C | Slip: 4.67%
2025-04-25 06:26:22,284 BRAKE (Rear-Left) | Temp: 319.07°C | Slip: 4.95%
2025-04-25 06:26:22,285 BRAKE (Rear-Right) | Temp: 317.74°C | Slip: 4.75%
2025-04-25 06:26:27,299 BRAKE (Front-Left) | Temp: 325.21°C | Slip: 5.45%
2025-04-25 06:26:27,301 BRAKE (Front-Right) | Temp: 283.36°C | Slip: 5.61%
2025-04-25 06:26:27,301 BRAKE (Rear-Left) | Temp: 322.92°C | Slip: 5.69%
2025-04-25 06:26:27,302 BRAKE (Rear-Right) | Temp: 329.68°C | Slip: 5.64%
2025-04-25 06:26:32,304 BRAKE (Front-Left) | Temp: 327.14°C | Slip: 5.07%
2025-04-25 06:26:32,305 BRAKE (Front-Right) | Temp: 284.47°C | Slip: 4.98%
2025-04-25 06:26:32,305 BRAKE (Rear-Left) | Temp: 313.27°C | Slip: 5.39%
2025-04-25 06:26:32,305 BRAKE (Rear-Right) | Temp: 322.08°C | Slip: 5.50%
2025-04-25 06:26:37,307 BRAKE (Front-Left) | Temp: 316.64°C | Slip: 5.53%
2025-04-25 06:26:37,309 BRAKE (Front-Right) | Temp: 298.30°C | Slip: 5.28%
2025-04-25 06:26:37,309 BRAKE (Rear-Left) | Temp: 335.16°C | Slip: 5.48%
2025-04-25 06:26:37,309 BRAKE (Rear-Right) | Temp: 321.70°C | Slip: 5.61%
2025-04-25 06:26:42,312 BRAKE (Front-Left) | Temp: 316.92°C | Slip: 5.02%
2025-04-25 06:26:42,313 BRAKE (Front-Right) | Temp: 304.14°C | Slip: 5.55%
2025-04-25 06:26:42,314 BRAKE (Rear-Left) | Temp: 331.34°C | Slip: 5.96%
2025-04-25 06:26:42,314 BRAKE (Rear-Right) | Temp: 331.07°C | Slip: 5.64%
2025-04-25 06:26:47,317 BRAKE (Front-Left) | Temp: 309.35°C | Slip: 5.19%
2025-04-25 06:26:47,319 BRAKE (Front-Right) | Temp: 301.05°C | Slip: 5.37%
2025-04-25 06:26:47,319 BRAKE (Rear-Left) | Temp: 322.51°C | Slip: 5.75%
2025-04-25 06:26:47,319 BRAKE (Rear-Right) | Temp: 345.64°C | Slip: 5.75%
2025-04-25 06:26:52,323 BRAKE (Front-Left) | Temp: 302.90°C | Slip: 5.72%
2025-04-25 06:26:52,325 BRAKE (Front-Right) | Temp: 310.90°C | Slip: 5.88%
2025-04-25 06:26:52,325 BRAKE (Rear-Left) | Temp: 335.31°C | Slip: 5.97%
2025-04-25 06:26:52,325 BRAKE (Rear-Right) | Temp: 346.79°C | Slip: 5.21%
2025-04-25 06:26:57,331 BRAKE (Front-Left) | Temp: 306.51°C | Slip: 5.56%
2025-04-25 06:26:57,334 BRAKE (Front-Right) | Temp: 333.12°C | Slip: 5.38%
2025-04-25 06:26:57,335 BRAKE (Rear-Left) | Temp: 333.02°C | Slip: 5.53%
2025-04-25 06:26:57,335 BRAKE (Rear-Right) | Temp: 360.64°C | Slip: 5.32%
2025-04-25 06:27:02,339 BRAKE (Front-Left) | Temp: 320.86°C | Slip: 5.64%
2025-04-25 06:27:02,340 BRAKE (Front-Right) | Temp: 331.27°C | Slip: 5.48%
2025-04-25 06:27:02,340 BRAKE (Rear-Left) | Temp: 327.79°C | Slip: 5.90%
2025-04-25 06:27:02,340 BRAKE (Rear-Right) | Temp: 346.53°C | Slip: 6.18%
2025-04-25 06:27:07,344 BRAKE (Front-Left) | Temp: 329.16°C | Slip: 5.73%
2025-04-25 06:27:07,347 BRAKE (Front-Right) | Temp: 327.97°C | Slip: 5.50%
2025-04-25 06:27:07,347 BRAKE (Rear-Left) | Temp: 324.28°C | Slip: 6.33%
2025-04-25 06:27:07,348 BRAKE (Rear-Right) | Temp: 352.91°C | Slip: 5.69%
2025-04-25 06:27:12,356 BRAKE (Front-Left) | Temp: 335.32°C | Slip: 5.60%
2025-04-25 06:27:12,357 BRAKE (Front-Right) | Temp: 319.16°C | Slip: 6.50%
2025-04-25 06:27:12,358 BRAKE (Rear-Left) | Temp: 342.57°C | Slip: 5.66%
2025-04-25 06:27:12,358 BRAKE (Rear-Right) | Temp: 357.79°C | Slip: 6.17%
2025-04-25 06:27:17,368 BRAKE (Front-Left) | Temp: 320.87°C | Slip: 5.76%
2025-04-25 06:27:17,370 BRAKE (Front-Right) | Temp: 335.08°C | Slip: 6.09%
2025-04-25 06:27:17,370 BRAKE (Rear-Left) | Temp: 325.95°C | Slip: 6.44%
2025-04-25 06:27:17,371 BRAKE (Rear-Right) | Temp: 347.89°C | Slip: 6.31%
2025-04-25 06:27:22,373 BRAKE (Front-Left) | Temp: 347.37°C | Slip: 6.55%
2025-04-25 06:27:22,374 BRAKE (Front-Right) | Temp: 347.47°C | Slip: 6.33%
2025-04-25 06:27:22,374 BRAKE (Rear-Left) | Temp: 335.85°C | Slip: 6.14%
2025-04-25 06:27:22,374 BRAKE (Rear-Right) | Temp: 329.06°C | Slip: 5.75%
2025-04-25 06:27:27,379 BRAKE (Front-Left) | Temp: 321.48°C | Slip: 5.82%
2025-04-25 06:27:27,384 BRAKE (Front-Right) | Temp: 333.13°C | Slip: 6.77%
2025-04-25 06:27:27,386 BRAKE (Rear-Left) | Temp: 342.31°C | Slip: 6.20%
2025-04-25 06:27:27,387 BRAKE (Rear-Right) | Temp: 328.21°C | Slip: 6.64%
2025-04-25 06:27:32,389 BRAKE (Front-Left) | Temp: 328.39°C | Slip: 6.77%
2025-04-25 06:27:32,390 BRAKE (Front-Right) | Temp: 326.48°C | Slip: 6.26%
2025-04-25 06:27:32,390 BRAKE (Rear-Left) | Temp: 349.48°C | Slip: 6.77%
2025-04-25 06:27:32,390 BRAKE (Rear-Right) | Temp: 322.56°C | Slip: 6.62%
2025-04-25 06:27:37,393 BRAKE (Front-Left) | Temp: 323.85°C | Slip: 6.54%
2025-04-25 06:27:37,394 BRAKE (Front-Right) | Temp: 341.81°C | Slip: 6.00%
2025-04-25 06:27:37,395 BRAKE (Rear-Left) | Temp: 358.98°C | Slip: 6.56%
2025-04-25 06:27:37,395 BRAKE (Rear-Right) | Temp: 311.98°C | Slip: 6.63%
2025-04-25 06:27:42,398 BRAKE (Front-Left) | Temp: 328.46°C | Slip: 6.77%
2025-04-25 06:27:42,401 BRAKE (Front-Right) | Temp: 344.89°C | Slip: 6.24%
2025-04-25 06:27:42,401 BRAKE (Rear-Left) | Temp: 354.99°C | Slip: 6.58%
2025-04-25 06:27:42,401 BRAKE (Rear-Right) | Temp: 320.33°C | Slip: 6.67%
2025-04-25 06:27:47,403 BRAKE (Front-Left) | Temp: 320.23°C | Slip: 6.12%
2025-04-25 06:27:47,404 BRAKE (Front-Right) | Temp: 349.22°C | Slip: 6.71%
2025-04-25 06:27:47,405 BRAKE (Rear-Left) | Temp: 341.00°C | Slip: 6.88%
2025-04-25 06:27:47,405 BRAKE (Rear-Right) | Temp: 317.21°C | Slip: 6.85%
2025-04-25 06:27:52,407 BRAKE (Front-Left) | Temp: 326.79°C | Slip: 6.60%
2025-04-25 06:27:52,409 BRAKE (Front-Right) | Temp: 348.28°C | Slip: 6.57%
2025-04-25 06:27:52,410 BRAKE (Rear-Left) | Temp: 340.95°C | Slip: 6.89%
2025-04-25 06:27:52,410 BRAKE (Rear-Right) | Temp: 317.79°C | Slip: 6.79%
2025-04-25 06:27:57,413 BRAKE (Front-Left) | Temp: 316.08°C | Slip: 6.61%
2025-04-25 06:27:57,419 BRAKE (Front-Right) | Temp: 362.08°C | Slip: 6.69%
2025-04-25 06:27:57,421 BRAKE (Rear-Left) | Temp: 343.60°C | Slip: 7.15%
2025-04-25 06:27:57,422 BRAKE (Rear-Right) | Temp: 307.68°C | Slip: 6.90%
2025-04-25 06:28:02,451 BRAKE (Front-Left) | Temp: 315.55°C | Slip: 6.48%
2025-04-25 06:28:02,458 BRAKE (Front-Right) | Temp: 354.71°C | Slip: 7.06%
2025-04-25 06:28:02,458 BRAKE (Rear-Left) | Temp: 350.52°C | Slip: 6.65%
2025-04-25 06:28:02,469 BRAKE (Rear-Right) | Temp: 325.33°C | Slip: 7.03%
2025-04-25 06:28:07,473 BRAKE (Front-Left) | Temp: 319.79°C | Slip: 7.26%
2025-04-25 06:28:07,476 BRAKE (Front-Right) | Temp: 355.57°C | Slip: 6.76%
2025-04-25 06:28:07,477 BRAKE (Rear-Left) | Temp: 353.58°C | Slip: 6.48%
2025-04-25 06:28:07,477 BRAKE (Rear-Right) | Temp: 339.48°C | Slip: 6.88%
2025-04-25 06:28:12,481 BRAKE (Front-Left) | Temp: 320.57°C | Slip: 6.62%
2025-04-25 06:28:12,483 BRAKE (Front-Right) | Temp: 367.97°C | Slip: 6.62%
2025-04-25 06:28:12,483 BRAKE (Rear-Left) | Temp: 345.31°C | Slip: 6.42%
2025-04-25 06:28:12,484 BRAKE (Rear-Right) | Temp: 334.22°C | Slip: 7.23%
2025-04-25 06:28:17,488 BRAKE (Front-Left) | Temp: 311.21°C | Slip: 6.43%
2025-04-25 06:28:17,491 BRAKE (Front-Right) | Temp: 374.42°C | Slip: 7.25%
2025-04-25 06:28:17,491 BRAKE (Rear-Left) | Temp: 345.48°C | Slip: 6.83%
2025-04-25 06:28:17,491 BRAKE (Rear-Right) | Temp: 350.96°C | Slip: 7.28%
2025-04-25 06:28:22,497 BRAKE (Front-Left) | Temp: 320.61°C | Slip: 6.52%
2025-04-25 06:28:22,499 BRAKE (Front-Right) | Temp: 375.66°C | Slip: 7.06%
2025-04-25 06:28:22,499 BRAKE (Rear-Left) | Temp: 347.53°C | Slip: 7.24%
2025-04-25 06:28:22,499 BRAKE (Rear-Right) | Temp: 343.83°C | Slip: 6.65%
2025-04-25 06:28:27,506 BRAKE (Front-Left) | Temp: 311.17°C | Slip: 6.88%
2025-04-25 06:28:27,510 BRAKE (Front-Right) | Temp: 370.82°C | Slip: 6.68%
2025-04-25 06:28:27,510 BRAKE (Rear-Left) | Temp: 342.80°C | Slip: 6.72%
2025-04-25 06:28:27,510 BRAKE (Rear-Right) | Temp: 329.06°C | Slip: 6.68%
2025-04-25 06:28:32,516 BRAKE (Front-Left) | Temp: 324.58°C | Slip: 6.69%
2025-04-25 06:28:32,517 BRAKE (Front-Right) | Temp: 371.33°C | Slip: 6.68%
2025-04-25 06:28:32,518 BRAKE (Rear-Left) | Temp: 347.55°C | Slip: 6.54%
2025-04-25 06:28:32,518 BRAKE (Rear-Right) | Temp: 338.55°C | Slip: 6.98%
2025-04-25 06:28:37,521 BRAKE (Front-Left) | Temp: 312.44°C | Slip: 7.14%
2025-04-25 06:28:37,529 BRAKE (Front-Right) | Temp: 362.93°C | Slip: 6.93%
2025-04-25 06:28:37,529 BRAKE (Rear-Left) | Temp: 352.21°C | Slip: 7.22%
2025-04-25 06:28:37,529 BRAKE (Rear-Right) | Temp: 329.29°C | Slip: 7.45%
2025-04-25 06:28:42,532 BRAKE (Front-Left) | Temp: 300.83°C | Slip: 6.82%
2025-04-25 06:28:42,533 BRAKE (Front-Right) | Temp: 353.59°C | Slip: 7.16%
2025-04-25 06:28:42,533 BRAKE (Rear-Left) | Temp: 342.75°C | Slip: 7.04%
2025-04-25 06:28:42,533 BRAKE (Rear-Right) | Temp: 331.45°C | Slip: 6.79%
2025-04-25 06:28:47,536 BRAKE (Front-Left) | Temp: 286.66°C | Slip: 6.91%
2025-04-25 06:28:47,538 BRAKE (Front-Right) | Temp: 369.28°C | Slip: 6.84%
2025-04-25 06:28:47,538 BRAKE (Rear-Left) | Temp: 338.15°C | Slip: 6.57%
2025-04-25 06:28:47,538 BRAKE (Rear-Right) | Temp: 341.06°C | Slip: 7.38%
2025-04-25 06:28:52,542 BRAKE (Front-Left) | Temp: 297.17°C | Slip: 6.56%
2025-04-25 06:28:52,543 BRAKE (Front-Right) | Temp: 364.37°C | Slip: 7.11%
2025-04-25 06:28:52,543 BRAKE (Rear-Left) | Temp: 325.90°C | Slip: 6.50%
2025-04-25 06:28:52,543 BRAKE (Rear-Right) | Temp: 334.36°C | Slip: 7.15%
2025-04-25 06:28:57,549 BRAKE (Front-Left) | Temp: 302.76°C | Slip: 6.51%
2025-04-25 06:28:57,551 BRAKE (Front-Right) | Temp: 367.79°C | Slip: 6.71%
2025-04-25 06:28:57,551 BRAKE (Rear-Left) | Temp: 333.11°C | Slip: 7.38%
2025-04-25 06:28:57,552 BRAKE (Rear-Right) | Temp: 336.64°C | Slip: 7.20%
2025-04-25 06:29:02,557 BRAKE (Front-Left) | Temp: 297.44°C | Slip: 6.98%
2025-04-25 06:29:02,559 BRAKE (Front-Right) | Temp: 372.46°C | Slip: 7.23%
2025-04-25 06:29:02,559 BRAKE (Rear-Left) | Temp: 339.83°C | Slip: 7.41%
2025-04-25 06:29:02,559 BRAKE (Rear-Right) | Temp: 357.63°C | Slip: 6.67%
2025-04-25 06:29:07,563 BRAKE (Front-Left) | Temp: 301.66°C | Slip: 6.74%
2025-04-25 06:29:07,565 BRAKE (Front-Right) | Temp: 369.90°C | Slip: 6.54%
2025-04-25 06:29:07,565 BRAKE (Rear-Left) | Temp: 344.09°C | Slip: 6.52%
2025-04-25 06:29:07,566 BRAKE (Rear-Right) | Temp: 350.41°C | Slip: 7.11%
2025-04-25 06:29:12,567 BRAKE (Front-Left) | Temp: 295.21°C | Slip: 7.08%
2025-04-25 06:29:12,568 BRAKE (Front-Right) | Temp: 375.07°C | Slip: 6.52%
2025-04-25 06:29:12,568 BRAKE (Rear-Left) | Temp: 330.81°C | Slip: 6.80%
2025-04-25 06:29:12,568 BRAKE (Rear-Right) | Temp: 359.09°C | Slip: 6.89%
2025-04-25 06:29:17,575 BRAKE (Front-Left) | Temp: 307.53°C | Slip: 7.40%
2025-04-25 06:29:17,576 BRAKE (Front-Right) | Temp: 369.45°C | Slip: 6.97%
2025-04-25 06:29:17,576 BRAKE (Rear-Left) | Temp: 341.49°C | Slip: 6.52%
2025-04-25 06:29:17,577 BRAKE (Rear-Right) | Temp: 350.30°C | Slip: 7.44%
2025-04-25 06:29:22,580 BRAKE (Front-Left) | Temp: 309.20°C | Slip: 6.48%
2025-04-25 06:29:22,582 BRAKE (Front-Right) | Temp: 373.86°C | Slip: 7.35%
2025-04-25 06:29:22,583 BRAKE (Rear-Left) | Temp: 332.82°C | Slip: 7.05%
2025-04-25 06:29:22,583 BRAKE (Rear-Right) | Temp: 348.85°C | Slip: 7.11%
2025-04-25 06:29:27,589 BRAKE (Front-Left) | Temp: 314.87°C | Slip: 7.01%
2025-04-25 06:29:27,590 BRAKE (Front-Right) | Temp: 369.05°C | Slip: 6.51%
2025-04-25 06:29:27,591 BRAKE (Rear-Left) | Temp: 313.83°C | Slip: 6.97%
2025-04-25 06:29:27,591 BRAKE (Rear-Right) | Temp: 365.05°C | Slip: 7.31%
2025-04-25 06:29:32,594 BRAKE (Front-Left) | Temp: 327.28°C | Slip: 6.47%
2025-04-25 06:29:32,599 BRAKE (Front-Right) | Temp: 381.42°C | Slip: 6.59%
2025-04-25 06:29:32,599 BRAKE (Rear-Left) | Temp: 321.60°C | Slip: 6.52%
2025-04-25 06:29:32,600 BRAKE (Rear-Right) | Temp: 373.69°C | Slip: 7.29%
2025-04-25 06:29:37,604 BRAKE (Front-Left) | Temp: 331.49°C | Slip: 7.08%
2025-04-25 06:29:37,605 BRAKE (Front-Right) | Temp: 368.13°C | Slip: 6.85%
2025-04-25 06:29:37,605 BRAKE (Rear-Left) | Temp: 316.79°C | Slip: 6.92%
2025-04-25 06:29:37,605 BRAKE (Rear-Right) | Temp: 367.41°C | Slip: 6.48%
2025-04-25 06:29:42,609 BRAKE (Front-Left) | Temp: 334.25°C | Slip: 7.18%
2025-04-25 06:29:42,610 BRAKE (Front-Right) | Temp: 352.84°C | Slip: 6.45%
2025-04-25 06:29:42,610 BRAKE (Rear-Left) | Temp: 323.77°C | Slip: 6.91%
2025-04-25 06:29:42,610 BRAKE (Rear-Right) | Temp: 357.25°C | Slip: 6.72%
2025-04-25 06:29:47,613 BRAKE (Front-Left) | Temp: 339.60°C | Slip: 6.59%
2025-04-25 06:29:47,615 BRAKE (Front-Right) | Temp: 349.07°C | Slip: 6.97%
2025-04-25 06:29:47,615 BRAKE (Rear-Left) | Temp: 330.52°C | Slip: 7.05%
2025-04-25 06:29:47,615 BRAKE (Rear-Right) | Temp: 365.41°C | Slip: 6.79%
2025-04-25 06:29:52,618 BRAKE (Front-Left) | Temp: 348.89°C | Slip: 6.75%
2025-04-25 06:29:52,619 BRAKE (Front-Right) | Temp: 349.94°C | Slip: 6.88%
2025-04-25 06:29:52,619 BRAKE (Rear-Left) | Temp: 328.45°C | Slip: 6.62%
2025-04-25 06:29:52,619 BRAKE (Rear-Right) | Temp: 374.22°C | Slip: 7.16%
2025-04-25 06:29:57,625 BRAKE (Front-Left) | Temp: 354.10°C | Slip: 6.95%
2025-04-25 06:29:57,630 BRAKE (Front-Right) | Temp: 347.35°C | Slip: 6.55%
2025-04-25 06:29:57,630 BRAKE (Rear-Left) | Temp: 322.56°C | Slip: 6.25%
2025-04-25 06:29:57,630 BRAKE (Rear-Right) | Temp: 354.35°C | Slip: 6.86%
2025-04-25 06:30:02,632 BRAKE (Front-Left) | Temp: 354.37°C | Slip: 6.23%
2025-04-25 06:30:02,632 BRAKE (Front-Right) | Temp: 375.97°C | Slip: 6.72%
2025-04-25 06:30:02,633 BRAKE (Rear-Left) | Temp: 327.23°C | Slip: 6.91%
2025-04-25 06:30:02,633 BRAKE (Rear-Right) | Temp: 353.38°C | Slip: 7.03%
2025-04-25 06:30:07,636 BRAKE (Front-Left) | Temp: 355.85°C | Slip: 6.77%
2025-04-25 06:30:07,639 BRAKE (Front-Right) | Temp: 374.91°C | Slip: 6.46%
2025-04-25 06:30:07,639 BRAKE (Rear-Left) | Temp: 316.36°C | Slip: 6.48%
2025-04-25 06:30:07,639 BRAKE (Rear-Right) | Temp: 365.92°C | Slip: 6.51%
2025-04-25 06:30:12,641 BRAKE (Front-Left) | Temp: 363.42°C | Slip: 6.33%
2025-04-25 06:30:12,643 BRAKE (Front-Right) | Temp: 358.98°C | Slip: 6.02%
2025-04-25 06:30:12,643 BRAKE (Rear-Left) | Temp: 338.25°C | Slip: 6.76%
2025-04-25 06:30:12,643 BRAKE (Rear-Right) | Temp: 352.59°C | Slip: 6.92%
2025-04-25 06:30:17,645 BRAKE (Front-Left) | Temp: 372.80°C | Slip: 6.81%
2025-04-25 06:30:17,645 BRAKE (Front-Right) | Temp: 364.97°C | Slip: 6.32%
2025-04-25 06:30:17,646 BRAKE (Rear-Left) | Temp: 336.30°C | Slip: 6.58%
2025-04-25 06:30:17,646 BRAKE (Rear-Right) | Temp: 349.33°C | Slip: 6.71%
2025-04-25 06:30:22,647 BRAKE (Front-Left) | Temp: 382.84°C | Slip: 6.60%
2025-04-25 06:30:22,648 BRAKE (Front-Right) | Temp: 357.72°C | Slip: 6.60%
2025-04-25 06:30:22,649 BRAKE (Rear-Left) | Temp: 319.62°C | Slip: 6.61%
2025-04-25 06:30:22,649 BRAKE (Rear-Right) | Temp: 353.84°C | Slip: 6.09%
2025-04-25 06:30:27,649 BRAKE (Front-Left) | Temp: 366.60°C | Slip: 6.11%
2025-04-25 06:30:27,651 BRAKE (Front-Right) | Temp: 362.44°C | Slip: 5.79%
2025-04-25 06:30:27,651 BRAKE (Rear-Left) | Temp: 320.76°C | Slip: 6.51%
2025-04-25 06:30:27,651 BRAKE (Rear-Right) | Temp: 356.44°C | Slip: 6.37%
2025-04-25 06:30:32,657 BRAKE (Front-Left) | Temp: 373.40°C | Slip: 6.28%
2025-04-25 06:30:32,658 BRAKE (Front-Right) | Temp: 352.18°C | Slip: 6.38%
2025-04-25 06:30:32,658 BRAKE (Rear-Left) | Temp: 323.66°C | Slip: 6.01%
2025-04-25 06:30:32,658 BRAKE (Rear-Right) | Temp: 335.73°C | Slip: 6.60%
2025-04-25 06:30:37,661 BRAKE (Front-Left) | Temp: 373.92°C | Slip: 5.99%
2025-04-25 06:30:37,663 BRAKE (Front-Right) | Temp: 344.42°C | Slip: 6.02%
2025-04-25 06:30:37,663 BRAKE (Rear-Left) | Temp: 290.19°C | Slip: 6.47%
2025-04-25 06:30:37,663 BRAKE (Rear-Right) | Temp: 345.49°C | Slip: 6.01%
2025-04-25 06:30:42,667 BRAKE (Front-Left) | Temp: 382.72°C | Slip: 5.77%
2025-04-25 06:30:42,668 BRAKE (Front-Right) | Temp: 339.39°C | Slip: 5.82%
2025-04-25 06:30:42,669 BRAKE (Rear-Left) | Temp: 289.77°C | Slip: 5.62%
2025-04-25 06:30:42,669 BRAKE (Rear-Right) | Temp: 340.62°C | Slip: 6.19%
2025-04-25 06:30:47,671 BRAKE (Front-Left) | Temp: 388.13°C | Slip: 6.22%
2025-04-25 06:30:47,674 BRAKE (Front-Right) | Temp: 337.54°C | Slip: 6.18%
2025-04-25 06:30:47,674 BRAKE (Rear-Left) | Temp: 298.98°C | Slip: 5.69%
2025-04-25 06:30:47,675 BRAKE (Rear-Right) | Temp: 337.28°C | Slip: 5.91%
2025-04-25 06:30:52,676 BRAKE (Front-Left) | Temp: 356.39°C | Slip: 5.57%
2025-04-25 06:30:52,677 BRAKE (Front-Right) | Temp: 334.61°C | Slip: 5.49%
2025-04-25 06:30:52,677 BRAKE (Rear-Left) | Temp: 312.09°C | Slip: 5.66%
2025-04-25 06:30:52,677 BRAKE (Rear-Right) | Temp: 355.13°C | Slip: 5.47%
2025-04-25 06:30:57,685 BRAKE (Front-Left) | Temp: 354.01°C | Slip: 5.55%
2025-04-25 06:30:57,686 BRAKE (Front-Right) | Temp: 332.32°C | Slip: 5.92%
2025-04-25 06:30:57,686 BRAKE (Rear-Left) | Temp: 322.17°C | Slip: 5.82%
2025-04-25 06:30:57,686 BRAKE (Rear-Right) | Temp: 355.21°C | Slip: 5.33%
2025-04-25 06:31:02,690 BRAKE (Front-Left) | Temp: 341.67°C | Slip: 5.17%
2025-04-25 06:31:02,692 BRAKE (Front-Right) | Temp: 354.25°C | Slip: 6.03%
2025-04-25 06:31:02,697 BRAKE (Rear-Left) | Temp: 317.86°C | Slip: 6.03%
2025-04-25 06:31:02,698 BRAKE (Rear-Right) | Temp: 374.41°C | Slip: 5.76%
2025-04-25 06:31:07,701 BRAKE (Front-Left) | Temp: 334.75°C | Slip: 5.05%
2025-04-25 06:31:07,703 BRAKE (Front-Right) | Temp: 361.30°C | Slip: 5.70%
2025-04-25 06:31:07,704 BRAKE (Rear-Left) | Temp: 318.81°C | Slip: 5.69%
2025-04-25 06:31:07,704 BRAKE (Rear-Right) | Temp: 358.63°C | Slip: 5.55%
2025-04-25 06:32:44,568 BRAKE (Front-Left) | Temp: 278.05°C | Slip: 4.66%
2025-04-25 06:32:44,573 BRAKE (Front-Right) | Temp: 306.81°C | Slip: 4.58%
2025-04-25 06:32:44,574 BRAKE (Rear-Left) | Temp: 297.68°C | Slip: 5.15%
2025-04-25 06:32:44,576 BRAKE (Rear-Right) | Temp: 304.79°C | Slip: 5.37%
2025-04-25 06:32:44,587 [31m[1mWARNING: This is a development server. Do not use it in a production deployment. Use a production WSGI server instead.[0m
 * Running on all addresses (0.0.0.0)
 * Running on http://127.0.0.1:5003
 * Running on http://172.20.0.4:5003
2025-04-25 06:32:44,588 [33mPress CTRL+C to quit[0m
2025-04-25 06:32:49,581 BRAKE (Front-Left) | Temp: 279.75°C | Slip: 5.13%
2025-04-25 06:32:49,584 BRAKE (Front-Right) | Temp: 311.60°C | Slip: 4.61%
2025-04-25 06:32:49,584 BRAKE (Rear-Left) | Temp: 317.02°C | Slip: 4.86%
2025-04-25 06:32:49,584 BRAKE (Rear-Right) | Temp: 310.63°C | Slip: 4.98%
2025-04-25 06:32:54,587 BRAKE (Front-Left) | Temp: 287.42°C | Slip: 5.56%
2025-04-25 06:32:54,588 BRAKE (Front-Right) | Temp: 323.25°C | Slip: 5.12%
2025-04-25 06:32:54,588 BRAKE (Rear-Left) | Temp: 328.70°C | Slip: 5.61%
2025-04-25 06:32:54,588 BRAKE (Rear-Right) | Temp: 307.99°C | Slip: 5.23%
2025-04-25 06:32:59,593 BRAKE (Front-Left) | Temp: 299.71°C | Slip: 5.49%
2025-04-25 06:32:59,595 BRAKE (Front-Right) | Temp: 326.47°C | Slip: 4.99%
2025-04-25 06:32:59,595 BRAKE (Rear-Left) | Temp: 316.69°C | Slip: 5.41%
2025-04-25 06:32:59,596 BRAKE (Rear-Right) | Temp: 299.86°C | Slip: 5.22%
2025-04-25 06:33:04,598 BRAKE (Front-Left) | Temp: 323.53°C | Slip: 5.49%
2025-04-25 06:33:04,599 BRAKE (Front-Right) | Temp: 331.83°C | Slip: 5.25%
2025-04-25 06:33:04,599 BRAKE (Rear-Left) | Temp: 321.26°C | Slip: 5.72%
2025-04-25 06:33:04,599 BRAKE (Rear-Right) | Temp: 303.81°C | Slip: 4.99%
2025-04-25 06:33:09,606 BRAKE (Front-Left) | Temp: 318.11°C | Slip: 5.42%
2025-04-25 06:33:09,608 BRAKE (Front-Right) | Temp: 334.79°C | Slip: 5.09%
2025-04-25 06:33:09,608 BRAKE (Rear-Left) | Temp: 323.09°C | Slip: 5.49%
2025-04-25 06:33:09,608 BRAKE (Rear-Right) | Temp: 283.51°C | Slip: 5.33%
2025-04-25 06:33:14,629 BRAKE (Front-Left) | Temp: 326.74°C | Slip: 5.30%
2025-04-25 06:33:14,653 BRAKE (Front-Right) | Temp: 331.18°C | Slip: 5.29%
2025-04-25 06:33:14,655 BRAKE (Rear-Left) | Temp: 309.96°C | Slip: 5.52%
2025-04-25 06:33:14,661 BRAKE (Rear-Right) | Temp: 287.03°C | Slip: 5.43%
2025-04-25 06:33:19,670 BRAKE (Front-Left) | Temp: 324.89°C | Slip: 5.71%
2025-04-25 06:33:19,672 BRAKE (Front-Right) | Temp: 328.14°C | Slip: 5.87%
2025-04-25 06:33:19,672 BRAKE (Rear-Left) | Temp: 315.59°C | Slip: 5.65%
2025-04-25 06:33:19,672 BRAKE (Rear-Right) | Temp: 294.67°C | Slip: 5.59%
2025-04-25 06:33:24,678 BRAKE (Front-Left) | Temp: 333.28°C | Slip: 5.70%
2025-04-25 06:33:24,681 BRAKE (Front-Right) | Temp: 331.52°C | Slip: 5.56%
2025-04-25 06:33:24,684 BRAKE (Rear-Left) | Temp: 324.02°C | Slip: 6.19%
2025-04-25 06:33:24,685 BRAKE (Rear-Right) | Temp: 313.54°C | Slip: 5.62%
2025-04-25 06:33:29,689 BRAKE (Front-Left) | Temp: 332.15°C | Slip: 5.41%
2025-04-25 06:33:29,689 BRAKE (Front-Right) | Temp: 330.49°C | Slip: 5.56%
2025-04-25 06:33:29,689 BRAKE (Rear-Left) | Temp: 318.49°C | Slip: 6.12%
2025-04-25 06:33:29,689 BRAKE (Rear-Right) | Temp: 324.91°C | Slip: 5.48%
2025-04-25 06:33:34,704 BRAKE (Front-Left) | Temp: 330.41°C | Slip: 5.62%
2025-04-25 06:33:34,706 BRAKE (Front-Right) | Temp: 333.62°C | Slip: 5.49%
2025-04-25 06:33:34,706 BRAKE (Rear-Left) | Temp: 322.62°C | Slip: 6.27%
2025-04-25 06:33:34,706 BRAKE (Rear-Right) | Temp: 326.50°C | Slip: 5.64%
2025-04-25 06:33:39,709 BRAKE (Front-Left) | Temp: 336.70°C | Slip: 6.22%
2025-04-25 06:33:39,714 BRAKE (Front-Right) | Temp: 343.30°C | Slip: 6.13%
2025-04-25 06:33:39,714 BRAKE (Rear-Left) | Temp: 346.11°C | Slip: 5.91%
2025-04-25 06:33:39,714 BRAKE (Rear-Right) | Temp: 332.12°C | Slip: 5.97%
2025-04-25 06:33:44,718 BRAKE (Front-Left) | Temp: 328.33°C | Slip: 5.78%
2025-04-25 06:33:44,720 BRAKE (Front-Right) | Temp: 365.80°C | Slip: 6.20%
2025-04-25 06:33:44,721 BRAKE (Rear-Left) | Temp: 337.52°C | Slip: 5.77%
2025-04-25 06:33:44,721 BRAKE (Rear-Right) | Temp: 344.40°C | Slip: 6.57%
2025-04-25 06:33:49,726 BRAKE (Front-Left) | Temp: 344.93°C | Slip: 6.63%
2025-04-25 06:33:49,728 BRAKE (Front-Right) | Temp: 357.24°C | Slip: 5.87%
2025-04-25 06:33:49,728 BRAKE (Rear-Left) | Temp: 338.98°C | Slip: 5.85%
2025-04-25 06:33:49,728 BRAKE (Rear-Right) | Temp: 328.76°C | Slip: 5.75%
2025-04-25 06:33:54,731 BRAKE (Front-Left) | Temp: 346.68°C | Slip: 6.02%
2025-04-25 06:33:54,733 BRAKE (Front-Right) | Temp: 354.81°C | Slip: 6.31%
2025-04-25 06:33:54,733 BRAKE (Rear-Left) | Temp: 339.82°C | Slip: 6.38%
2025-04-25 06:33:54,733 BRAKE (Rear-Right) | Temp: 323.30°C | Slip: 6.28%
2025-04-25 06:33:59,751 BRAKE (Front-Left) | Temp: 343.55°C | Slip: 6.76%
2025-04-25 06:33:59,758 BRAKE (Front-Right) | Temp: 354.26°C | Slip: 6.08%
2025-04-25 06:33:59,764 BRAKE (Rear-Left) | Temp: 329.62°C | Slip: 6.37%
2025-04-25 06:33:59,766 BRAKE (Rear-Right) | Temp: 303.87°C | Slip: 6.45%
2025-04-25 06:34:04,768 BRAKE (Front-Left) | Temp: 341.74°C | Slip: 6.08%
2025-04-25 06:34:04,772 BRAKE (Front-Right) | Temp: 338.75°C | Slip: 6.88%
2025-04-25 06:34:04,772 BRAKE (Rear-Left) | Temp: 344.98°C | Slip: 6.78%
2025-04-25 06:34:04,772 BRAKE (Rear-Right) | Temp: 305.93°C | Slip: 6.88%
2025-04-25 06:34:09,774 BRAKE (Front-Left) | Temp: 349.02°C | Slip: 6.71%
2025-04-25 06:34:09,777 BRAKE (Front-Right) | Temp: 339.49°C | Slip: 6.63%
2025-04-25 06:34:09,777 BRAKE (Rear-Left) | Temp: 341.01°C | Slip: 6.94%
2025-04-25 06:34:09,777 BRAKE (Rear-Right) | Temp: 301.68°C | Slip: 6.60%
2025-04-25 06:34:14,781 BRAKE (Front-Left) | Temp: 358.45°C | Slip: 6.50%
2025-04-25 06:34:14,785 BRAKE (Front-Right) | Temp: 351.27°C | Slip: 6.78%
2025-04-25 06:34:14,786 BRAKE (Rear-Left) | Temp: 364.15°C | Slip: 6.51%
2025-04-25 06:34:14,786 BRAKE (Rear-Right) | Temp: 320.95°C | Slip: 6.45%
2025-04-25 06:34:19,792 BRAKE (Front-Left) | Temp: 359.66°C | Slip: 6.60%
2025-04-25 06:34:19,795 BRAKE (Front-Right) | Temp: 360.21°C | Slip: 6.99%
2025-04-25 06:34:19,795 BRAKE (Rear-Left) | Temp: 366.31°C | Slip: 6.36%
2025-04-25 06:34:19,795 BRAKE (Rear-Right) | Temp: 310.96°C | Slip: 6.57%
2025-04-25 06:34:24,799 BRAKE (Front-Left) | Temp: 380.34°C | Slip: 7.12%
2025-04-25 06:34:24,803 BRAKE (Front-Right) | Temp: 369.77°C | Slip: 6.42%
2025-04-25 06:34:24,803 BRAKE (Rear-Left) | Temp: 363.54°C | Slip: 6.96%
2025-04-25 06:34:24,804 BRAKE (Rear-Right) | Temp: 320.71°C | Slip: 7.16%
2025-04-25 06:34:29,808 BRAKE (Front-Left) | Temp: 383.11°C | Slip: 7.18%
2025-04-25 06:34:29,810 BRAKE (Front-Right) | Temp: 353.71°C | Slip: 6.32%
2025-04-25 06:34:29,810 BRAKE (Rear-Left) | Temp: 364.09°C | Slip: 6.62%
2025-04-25 06:34:29,810 BRAKE (Rear-Right) | Temp: 317.86°C | Slip: 6.24%
2025-04-25 06:34:34,820 BRAKE (Front-Left) | Temp: 374.85°C | Slip: 7.02%
2025-04-25 06:34:34,837 BRAKE (Front-Right) | Temp: 345.25°C | Slip: 6.93%
2025-04-25 06:34:34,837 BRAKE (Rear-Left) | Temp: 363.38°C | Slip: 6.83%
2025-04-25 06:34:34,837 BRAKE (Rear-Right) | Temp: 322.33°C | Slip: 7.11%
2025-04-25 06:34:39,840 BRAKE (Front-Left) | Temp: 378.23°C | Slip: 7.03%
2025-04-25 06:34:39,842 BRAKE (Front-Right) | Temp: 354.26°C | Slip: 6.89%
2025-04-25 06:34:39,842 BRAKE (Rear-Left) | Temp: 360.75°C | Slip: 6.65%
2025-04-25 06:34:39,842 BRAKE (Rear-Right) | Temp: 319.83°C | Slip: 7.06%
2025-04-25 06:34:44,848 BRAKE (Front-Left) | Temp: 370.38°C | Slip: 7.22%
2025-04-25 06:34:44,851 BRAKE (Front-Right) | Temp: 348.09°C | Slip: 7.00%
2025-04-25 06:34:44,851 BRAKE (Rear-Left) | Temp: 356.10°C | Slip: 6.50%
2025-04-25 06:34:44,851 BRAKE (Rear-Right) | Temp: 313.95°C | Slip: 7.26%
2025-04-25 06:34:49,854 BRAKE (Front-Left) | Temp: 370.52°C | Slip: 6.50%
2025-04-25 06:34:49,857 BRAKE (Front-Right) | Temp: 342.86°C | Slip: 7.21%
2025-04-25 06:34:49,857 BRAKE (Rear-Left) | Temp: 367.27°C | Slip: 6.50%
2025-04-25 06:34:49,858 BRAKE (Rear-Right) | Temp: 335.44°C | Slip: 6.41%
2025-04-25 06:34:54,862 BRAKE (Front-Left) | Temp: 371.52°C | Slip: 6.97%
2025-04-25 06:34:54,871 BRAKE (Front-Right) | Temp: 340.04°C | Slip: 7.07%
2025-04-25 06:34:54,871 BRAKE (Rear-Left) | Temp: 370.93°C | Slip: 6.68%
2025-04-25 06:34:54,871 BRAKE (Rear-Right) | Temp: 337.12°C | Slip: 7.15%
2025-04-25 06:34:59,876 BRAKE (Front-Left) | Temp: 374.26°C | Slip: 6.54%
2025-04-25 06:34:59,884 BRAKE (Front-Right) | Temp: 343.40°C | Slip: 7.06%
2025-04-25 06:34:59,889 BRAKE (Rear-Left) | Temp: 369.86°C | Slip: 6.74%
2025-04-25 06:34:59,889 BRAKE (Rear-Right) | Temp: 348.52°C | Slip: 6.95%
2025-04-25 06:35:04,897 BRAKE (Front-Left) | Temp: 371.03°C | Slip: 6.88%
2025-04-25 06:35:04,898 BRAKE (Front-Right) | Temp: 344.51°C | Slip: 6.74%
2025-04-25 06:35:04,898 BRAKE (Rear-Left) | Temp: 371.95°C | Slip: 7.41%
2025-04-25 06:35:04,899 BRAKE (Rear-Right) | Temp: 346.49°C | Slip: 7.22%
2025-04-25 06:35:09,903 BRAKE (Front-Left) | Temp: 373.67°C | Slip: 6.53%
2025-04-25 06:35:09,907 BRAKE (Front-Right) | Temp: 357.11°C | Slip: 7.10%
2025-04-25 06:35:09,907 BRAKE (Rear-Left) | Temp: 381.51°C | Slip: 7.38%
2025-04-25 06:35:09,907 BRAKE (Rear-Right) | Temp: 353.58°C | Slip: 7.11%
2025-04-25 06:35:14,910 BRAKE (Front-Left) | Temp: 364.89°C | Slip: 6.80%
2025-04-25 06:35:14,911 BRAKE (Front-Right) | Temp: 330.74°C | Slip: 6.84%
2025-04-25 06:35:14,911 BRAKE (Rear-Left) | Temp: 387.83°C | Slip: 6.72%
2025-04-25 06:35:14,911 BRAKE (Rear-Right) | Temp: 343.47°C | Slip: 6.58%
2025-04-25 06:35:19,920 BRAKE (Front-Left) | Temp: 370.99°C | Slip: 6.53%
2025-04-25 06:35:19,927 BRAKE (Front-Right) | Temp: 326.53°C | Slip: 6.85%
2025-04-25 06:35:19,927 BRAKE (Rear-Left) | Temp: 372.22°C | Slip: 7.33%
2025-04-25 06:35:19,927 BRAKE (Rear-Right) | Temp: 334.42°C | Slip: 6.55%
2025-04-25 06:35:24,931 BRAKE (Front-Left) | Temp: 354.62°C | Slip: 6.73%
2025-04-25 06:35:24,933 BRAKE (Front-Right) | Temp: 336.28°C | Slip: 6.92%
2025-04-25 06:35:24,933 BRAKE (Rear-Left) | Temp: 365.99°C | Slip: 7.14%
2025-04-25 06:35:24,934 BRAKE (Rear-Right) | Temp: 342.51°C | Slip: 7.50%
2025-04-25 06:35:29,941 BRAKE (Front-Left) | Temp: 353.06°C | Slip: 6.93%
2025-04-25 06:35:29,942 BRAKE (Front-Right) | Temp: 321.99°C | Slip: 6.94%
2025-04-25 06:35:29,943 BRAKE (Rear-Left) | Temp: 376.86°C | Slip: 6.82%
2025-04-25 06:35:29,943 BRAKE (Rear-Right) | Temp: 342.17°C | Slip: 7.44%
2025-04-25 06:35:34,960 BRAKE (Front-Left) | Temp: 359.47°C | Slip: 7.33%
2025-04-25 06:35:34,961 BRAKE (Front-Right) | Temp: 325.31°C | Slip: 6.69%
2025-04-25 06:35:34,962 BRAKE (Rear-Left) | Temp: 360.36°C | Slip: 6.81%
2025-04-25 06:35:34,962 BRAKE (Rear-Right) | Temp: 348.89°C | Slip: 7.21%
2025-04-25 06:35:39,969 BRAKE (Front-Left) | Temp: 338.11°C | Slip: 7.23%
2025-04-25 06:35:39,976 BRAKE (Front-Right) | Temp: 315.07°C | Slip: 7.45%
2025-04-25 06:35:39,976 BRAKE (Rear-Left) | Temp: 369.86°C | Slip: 6.67%
2025-04-25 06:35:39,976 BRAKE (Rear-Right) | Temp: 364.90°C | Slip: 7.02%
2025-04-25 06:35:44,981 BRAKE (Front-Left) | Temp: 346.29°C | Slip: 7.08%
2025-04-25 06:35:44,983 BRAKE (Front-Right) | Temp: 314.55°C | Slip: 6.81%
2025-04-25 06:35:44,984 BRAKE (Rear-Left) | Temp: 387.00°C | Slip: 6.71%
2025-04-25 06:35:44,984 BRAKE (Rear-Right) | Temp: 345.48°C | Slip: 6.86%
2025-04-25 06:35:50,023 BRAKE (Front-Left) | Temp: 335.88°C | Slip: 6.81%
2025-04-25 06:35:50,033 BRAKE (Front-Right) | Temp: 341.09°C | Slip: 6.88%
2025-04-25 06:35:50,035 BRAKE (Rear-Left) | Temp: 392.64°C | Slip: 6.76%
2025-04-25 06:35:50,035 BRAKE (Rear-Right) | Temp: 343.65°C | Slip: 6.82%
2025-04-25 06:35:55,039 BRAKE (Front-Left) | Temp: 332.81°C | Slip: 6.58%
2025-04-25 06:35:55,045 BRAKE (Front-Right) | Temp: 346.24°C | Slip: 6.69%
2025-04-25 06:35:55,045 BRAKE (Rear-Left) | Temp: 397.29°C | Slip: 6.91%
2025-04-25 06:35:55,045 BRAKE (Rear-Right) | Temp: 346.67°C | Slip: 7.21%
2025-04-25 06:36:00,048 BRAKE (Front-Left) | Temp: 326.34°C | Slip: 7.18%
2025-04-25 06:36:00,050 BRAKE (Front-Right) | Temp: 333.86°C | Slip: 6.98%
2025-04-25 06:36:00,050 BRAKE (Rear-Left) | Temp: 399.40°C | Slip: 7.14%
2025-04-25 06:36:00,050 BRAKE (Rear-Right) | Temp: 364.98°C | Slip: 6.44%
2025-04-25 06:36:05,056 BRAKE (Front-Left) | Temp: 323.93°C | Slip: 7.06%
2025-04-25 06:36:05,058 BRAKE (Front-Right) | Temp: 330.88°C | Slip: 7.27%
2025-04-25 06:36:05,058 BRAKE (Rear-Left) | Temp: 392.31°C | Slip: 6.55%
2025-04-25 06:36:05,058 BRAKE (Rear-Right) | Temp: 367.64°C | Slip: 7.10%
2025-04-25 06:36:10,060 BRAKE (Front-Left) | Temp: 330.44°C | Slip: 6.54%
2025-04-25 06:36:10,061 BRAKE (Front-Right) | Temp: 318.44°C | Slip: 7.16%
2025-04-25 06:36:10,061 BRAKE (Rear-Left) | Temp: 394.63°C | Slip: 7.23%
2025-04-25 06:36:10,061 BRAKE (Rear-Right) | Temp: 360.79°C | Slip: 6.72%
2025-04-25 06:36:15,065 BRAKE (Front-Left) | Temp: 339.65°C | Slip: 6.30%
2025-04-25 06:36:15,068 BRAKE (Front-Right) | Temp: 327.93°C | Slip: 6.41%
2025-04-25 06:36:15,068 BRAKE (Rear-Left) | Temp: 395.93°C | Slip: 6.86%
2025-04-25 06:36:15,068 BRAKE (Rear-Right) | Temp: 352.07°C | Slip: 6.50%
2025-04-25 06:36:20,076 BRAKE (Front-Left) | Temp: 344.08°C | Slip: 6.45%
2025-04-25 06:36:20,078 BRAKE (Front-Right) | Temp: 324.61°C | Slip: 6.91%
2025-04-25 06:36:20,078 BRAKE (Rear-Left) | Temp: 384.01°C | Slip: 6.59%
2025-04-25 06:36:20,078 BRAKE (Rear-Right) | Temp: 336.97°C | Slip: 6.99%
2025-04-25 06:36:25,083 BRAKE (Front-Left) | Temp: 335.28°C | Slip: 6.13%
2025-04-25 06:36:25,085 BRAKE (Front-Right) | Temp: 331.33°C | Slip: 6.37%
2025-04-25 06:36:25,085 BRAKE (Rear-Left) | Temp: 384.55°C | Slip: 6.78%
2025-04-25 06:36:25,085 BRAKE (Rear-Right) | Temp: 343.78°C | Slip: 6.46%
2025-04-25 06:36:30,087 BRAKE (Front-Left) | Temp: 336.58°C | Slip: 6.09%
2025-04-25 06:36:30,092 BRAKE (Front-Right) | Temp: 346.43°C | Slip: 6.54%
2025-04-25 06:36:30,092 BRAKE (Rear-Left) | Temp: 376.53°C | Slip: 6.74%
2025-04-25 06:36:30,092 BRAKE (Rear-Right) | Temp: 336.87°C | Slip: 6.80%
2025-04-25 06:36:35,098 BRAKE (Front-Left) | Temp: 321.05°C | Slip: 6.51%
2025-04-25 06:36:35,099 BRAKE (Front-Right) | Temp: 348.01°C | Slip: 6.30%
2025-04-25 06:36:35,099 BRAKE (Rear-Left) | Temp: 360.28°C | Slip: 6.89%
2025-04-25 06:36:35,100 BRAKE (Rear-Right) | Temp: 334.08°C | Slip: 6.41%
2025-04-25 06:36:40,107 BRAKE (Front-Left) | Temp: 332.95°C | Slip: 6.46%
2025-04-25 06:36:40,110 BRAKE (Front-Right) | Temp: 342.09°C | Slip: 6.28%
2025-04-25 06:36:40,110 BRAKE (Rear-Left) | Temp: 372.20°C | Slip: 6.09%
2025-04-25 06:36:40,111 BRAKE (Rear-Right) | Temp: 337.78°C | Slip: 6.04%
2025-04-25 06:36:45,114 BRAKE (Front-Left) | Temp: 328.37°C | Slip: 6.79%
2025-04-25 06:36:45,116 BRAKE (Front-Right) | Temp: 330.71°C | Slip: 6.57%
2025-04-25 06:36:45,116 BRAKE (Rear-Left) | Temp: 374.06°C | Slip: 5.94%
2025-04-25 06:36:45,116 BRAKE (Rear-Right) | Temp: 346.07°C | Slip: 6.79%
2025-04-25 06:36:50,123 BRAKE (Front-Left) | Temp: 334.15°C | Slip: 6.33%
2025-04-25 06:36:50,126 BRAKE (Front-Right) | Temp: 338.10°C | Slip: 6.43%
2025-04-25 06:36:50,126 BRAKE (Rear-Left) | Temp: 363.60°C | Slip: 6.58%
2025-04-25 06:36:50,126 BRAKE (Rear-Right) | Temp: 352.60°C | Slip: 6.50%
2025-04-25 06:36:55,130 BRAKE (Front-Left) | Temp: 341.16°C | Slip: 5.90%
2025-04-25 06:36:55,132 BRAKE (Front-Right) | Temp: 343.90°C | Slip: 6.10%
2025-04-25 06:36:55,132 BRAKE (Rear-Left) | Temp: 355.96°C | Slip: 6.52%
2025-04-25 06:36:55,132 BRAKE (Rear-Right) | Temp: 342.25°C | Slip: 6.07%
2025-04-25 06:37:00,143 BRAKE (Front-Left) | Temp: 352.07°C | Slip: 6.42%
2025-04-25 06:37:00,145 BRAKE (Front-Right) | Temp: 358.29°C | Slip: 6.43%
2025-04-25 06:37:00,145 BRAKE (Rear-Left) | Temp: 347.02°C | Slip: 5.88%
2025-04-25 06:37:00,145 BRAKE (Rear-Right) | Temp: 355.00°C | Slip: 6.29%
2025-04-25 06:37:05,147 BRAKE (Front-Left) | Temp: 347.70°C | Slip: 6.16%
2025-04-25 06:37:05,149 BRAKE (Front-Right) | Temp: 357.39°C | Slip: 6.33%
2025-04-25 06:37:05,149 BRAKE (Rear-Left) | Temp: 351.12°C | Slip: 5.93%
2025-04-25 06:37:05,149 BRAKE (Rear-Right) | Temp: 347.16°C | Slip: 6.53%
2025-04-25 06:37:10,154 BRAKE (Front-Left) | Temp: 353.95°C | Slip: 6.00%
2025-04-25 06:37:10,155 BRAKE (Front-Right) | Temp: 363.13°C | Slip: 5.73%
2025-04-25 06:37:10,155 BRAKE (Rear-Left) | Temp: 353.09°C | Slip: 5.91%
2025-04-25 06:37:10,155 BRAKE (Rear-Right) | Temp: 343.80°C | Slip: 5.65%
2025-04-25 06:37:15,165 BRAKE (Front-Left) | Temp: 348.01°C | Slip: 5.98%
2025-04-25 06:37:15,167 BRAKE (Front-Right) | Temp: 348.67°C | Slip: 5.36%
2025-04-25 06:37:15,167 BRAKE (Rear-Left) | Temp: 349.12°C | Slip: 5.54%
2025-04-25 06:37:15,168 BRAKE (Rear-Right) | Temp: 346.03°C | Slip: 6.12%
2025-04-25 06:37:20,172 BRAKE (Front-Left) | Temp: 342.84°C | Slip: 5.95%
2025-04-25 06:37:20,173 BRAKE (Front-Right) | Temp: 350.95°C | Slip: 6.00%
2025-04-25 06:37:20,173 BRAKE (Rear-Left) | Temp: 342.22°C | Slip: 5.83%
2025-04-25 06:37:20,173 BRAKE (Rear-Right) | Temp: 357.94°C | Slip: 6.06%
2025-04-25 06:37:25,178 BRAKE (Front-Left) | Temp: 334.57°C | Slip: 5.31%
2025-04-25 06:37:25,179 BRAKE (Front-Right) | Temp: 342.26°C | Slip: 5.62%
2025-04-25 06:37:25,179 BRAKE (Rear-Left) | Temp: 348.79°C | Slip: 5.31%
2025-04-25 06:37:25,179 BRAKE (Rear-Right) | Temp: 367.08°C | Slip: 5.24%
2025-04-25 06:37:30,186 BRAKE (Front-Left) | Temp: 356.55°C | Slip: 5.71%
2025-04-25 06:37:30,187 BRAKE (Front-Right) | Temp: 332.51°C | Slip: 5.88%
2025-04-25 06:37:30,187 BRAKE (Rear-Left) | Temp: 350.55°C | Slip: 6.06%
2025-04-25 06:37:30,187 BRAKE (Rear-Right) | Temp: 379.56°C | Slip: 6.03%
2025-04-25 06:37:35,193 BRAKE (Front-Left) | Temp: 332.53°C | Slip: 5.86%
2025-04-25 06:37:35,203 BRAKE (Front-Right) | Temp: 314.69°C | Slip: 5.63%
2025-04-25 06:37:35,203 BRAKE (Rear-Left) | Temp: 336.83°C | Slip: 5.28%
2025-04-25 06:37:35,204 BRAKE (Rear-Right) | Temp: 370.67°C | Slip: 5.29%
2025-04-25 06:37:40,211 BRAKE (Front-Left) | Temp: 348.03°C | Slip: 5.12%
2025-04-25 06:37:40,215 BRAKE (Front-Right) | Temp: 306.84°C | Slip: 5.35%
2025-04-25 06:37:40,216 BRAKE (Rear-Left) | Temp: 334.24°C | Slip: 5.69%
2025-04-25 06:37:40,216 BRAKE (Rear-Right) | Temp: 367.56°C | Slip: 5.65%
2025-04-25 06:37:45,220 BRAKE (Front-Left) | Temp: 331.37°C | Slip: 5.76%
2025-04-25 06:37:45,222 BRAKE (Front-Right) | Temp: 333.72°C | Slip: 5.07%
2025-04-25 06:37:45,222 BRAKE (Rear-Left) | Temp: 343.12°C | Slip: 5.60%
2025-04-25 06:37:45,222 BRAKE (Rear-Right) | Temp: 381.03°C | Slip: 5.10%
2025-04-25 06:37:50,224 BRAKE (Front-Left) | Temp: 322.72°C | Slip: 5.62%
2025-04-25 06:37:50,225 BRAKE (Front-Right) | Temp: 311.29°C | Slip: 5.52%
2025-04-25 06:37:50,225 BRAKE (Rear-Left) | Temp: 342.30°C | Slip: 4.73%
2025-04-25 06:37:50,225 BRAKE (Rear-Right) | Temp: 365.58°C | Slip: 5.29%
2025-04-25 06:37:55,231 BRAKE (Front-Left) | Temp: 330.34°C | Slip: 5.38%
2025-04-25 06:37:55,238 BRAKE (Front-Right) | Temp: 307.33°C | Slip: 4.80%
2025-04-25 06:37:55,239 BRAKE (Rear-Left) | Temp: 342.33°C | Slip: 5.47%
2025-04-25 06:37:55,240 BRAKE (Rear-Right) | Temp: 368.67°C | Slip: 4.79%
2025-04-25 06:38:00,246 BRAKE (Front-Left) | Temp: 328.74°C | Slip: 4.86%
2025-04-25 06:38:00,247 BRAKE (Front-Right) | Temp: 310.71°C | Slip: 4.68%
2025-04-25 06:38:00,247 BRAKE (Rear-Left) | Temp: 320.31°C | Slip: 5.12%
2025-04-25 06:38:00,247 BRAKE (Rear-Right) | Temp: 364.33°C | Slip: 4.87%
2025-04-25 06:38:05,250 BRAKE (Front-Left) | Temp: 316.55°C | Slip: 5.06%
2025-04-25 06:38:05,252 BRAKE (Front-Right) | Temp: 301.05°C | Slip: 4.79%
2025-04-25 06:38:05,252 BRAKE (Rear-Left) | Temp: 320.17°C | Slip: 4.61%
2025-04-25 06:38:05,252 BRAKE (Rear-Right) | Temp: 364.54°C | Slip: 5.33%
2025-04-25 06:41:56,482 BRAKE (Front-Left) | Temp: 307.10°C | Slip: 4.84%
2025-04-25 06:41:56,483 BRAKE (Front-Right) | Temp: 302.91°C | Slip: 4.51%
2025-04-25 06:41:56,483 BRAKE (Rear-Left) | Temp: 312.12°C | Slip: 4.87%
2025-04-25 06:41:56,484 BRAKE (Rear-Right) | Temp: 304.78°C | Slip: 5.32%
2025-04-25 06:41:56,528 [31m[1mWARNING: This is a development server. Do not use it in a production deployment. Use a production WSGI server instead.[0m
 * Running on all addresses (0.0.0.0)
 * Running on http://127.0.0.1:5003
 * Running on http://172.20.0.2:5003
2025-04-25 06:41:56,531 [33mPress CTRL+C to quit[0m
2025-04-25 06:42:01,501 BRAKE (Front-Left) | Temp: 310.60°C | Slip: 5.26%
2025-04-25 06:42:01,506 BRAKE (Front-Right) | Temp: 313.66°C | Slip: 5.32%
2025-04-25 06:42:01,509 BRAKE (Rear-Left) | Temp: 311.68°C | Slip: 5.19%
2025-04-25 06:42:01,509 BRAKE (Rear-Right) | Temp: 312.32°C | Slip: 4.63%
2025-04-25 06:42:06,511 BRAKE (Front-Left) | Temp: 302.50°C | Slip: 5.57%
2025-04-25 06:42:06,512 BRAKE (Front-Right) | Temp: 318.48°C | Slip: 5.37%
2025-04-25 06:42:06,512 BRAKE (Rear-Left) | Temp: 313.03°C | Slip: 5.62%
2025-04-25 06:42:06,513 BRAKE (Rear-Right) | Temp: 334.06°C | Slip: 4.90%
2025-04-25 06:42:11,514 BRAKE (Front-Left) | Temp: 296.58°C | Slip: 5.28%
2025-04-25 06:42:11,516 BRAKE (Front-Right) | Temp: 340.87°C | Slip: 5.72%
2025-04-25 06:42:11,516 BRAKE (Rear-Left) | Temp: 335.39°C | Slip: 5.57%
2025-04-25 06:42:11,516 BRAKE (Rear-Right) | Temp: 327.20°C | Slip: 5.31%
2025-04-25 06:42:16,520 BRAKE (Front-Left) | Temp: 302.69°C | Slip: 5.67%
2025-04-25 06:42:16,522 BRAKE (Front-Right) | Temp: 356.38°C | Slip: 5.07%
2025-04-25 06:42:16,522 BRAKE (Rear-Left) | Temp: 335.90°C | Slip: 5.24%
2025-04-25 06:42:16,523 BRAKE (Rear-Right) | Temp: 314.91°C | Slip: 5.32%
2025-04-25 06:42:21,527 BRAKE (Front-Left) | Temp: 325.96°C | Slip: 5.04%
2025-04-25 06:42:21,530 BRAKE (Front-Right) | Temp: 332.97°C | Slip: 5.66%
2025-04-25 06:42:21,530 BRAKE (Rear-Left) | Temp: 349.83°C | Slip: 5.32%
2025-04-25 06:42:21,530 BRAKE (Rear-Right) | Temp: 311.81°C | Slip: 5.96%
2025-04-25 06:42:26,533 BRAKE (Front-Left) | Temp: 321.95°C | Slip: 5.38%
2025-04-25 06:42:26,536 BRAKE (Front-Right) | Temp: 343.63°C | Slip: 5.11%
2025-04-25 06:42:26,536 BRAKE (Rear-Left) | Temp: 343.97°C | Slip: 5.60%
2025-04-25 06:42:26,537 BRAKE (Rear-Right) | Temp: 343.10°C | Slip: 5.89%
2025-04-25 06:42:31,544 BRAKE (Front-Left) | Temp: 328.43°C | Slip: 5.85%
2025-04-25 06:42:31,548 BRAKE (Front-Right) | Temp: 339.16°C | Slip: 5.55%
2025-04-25 06:42:31,548 BRAKE (Rear-Left) | Temp: 352.48°C | Slip: 5.84%
2025-04-25 06:42:31,548 BRAKE (Rear-Right) | Temp: 349.09°C | Slip: 5.28%
2025-04-25 06:42:36,550 BRAKE (Front-Left) | Temp: 321.88°C | Slip: 6.12%
2025-04-25 06:42:36,555 BRAKE (Front-Right) | Temp: 356.80°C | Slip: 6.01%
2025-04-25 06:42:36,555 BRAKE (Rear-Left) | Temp: 353.03°C | Slip: 5.37%
2025-04-25 06:42:36,555 BRAKE (Rear-Right) | Temp: 338.38°C | Slip: 5.42%
2025-04-25 06:42:41,560 BRAKE (Front-Left) | Temp: 333.92°C | Slip: 6.04%
2025-04-25 06:42:41,563 BRAKE (Front-Right) | Temp: 361.84°C | Slip: 5.99%
2025-04-25 06:42:41,563 BRAKE (Rear-Left) | Temp: 351.54°C | Slip: 6.30%
2025-04-25 06:42:41,564 BRAKE (Rear-Right) | Temp: 343.66°C | Slip: 6.08%
2025-04-25 06:42:46,567 BRAKE (Front-Left) | Temp: 343.35°C | Slip: 6.26%
2025-04-25 06:42:46,569 BRAKE (Front-Right) | Temp: 369.01°C | Slip: 6.04%
2025-04-25 06:42:46,569 BRAKE (Rear-Left) | Temp: 359.91°C | Slip: 6.06%
2025-04-25 06:42:46,569 BRAKE (Rear-Right) | Temp: 335.04°C | Slip: 5.80%
2025-04-25 06:42:51,573 BRAKE (Front-Left) | Temp: 340.18°C | Slip: 6.08%
2025-04-25 06:42:51,574 BRAKE (Front-Right) | Temp: 360.90°C | Slip: 5.91%
2025-04-25 06:42:51,575 BRAKE (Rear-Left) | Temp: 358.30°C | Slip: 6.10%
2025-04-25 06:42:51,575 BRAKE (Rear-Right) | Temp: 349.72°C | Slip: 5.73%
2025-04-25 06:42:56,580 BRAKE (Front-Left) | Temp: 339.17°C | Slip: 6.20%
2025-04-25 06:42:56,582 BRAKE (Front-Right) | Temp: 356.41°C | Slip: 5.82%
2025-04-25 06:42:56,583 BRAKE (Rear-Left) | Temp: 374.08°C | Slip: 6.28%
2025-04-25 06:42:56,583 BRAKE (Rear-Right) | Temp: 331.06°C | Slip: 5.85%
2025-04-25 06:43:01,591 BRAKE (Front-Left) | Temp: 347.50°C | Slip: 5.76%
2025-04-25 06:43:01,595 BRAKE (Front-Right) | Temp: 347.00°C | Slip: 6.51%
2025-04-25 06:43:01,595 BRAKE (Rear-Left) | Temp: 383.27°C | Slip: 6.02%
2025-04-25 06:43:01,595 BRAKE (Rear-Right) | Temp: 326.53°C | Slip: 6.15%
2025-04-25 06:43:06,599 BRAKE (Front-Left) | Temp: 342.75°C | Slip: 6.08%
2025-04-25 06:43:06,602 BRAKE (Front-Right) | Temp: 342.91°C | Slip: 6.38%
2025-04-25 06:43:06,602 BRAKE (Rear-Left) | Temp: 366.37°C | Slip: 6.33%
2025-04-25 06:43:06,602 BRAKE (Rear-Right) | Temp: 329.86°C | Slip: 6.29%
2025-04-25 06:43:11,608 BRAKE (Front-Left) | Temp: 334.19°C | Slip: 6.54%
2025-04-25 06:43:11,610 BRAKE (Front-Right) | Temp: 336.40°C | Slip: 6.50%
2025-04-25 06:43:11,610 BRAKE (Rear-Left) | Temp: 368.91°C | Slip: 5.96%
2025-04-25 06:43:11,610 BRAKE (Rear-Right) | Temp: 338.26°C | Slip: 6.01%
2025-04-25 06:43:16,612 BRAKE (Front-Left) | Temp: 330.49°C | Slip: 6.31%
2025-04-25 06:43:16,619 BRAKE (Front-Right) | Temp: 331.44°C | Slip: 6.38%
2025-04-25 06:43:16,620 BRAKE (Rear-Left) | Temp: 364.15°C | Slip: 6.88%
2025-04-25 06:43:16,620 BRAKE (Rear-Right) | Temp: 332.58°C | Slip: 6.80%
2025-04-25 06:43:21,624 BRAKE (Front-Left) | Temp: 316.40°C | Slip: 6.82%
2025-04-25 06:43:21,627 BRAKE (Front-Right) | Temp: 342.98°C | Slip: 6.48%
2025-04-25 06:43:21,627 BRAKE (Rear-Left) | Temp: 361.95°C | Slip: 6.16%
2025-04-25 06:43:21,627 BRAKE (Rear-Right) | Temp: 334.72°C | Slip: 6.25%
2025-04-25 06:43:26,636 BRAKE (Front-Left) | Temp: 329.18°C | Slip: 6.86%
2025-04-25 06:43:26,643 BRAKE (Front-Right) | Temp: 359.52°C | Slip: 6.71%
2025-04-25 06:43:26,643 BRAKE (Rear-Left) | Temp: 366.12°C | Slip: 6.19%
2025-04-25 06:43:26,643 BRAKE (Rear-Right) | Temp: 355.32°C | Slip: 6.17%
2025-04-25 06:43:31,650 BRAKE (Front-Left) | Temp: 342.62°C | Slip: 6.29%
2025-04-25 06:43:31,653 BRAKE (Front-Right) | Temp: 349.37°C | Slip: 6.55%
2025-04-25 06:43:31,653 BRAKE (Rear-Left) | Temp: 337.37°C | Slip: 6.88%
2025-04-25 06:43:31,653 BRAKE (Rear-Right) | Temp: 351.42°C | Slip: 6.60%
2025-04-25 06:43:36,656 BRAKE (Front-Left) | Temp: 340.72°C | Slip: 6.78%
2025-04-25 06:43:36,660 BRAKE (Front-Right) | Temp: 365.83°C | Slip: 6.58%
2025-04-25 06:43:36,660 BRAKE (Rear-Left) | Temp: 339.70°C | Slip: 6.42%
2025-04-25 06:43:36,660 BRAKE (Rear-Right) | Temp: 343.01°C | Slip: 6.35%
2025-04-25 06:43:41,670 BRAKE (Front-Left) | Temp: 348.29°C | Slip: 6.35%
2025-04-25 06:43:41,672 BRAKE (Front-Right) | Temp: 354.19°C | Slip: 6.87%
2025-04-25 06:43:41,673 BRAKE (Rear-Left) | Temp: 345.49°C | Slip: 6.53%
2025-04-25 06:43:41,673 BRAKE (Rear-Right) | Temp: 344.85°C | Slip: 7.23%
2025-04-25 06:43:46,677 BRAKE (Front-Left) | Temp: 336.46°C | Slip: 6.99%
2025-04-25 06:43:46,689 BRAKE (Front-Right) | Temp: 356.82°C | Slip: 6.78%
2025-04-25 06:43:46,690 BRAKE (Rear-Left) | Temp: 351.77°C | Slip: 6.56%
2025-04-25 06:43:46,690 BRAKE (Rear-Right) | Temp: 350.21°C | Slip: 6.70%
2025-04-25 06:43:51,693 BRAKE (Front-Left) | Temp: 330.77°C | Slip: 6.35%
2025-04-25 06:43:51,695 BRAKE (Front-Right) | Temp: 367.00°C | Slip: 6.34%
2025-04-25 06:43:51,695 BRAKE (Rear-Left) | Temp: 344.55°C | Slip: 7.22%
2025-04-25 06:43:51,696 BRAKE (Rear-Right) | Temp: 341.46°C | Slip: 7.08%
2025-04-25 06:43:56,701 BRAKE (Front-Left) | Temp: 334.44°C | Slip: 6.54%
2025-04-25 06:43:56,703 BRAKE (Front-Right) | Temp: 364.24°C | Slip: 6.49%
2025-04-25 06:43:56,703 BRAKE (Rear-Left) | Temp: 347.66°C | Slip: 7.15%
2025-04-25 06:43:56,703 BRAKE (Rear-Right) | Temp: 343.70°C | Slip: 6.44%
2025-04-25 06:44:01,706 BRAKE (Front-Left) | Temp: 339.39°C | Slip: 6.93%
2025-04-25 06:44:01,708 BRAKE (Front-Right) | Temp: 370.64°C | Slip: 6.45%
2025-04-25 06:44:01,709 BRAKE (Rear-Left) | Temp: 355.92°C | Slip: 6.80%
2025-04-25 06:44:01,709 BRAKE (Rear-Right) | Temp: 351.29°C | Slip: 6.59%
2025-04-25 06:44:06,712 BRAKE (Front-Left) | Temp: 343.01°C | Slip: 6.96%
2025-04-25 06:44:06,715 BRAKE (Front-Right) | Temp: 370.79°C | Slip: 6.68%
2025-04-25 06:44:06,715 BRAKE (Rear-Left) | Temp: 343.21°C | Slip: 6.77%
2025-04-25 06:44:06,715 BRAKE (Rear-Right) | Temp: 356.68°C | Slip: 6.86%
2025-04-25 06:44:11,728 BRAKE (Front-Left) | Temp: 341.97°C | Slip: 6.49%
2025-04-25 06:44:11,731 BRAKE (Front-Right) | Temp: 368.44°C | Slip: 6.52%
2025-04-25 06:44:11,731 BRAKE (Rear-Left) | Temp: 352.13°C | Slip: 6.78%
2025-04-25 06:44:11,731 BRAKE (Rear-Right) | Temp: 355.20°C | Slip: 6.70%
2025-04-25 06:44:16,745 BRAKE (Front-Left) | Temp: 351.30°C | Slip: 7.46%
2025-04-25 06:44:16,749 BRAKE (Front-Right) | Temp: 355.62°C | Slip: 6.62%
2025-04-25 06:44:16,750 BRAKE (Rear-Left) | Temp: 345.69°C | Slip: 6.56%
2025-04-25 06:44:16,750 BRAKE (Rear-Right) | Temp: 350.43°C | Slip: 7.34%
2025-04-25 06:44:21,754 BRAKE (Front-Left) | Temp: 343.19°C | Slip: 6.62%
2025-04-25 06:44:21,756 BRAKE (Front-Right) | Temp: 345.05°C | Slip: 6.62%
2025-04-25 06:44:21,757 BRAKE (Rear-Left) | Temp: 345.35°C | Slip: 7.12%
2025-04-25 06:44:21,757 BRAKE (Rear-Right) | Temp: 338.86°C | Slip: 6.95%
2025-04-25 06:44:26,763 BRAKE (Front-Left) | Temp: 330.83°C | Slip: 7.46%
2025-04-25 06:44:26,767 BRAKE (Front-Right) | Temp: 335.97°C | Slip: 6.88%
2025-04-25 06:44:26,768 BRAKE (Rear-Left) | Temp: 361.11°C | Slip: 6.81%
2025-04-25 06:44:26,768 BRAKE (Rear-Right) | Temp: 331.74°C | Slip: 6.60%
2025-04-25 06:44:31,770 BRAKE (Front-Left) | Temp: 323.34°C | Slip: 6.61%
2025-04-25 06:44:31,771 BRAKE (Front-Right) | Temp: 341.07°C | Slip: 6.78%
2025-04-25 06:44:31,772 BRAKE (Rear-Left) | Temp: 363.94°C | Slip: 7.05%
2025-04-25 06:44:31,772 BRAKE (Rear-Right) | Temp: 332.68°C | Slip: 7.49%
2025-04-25 06:44:36,775 BRAKE (Front-Left) | Temp: 322.26°C | Slip: 6.58%
2025-04-25 06:44:36,775 BRAKE (Front-Right) | Temp: 357.41°C | Slip: 7.31%
2025-04-25 06:44:36,775 BRAKE (Rear-Left) | Temp: 388.07°C | Slip: 6.98%
2025-04-25 06:44:36,775 BRAKE (Rear-Right) | Temp: 328.40°C | Slip: 7.39%
2025-04-25 06:44:41,783 BRAKE (Front-Left) | Temp: 322.04°C | Slip: 6.60%
2025-04-25 06:44:41,786 BRAKE (Front-Right) | Temp: 365.81°C | Slip: 6.58%
2025-04-25 06:44:41,786 BRAKE (Rear-Left) | Temp: 370.27°C | Slip: 6.86%
2025-04-25 06:44:41,786 BRAKE (Rear-Right) | Temp: 330.63°C | Slip: 6.88%
2025-04-25 06:44:46,790 BRAKE (Front-Left) | Temp: 334.59°C | Slip: 6.50%
2025-04-25 06:44:46,792 BRAKE (Front-Right) | Temp: 371.91°C | Slip: 7.24%
2025-04-25 06:44:46,793 BRAKE (Rear-Left) | Temp: 366.93°C | Slip: 6.66%
2025-04-25 06:44:46,793 BRAKE (Rear-Right) | Temp: 335.55°C | Slip: 6.95%
2025-04-25 06:44:51,795 BRAKE (Front-Left) | Temp: 322.02°C | Slip: 6.76%
2025-04-25 06:44:51,797 BRAKE (Front-Right) | Temp: 362.17°C | Slip: 7.27%
2025-04-25 06:44:51,802 BRAKE (Rear-Left) | Temp: 377.38°C | Slip: 6.79%
2025-04-25 06:44:51,804 BRAKE (Rear-Right) | Temp: 340.74°C | Slip: 6.77%
2025-04-25 06:44:56,808 BRAKE (Front-Left) | Temp: 314.49°C | Slip: 6.69%
2025-04-25 06:44:56,809 BRAKE (Front-Right) | Temp: 369.61°C | Slip: 7.39%
2025-04-25 06:44:56,809 BRAKE (Rear-Left) | Temp: 382.76°C | Slip: 6.72%
2025-04-25 06:44:56,809 BRAKE (Rear-Right) | Temp: 348.65°C | Slip: 7.09%
2025-04-25 06:46:49,827 BRAKE (Front-Left) | Temp: 296.94°C | Slip: 4.54%
2025-04-25 06:46:49,829 BRAKE (Front-Right) | Temp: 309.70°C | Slip: 5.17%
2025-04-25 06:46:49,835 BRAKE (Rear-Left) | Temp: 300.92°C | Slip: 4.87%
2025-04-25 06:46:49,835 BRAKE (Rear-Right) | Temp: 307.16°C | Slip: 5.40%
2025-04-25 06:46:49,883 [31m[1mWARNING: This is a development server. Do not use it in a production deployment. Use a production WSGI server instead.[0m
 * Running on all addresses (0.0.0.0)
 * Running on http://127.0.0.1:5003
 * Running on http://172.20.0.3:5003
2025-04-25 06:46:49,883 [33mPress CTRL+C to quit[0m
2025-04-25 06:46:54,839 BRAKE (Front-Left) | Temp: 314.93°C | Slip: 5.11%
2025-04-25 06:46:54,841 BRAKE (Front-Right) | Temp: 325.73°C | Slip: 4.98%
2025-04-25 06:46:54,842 BRAKE (Rear-Left) | Temp: 316.56°C | Slip: 5.29%
2025-04-25 06:46:54,842 BRAKE (Rear-Right) | Temp: 289.95°C | Slip: 5.60%
2025-04-25 06:46:59,846 BRAKE (Front-Left) | Temp: 318.58°C | Slip: 5.01%
2025-04-25 06:46:59,850 BRAKE (Front-Right) | Temp: 299.49°C | Slip: 5.42%
2025-04-25 06:46:59,850 BRAKE (Rear-Left) | Temp: 317.13°C | Slip: 5.52%
2025-04-25 06:46:59,850 BRAKE (Rear-Right) | Temp: 298.13°C | Slip: 5.51%
2025-04-25 06:47:04,853 BRAKE (Front-Left) | Temp: 323.08°C | Slip: 4.89%
2025-04-25 06:47:04,853 BRAKE (Front-Right) | Temp: 320.77°C | Slip: 5.36%
2025-04-25 06:47:04,853 BRAKE (Rear-Left) | Temp: 317.38°C | Slip: 5.67%
2025-04-25 06:47:04,854 BRAKE (Rear-Right) | Temp: 306.52°C | Slip: 5.61%
2025-04-25 06:47:09,856 BRAKE (Front-Left) | Temp: 333.75°C | Slip: 5.36%
2025-04-25 06:47:09,857 BRAKE (Front-Right) | Temp: 329.37°C | Slip: 5.54%
2025-04-25 06:47:09,857 BRAKE (Rear-Left) | Temp: 328.60°C | Slip: 4.91%
2025-04-25 06:47:09,857 BRAKE (Rear-Right) | Temp: 309.58°C | Slip: 5.39%
2025-04-25 06:47:14,858 BRAKE (Front-Left) | Temp: 349.26°C | Slip: 5.88%
2025-04-25 06:47:14,859 BRAKE (Front-Right) | Temp: 332.39°C | Slip: 5.82%
2025-04-25 06:47:14,859 BRAKE (Rear-Left) | Temp: 339.08°C | Slip: 5.74%
2025-04-25 06:47:14,859 BRAKE (Rear-Right) | Temp: 312.87°C | Slip: 5.30%
2025-04-25 06:47:19,863 BRAKE (Front-Left) | Temp: 351.79°C | Slip: 5.73%
2025-04-25 06:47:19,870 BRAKE (Front-Right) | Temp: 335.16°C | Slip: 5.11%
2025-04-25 06:47:19,871 BRAKE (Rear-Left) | Temp: 340.51°C | Slip: 5.18%
2025-04-25 06:47:19,871 BRAKE (Rear-Right) | Temp: 316.26°C | Slip: 5.70%
2025-04-25 06:47:24,876 BRAKE (Front-Left) | Temp: 333.23°C | Slip: 5.67%
2025-04-25 06:47:24,877 BRAKE (Front-Right) | Temp: 344.65°C | Slip: 5.84%
2025-04-25 06:47:24,877 BRAKE (Rear-Left) | Temp: 346.46°C | Slip: 6.04%
2025-04-25 06:47:24,878 BRAKE (Rear-Right) | Temp: 319.55°C | Slip: 5.72%
2025-04-25 06:47:29,884 BRAKE (Front-Left) | Temp: 354.12°C | Slip: 6.17%
2025-04-25 06:47:29,886 BRAKE (Front-Right) | Temp: 347.41°C | Slip: 5.50%
2025-04-25 06:47:29,887 BRAKE (Rear-Left) | Temp: 339.50°C | Slip: 6.14%
2025-04-25 06:47:29,887 BRAKE (Rear-Right) | Temp: 325.22°C | Slip: 5.47%
2025-04-25 06:47:34,891 BRAKE (Front-Left) | Temp: 354.06°C | Slip: 5.52%
2025-04-25 06:47:34,893 BRAKE (Front-Right) | Temp: 339.55°C | Slip: 5.69%
2025-04-25 06:47:34,893 BRAKE (Rear-Left) | Temp: 338.19°C | Slip: 6.17%
2025-04-25 06:47:34,893 BRAKE (Rear-Right) | Temp: 332.68°C | Slip: 5.38%
2025-04-25 06:47:39,897 BRAKE (Front-Left) | Temp: 344.55°C | Slip: 5.94%
2025-04-25 06:47:39,899 BRAKE (Front-Right) | Temp: 340.49°C | Slip: 6.23%
2025-04-25 06:47:39,899 BRAKE (Rear-Left) | Temp: 336.46°C | Slip: 6.28%
2025-04-25 06:47:39,899 BRAKE (Rear-Right) | Temp: 329.42°C | Slip: 6.21%
2025-04-25 06:47:44,908 BRAKE (Front-Left) | Temp: 334.98°C | Slip: 6.33%
2025-04-25 06:47:44,911 BRAKE (Front-Right) | Temp: 338.38°C | Slip: 6.36%
2025-04-25 06:47:44,911 BRAKE (Rear-Left) | Temp: 334.51°C | Slip: 6.34%
2025-04-25 06:47:44,912 BRAKE (Rear-Right) | Temp: 329.18°C | Slip: 5.69%
2025-04-25 06:47:49,920 BRAKE (Front-Left) | Temp: 337.63°C | Slip: 5.72%
2025-04-25 06:47:49,923 BRAKE (Front-Right) | Temp: 349.94°C | Slip: 5.67%
2025-04-25 06:47:49,923 BRAKE (Rear-Left) | Temp: 333.45°C | Slip: 5.66%
2025-04-25 06:47:49,923 BRAKE (Rear-Right) | Temp: 335.82°C | Slip: 5.89%
2025-04-25 06:47:54,927 BRAKE (Front-Left) | Temp: 347.50°C | Slip: 6.43%
2025-04-25 06:47:54,928 BRAKE (Front-Right) | Temp: 353.55°C | Slip: 6.58%
2025-04-25 06:47:54,928 BRAKE (Rear-Left) | Temp: 332.35°C | Slip: 6.07%
2025-04-25 06:47:54,929 BRAKE (Rear-Right) | Temp: 336.17°C | Slip: 6.57%
2025-04-25 06:47:59,936 BRAKE (Front-Left) | Temp: 344.61°C | Slip: 6.35%
2025-04-25 06:47:59,938 BRAKE (Front-Right) | Temp: 352.45°C | Slip: 6.48%
2025-04-25 06:47:59,938 BRAKE (Rear-Left) | Temp: 308.01°C | Slip: 6.11%
2025-04-25 06:47:59,939 BRAKE (Rear-Right) | Temp: 348.90°C | Slip: 6.28%
2025-04-25 06:48:04,959 BRAKE (Front-Left) | Temp: 342.09°C | Slip: 6.03%
2025-04-25 06:48:04,961 BRAKE (Front-Right) | Temp: 359.82°C | Slip: 6.41%
2025-04-25 06:48:04,961 BRAKE (Rear-Left) | Temp: 311.43°C | Slip: 6.71%
2025-04-25 06:48:04,966 BRAKE (Rear-Right) | Temp: 355.38°C | Slip: 6.37%
2025-04-25 06:48:09,974 BRAKE (Front-Left) | Temp: 340.87°C | Slip: 5.98%
2025-04-25 06:48:09,977 BRAKE (Front-Right) | Temp: 366.50°C | Slip: 6.63%
2025-04-25 06:48:09,978 BRAKE (Rear-Left) | Temp: 297.85°C | Slip: 6.10%
2025-04-25 06:48:09,978 BRAKE (Rear-Right) | Temp: 361.83°C | Slip: 6.24%
2025-04-25 06:48:14,986 BRAKE (Front-Left) | Temp: 341.49°C | Slip: 6.96%
2025-04-25 06:48:14,987 BRAKE (Front-Right) | Temp: 371.09°C | Slip: 6.25%
2025-04-25 06:48:14,987 BRAKE (Rear-Left) | Temp: 311.29°C | Slip: 6.69%
2025-04-25 06:48:14,987 BRAKE (Rear-Right) | Temp: 367.96°C | Slip: 6.25%
2025-04-25 06:48:19,992 BRAKE (Front-Left) | Temp: 328.34°C | Slip: 6.93%
2025-04-25 06:48:19,995 BRAKE (Front-Right) | Temp: 355.01°C | Slip: 6.51%
2025-04-25 06:48:19,995 BRAKE (Rear-Left) | Temp: 309.96°C | Slip: 7.02%
2025-04-25 06:48:19,995 BRAKE (Rear-Right) | Temp: 369.81°C | Slip: 6.80%
2025-04-25 06:48:25,001 BRAKE (Front-Left) | Temp: 334.77°C | Slip: 7.00%
2025-04-25 06:48:25,003 BRAKE (Front-Right) | Temp: 372.72°C | Slip: 6.26%
2025-04-25 06:48:25,003 BRAKE (Rear-Left) | Temp: 315.40°C | Slip: 6.87%
2025-04-25 06:48:25,003 BRAKE (Rear-Right) | Temp: 378.84°C | Slip: 7.03%
2025-04-25 06:48:30,006 BRAKE (Front-Left) | Temp: 343.94°C | Slip: 6.75%
2025-04-25 06:48:30,009 BRAKE (Front-Right) | Temp: 349.40°C | Slip: 7.10%
2025-04-25 06:48:30,009 BRAKE (Rear-Left) | Temp: 322.84°C | Slip: 6.89%
2025-04-25 06:48:30,009 BRAKE (Rear-Right) | Temp: 354.79°C | Slip: 6.63%
2025-04-25 06:48:35,021 BRAKE (Front-Left) | Temp: 352.40°C | Slip: 6.35%
2025-04-25 06:48:35,024 BRAKE (Front-Right) | Temp: 348.96°C | Slip: 7.08%
2025-04-25 06:48:35,024 BRAKE (Rear-Left) | Temp: 319.67°C | Slip: 6.82%
2025-04-25 06:48:35,024 BRAKE (Rear-Right) | Temp: 346.38°C | Slip: 6.26%
2025-04-25 06:48:40,026 BRAKE (Front-Left) | Temp: 352.37°C | Slip: 7.24%
2025-04-25 06:48:40,029 BRAKE (Front-Right) | Temp: 335.25°C | Slip: 6.92%
2025-04-25 06:48:40,029 BRAKE (Rear-Left) | Temp: 329.58°C | Slip: 6.45%
2025-04-25 06:48:40,029 BRAKE (Rear-Right) | Temp: 346.31°C | Slip: 7.16%
2025-04-25 06:48:45,033 BRAKE (Front-Left) | Temp: 360.05°C | Slip: 6.93%
2025-04-25 06:48:45,036 BRAKE (Front-Right) | Temp: 345.77°C | Slip: 6.75%
2025-04-25 06:48:45,036 BRAKE (Rear-Left) | Temp: 308.57°C | Slip: 7.23%
2025-04-25 06:48:45,037 BRAKE (Rear-Right) | Temp: 335.92°C | Slip: 6.95%
2025-04-25 06:48:50,045 BRAKE (Front-Left) | Temp: 364.61°C | Slip: 7.22%
2025-04-25 06:48:50,048 BRAKE (Front-Right) | Temp: 336.72°C | Slip: 6.93%
2025-04-25 06:48:50,048 BRAKE (Rear-Left) | Temp: 304.55°C | Slip: 6.78%
2025-04-25 06:48:50,048 BRAKE (Rear-Right) | Temp: 317.62°C | Slip: 6.53%
2025-04-25 06:48:55,053 BRAKE (Front-Left) | Temp: 359.18°C | Slip: 6.84%
2025-04-25 06:48:55,056 BRAKE (Front-Right) | Temp: 330.93°C | Slip: 6.53%
2025-04-25 06:48:55,056 BRAKE (Rear-Left) | Temp: 302.28°C | Slip: 7.14%
2025-04-25 06:48:55,056 BRAKE (Rear-Right) | Temp: 321.35°C | Slip: 6.49%
2025-04-25 06:49:00,060 BRAKE (Front-Left) | Temp: 363.30°C | Slip: 6.65%
2025-04-25 06:49:00,063 BRAKE (Front-Right) | Temp: 332.67°C | Slip: 6.92%
2025-04-25 06:49:00,063 BRAKE (Rear-Left) | Temp: 326.16°C | Slip: 6.57%
2025-04-25 06:49:00,064 BRAKE (Rear-Right) | Temp: 325.18°C | Slip: 7.02%
2025-04-25 06:49:05,081 BRAKE (Front-Left) | Temp: 383.19°C | Slip: 7.20%
2025-04-25 06:49:05,083 BRAKE (Front-Right) | Temp: 345.61°C | Slip: 6.84%
2025-04-25 06:49:05,085 BRAKE (Rear-Left) | Temp: 340.35°C | Slip: 7.07%
2025-04-25 06:49:05,085 BRAKE (Rear-Right) | Temp: 333.57°C | Slip: 7.25%
2025-04-25 06:49:10,091 BRAKE (Front-Left) | Temp: 374.83°C | Slip: 6.54%
2025-04-25 06:49:10,094 BRAKE (Front-Right) | Temp: 339.02°C | Slip: 7.26%
2025-04-25 06:49:10,094 BRAKE (Rear-Left) | Temp: 332.70°C | Slip: 7.05%
2025-04-25 06:49:10,095 BRAKE (Rear-Right) | Temp: 350.52°C | Slip: 7.24%
2025-04-25 06:49:15,098 BRAKE (Front-Left) | Temp: 385.85°C | Slip: 6.84%
2025-04-25 06:49:15,101 BRAKE (Front-Right) | Temp: 346.99°C | Slip: 7.42%
2025-04-25 06:49:15,102 BRAKE (Rear-Left) | Temp: 333.85°C | Slip: 7.38%
2025-04-25 06:49:15,102 BRAKE (Rear-Right) | Temp: 364.41°C | Slip: 6.83%
2025-04-25 06:49:20,110 BRAKE (Front-Left) | Temp: 366.98°C | Slip: 7.41%
2025-04-25 06:49:20,170 BRAKE (Front-Right) | Temp: 353.16°C | Slip: 7.40%
2025-04-25 06:49:20,171 BRAKE (Rear-Left) | Temp: 334.30°C | Slip: 7.33%
2025-04-25 06:49:20,171 BRAKE (Rear-Right) | Temp: 358.14°C | Slip: 7.36%
2025-04-25 06:49:25,182 BRAKE (Front-Left) | Temp: 356.01°C | Slip: 6.89%
2025-04-25 06:49:25,184 BRAKE (Front-Right) | Temp: 347.52°C | Slip: 6.68%
2025-04-25 06:49:25,184 BRAKE (Rear-Left) | Temp: 322.52°C | Slip: 6.76%
2025-04-25 06:49:25,185 BRAKE (Rear-Right) | Temp: 349.64°C | Slip: 7.41%
2025-04-25 06:49:30,193 BRAKE (Front-Left) | Temp: 351.79°C | Slip: 7.34%
2025-04-25 06:49:30,194 BRAKE (Front-Right) | Temp: 360.48°C | Slip: 6.71%
2025-04-25 06:49:30,194 BRAKE (Rear-Left) | Temp: 325.38°C | Slip: 6.93%
2025-04-25 06:49:30,194 BRAKE (Rear-Right) | Temp: 345.40°C | Slip: 6.76%
2025-04-25 06:49:35,200 BRAKE (Front-Left) | Temp: 326.27°C | Slip: 6.83%
2025-04-25 06:49:35,206 BRAKE (Front-Right) | Temp: 366.59°C | Slip: 7.03%
2025-04-25 06:49:35,206 BRAKE (Rear-Left) | Temp: 324.33°C | Slip: 6.72%
2025-04-25 06:49:35,206 BRAKE (Rear-Right) | Temp: 338.07°C | Slip: 6.77%
2025-04-25 06:49:40,224 BRAKE (Front-Left) | Temp: 326.00°C | Slip: 7.05%
2025-04-25 06:49:40,227 BRAKE (Front-Right) | Temp: 365.80°C | Slip: 6.54%
2025-04-25 06:49:40,228 BRAKE (Rear-Left) | Temp: 358.71°C | Slip: 6.93%
2025-04-25 06:49:40,228 BRAKE (Rear-Right) | Temp: 353.32°C | Slip: 6.54%
2025-04-25 06:49:45,235 BRAKE (Front-Left) | Temp: 308.53°C | Slip: 6.52%
2025-04-25 06:49:45,239 BRAKE (Front-Right) | Temp: 387.00°C | Slip: 7.01%
2025-04-25 06:49:45,239 BRAKE (Rear-Left) | Temp: 365.76°C | Slip: 6.70%
2025-04-25 06:49:45,239 BRAKE (Rear-Right) | Temp: 352.41°C | Slip: 7.38%
2025-04-25 06:49:50,243 BRAKE (Front-Left) | Temp: 308.26°C | Slip: 7.06%
2025-04-25 06:49:50,250 BRAKE (Front-Right) | Temp: 382.77°C | Slip: 7.34%
2025-04-25 06:49:50,250 BRAKE (Rear-Left) | Temp: 381.64°C | Slip: 7.22%
2025-04-25 06:49:50,250 BRAKE (Rear-Right) | Temp: 339.14°C | Slip: 6.59%
2025-04-25 06:52:01,202 BRAKE (Front-Left) | Temp: 296.65°C | Slip: 4.86%
2025-04-25 06:52:01,203 BRAKE (Front-Right) | Temp: 270.90°C | Slip: 4.54%
2025-04-25 06:52:01,204 BRAKE (Rear-Left) | Temp: 308.57°C | Slip: 4.85%
2025-04-25 06:52:01,205 BRAKE (Rear-Right) | Temp: 300.31°C | Slip: 5.07%
2025-04-25 06:52:01,213 [31m[1mWARNING: This is a development server. Do not use it in a production deployment. Use a production WSGI server instead.[0m
 * Running on all addresses (0.0.0.0)
 * Running on http://127.0.0.1:5003
 * Running on http://172.20.0.3:5003
2025-04-25 06:52:01,214 [33mPress CTRL+C to quit[0m
2025-04-25 06:52:06,213 BRAKE (Front-Left) | Temp: 300.41°C | Slip: 5.37%
2025-04-25 06:52:06,214 BRAKE (Front-Right) | Temp: 292.20°C | Slip: 5.46%
2025-04-25 06:52:06,214 BRAKE (Rear-Left) | Temp: 300.61°C | Slip: 5.43%
2025-04-25 06:52:06,214 BRAKE (Rear-Right) | Temp: 317.98°C | Slip: 5.25%
2025-04-25 06:52:11,216 BRAKE (Front-Left) | Temp: 313.47°C | Slip: 5.07%
2025-04-25 06:52:11,217 BRAKE (Front-Right) | Temp: 299.31°C | Slip: 4.97%
2025-04-25 06:52:11,217 BRAKE (Rear-Left) | Temp: 299.77°C | Slip: 5.36%
2025-04-25 06:52:11,217 BRAKE (Rear-Right) | Temp: 340.52°C | Slip: 5.06%
2025-04-25 06:52:16,224 BRAKE (Front-Left) | Temp: 325.94°C | Slip: 5.72%
2025-04-25 06:52:16,226 BRAKE (Front-Right) | Temp: 318.40°C | Slip: 5.38%
2025-04-25 06:52:16,226 BRAKE (Rear-Left) | Temp: 304.62°C | Slip: 5.20%
2025-04-25 06:52:16,226 BRAKE (Rear-Right) | Temp: 342.95°C | Slip: 5.15%
2025-04-25 06:52:21,234 BRAKE (Front-Left) | Temp: 331.27°C | Slip: 5.74%
2025-04-25 06:52:21,239 BRAKE (Front-Right) | Temp: 303.16°C | Slip: 5.05%
2025-04-25 06:52:21,239 BRAKE (Rear-Left) | Temp: 325.35°C | Slip: 5.30%
2025-04-25 06:52:21,239 BRAKE (Rear-Right) | Temp: 335.94°C | Slip: 5.51%
2025-04-25 06:52:26,247 BRAKE (Front-Left) | Temp: 334.85°C | Slip: 5.52%
2025-04-25 06:52:26,249 BRAKE (Front-Right) | Temp: 293.67°C | Slip: 5.74%
2025-04-25 06:52:26,249 BRAKE (Rear-Left) | Temp: 336.50°C | Slip: 5.57%
2025-04-25 06:52:26,249 BRAKE (Rear-Right) | Temp: 329.66°C | Slip: 5.13%
2025-04-25 06:52:31,253 BRAKE (Front-Left) | Temp: 320.76°C | Slip: 5.31%
2025-04-25 06:52:31,254 BRAKE (Front-Right) | Temp: 313.01°C | Slip: 5.72%
2025-04-25 06:52:31,254 BRAKE (Rear-Left) | Temp: 347.21°C | Slip: 5.61%
2025-04-25 06:52:31,254 BRAKE (Rear-Right) | Temp: 335.33°C | Slip: 5.84%
2025-04-25 06:52:36,258 BRAKE (Front-Left) | Temp: 309.42°C | Slip: 5.82%
2025-04-25 06:52:36,260 BRAKE (Front-Right) | Temp: 311.86°C | Slip: 6.15%
2025-04-25 06:52:36,260 BRAKE (Rear-Left) | Temp: 345.07°C | Slip: 5.98%
2025-04-25 06:52:36,260 BRAKE (Rear-Right) | Temp: 337.73°C | Slip: 5.49%
2025-04-25 06:52:41,264 BRAKE (Front-Left) | Temp: 297.44°C | Slip: 5.75%
2025-04-25 06:52:41,265 BRAKE (Front-Right) | Temp: 295.38°C | Slip: 6.02%
2025-04-25 06:52:41,265 BRAKE (Rear-Left) | Temp: 350.42°C | Slip: 5.74%
2025-04-25 06:52:41,265 BRAKE (Rear-Right) | Temp: 333.17°C | Slip: 6.06%
2025-04-25 06:52:46,267 BRAKE (Front-Left) | Temp: 298.48°C | Slip: 6.14%
2025-04-25 06:52:46,269 BRAKE (Front-Right) | Temp: 299.93°C | Slip: 5.40%
2025-04-25 06:52:46,269 BRAKE (Rear-Left) | Temp: 354.51°C | Slip: 5.71%
2025-04-25 06:52:46,269 BRAKE (Rear-Right) | Temp: 330.61°C | Slip: 5.98%
2025-04-25 06:52:51,271 BRAKE (Front-Left) | Temp: 292.27°C | Slip: 6.30%
2025-04-25 06:52:51,272 BRAKE (Front-Right) | Temp: 310.45°C | Slip: 6.16%
2025-04-25 06:52:51,272 BRAKE (Rear-Left) | Temp: 361.40°C | Slip: 6.30%
2025-04-25 06:52:51,273 BRAKE (Rear-Right) | Temp: 321.93°C | Slip: 5.96%
2025-04-25 06:52:56,277 BRAKE (Front-Left) | Temp: 268.09°C | Slip: 5.93%
2025-04-25 06:52:56,279 BRAKE (Front-Right) | Temp: 315.53°C | Slip: 5.96%
2025-04-25 06:52:56,280 BRAKE (Rear-Left) | Temp: 362.61°C | Slip: 6.25%
2025-04-25 06:52:56,280 BRAKE (Rear-Right) | Temp: 311.10°C | Slip: 6.44%
2025-04-25 06:53:01,283 BRAKE (Front-Left) | Temp: 266.56°C | Slip: 6.51%
2025-04-25 06:53:01,284 BRAKE (Front-Right) | Temp: 320.71°C | Slip: 6.27%
2025-04-25 06:53:01,284 BRAKE (Rear-Left) | Temp: 382.19°C | Slip: 5.76%
2025-04-25 06:53:01,285 BRAKE (Rear-Right) | Temp: 325.42°C | Slip: 6.28%
2025-04-25 06:53:06,287 BRAKE (Front-Left) | Temp: 279.34°C | Slip: 5.80%
2025-04-25 06:53:06,290 BRAKE (Front-Right) | Temp: 332.39°C | Slip: 6.21%
2025-04-25 06:53:06,290 BRAKE (Rear-Left) | Temp: 371.03°C | Slip: 6.23%
2025-04-25 06:53:06,291 BRAKE (Rear-Right) | Temp: 326.14°C | Slip: 6.09%
2025-04-25 06:53:11,293 BRAKE (Front-Left) | Temp: 294.34°C | Slip: 5.83%
2025-04-25 06:53:11,294 BRAKE (Front-Right) | Temp: 332.50°C | Slip: 6.40%
2025-04-25 06:53:11,294 BRAKE (Rear-Left) | Temp: 353.57°C | Slip: 6.31%
2025-04-25 06:53:11,295 BRAKE (Rear-Right) | Temp: 321.47°C | Slip: 5.94%
2025-04-25 06:53:16,296 BRAKE (Front-Left) | Temp: 308.96°C | Slip: 6.38%
2025-04-25 06:53:16,298 BRAKE (Front-Right) | Temp: 319.27°C | Slip: 6.16%
2025-04-25 06:53:16,298 BRAKE (Rear-Left) | Temp: 355.26°C | Slip: 6.23%
2025-04-25 06:53:16,298 BRAKE (Rear-Right) | Temp: 325.32°C | Slip: 6.75%
2025-04-25 06:53:21,301 BRAKE (Front-Left) | Temp: 334.07°C | Slip: 6.47%
2025-04-25 06:53:21,302 BRAKE (Front-Right) | Temp: 330.60°C | Slip: 6.56%
2025-04-25 06:53:21,302 BRAKE (Rear-Left) | Temp: 347.09°C | Slip: 6.69%
2025-04-25 06:53:21,303 BRAKE (Rear-Right) | Temp: 329.10°C | Slip: 6.59%
2025-04-25 06:53:26,307 BRAKE (Front-Left) | Temp: 334.37°C | Slip: 6.94%
2025-04-25 06:53:26,308 BRAKE (Front-Right) | Temp: 342.76°C | Slip: 6.64%
2025-04-25 06:53:26,308 BRAKE (Rear-Left) | Temp: 354.12°C | Slip: 6.14%
2025-04-25 06:53:26,308 BRAKE (Rear-Right) | Temp: 326.76°C | Slip: 6.01%
2025-04-25 06:53:31,311 BRAKE (Front-Left) | Temp: 341.57°C | Slip: 6.09%
2025-04-25 06:53:31,312 BRAKE (Front-Right) | Temp: 346.93°C | Slip: 6.84%
2025-04-25 06:53:31,312 BRAKE (Rear-Left) | Temp: 342.72°C | Slip: 6.18%
2025-04-25 06:53:31,312 BRAKE (Rear-Right) | Temp: 342.60°C | Slip: 6.31%
2025-04-25 06:53:36,314 BRAKE (Front-Left) | Temp: 349.34°C | Slip: 6.30%
2025-04-25 06:53:36,315 BRAKE (Front-Right) | Temp: 350.99°C | Slip: 6.59%
2025-04-25 06:53:36,315 BRAKE (Rear-Left) | Temp: 339.52°C | Slip: 6.65%
2025-04-25 06:53:36,315 BRAKE (Rear-Right) | Temp: 349.99°C | Slip: 6.97%
2025-04-25 06:53:41,340 BRAKE (Front-Left) | Temp: 361.15°C | Slip: 6.87%
2025-04-25 06:53:41,344 BRAKE (Front-Right) | Temp: 340.19°C | Slip: 7.09%
2025-04-25 06:53:41,345 BRAKE (Rear-Left) | Temp: 331.48°C | Slip: 6.56%
2025-04-25 06:53:41,345 BRAKE (Rear-Right) | Temp: 370.47°C | Slip: 7.15%
2025-04-25 06:53:46,348 BRAKE (Front-Left) | Temp: 354.54°C | Slip: 6.37%
2025-04-25 06:53:46,349 BRAKE (Front-Right) | Temp: 335.08°C | Slip: 6.93%
2025-04-25 06:53:46,349 BRAKE (Rear-Left) | Temp: 324.21°C | Slip: 6.31%
2025-04-25 06:53:46,349 BRAKE (Rear-Right) | Temp: 374.97°C | Slip: 6.29%
2025-04-25 06:53:51,352 BRAKE (Front-Left) | Temp: 347.76°C | Slip: 7.14%
2025-04-25 06:53:51,354 BRAKE (Front-Right) | Temp: 324.57°C | Slip: 6.53%
2025-04-25 06:53:51,354 BRAKE (Rear-Left) | Temp: 315.68°C | Slip: 7.03%
2025-04-25 06:53:51,354 BRAKE (Rear-Right) | Temp: 380.97°C | Slip: 7.07%
2025-04-25 06:53:56,359 BRAKE (Front-Left) | Temp: 352.60°C | Slip: 7.29%
2025-04-25 06:53:56,362 BRAKE (Front-Right) | Temp: 332.26°C | Slip: 6.60%
2025-04-25 06:53:56,362 BRAKE (Rear-Left) | Temp: 305.20°C | Slip: 6.51%
2025-04-25 06:53:56,362 BRAKE (Rear-Right) | Temp: 367.83°C | Slip: 6.50%
2025-04-25 06:54:01,365 BRAKE (Front-Left) | Temp: 349.03°C | Slip: 6.43%
2025-04-25 06:54:01,366 BRAKE (Front-Right) | Temp: 335.65°C | Slip: 6.71%
2025-04-25 06:54:01,366 BRAKE (Rear-Left) | Temp: 326.18°C | Slip: 7.26%
2025-04-25 06:54:01,366 BRAKE (Rear-Right) | Temp: 368.69°C | Slip: 7.01%
2025-04-25 06:54:06,368 BRAKE (Front-Left) | Temp: 356.98°C | Slip: 6.49%
2025-04-25 06:54:06,369 BRAKE (Front-Right) | Temp: 339.30°C | Slip: 6.69%
2025-04-25 06:54:06,369 BRAKE (Rear-Left) | Temp: 329.01°C | Slip: 7.20%
2025-04-25 06:54:06,369 BRAKE (Rear-Right) | Temp: 364.16°C | Slip: 6.90%
2025-04-25 06:54:11,372 BRAKE (Front-Left) | Temp: 343.69°C | Slip: 7.12%
2025-04-25 06:54:11,373 BRAKE (Front-Right) | Temp: 337.70°C | Slip: 6.60%
2025-04-25 06:54:11,373 BRAKE (Rear-Left) | Temp: 339.54°C | Slip: 7.26%
2025-04-25 06:54:11,374 BRAKE (Rear-Right) | Temp: 365.82°C | Slip: 6.69%
2025-04-25 06:54:16,379 BRAKE (Front-Left) | Temp: 349.97°C | Slip: 6.83%
2025-04-25 06:54:16,381 BRAKE (Front-Right) | Temp: 353.19°C | Slip: 6.72%
2025-04-25 06:54:16,381 BRAKE (Rear-Left) | Temp: 341.85°C | Slip: 7.22%
2025-04-25 06:54:16,381 BRAKE (Rear-Right) | Temp: 361.06°C | Slip: 7.10%
2025-04-25 06:54:21,384 BRAKE (Front-Left) | Temp: 342.99°C | Slip: 6.51%
2025-04-25 06:54:21,385 BRAKE (Front-Right) | Temp: 357.59°C | Slip: 6.63%
2025-04-25 06:54:21,386 BRAKE (Rear-Left) | Temp: 340.17°C | Slip: 6.89%
2025-04-25 06:54:21,386 BRAKE (Rear-Right) | Temp: 364.68°C | Slip: 7.25%
2025-04-25 06:54:26,386 BRAKE (Front-Left) | Temp: 345.88°C | Slip: 6.98%
2025-04-25 06:54:26,389 BRAKE (Front-Right) | Temp: 370.83°C | Slip: 7.39%
2025-04-25 06:54:26,389 BRAKE (Rear-Left) | Temp: 332.78°C | Slip: 7.26%
2025-04-25 06:54:26,389 BRAKE (Rear-Right) | Temp: 359.82°C | Slip: 7.32%
2025-04-25 06:54:31,397 BRAKE (Front-Left) | Temp: 347.61°C | Slip: 6.72%
2025-04-25 06:54:31,399 BRAKE (Front-Right) | Temp: 372.24°C | Slip: 6.83%
2025-04-25 06:54:31,399 BRAKE (Rear-Left) | Temp: 334.74°C | Slip: 6.67%
2025-04-25 06:54:31,399 BRAKE (Rear-Right) | Temp: 358.04°C | Slip: 7.08%
2025-04-25 06:54:36,403 BRAKE (Front-Left) | Temp: 337.83°C | Slip: 6.75%
2025-04-25 06:54:36,404 BRAKE (Front-Right) | Temp: 364.88°C | Slip: 7.44%
2025-04-25 06:54:36,404 BRAKE (Rear-Left) | Temp: 345.05°C | Slip: 6.96%
2025-04-25 06:54:36,404 BRAKE (Rear-Right) | Temp: 356.67°C | Slip: 6.89%
2025-04-25 06:54:41,425 BRAKE (Front-Left) | Temp: 351.94°C | Slip: 6.59%
2025-04-25 06:54:41,427 BRAKE (Front-Right) | Temp: 362.69°C | Slip: 7.08%
2025-04-25 06:54:41,427 BRAKE (Rear-Left) | Temp: 339.91°C | Slip: 6.55%
2025-04-25 06:54:41,428 BRAKE (Rear-Right) | Temp: 345.58°C | Slip: 7.09%
2025-04-25 06:54:46,434 BRAKE (Front-Left) | Temp: 349.40°C | Slip: 6.52%
2025-04-25 06:54:46,441 BRAKE (Front-Right) | Temp: 363.21°C | Slip: 7.31%
2025-04-25 06:54:46,441 BRAKE (Rear-Left) | Temp: 346.61°C | Slip: 7.12%
2025-04-25 06:54:46,441 BRAKE (Rear-Right) | Temp: 335.77°C | Slip: 6.57%
2025-04-25 06:54:51,444 BRAKE (Front-Left) | Temp: 353.70°C | Slip: 7.23%
2025-04-25 06:54:51,447 BRAKE (Front-Right) | Temp: 370.13°C | Slip: 7.25%
2025-04-25 06:54:51,447 BRAKE (Rear-Left) | Temp: 343.00°C | Slip: 7.27%
2025-04-25 06:54:51,447 BRAKE (Rear-Right) | Temp: 336.41°C | Slip: 7.31%
2025-04-25 06:54:56,453 BRAKE (Front-Left) | Temp: 347.55°C | Slip: 7.27%
2025-04-25 06:54:56,454 BRAKE (Front-Right) | Temp: 356.73°C | Slip: 6.55%
2025-04-25 06:54:56,455 BRAKE (Rear-Left) | Temp: 364.32°C | Slip: 6.88%
2025-04-25 06:54:56,455 BRAKE (Rear-Right) | Temp: 352.80°C | Slip: 6.81%
2025-04-25 06:55:01,460 BRAKE (Front-Left) | Temp: 348.82°C | Slip: 6.66%
2025-04-25 06:55:01,461 BRAKE (Front-Right) | Temp: 372.75°C | Slip: 6.79%
2025-04-25 06:55:01,461 BRAKE (Rear-Left) | Temp: 349.82°C | Slip: 6.64%
2025-04-25 06:55:01,461 BRAKE (Rear-Right) | Temp: 343.15°C | Slip: 6.63%
2025-04-25 06:55:06,463 BRAKE (Front-Left) | Temp: 352.50°C | Slip: 6.57%
2025-04-25 06:55:06,464 BRAKE (Front-Right) | Temp: 380.95°C | Slip: 7.13%
2025-04-25 06:55:06,464 BRAKE (Rear-Left) | Temp: 349.14°C | Slip: 6.53%
2025-04-25 06:55:06,464 BRAKE (Rear-Right) | Temp: 357.55°C | Slip: 7.31%
2025-04-25 06:55:11,472 BRAKE (Front-Left) | Temp: 338.12°C | Slip: 6.81%
2025-04-25 06:55:11,474 BRAKE (Front-Right) | Temp: 372.31°C | Slip: 6.95%
2025-04-25 06:55:11,474 BRAKE (Rear-Left) | Temp: 348.94°C | Slip: 6.74%
2025-04-25 06:55:11,474 BRAKE (Rear-Right) | Temp: 354.39°C | Slip: 7.36%
2025-04-25 06:55:16,477 BRAKE (Front-Left) | Temp: 340.46°C | Slip: 6.52%
2025-04-25 06:55:16,479 BRAKE (Front-Right) | Temp: 370.28°C | Slip: 6.95%
2025-04-25 06:55:16,480 BRAKE (Rear-Left) | Temp: 350.69°C | Slip: 6.75%
2025-04-25 06:55:16,480 BRAKE (Rear-Right) | Temp: 365.14°C | Slip: 6.83%
2025-04-25 06:55:21,483 BRAKE (Front-Left) | Temp: 344.43°C | Slip: 6.65%
2025-04-25 06:55:21,484 BRAKE (Front-Right) | Temp: 377.52°C | Slip: 6.64%
2025-04-25 06:55:21,485 BRAKE (Rear-Left) | Temp: 342.74°C | Slip: 6.33%
2025-04-25 06:55:21,485 BRAKE (Rear-Right) | Temp: 346.39°C | Slip: 7.10%
2025-04-25 06:55:26,486 BRAKE (Front-Left) | Temp: 336.31°C | Slip: 6.94%
2025-04-25 06:55:26,490 BRAKE (Front-Right) | Temp: 373.12°C | Slip: 6.71%
2025-04-25 06:55:26,490 BRAKE (Rear-Left) | Temp: 346.52°C | Slip: 6.42%
2025-04-25 06:55:26,490 BRAKE (Rear-Right) | Temp: 359.29°C | Slip: 6.79%
2025-04-25 06:55:31,496 BRAKE (Front-Left) | Temp: 329.98°C | Slip: 6.56%
2025-04-25 06:55:31,507 BRAKE (Front-Right) | Temp: 367.54°C | Slip: 6.44%
2025-04-25 06:55:31,507 BRAKE (Rear-Left) | Temp: 348.08°C | Slip: 6.81%
2025-04-25 06:55:31,507 BRAKE (Rear-Right) | Temp: 362.07°C | Slip: 6.42%
2025-04-25 06:55:36,509 BRAKE (Front-Left) | Temp: 329.73°C | Slip: 6.34%
2025-04-25 06:55:36,510 BRAKE (Front-Right) | Temp: 373.23°C | Slip: 6.60%
2025-04-25 06:55:36,510 BRAKE (Rear-Left) | Temp: 347.47°C | Slip: 6.49%
2025-04-25 06:55:36,510 BRAKE (Rear-Right) | Temp: 375.03°C | Slip: 7.08%
2025-04-25 06:55:41,515 BRAKE (Front-Left) | Temp: 321.27°C | Slip: 6.37%
2025-04-25 06:55:41,524 BRAKE (Front-Right) | Temp: 356.32°C | Slip: 6.57%
2025-04-25 06:55:41,524 BRAKE (Rear-Left) | Temp: 341.06°C | Slip: 6.68%
2025-04-25 06:55:41,525 BRAKE (Rear-Right) | Temp: 361.67°C | Slip: 6.48%
2025-04-25 06:55:46,531 BRAKE (Front-Left) | Temp: 344.51°C | Slip: 6.50%
2025-04-25 06:55:46,533 BRAKE (Front-Right) | Temp: 351.20°C | Slip: 6.14%
2025-04-25 06:55:46,533 BRAKE (Rear-Left) | Temp: 340.13°C | Slip: 6.31%
2025-04-25 06:55:46,533 BRAKE (Rear-Right) | Temp: 350.22°C | Slip: 6.47%
2025-04-25 06:55:51,536 BRAKE (Front-Left) | Temp: 341.01°C | Slip: 6.43%
2025-04-25 06:55:51,538 BRAKE (Front-Right) | Temp: 357.29°C | Slip: 6.74%
2025-04-25 06:55:51,538 BRAKE (Rear-Left) | Temp: 342.14°C | Slip: 6.62%
2025-04-25 06:55:51,538 BRAKE (Rear-Right) | Temp: 363.83°C | Slip: 6.13%
2025-04-25 06:55:56,545 BRAKE (Front-Left) | Temp: 328.27°C | Slip: 6.69%
2025-04-25 06:55:56,546 BRAKE (Front-Right) | Temp: 366.81°C | Slip: 6.77%
2025-04-25 06:55:56,546 BRAKE (Rear-Left) | Temp: 314.47°C | Slip: 6.17%
2025-04-25 06:55:56,546 BRAKE (Rear-Right) | Temp: 360.84°C | Slip: 6.12%
2025-04-25 06:56:01,548 BRAKE (Front-Left) | Temp: 331.42°C | Slip: 6.51%
2025-04-25 06:56:01,549 BRAKE (Front-Right) | Temp: 362.39°C | Slip: 6.79%
2025-04-25 06:56:01,549 BRAKE (Rear-Left) | Temp: 297.52°C | Slip: 6.78%
2025-04-25 06:56:01,549 BRAKE (Rear-Right) | Temp: 369.59°C | Slip: 6.15%
2025-04-25 06:56:06,552 BRAKE (Front-Left) | Temp: 343.07°C | Slip: 5.95%
2025-04-25 06:56:06,554 BRAKE (Front-Right) | Temp: 373.25°C | Slip: 5.99%
2025-04-25 06:56:06,555 BRAKE (Rear-Left) | Temp: 294.98°C | Slip: 6.44%
2025-04-25 06:56:06,555 BRAKE (Rear-Right) | Temp: 361.65°C | Slip: 6.14%
2025-04-25 06:56:11,574 BRAKE (Front-Left) | Temp: 341.49°C | Slip: 6.06%
2025-04-25 06:56:11,577 BRAKE (Front-Right) | Temp: 366.11°C | Slip: 5.90%
2025-04-25 06:56:11,577 BRAKE (Rear-Left) | Temp: 312.15°C | Slip: 6.40%
2025-04-25 06:56:11,577 BRAKE (Rear-Right) | Temp: 351.29°C | Slip: 6.43%
2025-04-25 06:56:16,579 BRAKE (Front-Left) | Temp: 337.06°C | Slip: 6.18%
2025-04-25 06:56:16,580 BRAKE (Front-Right) | Temp: 355.68°C | Slip: 6.16%
2025-04-25 06:56:16,580 BRAKE (Rear-Left) | Temp: 305.56°C | Slip: 6.53%
2025-04-25 06:56:16,580 BRAKE (Rear-Right) | Temp: 372.17°C | Slip: 6.15%
2025-04-25 06:56:21,587 BRAKE (Front-Left) | Temp: 323.43°C | Slip: 6.21%
2025-04-25 06:56:21,589 BRAKE (Front-Right) | Temp: 364.79°C | Slip: 6.52%
2025-04-25 06:56:21,589 BRAKE (Rear-Left) | Temp: 328.58°C | Slip: 5.82%
2025-04-25 06:56:21,589 BRAKE (Rear-Right) | Temp: 354.11°C | Slip: 6.35%
2025-04-25 06:56:26,595 BRAKE (Front-Left) | Temp: 322.78°C | Slip: 6.44%
2025-04-25 06:56:26,598 BRAKE (Front-Right) | Temp: 350.23°C | Slip: 6.15%
2025-04-25 06:56:26,598 BRAKE (Rear-Left) | Temp: 318.76°C | Slip: 5.96%
2025-04-25 06:56:26,598 BRAKE (Rear-Right) | Temp: 349.04°C | Slip: 6.17%
2025-04-25 06:56:31,601 BRAKE (Front-Left) | Temp: 314.41°C | Slip: 6.13%
2025-04-25 06:56:31,602 BRAKE (Front-Right) | Temp: 367.89°C | Slip: 5.81%
2025-04-25 06:56:31,602 BRAKE (Rear-Left) | Temp: 332.48°C | Slip: 5.73%
2025-04-25 06:56:31,602 BRAKE (Rear-Right) | Temp: 352.97°C | Slip: 6.33%
2025-04-25 06:56:36,605 BRAKE (Front-Left) | Temp: 302.06°C | Slip: 5.27%
2025-04-25 06:56:36,606 BRAKE (Front-Right) | Temp: 367.72°C | Slip: 5.97%
2025-04-25 06:56:36,606 BRAKE (Rear-Left) | Temp: 338.58°C | Slip: 6.13%
2025-04-25 06:56:36,607 BRAKE (Rear-Right) | Temp: 336.25°C | Slip: 6.00%
2025-04-25 06:56:41,610 BRAKE (Front-Left) | Temp: 293.52°C | Slip: 5.54%
2025-04-25 06:56:41,611 BRAKE (Front-Right) | Temp: 355.39°C | Slip: 5.59%
2025-04-25 06:56:41,611 BRAKE (Rear-Left) | Temp: 338.72°C | Slip: 5.95%
2025-04-25 06:56:41,611 BRAKE (Rear-Right) | Temp: 337.59°C | Slip: 6.11%
2025-04-25 06:56:46,614 BRAKE (Front-Left) | Temp: 310.60°C | Slip: 5.10%
2025-04-25 06:56:46,615 BRAKE (Front-Right) | Temp: 334.07°C | Slip: 5.41%
2025-04-25 06:56:46,615 BRAKE (Rear-Left) | Temp: 335.57°C | Slip: 5.53%
2025-04-25 06:56:46,616 BRAKE (Rear-Right) | Temp: 331.18°C | Slip: 5.87%
2025-04-25 06:56:51,622 BRAKE (Front-Left) | Temp: 321.99°C | Slip: 5.95%
2025-04-25 06:56:51,624 BRAKE (Front-Right) | Temp: 328.75°C | Slip: 5.78%
2025-04-25 06:56:51,624 BRAKE (Rear-Left) | Temp: 345.69°C | Slip: 5.83%
2025-04-25 06:56:51,624 BRAKE (Rear-Right) | Temp: 308.61°C | Slip: 5.64%
2025-04-25 06:56:56,607 BRAKE (Front-Left) | Temp: 307.56°C | Slip: 5.50%
2025-04-25 06:56:56,608 BRAKE (Front-Right) | Temp: 321.92°C | Slip: 5.48%
2025-04-25 06:56:56,609 BRAKE (Rear-Left) | Temp: 332.78°C | Slip: 5.15%
2025-04-25 06:56:56,609 BRAKE (Rear-Right) | Temp: 305.01°C | Slip: 5.41%
2025-04-25 06:57:01,615 BRAKE (Front-Left) | Temp: 302.29°C | Slip: 5.01%
2025-04-25 06:57:01,617 BRAKE (Front-Right) | Temp: 341.19°C | Slip: 5.18%
2025-04-25 06:57:01,617 BRAKE (Rear-Left) | Temp: 339.23°C | Slip: 5.17%
2025-04-25 06:57:01,617 BRAKE (Rear-Right) | Temp: 295.37°C | Slip: 4.82%
2025-05-01 04:04:32,868 BRAKE (Front-Left) | Temp: 290.15°C | Slip: 5.20%
2025-05-01 04:04:32,871 BRAKE (Front-Right) | Temp: 300.97°C | Slip: 5.13%
2025-05-01 04:04:32,879 BRAKE (Rear-Left) | Temp: 297.28°C | Slip: 4.68%
2025-05-01 04:04:32,910 BRAKE (Rear-Right) | Temp: 311.81°C | Slip: 5.11%
2025-05-01 04:04:33,064 [31m[1mWARNING: This is a development server. Do not use it in a production deployment. Use a production WSGI server instead.[0m
 * Running on all addresses (0.0.0.0)
 * Running on http://127.0.0.1:5003
 * Running on http://172.20.0.4:5003
2025-05-01 04:04:33,065 [33mPress CTRL+C to quit[0m
2025-05-01 04:04:37,951 BRAKE (Front-Left) | Temp: 294.26°C | Slip: 5.52%
2025-05-01 04:04:37,956 BRAKE (Front-Right) | Temp: 296.20°C | Slip: 4.82%
2025-05-01 04:04:37,956 BRAKE (Rear-Left) | Temp: 310.66°C | Slip: 5.14%
2025-05-01 04:04:37,956 BRAKE (Rear-Right) | Temp: 336.19°C | Slip: 5.16%
2025-05-01 04:04:42,975 BRAKE (Front-Left) | Temp: 313.85°C | Slip: 5.45%
2025-05-01 04:04:42,983 BRAKE (Front-Right) | Temp: 305.05°C | Slip: 5.00%
2025-05-01 04:04:42,995 BRAKE (Rear-Left) | Temp: 321.37°C | Slip: 5.64%
2025-05-01 04:04:42,999 BRAKE (Rear-Right) | Temp: 336.02°C | Slip: 4.76%
2025-05-01 04:04:47,985 BRAKE (Front-Left) | Temp: 317.14°C | Slip: 5.79%
2025-05-01 04:04:47,989 BRAKE (Front-Right) | Temp: 295.82°C | Slip: 5.46%
2025-05-01 04:04:47,989 BRAKE (Rear-Left) | Temp: 322.83°C | Slip: 5.79%
2025-05-01 04:04:47,989 BRAKE (Rear-Right) | Temp: 347.31°C | Slip: 5.27%
2025-05-01 04:04:52,995 BRAKE (Front-Left) | Temp: 318.91°C | Slip: 5.34%
2025-05-01 04:04:52,997 BRAKE (Front-Right) | Temp: 299.60°C | Slip: 5.83%
2025-05-01 04:04:52,998 BRAKE (Rear-Left) | Temp: 319.38°C | Slip: 5.83%
2025-05-01 04:04:52,998 BRAKE (Rear-Right) | Temp: 331.55°C | Slip: 5.11%
2025-05-01 04:04:58,127 BRAKE (Front-Left) | Temp: 331.41°C | Slip: 5.93%
2025-05-01 04:04:58,213 BRAKE (Front-Right) | Temp: 282.99°C | Slip: 5.50%
2025-05-01 04:04:58,215 BRAKE (Rear-Left) | Temp: 314.72°C | Slip: 5.40%
2025-05-01 04:04:58,217 BRAKE (Rear-Right) | Temp: 312.59°C | Slip: 5.42%
2025-05-01 04:05:03,250 BRAKE (Front-Left) | Temp: 338.02°C | Slip: 5.49%
2025-05-01 04:05:03,284 BRAKE (Front-Right) | Temp: 287.14°C | Slip: 5.29%
2025-05-01 04:05:03,284 BRAKE (Rear-Left) | Temp: 337.28°C | Slip: 5.21%
2025-05-01 04:05:03,288 BRAKE (Rear-Right) | Temp: 318.49°C | Slip: 5.43%
2025-05-01 04:05:08,297 BRAKE (Front-Left) | Temp: 317.57°C | Slip: 5.46%
2025-05-01 04:05:08,299 BRAKE (Front-Right) | Temp: 296.74°C | Slip: 5.94%
2025-05-01 04:05:08,299 BRAKE (Rear-Left) | Temp: 349.01°C | Slip: 6.05%
2025-05-01 04:05:08,300 BRAKE (Rear-Right) | Temp: 310.82°C | Slip: 5.28%
2025-05-01 04:05:13,305 BRAKE (Front-Left) | Temp: 314.81°C | Slip: 5.40%
2025-05-01 04:05:13,311 BRAKE (Front-Right) | Temp: 296.39°C | Slip: 6.08%
2025-05-01 04:05:13,311 BRAKE (Rear-Left) | Temp: 348.43°C | Slip: 5.46%
2025-05-01 04:05:13,311 BRAKE (Rear-Right) | Temp: 310.92°C | Slip: 5.33%
2025-05-01 04:05:18,333 BRAKE (Front-Left) | Temp: 314.35°C | Slip: 5.90%
2025-05-01 04:05:18,334 BRAKE (Front-Right) | Temp: 296.68°C | Slip: 5.81%
2025-05-01 04:05:18,334 BRAKE (Rear-Left) | Temp: 347.14°C | Slip: 5.80%
2025-05-01 04:05:18,334 BRAKE (Rear-Right) | Temp: 299.97°C | Slip: 5.98%
2025-05-01 04:05:23,336 BRAKE (Front-Left) | Temp: 314.58°C | Slip: 5.97%
2025-05-01 04:05:23,337 BRAKE (Front-Right) | Temp: 294.15°C | Slip: 6.03%
2025-05-01 04:05:23,338 BRAKE (Rear-Left) | Temp: 339.51°C | Slip: 5.67%
2025-05-01 04:05:23,338 BRAKE (Rear-Right) | Temp: 311.28°C | Slip: 6.14%
2025-05-01 04:05:28,343 BRAKE (Front-Left) | Temp: 335.45°C | Slip: 6.18%
2025-05-01 04:05:28,346 BRAKE (Front-Right) | Temp: 301.87°C | Slip: 5.64%
2025-05-01 04:05:28,346 BRAKE (Rear-Left) | Temp: 337.10°C | Slip: 5.60%
2025-05-01 04:05:28,346 BRAKE (Rear-Right) | Temp: 312.23°C | Slip: 6.48%
2025-05-01 04:05:33,353 BRAKE (Front-Left) | Temp: 332.32°C | Slip: 6.07%
2025-05-01 04:05:33,354 BRAKE (Front-Right) | Temp: 294.55°C | Slip: 6.36%
2025-05-01 04:05:33,354 BRAKE (Rear-Left) | Temp: 335.81°C | Slip: 5.75%
2025-05-01 04:05:33,355 BRAKE (Rear-Right) | Temp: 325.42°C | Slip: 5.82%
2025-05-01 04:05:38,364 BRAKE (Front-Left) | Temp: 338.00°C | Slip: 6.62%
2025-05-01 04:05:38,366 BRAKE (Front-Right) | Temp: 293.49°C | Slip: 6.43%
2025-05-01 04:05:38,366 BRAKE (Rear-Left) | Temp: 348.59°C | Slip: 5.72%
2025-05-01 04:05:38,366 BRAKE (Rear-Right) | Temp: 336.01°C | Slip: 6.60%
2025-05-01 04:05:43,370 BRAKE (Front-Left) | Temp: 332.37°C | Slip: 5.95%
2025-05-01 04:05:43,371 BRAKE (Front-Right) | Temp: 305.49°C | Slip: 5.86%
2025-05-01 04:05:43,371 BRAKE (Rear-Left) | Temp: 345.59°C | Slip: 5.88%
2025-05-01 04:05:43,371 BRAKE (Rear-Right) | Temp: 354.59°C | Slip: 6.78%
2025-05-01 04:05:48,376 BRAKE (Front-Left) | Temp: 337.50°C | Slip: 5.95%
2025-05-01 04:05:48,378 BRAKE (Front-Right) | Temp: 302.62°C | Slip: 5.95%
2025-05-01 04:05:48,378 BRAKE (Rear-Left) | Temp: 347.86°C | Slip: 5.98%
2025-05-01 04:05:48,379 BRAKE (Rear-Right) | Temp: 344.00°C | Slip: 6.78%
2025-05-01 04:05:53,381 BRAKE (Front-Left) | Temp: 339.95°C | Slip: 6.43%
2025-05-01 04:05:53,383 BRAKE (Front-Right) | Temp: 307.58°C | Slip: 6.93%
2025-05-01 04:05:53,383 BRAKE (Rear-Left) | Temp: 337.81°C | Slip: 6.14%
2025-05-01 04:05:53,383 BRAKE (Rear-Right) | Temp: 350.68°C | Slip: 6.90%
2025-05-01 04:05:58,388 BRAKE (Front-Left) | Temp: 342.31°C | Slip: 6.09%
2025-05-01 04:05:58,391 BRAKE (Front-Right) | Temp: 332.62°C | Slip: 6.95%
2025-05-01 04:05:58,392 BRAKE (Rear-Left) | Temp: 343.85°C | Slip: 6.77%
2025-05-01 04:05:58,392 BRAKE (Rear-Right) | Temp: 349.08°C | Slip: 6.16%
2025-05-01 04:06:03,395 BRAKE (Front-Left) | Temp: 345.13°C | Slip: 6.87%
2025-05-01 04:06:03,401 BRAKE (Front-Right) | Temp: 329.59°C | Slip: 6.86%
2025-05-01 04:06:03,401 BRAKE (Rear-Left) | Temp: 347.21°C | Slip: 6.40%
2025-05-01 04:06:03,401 BRAKE (Rear-Right) | Temp: 366.72°C | Slip: 6.16%
2025-05-01 04:06:08,406 BRAKE (Front-Left) | Temp: 351.60°C | Slip: 6.21%
2025-05-01 04:06:08,408 BRAKE (Front-Right) | Temp: 342.36°C | Slip: 6.30%
2025-05-01 04:06:08,408 BRAKE (Rear-Left) | Temp: 352.49°C | Slip: 6.56%
2025-05-01 04:06:08,408 BRAKE (Rear-Right) | Temp: 378.75°C | Slip: 6.42%
2025-05-01 04:06:13,412 BRAKE (Front-Left) | Temp: 371.15°C | Slip: 6.78%
2025-05-01 04:06:13,413 BRAKE (Front-Right) | Temp: 351.16°C | Slip: 6.95%
2025-05-01 04:06:13,413 BRAKE (Rear-Left) | Temp: 349.62°C | Slip: 6.94%
2025-05-01 04:06:13,413 BRAKE (Rear-Right) | Temp: 364.89°C | Slip: 6.75%
2025-05-01 04:06:18,416 BRAKE (Front-Left) | Temp: 379.22°C | Slip: 6.44%
2025-05-01 04:06:18,417 BRAKE (Front-Right) | Temp: 345.34°C | Slip: 6.66%
2025-05-01 04:06:18,418 BRAKE (Rear-Left) | Temp: 361.85°C | Slip: 6.99%
2025-05-01 04:06:18,418 BRAKE (Rear-Right) | Temp: 368.40°C | Slip: 6.54%
2025-05-01 04:06:23,422 BRAKE (Front-Left) | Temp: 374.17°C | Slip: 6.73%
2025-05-01 04:06:23,424 BRAKE (Front-Right) | Temp: 350.75°C | Slip: 7.01%
2025-05-01 04:06:23,424 BRAKE (Rear-Left) | Temp: 369.29°C | Slip: 6.98%
2025-05-01 04:06:23,424 BRAKE (Rear-Right) | Temp: 364.91°C | Slip: 6.67%
2025-05-01 04:06:28,429 BRAKE (Front-Left) | Temp: 381.47°C | Slip: 7.04%
2025-05-01 04:06:28,432 BRAKE (Front-Right) | Temp: 355.06°C | Slip: 6.43%
2025-05-01 04:06:28,433 BRAKE (Rear-Left) | Temp: 400.69°C | Slip: 6.89%
2025-05-01 04:06:28,438 BRAKE (Rear-Right) | Temp: 370.53°C | Slip: 6.47%
2025-05-01 04:06:33,447 BRAKE (Front-Left) | Temp: 389.32°C | Slip: 6.60%
2025-05-01 04:06:33,448 BRAKE (Front-Right) | Temp: 345.59°C | Slip: 7.25%
2025-05-01 04:06:33,448 BRAKE (Rear-Left) | Temp: 392.40°C | Slip: 6.55%
2025-05-01 04:06:33,448 BRAKE (Rear-Right) | Temp: 372.75°C | Slip: 6.89%
2025-05-01 04:06:38,452 BRAKE (Front-Left) | Temp: 381.57°C | Slip: 7.19%
2025-05-01 04:06:38,454 BRAKE (Front-Right) | Temp: 327.55°C | Slip: 7.11%
2025-05-01 04:06:38,455 BRAKE (Rear-Left) | Temp: 391.41°C | Slip: 6.83%
2025-05-01 04:06:38,455 BRAKE (Rear-Right) | Temp: 368.29°C | Slip: 6.65%
2025-05-01 04:06:43,460 BRAKE (Front-Left) | Temp: 371.84°C | Slip: 6.59%
2025-05-01 04:06:43,462 BRAKE (Front-Right) | Temp: 319.54°C | Slip: 7.28%
2025-05-01 04:06:43,462 BRAKE (Rear-Left) | Temp: 378.31°C | Slip: 6.84%
2025-05-01 04:06:43,466 BRAKE (Rear-Right) | Temp: 361.04°C | Slip: 7.25%
2025-05-01 04:06:48,469 BRAKE (Front-Left) | Temp: 362.54°C | Slip: 6.56%
2025-05-01 04:06:48,471 BRAKE (Front-Right) | Temp: 334.98°C | Slip: 6.58%
2025-05-01 04:06:48,472 BRAKE (Rear-Left) | Temp: 371.72°C | Slip: 7.43%
2025-05-01 04:06:48,472 BRAKE (Rear-Right) | Temp: 381.65°C | Slip: 6.99%
2025-05-01 04:06:53,475 BRAKE (Front-Left) | Temp: 351.41°C | Slip: 7.16%
2025-05-01 04:06:53,477 BRAKE (Front-Right) | Temp: 327.30°C | Slip: 6.92%
2025-05-01 04:06:53,477 BRAKE (Rear-Left) | Temp: 368.99°C | Slip: 6.87%
2025-05-01 04:06:53,477 BRAKE (Rear-Right) | Temp: 389.67°C | Slip: 7.31%
2025-05-01 04:06:58,481 BRAKE (Front-Left) | Temp: 352.51°C | Slip: 7.10%
2025-05-01 04:06:58,483 BRAKE (Front-Right) | Temp: 326.27°C | Slip: 6.89%
2025-05-01 04:06:58,484 BRAKE (Rear-Left) | Temp: 383.64°C | Slip: 6.78%
2025-05-01 04:06:58,484 BRAKE (Rear-Right) | Temp: 388.56°C | Slip: 6.87%
2025-05-01 04:07:03,487 BRAKE (Front-Left) | Temp: 336.25°C | Slip: 6.82%
2025-05-01 04:07:03,489 BRAKE (Front-Right) | Temp: 314.84°C | Slip: 7.37%
2025-05-01 04:07:03,489 BRAKE (Rear-Left) | Temp: 379.98°C | Slip: 7.16%
2025-05-01 04:07:03,490 BRAKE (Rear-Right) | Temp: 392.67°C | Slip: 6.89%
2025-05-01 04:07:08,495 BRAKE (Front-Left) | Temp: 331.87°C | Slip: 7.07%
2025-05-01 04:07:08,499 BRAKE (Front-Right) | Temp: 319.58°C | Slip: 7.29%
2025-05-01 04:07:08,499 BRAKE (Rear-Left) | Temp: 394.64°C | Slip: 6.92%
2025-05-01 04:07:08,499 BRAKE (Rear-Right) | Temp: 392.66°C | Slip: 7.36%
2025-05-01 04:07:13,504 BRAKE (Front-Left) | Temp: 342.61°C | Slip: 7.15%
2025-05-01 04:07:13,506 BRAKE (Front-Right) | Temp: 324.79°C | Slip: 7.12%
2025-05-01 04:07:13,506 BRAKE (Rear-Left) | Temp: 395.36°C | Slip: 6.88%
2025-05-01 04:07:13,506 BRAKE (Rear-Right) | Temp: 393.45°C | Slip: 6.62%
2025-05-01 04:07:18,526 BRAKE (Front-Left) | Temp: 347.89°C | Slip: 7.32%
2025-05-01 04:07:18,530 BRAKE (Front-Right) | Temp: 320.31°C | Slip: 7.22%
2025-05-01 04:07:18,530 BRAKE (Rear-Left) | Temp: 402.98°C | Slip: 7.01%
2025-05-01 04:07:18,530 BRAKE (Rear-Right) | Temp: 380.69°C | Slip: 7.08%
2025-05-01 04:07:23,538 BRAKE (Front-Left) | Temp: 338.95°C | Slip: 6.86%
2025-05-01 04:07:23,539 BRAKE (Front-Right) | Temp: 324.41°C | Slip: 6.51%
2025-05-01 04:07:23,540 BRAKE (Rear-Left) | Temp: 398.20°C | Slip: 7.16%
2025-05-01 04:07:23,540 BRAKE (Rear-Right) | Temp: 369.86°C | Slip: 6.93%
2025-05-01 04:07:28,546 BRAKE (Front-Left) | Temp: 341.91°C | Slip: 7.40%
2025-05-01 04:07:28,547 BRAKE (Front-Right) | Temp: 322.91°C | Slip: 6.74%
2025-05-01 04:07:28,547 BRAKE (Rear-Left) | Temp: 383.29°C | Slip: 7.27%
2025-05-01 04:07:28,547 BRAKE (Rear-Right) | Temp: 370.92°C | Slip: 6.79%
2025-05-01 04:07:33,549 BRAKE (Front-Left) | Temp: 337.32°C | Slip: 6.95%
2025-05-01 04:07:33,552 BRAKE (Front-Right) | Temp: 326.59°C | Slip: 6.63%
2025-05-01 04:07:33,554 BRAKE (Rear-Left) | Temp: 364.62°C | Slip: 6.53%
2025-05-01 04:07:33,554 BRAKE (Rear-Right) | Temp: 364.13°C | Slip: 7.05%
2025-05-01 04:07:38,563 BRAKE (Front-Left) | Temp: 346.05°C | Slip: 6.75%
2025-05-01 04:07:38,572 BRAKE (Front-Right) | Temp: 337.23°C | Slip: 7.38%
2025-05-01 04:07:38,572 BRAKE (Rear-Left) | Temp: 374.42°C | Slip: 6.53%
2025-05-01 04:07:38,573 BRAKE (Rear-Right) | Temp: 385.08°C | Slip: 7.25%
2025-05-01 04:07:43,576 BRAKE (Front-Left) | Temp: 339.87°C | Slip: 7.33%
2025-05-01 04:07:43,578 BRAKE (Front-Right) | Temp: 330.00°C | Slip: 7.19%
2025-05-01 04:07:43,579 BRAKE (Rear-Left) | Temp: 381.09°C | Slip: 6.68%
2025-05-01 04:07:43,579 BRAKE (Rear-Right) | Temp: 375.62°C | Slip: 7.00%
2025-05-01 04:07:48,581 BRAKE (Front-Left) | Temp: 332.92°C | Slip: 7.22%
2025-05-01 04:07:48,583 BRAKE (Front-Right) | Temp: 337.75°C | Slip: 6.61%
2025-05-01 04:07:48,584 BRAKE (Rear-Left) | Temp: 377.23°C | Slip: 6.92%
2025-05-01 04:07:48,584 BRAKE (Rear-Right) | Temp: 373.91°C | Slip: 7.20%
2025-05-01 04:07:53,588 BRAKE (Front-Left) | Temp: 325.52°C | Slip: 7.27%
2025-05-01 04:07:53,589 BRAKE (Front-Right) | Temp: 365.89°C | Slip: 6.97%
2025-05-01 04:07:53,589 BRAKE (Rear-Left) | Temp: 384.33°C | Slip: 6.51%
2025-05-01 04:07:53,589 BRAKE (Rear-Right) | Temp: 380.09°C | Slip: 6.63%
