2025-04-25 06:26:17,273 ENGINE | Temp: 99.74 | RPM: 6087
2025-04-25 06:26:17,373 [31m[1mWARNING: This is a development server. Do not use it in a production deployment. Use a production WSGI server instead.[0m
 * Running on all addresses (0.0.0.0)
 * Running on http://127.0.0.1:5001
 * Running on http://172.20.0.4:5001
2025-04-25 06:26:17,378 [33mPress CTRL+C to quit[0m
2025-04-25 06:26:22,281 ENGINE | Temp: 100.36 | RPM: 6116
2025-04-25 06:26:27,291 ENGINE | Temp: 101.65 | RPM: 6235
2025-04-25 06:26:32,302 ENGINE | Temp: 101.51 | RPM: 6462
2025-04-25 06:26:37,306 ENGINE | Temp: 102.8 | RPM: 6586
2025-04-25 06:26:42,310 ENGINE | Temp: 102.57 | RPM: 6757
2025-04-25 06:26:47,317 ENGINE | Temp: 102.12 | RPM: 6937
2025-04-25 06:26:52,323 ENGINE | Temp: 103.52 | RPM: 6900
2025-04-25 06:26:57,331 ENGINE | Temp: 104.8 | RPM: 7174
2025-04-25 06:27:02,340 ENGINE | Temp: 103.7 | RPM: 7273
2025-04-25 06:27:07,344 ENGINE | Temp: 104.47 | RPM: 7208
2025-04-25 06:27:12,350 ENGINE | Temp: 104.24 | RPM: 7398
2025-04-25 06:27:17,365 ENGINE | Temp: 105.84 | RPM: 7463
2025-04-25 06:27:22,371 ENGINE | Temp: 106.54 | RPM: 7536
2025-04-25 06:27:27,376 ENGINE | Temp: 106.91 | RPM: 7533
2025-04-25 06:27:32,379 ENGINE | Temp: 106.77 | RPM: 7586
2025-04-25 06:27:37,385 ENGINE | Temp: 106.36 | RPM: 7527
2025-04-25 06:27:42,389 ENGINE | Temp: 107.25 | RPM: 7405
2025-04-25 06:27:47,393 ENGINE | Temp: 107.06 | RPM: 7370
2025-04-25 06:27:52,397 ENGINE | Temp: 108.26 | RPM: 7372
2025-04-25 06:27:57,400 ENGINE | Temp: 108.3 | RPM: 7407
2025-04-25 06:28:02,404 ENGINE | Temp: 109.29 | RPM: 7240
2025-04-25 06:28:07,410 ENGINE | Temp: 108.72 | RPM: 7117
2025-04-25 06:28:12,414 ENGINE | Temp: 109.41 | RPM: 7142
2025-04-25 06:28:17,419 ENGINE | Temp: 109.36 | RPM: 6922
2025-04-25 06:28:22,422 ENGINE | Temp: 109.99 | RPM: 6863
2025-04-25 06:28:27,425 ENGINE | Temp: 110.22 | RPM: 6775
2025-04-25 06:28:32,429 ENGINE | Temp: 109.87 | RPM: 6574
2025-04-25 06:28:37,432 ENGINE | Temp: 109.38 | RPM: 6459
2025-04-25 06:28:42,436 ENGINE | Temp: 110.25 | RPM: 6323
2025-04-25 06:28:47,439 ENGINE | Temp: 110.06 | RPM: 6270
2025-04-25 06:28:52,444 ENGINE | Temp: 109.65 | RPM: 6133
2025-04-25 06:28:57,451 ENGINE | Temp: 109.77 | RPM: 5890
2025-04-25 06:29:02,456 ENGINE | Temp: 109.91 | RPM: 5688
2025-04-25 06:29:07,461 ENGINE | Temp: 109.81 | RPM: 5616
2025-04-25 06:29:12,468 ENGINE | Temp: 110.81 | RPM: 5551
2025-04-25 06:29:17,474 ENGINE | Temp: 109.14 | RPM: 5335
2025-04-25 06:29:22,477 ENGINE | Temp: 109.89 | RPM: 5216
2025-04-25 06:29:27,481 ENGINE | Temp: 109.6 | RPM: 5069
2025-04-25 06:29:32,484 ENGINE | Temp: 110.18 | RPM: 4977
2025-04-25 06:29:37,487 ENGINE | Temp: 109.75 | RPM: 4931
2025-04-25 06:29:42,490 ENGINE | Temp: 108.18 | RPM: 4777
2025-04-25 06:29:47,497 ENGINE | Temp: 108.95 | RPM: 4634
2025-04-25 06:29:52,501 ENGINE | Temp: 108.09 | RPM: 4655
2025-04-25 06:29:57,506 ENGINE | Temp: 108.94 | RPM: 4565
2025-04-25 06:30:02,511 ENGINE | Temp: 107.82 | RPM: 4563
2025-04-25 06:30:07,520 ENGINE | Temp: 108.07 | RPM: 4523
2025-04-25 06:30:12,526 ENGINE | Temp: 107.69 | RPM: 4450
2025-04-25 06:30:17,529 ENGINE | Temp: 107.04 | RPM: 4583
2025-04-25 06:30:22,532 ENGINE | Temp: 106.27 | RPM: 4605
2025-04-25 06:30:27,534 ENGINE | Temp: 106.42 | RPM: 4484
2025-04-25 06:30:32,541 ENGINE | Temp: 105.12 | RPM: 4645
2025-04-25 06:30:37,550 ENGINE | Temp: 104.17 | RPM: 4725
2025-04-25 06:30:42,562 ENGINE | Temp: 104.59 | RPM: 4766
2025-04-25 06:30:47,567 ENGINE | Temp: 104.6 | RPM: 4756
2025-04-25 06:30:52,571 ENGINE | Temp: 103.79 | RPM: 4891
2025-04-25 06:30:57,583 ENGINE | Temp: 103.06 | RPM: 5084
2025-04-25 06:31:02,588 ENGINE | Temp: 103.58 | RPM: 5216
2025-04-25 06:31:07,596 ENGINE | Temp: 102.92 | RPM: 5323
2025-04-25 06:32:44,560 ENGINE | Temp: 100.03 | RPM: 5952
2025-04-25 06:32:44,583 [31m[1mWARNING: This is a development server. Do not use it in a production deployment. Use a production WSGI server instead.[0m
 * Running on all addresses (0.0.0.0)
 * Running on http://127.0.0.1:5001
 * Running on http://172.20.0.3:5001
2025-04-25 06:32:44,585 [33mPress CTRL+C to quit[0m
2025-04-25 06:32:49,564 ENGINE | Temp: 99.68 | RPM: 6128
2025-04-25 06:32:54,570 ENGINE | Temp: 101.57 | RPM: 6372
2025-04-25 06:32:59,576 ENGINE | Temp: 101.85 | RPM: 6377
2025-04-25 06:33:04,584 ENGINE | Temp: 101.0 | RPM: 6565
2025-04-25 06:33:09,595 ENGINE | Temp: 101.69 | RPM: 6816
2025-04-25 06:33:14,643 ENGINE | Temp: 102.45 | RPM: 6823
2025-04-25 06:33:19,679 ENGINE | Temp: 102.98 | RPM: 6925
2025-04-25 06:33:24,683 ENGINE | Temp: 104.78 | RPM: 7023
2025-04-25 06:33:29,687 ENGINE | Temp: 103.41 | RPM: 7179
2025-04-25 06:33:34,692 ENGINE | Temp: 104.35 | RPM: 7258
2025-04-25 06:33:39,704 ENGINE | Temp: 104.81 | RPM: 7275
2025-04-25 06:33:44,708 ENGINE | Temp: 106.22 | RPM: 7335
2025-04-25 06:33:49,712 ENGINE | Temp: 106.29 | RPM: 7454
2025-04-25 06:33:54,722 ENGINE | Temp: 105.95 | RPM: 7460
2025-04-25 06:33:59,731 ENGINE | Temp: 106.42 | RPM: 7592
2025-04-25 06:34:04,768 ENGINE | Temp: 107.15 | RPM: 7553
2025-04-25 06:34:09,774 ENGINE | Temp: 107.91 | RPM: 7582
2025-04-25 06:34:14,780 ENGINE | Temp: 108.24 | RPM: 7515
2025-04-25 06:34:19,793 ENGINE | Temp: 109.12 | RPM: 7325
2025-04-25 06:34:24,799 ENGINE | Temp: 109.04 | RPM: 7381
2025-04-25 06:34:29,808 ENGINE | Temp: 109.61 | RPM: 7379
2025-04-25 06:34:34,820 ENGINE | Temp: 109.6 | RPM: 7231
2025-04-25 06:34:39,840 ENGINE | Temp: 108.76 | RPM: 7121
2025-04-25 06:34:44,848 ENGINE | Temp: 109.41 | RPM: 6940
2025-04-25 06:34:49,852 ENGINE | Temp: 108.97 | RPM: 6908
2025-04-25 06:34:54,865 ENGINE | Temp: 109.69 | RPM: 6816
2025-04-25 06:34:59,875 ENGINE | Temp: 110.11 | RPM: 6652
2025-04-25 06:35:04,895 ENGINE | Temp: 109.75 | RPM: 6530
2025-04-25 06:35:09,898 ENGINE | Temp: 110.19 | RPM: 6327
2025-04-25 06:35:14,907 ENGINE | Temp: 109.91 | RPM: 6265
2025-04-25 06:35:19,913 ENGINE | Temp: 110.32 | RPM: 6128
2025-04-25 06:35:24,924 ENGINE | Temp: 109.47 | RPM: 5894
2025-04-25 06:35:29,930 ENGINE | Temp: 110.19 | RPM: 5856
2025-04-25 06:35:34,958 ENGINE | Temp: 109.69 | RPM: 5635
2025-04-25 06:35:39,966 ENGINE | Temp: 110.03 | RPM: 5423
2025-04-25 06:35:44,980 ENGINE | Temp: 109.93 | RPM: 5361
2025-04-25 06:35:50,014 ENGINE | Temp: 108.96 | RPM: 5251
2025-04-25 06:35:55,026 ENGINE | Temp: 108.83 | RPM: 5055
2025-04-25 06:36:00,037 ENGINE | Temp: 109.59 | RPM: 5000
2025-04-25 06:36:05,041 ENGINE | Temp: 108.79 | RPM: 4952
2025-04-25 06:36:10,048 ENGINE | Temp: 108.26 | RPM: 4713
2025-04-25 06:36:15,054 ENGINE | Temp: 109.59 | RPM: 4777
2025-04-25 06:36:20,059 ENGINE | Temp: 108.41 | RPM: 4603
2025-04-25 06:36:25,065 ENGINE | Temp: 108.98 | RPM: 4612
2025-04-25 06:36:30,072 ENGINE | Temp: 108.19 | RPM: 4458
2025-04-25 06:36:35,080 ENGINE | Temp: 108.01 | RPM: 4418
2025-04-25 06:36:40,086 ENGINE | Temp: 107.48 | RPM: 4520
2025-04-25 06:36:45,098 ENGINE | Temp: 106.61 | RPM: 4448
2025-04-25 06:36:50,105 ENGINE | Temp: 106.35 | RPM: 4606
2025-04-25 06:36:55,111 ENGINE | Temp: 105.02 | RPM: 4598
2025-04-25 06:37:00,125 ENGINE | Temp: 105.97 | RPM: 4616
2025-04-25 06:37:05,132 ENGINE | Temp: 104.7 | RPM: 4676
2025-04-25 06:37:10,139 ENGINE | Temp: 104.65 | RPM: 4776
2025-04-25 06:37:15,147 ENGINE | Temp: 104.75 | RPM: 4833
2025-04-25 06:37:20,154 ENGINE | Temp: 103.79 | RPM: 4867
2025-04-25 06:37:25,160 ENGINE | Temp: 103.52 | RPM: 4960
2025-04-25 06:37:30,169 ENGINE | Temp: 103.61 | RPM: 5137
2025-04-25 06:37:35,172 ENGINE | Temp: 102.88 | RPM: 5306
2025-04-25 06:37:40,186 ENGINE | Temp: 101.26 | RPM: 5390
2025-04-25 06:37:45,189 ENGINE | Temp: 101.19 | RPM: 5555
2025-04-25 06:37:50,192 ENGINE | Temp: 101.48 | RPM: 5761
2025-04-25 06:37:55,198 ENGINE | Temp: 101.14 | RPM: 5964
2025-04-25 06:38:00,206 ENGINE | Temp: 100.61 | RPM: 5971
2025-04-25 06:38:05,212 ENGINE | Temp: 99.33 | RPM: 6129
2025-04-25 06:41:56,506 ENGINE | Temp: 100.81 | RPM: 6021
2025-04-25 06:41:56,549 [31m[1mWARNING: This is a development server. Do not use it in a production deployment. Use a production WSGI server instead.[0m
 * Running on all addresses (0.0.0.0)
 * Running on http://127.0.0.1:5001
 * Running on http://172.20.0.4:5001
2025-04-25 06:41:56,550 [33mPress CTRL+C to quit[0m
2025-04-25 06:42:01,521 ENGINE | Temp: 101.21 | RPM: 6174
2025-04-25 06:42:06,526 ENGINE | Temp: 101.81 | RPM: 6209
2025-04-25 06:42:11,537 ENGINE | Temp: 101.07 | RPM: 6424
2025-04-25 06:42:16,545 ENGINE | Temp: 101.72 | RPM: 6521
2025-04-25 06:42:21,553 ENGINE | Temp: 102.72 | RPM: 6797
2025-04-25 06:42:26,552 ENGINE | Temp: 102.9 | RPM: 6808
2025-04-25 06:42:31,557 ENGINE | Temp: 103.9 | RPM: 6979
2025-04-25 06:42:36,563 ENGINE | Temp: 103.3 | RPM: 6988
2025-04-25 06:42:41,566 ENGINE | Temp: 103.79 | RPM: 7100
2025-04-25 06:42:46,570 ENGINE | Temp: 104.27 | RPM: 7357
2025-04-25 06:42:51,575 ENGINE | Temp: 105.36 | RPM: 7315
2025-04-25 06:42:56,585 ENGINE | Temp: 106.26 | RPM: 7430
2025-04-25 06:43:01,590 ENGINE | Temp: 106.1 | RPM: 7520
2025-04-25 06:43:06,598 ENGINE | Temp: 107.17 | RPM: 7495
2025-04-25 06:43:11,607 ENGINE | Temp: 106.99 | RPM: 7430
2025-04-25 06:43:16,611 ENGINE | Temp: 107.01 | RPM: 7461
2025-04-25 06:43:21,622 ENGINE | Temp: 108.32 | RPM: 7497
2025-04-25 06:43:26,639 ENGINE | Temp: 108.52 | RPM: 7473
2025-04-25 06:43:31,649 ENGINE | Temp: 108.23 | RPM: 7342
2025-04-25 06:43:36,656 ENGINE | Temp: 108.7 | RPM: 7357
2025-04-25 06:43:41,668 ENGINE | Temp: 108.71 | RPM: 7202
2025-04-25 06:43:46,677 ENGINE | Temp: 108.61 | RPM: 7203
2025-04-25 06:43:51,695 ENGINE | Temp: 109.68 | RPM: 7104
2025-04-25 06:43:56,701 ENGINE | Temp: 109.7 | RPM: 6917
2025-04-25 06:44:01,707 ENGINE | Temp: 110.01 | RPM: 6919
2025-04-25 06:44:06,710 ENGINE | Temp: 109.57 | RPM: 6750
2025-04-25 06:44:11,728 ENGINE | Temp: 110.48 | RPM: 6559
2025-04-25 06:44:16,746 ENGINE | Temp: 109.88 | RPM: 6475
2025-04-25 06:44:21,756 ENGINE | Temp: 109.48 | RPM: 6376
2025-04-25 06:44:26,763 ENGINE | Temp: 110.05 | RPM: 6228
2025-04-25 06:44:31,770 ENGINE | Temp: 109.8 | RPM: 5977
2025-04-25 06:44:36,773 ENGINE | Temp: 109.53 | RPM: 5861
2025-04-25 06:44:41,783 ENGINE | Temp: 109.0 | RPM: 5796
2025-04-25 06:44:46,790 ENGINE | Temp: 110.32 | RPM: 5620
2025-04-25 06:44:51,795 ENGINE | Temp: 110.48 | RPM: 5431
2025-04-25 06:44:56,804 ENGINE | Temp: 110.61 | RPM: 5273
2025-04-25 06:46:49,837 ENGINE | Temp: 99.98 | RPM: 5948
2025-04-25 06:46:49,872 [31m[1mWARNING: This is a development server. Do not use it in a production deployment. Use a production WSGI server instead.[0m
 * Running on all addresses (0.0.0.0)
 * Running on http://127.0.0.1:5001
 * Running on http://172.20.0.2:5001
2025-04-25 06:46:49,873 [33mPress CTRL+C to quit[0m
2025-04-25 06:46:54,843 ENGINE | Temp: 100.22 | RPM: 6133
2025-04-25 06:46:59,849 ENGINE | Temp: 100.25 | RPM: 6384
2025-04-25 06:47:04,855 ENGINE | Temp: 102.46 | RPM: 6474
2025-04-25 06:47:09,859 ENGINE | Temp: 102.27 | RPM: 6570
2025-04-25 06:47:14,862 ENGINE | Temp: 102.63 | RPM: 6790
2025-04-25 06:47:19,872 ENGINE | Temp: 103.21 | RPM: 6782
2025-04-25 06:47:24,882 ENGINE | Temp: 102.69 | RPM: 6983
2025-04-25 06:47:29,888 ENGINE | Temp: 102.96 | RPM: 7061
2025-04-25 06:47:34,911 ENGINE | Temp: 104.46 | RPM: 7157
2025-04-25 06:47:39,919 ENGINE | Temp: 104.42 | RPM: 7324
2025-04-25 06:47:44,923 ENGINE | Temp: 105.9 | RPM: 7421
2025-04-25 06:47:49,943 ENGINE | Temp: 105.76 | RPM: 7474
2025-04-25 06:47:54,952 ENGINE | Temp: 105.48 | RPM: 7421
2025-04-25 06:47:59,961 ENGINE | Temp: 106.1 | RPM: 7443
2025-04-25 06:48:04,966 ENGINE | Temp: 106.6 | RPM: 7585
2025-04-25 06:48:09,974 ENGINE | Temp: 108.14 | RPM: 7521
2025-04-25 06:48:14,979 ENGINE | Temp: 106.73 | RPM: 7525
2025-04-25 06:48:19,981 ENGINE | Temp: 107.37 | RPM: 7465
2025-04-25 06:48:24,987 ENGINE | Temp: 108.61 | RPM: 7400
2025-04-25 06:48:29,997 ENGINE | Temp: 109.15 | RPM: 7291
2025-04-25 06:48:35,002 ENGINE | Temp: 109.49 | RPM: 7344
2025-04-25 06:48:40,008 ENGINE | Temp: 108.52 | RPM: 7245
2025-04-25 06:48:45,015 ENGINE | Temp: 109.52 | RPM: 7153
2025-04-25 06:48:50,021 ENGINE | Temp: 108.96 | RPM: 7020
2025-04-25 06:48:55,024 ENGINE | Temp: 108.97 | RPM: 6852
2025-04-25 06:49:00,028 ENGINE | Temp: 110.04 | RPM: 6814
2025-04-25 06:49:05,087 ENGINE | Temp: 110.14 | RPM: 6659
2025-04-25 06:49:10,095 ENGINE | Temp: 110.39 | RPM: 6479
2025-04-25 06:49:15,101 ENGINE | Temp: 110.77 | RPM: 6364
2025-04-25 06:49:20,110 ENGINE | Temp: 110.64 | RPM: 6208
2025-04-25 06:49:25,176 ENGINE | Temp: 110.51 | RPM: 6007
2025-04-25 06:49:30,190 ENGINE | Temp: 109.67 | RPM: 5912
2025-04-25 06:49:35,200 ENGINE | Temp: 110.83 | RPM: 5862
2025-04-25 06:49:40,224 ENGINE | Temp: 109.75 | RPM: 5690
2025-04-25 06:49:45,231 ENGINE | Temp: 109.87 | RPM: 5451
2025-04-25 06:49:50,243 ENGINE | Temp: 108.76 | RPM: 5418
2025-04-25 06:52:01,119 ENGINE | Temp: 99.76 | RPM: 6099
2025-04-25 06:52:01,151 [31m[1mWARNING: This is a development server. Do not use it in a production deployment. Use a production WSGI server instead.[0m
 * Running on all addresses (0.0.0.0)
 * Running on http://127.0.0.1:5001
 * Running on http://172.20.0.2:5001
2025-04-25 06:52:01,153 [33mPress CTRL+C to quit[0m
2025-04-25 06:52:06,124 ENGINE | Temp: 101.14 | RPM: 6082
2025-04-25 06:52:11,143 ENGINE | Temp: 100.19 | RPM: 6224
2025-04-25 06:52:16,149 ENGINE | Temp: 102.3 | RPM: 6461
2025-04-25 06:52:21,154 ENGINE | Temp: 101.21 | RPM: 6672
2025-04-25 06:52:26,161 ENGINE | Temp: 102.67 | RPM: 6776
2025-04-25 06:52:31,171 ENGINE | Temp: 103.05 | RPM: 6886
2025-04-25 06:52:36,178 ENGINE | Temp: 104.38 | RPM: 6868
2025-04-25 06:52:41,182 ENGINE | Temp: 103.02 | RPM: 6995
2025-04-25 06:52:46,198 ENGINE | Temp: 104.68 | RPM: 7098
2025-04-25 06:52:51,207 ENGINE | Temp: 103.93 | RPM: 7274
2025-04-25 06:52:56,209 ENGINE | Temp: 105.38 | RPM: 7244
2025-04-25 06:53:01,226 ENGINE | Temp: 105.03 | RPM: 7373
2025-04-25 06:53:06,231 ENGINE | Temp: 105.94 | RPM: 7453
2025-04-25 06:53:11,233 ENGINE | Temp: 106.41 | RPM: 7524
2025-04-25 06:53:16,238 ENGINE | Temp: 107.5 | RPM: 7484
2025-04-25 06:53:21,242 ENGINE | Temp: 107.22 | RPM: 7540
2025-04-25 06:53:26,248 ENGINE | Temp: 106.99 | RPM: 7513
2025-04-25 06:53:31,256 ENGINE | Temp: 107.06 | RPM: 7523
2025-04-25 06:53:36,262 ENGINE | Temp: 107.42 | RPM: 7446
2025-04-25 06:53:41,279 ENGINE | Temp: 109.0 | RPM: 7435
2025-04-25 06:53:46,290 ENGINE | Temp: 108.55 | RPM: 7303
2025-04-25 06:53:51,295 ENGINE | Temp: 109.86 | RPM: 7205
2025-04-25 06:53:56,305 ENGINE | Temp: 109.66 | RPM: 7205
2025-04-25 06:54:01,308 ENGINE | Temp: 108.9 | RPM: 7017
2025-04-25 06:54:06,310 ENGINE | Temp: 108.82 | RPM: 6860
2025-04-25 06:54:11,313 ENGINE | Temp: 110.15 | RPM: 6755
2025-04-25 06:54:16,323 ENGINE | Temp: 108.98 | RPM: 6689
2025-04-25 06:54:21,326 ENGINE | Temp: 110.7 | RPM: 6403
2025-04-25 06:54:26,328 ENGINE | Temp: 109.04 | RPM: 6446
2025-04-25 06:54:31,333 ENGINE | Temp: 109.47 | RPM: 6267
2025-04-25 06:54:36,346 ENGINE | Temp: 109.93 | RPM: 6157
2025-04-25 06:54:41,350 ENGINE | Temp: 110.39 | RPM: 5939
2025-04-25 06:54:46,357 ENGINE | Temp: 110.04 | RPM: 5740
2025-04-25 06:54:51,361 ENGINE | Temp: 109.63 | RPM: 5714
2025-04-25 06:54:56,378 ENGINE | Temp: 109.28 | RPM: 5432
2025-04-25 06:55:01,396 ENGINE | Temp: 110.66 | RPM: 5241
2025-04-25 06:55:06,402 ENGINE | Temp: 109.12 | RPM: 5195
2025-04-25 06:55:11,406 ENGINE | Temp: 109.58 | RPM: 5172
2025-04-25 06:55:16,410 ENGINE | Temp: 110.06 | RPM: 4870
2025-04-25 06:55:21,415 ENGINE | Temp: 108.4 | RPM: 4948
2025-04-25 06:55:26,419 ENGINE | Temp: 108.65 | RPM: 4870
2025-04-25 06:55:31,424 ENGINE | Temp: 107.82 | RPM: 4649
2025-04-25 06:55:36,433 ENGINE | Temp: 108.93 | RPM: 4554
2025-04-25 06:55:41,440 ENGINE | Temp: 107.48 | RPM: 4614
2025-04-25 06:55:46,444 ENGINE | Temp: 107.35 | RPM: 4476
2025-04-25 06:55:51,456 ENGINE | Temp: 107.99 | RPM: 4538
2025-04-25 06:55:56,476 ENGINE | Temp: 106.98 | RPM: 4474
2025-04-25 06:56:01,480 ENGINE | Temp: 107.64 | RPM: 4587
2025-04-25 06:56:06,488 ENGINE | Temp: 106.83 | RPM: 4522
2025-04-25 06:56:11,495 ENGINE | Temp: 105.27 | RPM: 4529
2025-04-25 06:56:16,499 ENGINE | Temp: 106.57 | RPM: 4541
2025-04-25 06:56:21,510 ENGINE | Temp: 104.9 | RPM: 4760
2025-04-25 06:56:26,517 ENGINE | Temp: 104.5 | RPM: 4661
2025-04-25 06:56:31,522 ENGINE | Temp: 103.99 | RPM: 4770
2025-04-25 06:56:36,527 ENGINE | Temp: 104.19 | RPM: 4928
2025-04-25 06:56:41,538 ENGINE | Temp: 104.29 | RPM: 4996
2025-04-25 06:56:46,542 ENGINE | Temp: 103.01 | RPM: 5125
2025-04-25 06:56:51,546 ENGINE | Temp: 103.29 | RPM: 5299
2025-04-25 06:56:56,533 ENGINE | Temp: 102.3 | RPM: 5421
2025-04-25 06:57:01,539 ENGINE | Temp: 101.87 | RPM: 5600
2025-05-01 04:04:32,845 ENGINE | Temp: 100.85 | RPM: 6038
2025-05-01 04:04:33,044 [31m[1mWARNING: This is a development server. Do not use it in a production deployment. Use a production WSGI server instead.[0m
 * Running on all addresses (0.0.0.0)
 * Running on http://127.0.0.1:5001
 * Running on http://172.20.0.3:5001
2025-05-01 04:04:33,051 [33mPress CTRL+C to quit[0m
2025-05-01 04:04:37,859 ENGINE | Temp: 100.86 | RPM: 6055
2025-05-01 04:04:42,943 ENGINE | Temp: 100.59 | RPM: 6220
2025-05-01 04:04:47,945 ENGINE | Temp: 100.78 | RPM: 6477
2025-05-01 04:04:52,953 ENGINE | Temp: 101.9 | RPM: 6650
2025-05-01 04:04:58,190 ENGINE | Temp: 102.02 | RPM: 6758
2025-05-01 04:05:03,314 ENGINE | Temp: 102.89 | RPM: 6854
2025-05-01 04:05:08,353 ENGINE | Temp: 104.37 | RPM: 6892
2025-05-01 04:05:13,366 ENGINE | Temp: 104.15 | RPM: 7145
2025-05-01 04:05:18,389 ENGINE | Temp: 104.88 | RPM: 7147
2025-05-01 04:05:23,395 ENGINE | Temp: 103.94 | RPM: 7212
2025-05-01 04:05:28,398 ENGINE | Temp: 105.99 | RPM: 7262
2025-05-01 04:05:33,402 ENGINE | Temp: 104.76 | RPM: 7397
2025-05-01 04:05:38,413 ENGINE | Temp: 106.74 | RPM: 7501
2025-05-01 04:05:43,418 ENGINE | Temp: 107.26 | RPM: 7437
2025-05-01 04:05:48,422 ENGINE | Temp: 107.32 | RPM: 7525
2025-05-01 04:05:53,426 ENGINE | Temp: 106.86 | RPM: 7570
2025-05-01 04:05:58,433 ENGINE | Temp: 106.8 | RPM: 7558
2025-05-01 04:06:03,436 ENGINE | Temp: 106.94 | RPM: 7436
2025-05-01 04:06:08,440 ENGINE | Temp: 107.63 | RPM: 7406
2025-05-01 04:06:13,448 ENGINE | Temp: 107.52 | RPM: 7421
2025-05-01 04:06:18,455 ENGINE | Temp: 109.49 | RPM: 7381
2025-05-01 04:06:23,459 ENGINE | Temp: 108.04 | RPM: 7234
2025-05-01 04:06:28,465 ENGINE | Temp: 108.23 | RPM: 7209
2025-05-01 04:06:33,472 ENGINE | Temp: 109.06 | RPM: 6974
2025-05-01 04:06:38,477 ENGINE | Temp: 110.1 | RPM: 6817
2025-05-01 04:06:43,481 ENGINE | Temp: 109.11 | RPM: 6699
2025-05-01 04:06:48,485 ENGINE | Temp: 110.49 | RPM: 6569
2025-05-01 04:06:53,489 ENGINE | Temp: 108.88 | RPM: 6427
2025-05-01 04:06:58,494 ENGINE | Temp: 110.31 | RPM: 6418
2025-05-01 04:07:03,498 ENGINE | Temp: 109.19 | RPM: 6163
2025-05-01 04:07:08,513 ENGINE | Temp: 109.7 | RPM: 6118
2025-05-01 04:07:13,522 ENGINE | Temp: 109.51 | RPM: 5875
2025-05-01 04:07:18,528 ENGINE | Temp: 109.7 | RPM: 5844
2025-05-01 04:07:23,537 ENGINE | Temp: 108.93 | RPM: 5528
2025-05-01 04:07:28,545 ENGINE | Temp: 109.67 | RPM: 5396
2025-05-01 04:07:33,548 ENGINE | Temp: 110.67 | RPM: 5386
2025-05-01 04:07:38,560 ENGINE | Temp: 110.36 | RPM: 5259
2025-05-01 04:07:43,567 ENGINE | Temp: 109.98 | RPM: 5071
2025-05-01 04:07:48,574 ENGINE | Temp: 108.78 | RPM: 4950
2025-05-01 04:07:53,580 ENGINE | Temp: 109.71 | RPM: 4775
