2025-04-25 06:26:17,277 TIRE (Front-Left) | PSI: 32.31 | Wear: 19.78%
2025-04-25 06:26:17,279 TIRE (Front-Right) | PSI: 29.97 | Wear: 19.35%
2025-04-25 06:26:17,288 TIRE (Rear-Left) | PSI: 30.68 | Wear: 19.66%
2025-04-25 06:26:17,289 TIRE (Rear-Right) | PSI: 28.30 | Wear: 20.95%
2025-04-25 06:26:17,377 [31m[1mWARNING: This is a development server. Do not use it in a production deployment. Use a production WSGI server instead.[0m
 * Running on all addresses (0.0.0.0)
 * Running on http://127.0.0.1:5002
 * Running on http://172.20.0.2:5002
2025-04-25 06:26:17,381 [33mPress CTRL+C to quit[0m
2025-04-25 06:26:22,298 TIRE (Front-Left) | PSI: 30.92 | Wear: 20.94%
2025-04-25 06:26:22,299 TIRE (Front-Right) | PSI: 31.54 | Wear: 21.16%
2025-04-25 06:26:22,299 TIRE (Rear-Left) | PSI: 30.54 | Wear: 20.54%
2025-04-25 06:26:22,299 TIRE (Rear-Right) | PSI: 28.36 | Wear: 19.73%
2025-04-25 06:26:27,305 TIRE (Front-Left) | PSI: 31.59 | Wear: 20.76%
2025-04-25 06:26:27,309 TIRE (Front-Right) | PSI: 33.34 | Wear: 20.37%
2025-04-25 06:26:27,309 TIRE (Rear-Left) | PSI: 30.39 | Wear: 21.54%
2025-04-25 06:26:27,309 TIRE (Rear-Right) | PSI: 25.69 | Wear: 20.47%
2025-04-25 06:26:32,312 TIRE (Front-Left) | PSI: 32.33 | Wear: 20.55%
2025-04-25 06:26:32,313 TIRE (Front-Right) | PSI: 33.33 | Wear: 20.64%
2025-04-25 06:26:32,313 TIRE (Rear-Left) | PSI: 28.91 | Wear: 21.38%
2025-04-25 06:26:32,313 TIRE (Rear-Right) | PSI: 26.54 | Wear: 21.83%
2025-04-25 06:26:37,317 TIRE (Front-Left) | PSI: 31.85 | Wear: 21.40%
2025-04-25 06:26:37,319 TIRE (Front-Right) | PSI: 33.91 | Wear: 21.44%
2025-04-25 06:26:37,320 TIRE (Rear-Left) | PSI: 28.56 | Wear: 21.08%
2025-04-25 06:26:37,321 TIRE (Rear-Right) | PSI: 26.18 | Wear: 21.97%
2025-04-25 06:26:42,330 TIRE (Front-Left) | PSI: 29.89 | Wear: 21.43%
2025-04-25 06:26:42,331 TIRE (Front-Right) | PSI: 33.20 | Wear: 21.99%
2025-04-25 06:26:42,331 TIRE (Rear-Left) | PSI: 27.66 | Wear: 20.93%
2025-04-25 06:26:42,331 TIRE (Rear-Right) | PSI: 25.33 | Wear: 21.64%
2025-04-25 06:26:47,337 TIRE (Front-Left) | PSI: 29.80 | Wear: 21.52%
2025-04-25 06:26:47,338 TIRE (Front-Right) | PSI: 32.35 | Wear: 21.92%
2025-04-25 06:26:47,338 TIRE (Rear-Left) | PSI: 27.99 | Wear: 22.33%
2025-04-25 06:26:47,339 TIRE (Rear-Right) | PSI: 26.89 | Wear: 21.71%
2025-04-25 06:26:52,340 TIRE (Front-Left) | PSI: 28.42 | Wear: 22.62%
2025-04-25 06:26:52,341 TIRE (Front-Right) | PSI: 32.36 | Wear: 21.25%
2025-04-25 06:26:52,341 TIRE (Rear-Left) | PSI: 29.85 | Wear: 22.98%
2025-04-25 06:26:52,341 TIRE (Rear-Right) | PSI: 26.10 | Wear: 23.02%
2025-04-25 06:26:57,345 TIRE (Front-Left) | PSI: 29.24 | Wear: 22.53%
2025-04-25 06:26:57,346 TIRE (Front-Right) | PSI: 31.79 | Wear: 22.87%
2025-04-25 06:26:57,346 TIRE (Rear-Left) | PSI: 30.72 | Wear: 22.53%
2025-04-25 06:26:57,346 TIRE (Rear-Right) | PSI: 23.46 | Wear: 21.90%
2025-04-25 06:27:02,348 TIRE (Front-Left) | PSI: 29.59 | Wear: 22.86%
2025-04-25 06:27:02,349 TIRE (Front-Right) | PSI: 31.34 | Wear: 22.41%
2025-04-25 06:27:02,349 TIRE (Rear-Left) | PSI: 30.14 | Wear: 23.25%
2025-04-25 06:27:02,350 TIRE (Rear-Right) | PSI: 24.12 | Wear: 21.87%
2025-04-25 06:27:07,353 TIRE (Front-Left) | PSI: 28.84 | Wear: 23.31%
2025-04-25 06:27:07,354 TIRE (Front-Right) | PSI: 31.50 | Wear: 22.78%
2025-04-25 06:27:07,354 TIRE (Rear-Left) | PSI: 27.92 | Wear: 22.87%
2025-04-25 06:27:07,354 TIRE (Rear-Right) | PSI: 23.24 | Wear: 23.41%
2025-04-25 06:27:12,357 TIRE (Front-Left) | PSI: 29.11 | Wear: 23.81%
2025-04-25 06:27:12,358 TIRE (Front-Right) | PSI: 31.69 | Wear: 23.83%
2025-04-25 06:27:12,358 TIRE (Rear-Left) | PSI: 27.79 | Wear: 23.28%
2025-04-25 06:27:12,358 TIRE (Rear-Right) | PSI: 25.42 | Wear: 23.78%
2025-04-25 06:27:17,367 TIRE (Front-Left) | PSI: 28.56 | Wear: 22.61%
2025-04-25 06:27:17,370 TIRE (Front-Right) | PSI: 33.06 | Wear: 23.83%
2025-04-25 06:27:17,370 TIRE (Rear-Left) | PSI: 25.99 | Wear: 22.60%
2025-04-25 06:27:17,370 TIRE (Rear-Right) | PSI: 24.33 | Wear: 22.87%
2025-04-25 06:27:22,372 TIRE (Front-Left) | PSI: 28.35 | Wear: 24.09%
2025-04-25 06:27:22,374 TIRE (Front-Right) | PSI: 33.26 | Wear: 23.18%
2025-04-25 06:27:22,374 TIRE (Rear-Left) | PSI: 28.22 | Wear: 24.46%
2025-04-25 06:27:22,374 TIRE (Rear-Right) | PSI: 23.43 | Wear: 24.12%
2025-04-25 06:27:27,379 TIRE (Front-Left) | PSI: 29.11 | Wear: 23.61%
2025-04-25 06:27:27,386 TIRE (Front-Right) | PSI: 30.78 | Wear: 23.93%
2025-04-25 06:27:27,387 TIRE (Rear-Left) | PSI: 27.78 | Wear: 23.61%
2025-04-25 06:27:27,387 TIRE (Rear-Right) | PSI: 22.30 | Wear: 24.15%
2025-04-25 06:27:32,390 TIRE (Front-Left) | PSI: 28.19 | Wear: 24.83%
2025-04-25 06:27:32,391 TIRE (Front-Right) | PSI: 29.28 | Wear: 23.57%
2025-04-25 06:27:32,391 TIRE (Rear-Left) | PSI: 27.24 | Wear: 24.66%
2025-04-25 06:27:32,391 TIRE (Rear-Right) | PSI: 22.46 | Wear: 24.97%
2025-04-25 06:27:37,398 TIRE (Front-Left) | PSI: 30.83 | Wear: 23.67%
2025-04-25 06:27:37,400 TIRE (Front-Right) | PSI: 30.72 | Wear: 25.05%
2025-04-25 06:27:37,400 TIRE (Rear-Left) | PSI: 27.60 | Wear: 24.74%
2025-04-25 06:27:37,400 TIRE (Rear-Right) | PSI: 24.26 | Wear: 24.48%
2025-04-25 06:27:42,402 TIRE (Front-Left) | PSI: 32.61 | Wear: 24.63%
2025-04-25 06:27:42,403 TIRE (Front-Right) | PSI: 30.03 | Wear: 24.71%
2025-04-25 06:27:42,403 TIRE (Rear-Left) | PSI: 25.77 | Wear: 25.25%
2025-04-25 06:27:42,404 TIRE (Rear-Right) | PSI: 24.95 | Wear: 24.57%
2025-04-25 06:27:47,411 TIRE (Front-Left) | PSI: 32.51 | Wear: 24.80%
2025-04-25 06:27:47,412 TIRE (Front-Right) | PSI: 31.26 | Wear: 24.16%
2025-04-25 06:27:47,412 TIRE (Rear-Left) | PSI: 26.24 | Wear: 24.19%
2025-04-25 06:27:47,413 TIRE (Rear-Right) | PSI: 25.47 | Wear: 25.64%
2025-04-25 06:27:52,414 TIRE (Front-Left) | PSI: 33.16 | Wear: 25.17%
2025-04-25 06:27:52,416 TIRE (Front-Right) | PSI: 31.48 | Wear: 24.77%
2025-04-25 06:27:52,416 TIRE (Rear-Left) | PSI: 27.78 | Wear: 25.19%
2025-04-25 06:27:52,416 TIRE (Rear-Right) | PSI: 27.20 | Wear: 24.91%
2025-04-25 06:27:57,425 TIRE (Front-Left) | PSI: 32.42 | Wear: 26.51%
2025-04-25 06:27:57,426 TIRE (Front-Right) | PSI: 30.78 | Wear: 26.51%
2025-04-25 06:27:57,426 TIRE (Rear-Left) | PSI: 28.07 | Wear: 25.78%
2025-04-25 06:27:57,426 TIRE (Rear-Right) | PSI: 26.50 | Wear: 25.11%
2025-04-25 06:28:02,450 TIRE (Front-Left) | PSI: 32.80 | Wear: 25.83%
2025-04-25 06:28:02,453 TIRE (Front-Right) | PSI: 30.54 | Wear: 26.52%
2025-04-25 06:28:02,455 TIRE (Rear-Left) | PSI: 30.52 | Wear: 26.25%
2025-04-25 06:28:02,458 TIRE (Rear-Right) | PSI: 26.62 | Wear: 26.21%
2025-04-25 06:28:07,473 TIRE (Front-Left) | PSI: 31.75 | Wear: 25.55%
2025-04-25 06:28:07,476 TIRE (Front-Right) | PSI: 32.39 | Wear: 25.27%
2025-04-25 06:28:07,476 TIRE (Rear-Left) | PSI: 29.94 | Wear: 26.44%
2025-04-25 06:28:07,477 TIRE (Rear-Right) | PSI: 27.82 | Wear: 25.64%
2025-04-25 06:28:12,481 TIRE (Front-Left) | PSI: 33.56 | Wear: 26.58%
2025-04-25 06:28:12,483 TIRE (Front-Right) | PSI: 32.20 | Wear: 25.73%
2025-04-25 06:28:12,483 TIRE (Rear-Left) | PSI: 29.55 | Wear: 27.04%
2025-04-25 06:28:12,484 TIRE (Rear-Right) | PSI: 27.52 | Wear: 26.59%
2025-04-25 06:28:17,487 TIRE (Front-Left) | PSI: 33.77 | Wear: 27.44%
2025-04-25 06:28:17,490 TIRE (Front-Right) | PSI: 33.41 | Wear: 27.39%
2025-04-25 06:28:17,490 TIRE (Rear-Left) | PSI: 29.32 | Wear: 26.52%
2025-04-25 06:28:17,491 TIRE (Rear-Right) | PSI: 29.87 | Wear: 25.78%
2025-04-25 06:28:22,498 TIRE (Front-Left) | PSI: 31.66 | Wear: 26.27%
2025-04-25 06:28:22,499 TIRE (Front-Right) | PSI: 32.59 | Wear: 26.61%
2025-04-25 06:28:22,499 TIRE (Rear-Left) | PSI: 28.21 | Wear: 25.84%
2025-04-25 06:28:22,499 TIRE (Rear-Right) | PSI: 29.75 | Wear: 26.57%
2025-04-25 06:28:27,508 TIRE (Front-Left) | PSI: 31.13 | Wear: 26.08%
2025-04-25 06:28:27,510 TIRE (Front-Right) | PSI: 32.41 | Wear: 26.41%
2025-04-25 06:28:27,511 TIRE (Rear-Left) | PSI: 29.56 | Wear: 26.49%
2025-04-25 06:28:27,511 TIRE (Rear-Right) | PSI: 29.56 | Wear: 27.88%
2025-04-25 06:28:32,516 TIRE (Front-Left) | PSI: 31.38 | Wear: 27.21%
2025-04-25 06:28:32,518 TIRE (Front-Right) | PSI: 31.37 | Wear: 27.97%
2025-04-25 06:28:32,518 TIRE (Rear-Left) | PSI: 30.63 | Wear: 27.68%
2025-04-25 06:28:32,518 TIRE (Rear-Right) | PSI: 27.79 | Wear: 26.52%
2025-04-25 06:28:37,529 TIRE (Front-Left) | PSI: 32.55 | Wear: 27.70%
2025-04-25 06:28:37,531 TIRE (Front-Right) | PSI: 29.42 | Wear: 26.66%
2025-04-25 06:28:37,531 TIRE (Rear-Left) | PSI: 30.10 | Wear: 27.33%
2025-04-25 06:28:37,531 TIRE (Rear-Right) | PSI: 28.74 | Wear: 27.41%
2025-04-25 06:28:42,536 TIRE (Front-Left) | PSI: 31.65 | Wear: 27.14%
2025-04-25 06:28:42,537 TIRE (Front-Right) | PSI: 30.57 | Wear: 27.65%
2025-04-25 06:28:42,537 TIRE (Rear-Left) | PSI: 31.24 | Wear: 26.84%
2025-04-25 06:28:42,537 TIRE (Rear-Right) | PSI: 28.47 | Wear: 27.26%
2025-04-25 06:28:47,544 TIRE (Front-Left) | PSI: 30.69 | Wear: 28.64%
2025-04-25 06:28:47,544 TIRE (Front-Right) | PSI: 31.59 | Wear: 28.66%
2025-04-25 06:28:47,545 TIRE (Rear-Left) | PSI: 30.70 | Wear: 27.09%
2025-04-25 06:28:47,545 TIRE (Rear-Right) | PSI: 27.66 | Wear: 27.26%
2025-04-25 06:28:52,552 TIRE (Front-Left) | PSI: 31.49 | Wear: 27.95%
2025-04-25 06:28:52,553 TIRE (Front-Right) | PSI: 30.13 | Wear: 28.18%
2025-04-25 06:28:52,553 TIRE (Rear-Left) | PSI: 29.66 | Wear: 28.90%
2025-04-25 06:28:52,553 TIRE (Rear-Right) | PSI: 28.78 | Wear: 27.22%
2025-04-25 06:28:57,556 TIRE (Front-Left) | PSI: 32.44 | Wear: 28.16%
2025-04-25 06:28:57,560 TIRE (Front-Right) | PSI: 31.13 | Wear: 27.29%
2025-04-25 06:28:57,560 TIRE (Rear-Left) | PSI: 27.54 | Wear: 27.73%
2025-04-25 06:28:57,560 TIRE (Rear-Right) | PSI: 28.46 | Wear: 27.47%
2025-04-25 06:29:02,565 TIRE (Front-Left) | PSI: 30.21 | Wear: 29.03%
2025-04-25 06:29:02,568 TIRE (Front-Right) | PSI: 31.45 | Wear: 28.09%
2025-04-25 06:29:02,568 TIRE (Rear-Left) | PSI: 27.88 | Wear: 28.85%
2025-04-25 06:29:02,568 TIRE (Rear-Right) | PSI: 27.73 | Wear: 28.32%
2025-04-25 06:29:07,574 TIRE (Front-Left) | PSI: 29.96 | Wear: 28.17%
2025-04-25 06:29:07,579 TIRE (Front-Right) | PSI: 31.45 | Wear: 29.42%
2025-04-25 06:29:07,579 TIRE (Rear-Left) | PSI: 27.85 | Wear: 28.98%
2025-04-25 06:29:07,580 TIRE (Rear-Right) | PSI: 27.20 | Wear: 27.79%
2025-04-25 06:29:12,582 TIRE (Front-Left) | PSI: 31.52 | Wear: 28.91%
2025-04-25 06:29:12,583 TIRE (Front-Right) | PSI: 32.38 | Wear: 28.87%
2025-04-25 06:29:12,584 TIRE (Rear-Left) | PSI: 26.92 | Wear: 29.30%
2025-04-25 06:29:12,584 TIRE (Rear-Right) | PSI: 26.12 | Wear: 29.00%
2025-04-25 06:29:17,587 TIRE (Front-Left) | PSI: 32.14 | Wear: 28.74%
2025-04-25 06:29:17,588 TIRE (Front-Right) | PSI: 32.58 | Wear: 29.19%
2025-04-25 06:29:17,588 TIRE (Rear-Left) | PSI: 25.42 | Wear: 28.10%
2025-04-25 06:29:17,588 TIRE (Rear-Right) | PSI: 26.57 | Wear: 29.61%
2025-04-25 06:29:22,594 TIRE (Front-Left) | PSI: 32.77 | Wear: 29.28%
2025-04-25 06:29:22,596 TIRE (Front-Right) | PSI: 32.78 | Wear: 29.69%
2025-04-25 06:29:22,596 TIRE (Rear-Left) | PSI: 27.26 | Wear: 28.98%
2025-04-25 06:29:22,596 TIRE (Rear-Right) | PSI: 27.05 | Wear: 28.39%
2025-04-25 06:29:27,602 TIRE (Front-Left) | PSI: 32.50 | Wear: 30.08%
2025-04-25 06:29:27,604 TIRE (Front-Right) | PSI: 32.27 | Wear: 29.03%
2025-04-25 06:29:27,604 TIRE (Rear-Left) | PSI: 29.03 | Wear: 29.01%
2025-04-25 06:29:27,604 TIRE (Rear-Right) | PSI: 27.81 | Wear: 28.40%
2025-04-25 06:29:32,608 TIRE (Front-Left) | PSI: 32.08 | Wear: 29.91%
2025-04-25 06:29:32,612 TIRE (Front-Right) | PSI: 31.19 | Wear: 28.69%
2025-04-25 06:29:32,612 TIRE (Rear-Left) | PSI: 27.51 | Wear: 29.32%
2025-04-25 06:29:32,613 TIRE (Rear-Right) | PSI: 27.51 | Wear: 28.53%
2025-04-25 06:29:37,614 TIRE (Front-Left) | PSI: 32.64 | Wear: 30.03%
2025-04-25 06:29:37,616 TIRE (Front-Right) | PSI: 30.85 | Wear: 28.95%
2025-04-25 06:29:37,616 TIRE (Rear-Left) | PSI: 28.44 | Wear: 29.39%
2025-04-25 06:29:37,616 TIRE (Rear-Right) | PSI: 28.10 | Wear: 29.54%
2025-04-25 06:29:42,622 TIRE (Front-Left) | PSI: 32.50 | Wear: 29.97%
2025-04-25 06:29:42,624 TIRE (Front-Right) | PSI: 30.28 | Wear: 28.80%
2025-04-25 06:29:42,624 TIRE (Rear-Left) | PSI: 28.23 | Wear: 30.28%
2025-04-25 06:29:42,624 TIRE (Rear-Right) | PSI: 28.85 | Wear: 28.97%
2025-04-25 06:29:47,631 TIRE (Front-Left) | PSI: 31.43 | Wear: 29.74%
2025-04-25 06:29:47,633 TIRE (Front-Right) | PSI: 29.74 | Wear: 29.35%
2025-04-25 06:29:47,633 TIRE (Rear-Left) | PSI: 26.60 | Wear: 30.25%
2025-04-25 06:29:47,633 TIRE (Rear-Right) | PSI: 29.24 | Wear: 28.79%
2025-04-25 06:29:52,637 TIRE (Front-Left) | PSI: 28.46 | Wear: 30.60%
2025-04-25 06:29:52,638 TIRE (Front-Right) | PSI: 31.07 | Wear: 30.32%
2025-04-25 06:29:52,638 TIRE (Rear-Left) | PSI: 27.69 | Wear: 29.80%
2025-04-25 06:29:52,638 TIRE (Rear-Right) | PSI: 29.85 | Wear: 29.57%
2025-04-25 06:29:57,645 TIRE (Front-Left) | PSI: 28.14 | Wear: 29.02%
2025-04-25 06:29:57,647 TIRE (Front-Right) | PSI: 32.46 | Wear: 29.65%
2025-04-25 06:29:57,647 TIRE (Rear-Left) | PSI: 27.18 | Wear: 29.74%
2025-04-25 06:29:57,647 TIRE (Rear-Right) | PSI: 30.99 | Wear: 29.07%
2025-04-25 06:30:02,654 TIRE (Front-Left) | PSI: 26.98 | Wear: 30.75%
2025-04-25 06:30:02,657 TIRE (Front-Right) | PSI: 31.55 | Wear: 30.07%
2025-04-25 06:30:02,657 TIRE (Rear-Left) | PSI: 28.67 | Wear: 29.88%
2025-04-25 06:30:02,658 TIRE (Rear-Right) | PSI: 31.80 | Wear: 29.12%
2025-04-25 06:30:07,660 TIRE (Front-Left) | PSI: 28.86 | Wear: 30.79%
2025-04-25 06:30:07,663 TIRE (Front-Right) | PSI: 32.13 | Wear: 29.24%
2025-04-25 06:30:07,663 TIRE (Rear-Left) | PSI: 29.90 | Wear: 30.66%
2025-04-25 06:30:07,663 TIRE (Rear-Right) | PSI: 34.04 | Wear: 29.35%
2025-04-25 06:30:12,665 TIRE (Front-Left) | PSI: 27.95 | Wear: 29.57%
2025-04-25 06:30:12,669 TIRE (Front-Right) | PSI: 31.75 | Wear: 29.85%
2025-04-25 06:30:12,669 TIRE (Rear-Left) | PSI: 31.33 | Wear: 30.03%
2025-04-25 06:30:12,670 TIRE (Rear-Right) | PSI: 35.82 | Wear: 30.64%
2025-04-25 06:30:17,673 TIRE (Front-Left) | PSI: 28.62 | Wear: 29.04%
2025-04-25 06:30:17,673 TIRE (Front-Right) | PSI: 31.53 | Wear: 29.78%
2025-04-25 06:30:17,673 TIRE (Rear-Left) | PSI: 30.13 | Wear: 28.97%
2025-04-25 06:30:17,673 TIRE (Rear-Right) | PSI: 34.75 | Wear: 29.85%
2025-04-25 06:30:22,675 TIRE (Front-Left) | PSI: 29.71 | Wear: 29.70%
2025-04-25 06:30:22,677 TIRE (Front-Right) | PSI: 30.56 | Wear: 29.68%
2025-04-25 06:30:22,677 TIRE (Rear-Left) | PSI: 32.10 | Wear: 29.20%
2025-04-25 06:30:22,677 TIRE (Rear-Right) | PSI: 33.07 | Wear: 30.46%
2025-04-25 06:30:27,679 TIRE (Front-Left) | PSI: 29.79 | Wear: 30.29%
2025-04-25 06:30:27,680 TIRE (Front-Right) | PSI: 30.32 | Wear: 30.59%
2025-04-25 06:30:27,681 TIRE (Rear-Left) | PSI: 32.49 | Wear: 30.97%
2025-04-25 06:30:27,681 TIRE (Rear-Right) | PSI: 34.12 | Wear: 29.34%
2025-04-25 06:30:32,684 TIRE (Front-Left) | PSI: 29.07 | Wear: 30.52%
2025-04-25 06:30:32,685 TIRE (Front-Right) | PSI: 30.53 | Wear: 29.84%
2025-04-25 06:30:32,685 TIRE (Rear-Left) | PSI: 32.09 | Wear: 29.65%
2025-04-25 06:30:32,686 TIRE (Rear-Right) | PSI: 32.90 | Wear: 29.69%
2025-04-25 06:30:37,687 TIRE (Front-Left) | PSI: 29.78 | Wear: 30.90%
2025-04-25 06:30:37,689 TIRE (Front-Right) | PSI: 30.34 | Wear: 30.80%
2025-04-25 06:30:37,689 TIRE (Rear-Left) | PSI: 31.56 | Wear: 30.00%
2025-04-25 06:30:37,689 TIRE (Rear-Right) | PSI: 33.01 | Wear: 29.74%
2025-04-25 06:30:42,693 TIRE (Front-Left) | PSI: 30.31 | Wear: 29.61%
2025-04-25 06:30:42,698 TIRE (Front-Right) | PSI: 29.50 | Wear: 29.59%
2025-04-25 06:30:42,698 TIRE (Rear-Left) | PSI: 31.65 | Wear: 29.82%
2025-04-25 06:30:42,698 TIRE (Rear-Right) | PSI: 33.26 | Wear: 30.77%
2025-04-25 06:30:47,701 TIRE (Front-Left) | PSI: 29.95 | Wear: 30.62%
2025-04-25 06:30:47,702 TIRE (Front-Right) | PSI: 30.53 | Wear: 29.61%
2025-04-25 06:30:47,703 TIRE (Rear-Left) | PSI: 29.49 | Wear: 30.40%
2025-04-25 06:30:47,703 TIRE (Rear-Right) | PSI: 31.75 | Wear: 29.57%
2025-04-25 06:30:52,709 TIRE (Front-Left) | PSI: 31.12 | Wear: 29.18%
2025-04-25 06:30:52,710 TIRE (Front-Right) | PSI: 29.37 | Wear: 29.12%
2025-04-25 06:30:52,710 TIRE (Rear-Left) | PSI: 28.00 | Wear: 30.96%
2025-04-25 06:30:52,710 TIRE (Rear-Right) | PSI: 32.50 | Wear: 29.68%
2025-04-25 06:30:57,716 TIRE (Front-Left) | PSI: 32.53 | Wear: 30.76%
2025-04-25 06:30:57,720 TIRE (Front-Right) | PSI: 28.57 | Wear: 30.92%
2025-04-25 06:30:57,721 TIRE (Rear-Left) | PSI: 27.36 | Wear: 30.34%
2025-04-25 06:30:57,721 TIRE (Rear-Right) | PSI: 32.00 | Wear: 30.03%
2025-04-25 06:31:02,723 TIRE (Front-Left) | PSI: 33.52 | Wear: 30.82%
2025-04-25 06:31:02,724 TIRE (Front-Right) | PSI: 30.14 | Wear: 30.87%
2025-04-25 06:31:02,724 TIRE (Rear-Left) | PSI: 28.94 | Wear: 29.52%
2025-04-25 06:31:02,724 TIRE (Rear-Right) | PSI: 32.66 | Wear: 30.45%
2025-04-25 06:31:07,727 TIRE (Front-Left) | PSI: 32.47 | Wear: 30.83%
2025-04-25 06:31:07,728 TIRE (Front-Right) | PSI: 32.62 | Wear: 30.72%
2025-04-25 06:31:07,728 TIRE (Rear-Left) | PSI: 27.15 | Wear: 29.95%
2025-04-25 06:31:07,728 TIRE (Rear-Right) | PSI: 32.54 | Wear: 29.45%
2025-04-25 06:32:44,567 TIRE (Front-Left) | PSI: 28.08 | Wear: 19.84%
2025-04-25 06:32:44,569 TIRE (Front-Right) | PSI: 30.51 | Wear: 20.46%
2025-04-25 06:32:44,573 TIRE (Rear-Left) | PSI: 29.08 | Wear: 20.69%
2025-04-25 06:32:44,574 TIRE (Rear-Right) | PSI: 30.84 | Wear: 20.27%
2025-04-25 06:32:44,589 [31m[1mWARNING: This is a development server. Do not use it in a production deployment. Use a production WSGI server instead.[0m
 * Running on all addresses (0.0.0.0)
 * Running on http://127.0.0.1:5002
 * Running on http://172.20.0.2:5002
2025-04-25 06:32:44,590 [33mPress CTRL+C to quit[0m
2025-04-25 06:32:49,577 TIRE (Front-Left) | PSI: 28.27 | Wear: 21.06%
2025-04-25 06:32:49,578 TIRE (Front-Right) | PSI: 29.71 | Wear: 21.22%
2025-04-25 06:32:49,578 TIRE (Rear-Left) | PSI: 28.88 | Wear: 20.49%
2025-04-25 06:32:49,578 TIRE (Rear-Right) | PSI: 31.86 | Wear: 20.65%
2025-04-25 06:32:54,581 TIRE (Front-Left) | PSI: 28.41 | Wear: 21.43%
2025-04-25 06:32:54,582 TIRE (Front-Right) | PSI: 30.64 | Wear: 20.24%
2025-04-25 06:32:54,583 TIRE (Rear-Left) | PSI: 29.24 | Wear: 20.02%
2025-04-25 06:32:54,583 TIRE (Rear-Right) | PSI: 31.61 | Wear: 21.16%
2025-04-25 06:32:59,587 TIRE (Front-Left) | PSI: 29.03 | Wear: 21.03%
2025-04-25 06:32:59,592 TIRE (Front-Right) | PSI: 29.70 | Wear: 21.54%
2025-04-25 06:32:59,593 TIRE (Rear-Left) | PSI: 30.65 | Wear: 20.14%
2025-04-25 06:32:59,593 TIRE (Rear-Right) | PSI: 32.66 | Wear: 20.88%
2025-04-25 06:33:04,596 TIRE (Front-Left) | PSI: 29.03 | Wear: 21.82%
2025-04-25 06:33:04,598 TIRE (Front-Right) | PSI: 28.27 | Wear: 21.22%
2025-04-25 06:33:04,598 TIRE (Rear-Left) | PSI: 30.94 | Wear: 21.75%
2025-04-25 06:33:04,598 TIRE (Rear-Right) | PSI: 32.60 | Wear: 20.47%
2025-04-25 06:33:09,605 TIRE (Front-Left) | PSI: 29.15 | Wear: 22.35%
2025-04-25 06:33:09,607 TIRE (Front-Right) | PSI: 29.08 | Wear: 21.32%
2025-04-25 06:33:09,607 TIRE (Rear-Left) | PSI: 30.25 | Wear: 21.66%
2025-04-25 06:33:09,608 TIRE (Rear-Right) | PSI: 31.96 | Wear: 21.05%
2025-04-25 06:33:14,628 TIRE (Front-Left) | PSI: 28.08 | Wear: 21.87%
2025-04-25 06:33:14,674 TIRE (Front-Right) | PSI: 28.25 | Wear: 21.90%
2025-04-25 06:33:14,675 TIRE (Rear-Left) | PSI: 32.84 | Wear: 21.38%
2025-04-25 06:33:14,677 TIRE (Rear-Right) | PSI: 30.09 | Wear: 21.96%
2025-04-25 06:33:19,686 TIRE (Front-Left) | PSI: 29.15 | Wear: 21.51%
2025-04-25 06:33:19,688 TIRE (Front-Right) | PSI: 28.49 | Wear: 21.56%
2025-04-25 06:33:19,688 TIRE (Rear-Left) | PSI: 33.57 | Wear: 22.87%
2025-04-25 06:33:19,688 TIRE (Rear-Right) | PSI: 28.38 | Wear: 21.99%
2025-04-25 06:33:24,691 TIRE (Front-Left) | PSI: 29.86 | Wear: 22.61%
2025-04-25 06:33:24,693 TIRE (Front-Right) | PSI: 29.23 | Wear: 21.69%
2025-04-25 06:33:24,693 TIRE (Rear-Left) | PSI: 35.11 | Wear: 21.93%
2025-04-25 06:33:24,693 TIRE (Rear-Right) | PSI: 28.01 | Wear: 22.83%
2025-04-25 06:33:29,696 TIRE (Front-Left) | PSI: 29.47 | Wear: 23.62%
2025-04-25 06:33:29,697 TIRE (Front-Right) | PSI: 29.51 | Wear: 21.99%
2025-04-25 06:33:29,697 TIRE (Rear-Left) | PSI: 34.56 | Wear: 23.03%
2025-04-25 06:33:29,697 TIRE (Rear-Right) | PSI: 28.45 | Wear: 23.62%
2025-04-25 06:33:34,705 TIRE (Front-Left) | PSI: 29.43 | Wear: 22.66%
2025-04-25 06:33:34,707 TIRE (Front-Right) | PSI: 31.26 | Wear: 22.60%
2025-04-25 06:33:34,707 TIRE (Rear-Left) | PSI: 36.02 | Wear: 23.65%
2025-04-25 06:33:34,707 TIRE (Rear-Right) | PSI: 28.16 | Wear: 21.97%
2025-04-25 06:33:39,708 TIRE (Front-Left) | PSI: 29.73 | Wear: 22.85%
2025-04-25 06:33:39,713 TIRE (Front-Right) | PSI: 30.95 | Wear: 24.22%
2025-04-25 06:33:39,714 TIRE (Rear-Left) | PSI: 35.28 | Wear: 23.19%
2025-04-25 06:33:39,714 TIRE (Rear-Right) | PSI: 28.39 | Wear: 22.48%
2025-04-25 06:33:44,718 TIRE (Front-Left) | PSI: 27.07 | Wear: 24.39%
2025-04-25 06:33:44,720 TIRE (Front-Right) | PSI: 30.14 | Wear: 23.94%
2025-04-25 06:33:44,721 TIRE (Rear-Left) | PSI: 34.22 | Wear: 23.56%
2025-04-25 06:33:44,721 TIRE (Rear-Right) | PSI: 28.84 | Wear: 22.66%
2025-04-25 06:33:49,724 TIRE (Front-Left) | PSI: 28.54 | Wear: 24.49%
2025-04-25 06:33:49,726 TIRE (Front-Right) | PSI: 29.10 | Wear: 23.25%
2025-04-25 06:33:49,726 TIRE (Rear-Left) | PSI: 33.87 | Wear: 24.78%
2025-04-25 06:33:49,726 TIRE (Rear-Right) | PSI: 27.51 | Wear: 22.99%
2025-04-25 06:33:54,730 TIRE (Front-Left) | PSI: 29.88 | Wear: 24.57%
2025-04-25 06:33:54,733 TIRE (Front-Right) | PSI: 27.95 | Wear: 23.21%
2025-04-25 06:33:54,733 TIRE (Rear-Left) | PSI: 33.04 | Wear: 24.94%
2025-04-25 06:33:54,733 TIRE (Rear-Right) | PSI: 27.00 | Wear: 23.26%
2025-04-25 06:33:59,755 TIRE (Front-Left) | PSI: 30.64 | Wear: 24.74%
2025-04-25 06:33:59,762 TIRE (Front-Right) | PSI: 29.65 | Wear: 23.53%
2025-04-25 06:33:59,763 TIRE (Rear-Left) | PSI: 32.22 | Wear: 23.77%
2025-04-25 06:33:59,768 TIRE (Rear-Right) | PSI: 29.20 | Wear: 25.15%
2025-04-25 06:34:04,775 TIRE (Front-Left) | PSI: 30.02 | Wear: 24.07%
2025-04-25 06:34:04,776 TIRE (Front-Right) | PSI: 29.74 | Wear: 24.38%
2025-04-25 06:34:04,776 TIRE (Rear-Left) | PSI: 33.03 | Wear: 24.19%
2025-04-25 06:34:04,777 TIRE (Rear-Right) | PSI: 29.87 | Wear: 23.81%
2025-04-25 06:34:09,779 TIRE (Front-Left) | PSI: 31.23 | Wear: 25.85%
2025-04-25 06:34:09,781 TIRE (Front-Right) | PSI: 28.96 | Wear: 25.02%
2025-04-25 06:34:09,781 TIRE (Rear-Left) | PSI: 33.91 | Wear: 25.69%
2025-04-25 06:34:09,781 TIRE (Rear-Right) | PSI: 29.14 | Wear: 24.38%
2025-04-25 06:34:14,784 TIRE (Front-Left) | PSI: 29.62 | Wear: 26.07%
2025-04-25 06:34:14,785 TIRE (Front-Right) | PSI: 29.71 | Wear: 25.39%
2025-04-25 06:34:14,786 TIRE (Rear-Left) | PSI: 32.87 | Wear: 26.05%
2025-04-25 06:34:14,786 TIRE (Rear-Right) | PSI: 28.56 | Wear: 24.23%
2025-04-25 06:34:19,793 TIRE (Front-Left) | PSI: 29.60 | Wear: 25.05%
2025-04-25 06:34:19,795 TIRE (Front-Right) | PSI: 29.92 | Wear: 25.96%
2025-04-25 06:34:19,795 TIRE (Rear-Left) | PSI: 33.16 | Wear: 24.42%
2025-04-25 06:34:19,795 TIRE (Rear-Right) | PSI: 29.08 | Wear: 25.27%
2025-04-25 06:34:24,799 TIRE (Front-Left) | PSI: 28.95 | Wear: 26.52%
2025-04-25 06:34:24,803 TIRE (Front-Right) | PSI: 29.35 | Wear: 25.67%
2025-04-25 06:34:24,804 TIRE (Rear-Left) | PSI: 31.35 | Wear: 26.50%
2025-04-25 06:34:24,804 TIRE (Rear-Right) | PSI: 27.74 | Wear: 26.53%
2025-04-25 06:34:29,808 TIRE (Front-Left) | PSI: 28.45 | Wear: 25.09%
2025-04-25 06:34:29,810 TIRE (Front-Right) | PSI: 28.58 | Wear: 26.69%
2025-04-25 06:34:29,810 TIRE (Rear-Left) | PSI: 33.05 | Wear: 26.12%
2025-04-25 06:34:29,810 TIRE (Rear-Right) | PSI: 28.98 | Wear: 25.64%
2025-04-25 06:34:34,820 TIRE (Front-Left) | PSI: 28.42 | Wear: 26.51%
2025-04-25 06:34:34,837 TIRE (Front-Right) | PSI: 28.95 | Wear: 27.09%
2025-04-25 06:34:34,837 TIRE (Rear-Left) | PSI: 32.27 | Wear: 26.58%
2025-04-25 06:34:34,838 TIRE (Rear-Right) | PSI: 29.82 | Wear: 25.86%
2025-04-25 06:34:39,841 TIRE (Front-Left) | PSI: 26.97 | Wear: 26.04%
2025-04-25 06:34:39,842 TIRE (Front-Right) | PSI: 28.51 | Wear: 26.02%
2025-04-25 06:34:39,842 TIRE (Rear-Left) | PSI: 31.73 | Wear: 27.14%
2025-04-25 06:34:39,843 TIRE (Rear-Right) | PSI: 29.60 | Wear: 27.24%
2025-04-25 06:34:44,849 TIRE (Front-Left) | PSI: 28.76 | Wear: 25.94%
2025-04-25 06:34:44,851 TIRE (Front-Right) | PSI: 29.23 | Wear: 27.27%
2025-04-25 06:34:44,851 TIRE (Rear-Left) | PSI: 31.10 | Wear: 26.20%
2025-04-25 06:34:44,851 TIRE (Rear-Right) | PSI: 28.53 | Wear: 27.54%
2025-04-25 06:34:49,854 TIRE (Front-Left) | PSI: 28.41 | Wear: 27.77%
2025-04-25 06:34:49,857 TIRE (Front-Right) | PSI: 28.64 | Wear: 25.88%
2025-04-25 06:34:49,857 TIRE (Rear-Left) | PSI: 30.07 | Wear: 26.15%
2025-04-25 06:34:49,857 TIRE (Rear-Right) | PSI: 28.34 | Wear: 27.43%
2025-04-25 06:34:54,862 TIRE (Front-Left) | PSI: 29.40 | Wear: 26.95%
2025-04-25 06:34:54,871 TIRE (Front-Right) | PSI: 28.67 | Wear: 27.10%
2025-04-25 06:34:54,871 TIRE (Rear-Left) | PSI: 29.82 | Wear: 26.28%
2025-04-25 06:34:54,872 TIRE (Rear-Right) | PSI: 27.78 | Wear: 27.92%
2025-04-25 06:34:59,890 TIRE (Front-Left) | PSI: 29.23 | Wear: 27.65%
2025-04-25 06:34:59,894 TIRE (Front-Right) | PSI: 27.09 | Wear: 27.47%
2025-04-25 06:34:59,894 TIRE (Rear-Left) | PSI: 30.54 | Wear: 27.70%
2025-04-25 06:34:59,894 TIRE (Rear-Right) | PSI: 28.27 | Wear: 26.47%
2025-04-25 06:35:04,897 TIRE (Front-Left) | PSI: 29.51 | Wear: 28.40%
2025-04-25 06:35:04,898 TIRE (Front-Right) | PSI: 27.47 | Wear: 28.12%
2025-04-25 06:35:04,898 TIRE (Rear-Left) | PSI: 30.06 | Wear: 28.18%
2025-04-25 06:35:04,899 TIRE (Rear-Right) | PSI: 29.15 | Wear: 26.67%
2025-04-25 06:35:09,901 TIRE (Front-Left) | PSI: 28.53 | Wear: 28.42%
2025-04-25 06:35:09,905 TIRE (Front-Right) | PSI: 25.56 | Wear: 28.15%
2025-04-25 06:35:09,905 TIRE (Rear-Left) | PSI: 31.25 | Wear: 28.46%
2025-04-25 06:35:09,905 TIRE (Rear-Right) | PSI: 30.85 | Wear: 27.73%
2025-04-25 06:35:14,907 TIRE (Front-Left) | PSI: 26.26 | Wear: 27.05%
2025-04-25 06:35:14,909 TIRE (Front-Right) | PSI: 27.33 | Wear: 28.35%
2025-04-25 06:35:14,909 TIRE (Rear-Left) | PSI: 30.05 | Wear: 27.74%
2025-04-25 06:35:14,909 TIRE (Rear-Right) | PSI: 30.50 | Wear: 26.87%
2025-04-25 06:35:19,914 TIRE (Front-Left) | PSI: 27.29 | Wear: 27.50%
2025-04-25 06:35:19,921 TIRE (Front-Right) | PSI: 27.98 | Wear: 27.77%
2025-04-25 06:35:19,921 TIRE (Rear-Left) | PSI: 30.70 | Wear: 27.69%
2025-04-25 06:35:19,921 TIRE (Rear-Right) | PSI: 29.66 | Wear: 27.03%
2025-04-25 06:35:24,924 TIRE (Front-Left) | PSI: 28.26 | Wear: 27.77%
2025-04-25 06:35:24,925 TIRE (Front-Right) | PSI: 25.32 | Wear: 27.48%
2025-04-25 06:35:24,926 TIRE (Rear-Left) | PSI: 29.41 | Wear: 27.62%
2025-04-25 06:35:24,926 TIRE (Rear-Right) | PSI: 29.47 | Wear: 27.91%
2025-04-25 06:35:29,930 TIRE (Front-Left) | PSI: 28.64 | Wear: 28.78%
2025-04-25 06:35:29,932 TIRE (Front-Right) | PSI: 25.52 | Wear: 29.33%
2025-04-25 06:35:29,933 TIRE (Rear-Left) | PSI: 30.89 | Wear: 29.15%
2025-04-25 06:35:29,933 TIRE (Rear-Right) | PSI: 27.75 | Wear: 29.04%
2025-04-25 06:35:34,958 TIRE (Front-Left) | PSI: 29.79 | Wear: 27.97%
2025-04-25 06:35:34,961 TIRE (Front-Right) | PSI: 26.27 | Wear: 27.93%
2025-04-25 06:35:34,961 TIRE (Rear-Left) | PSI: 30.62 | Wear: 29.19%
2025-04-25 06:35:34,961 TIRE (Rear-Right) | PSI: 29.39 | Wear: 28.79%
2025-04-25 06:35:39,966 TIRE (Front-Left) | PSI: 28.46 | Wear: 28.98%
2025-04-25 06:35:39,974 TIRE (Front-Right) | PSI: 26.11 | Wear: 27.95%
2025-04-25 06:35:39,975 TIRE (Rear-Left) | PSI: 29.23 | Wear: 29.44%
2025-04-25 06:35:39,975 TIRE (Rear-Right) | PSI: 29.68 | Wear: 29.36%
2025-04-25 06:35:44,980 TIRE (Front-Left) | PSI: 29.53 | Wear: 29.11%
2025-04-25 06:35:44,983 TIRE (Front-Right) | PSI: 26.08 | Wear: 29.79%
2025-04-25 06:35:44,983 TIRE (Rear-Left) | PSI: 30.00 | Wear: 28.95%
2025-04-25 06:35:44,984 TIRE (Rear-Right) | PSI: 28.71 | Wear: 29.36%
2025-04-25 06:35:50,011 TIRE (Front-Left) | PSI: 28.31 | Wear: 29.41%
2025-04-25 06:35:50,024 TIRE (Front-Right) | PSI: 25.81 | Wear: 28.54%
2025-04-25 06:35:50,029 TIRE (Rear-Left) | PSI: 30.69 | Wear: 29.19%
2025-04-25 06:35:50,035 TIRE (Rear-Right) | PSI: 28.14 | Wear: 28.58%
2025-04-25 06:35:55,038 TIRE (Front-Left) | PSI: 29.58 | Wear: 28.10%
2025-04-25 06:35:55,044 TIRE (Front-Right) | PSI: 24.21 | Wear: 29.21%
2025-04-25 06:35:55,044 TIRE (Rear-Left) | PSI: 29.77 | Wear: 29.73%
2025-04-25 06:35:55,045 TIRE (Rear-Right) | PSI: 28.52 | Wear: 29.95%
2025-04-25 06:36:00,048 TIRE (Front-Left) | PSI: 29.00 | Wear: 28.70%
2025-04-25 06:36:00,050 TIRE (Front-Right) | PSI: 25.18 | Wear: 28.25%
2025-04-25 06:36:00,050 TIRE (Rear-Left) | PSI: 30.32 | Wear: 29.90%
2025-04-25 06:36:00,050 TIRE (Rear-Right) | PSI: 27.37 | Wear: 28.65%
2025-04-25 06:36:05,054 TIRE (Front-Left) | PSI: 29.92 | Wear: 29.33%
2025-04-25 06:36:05,057 TIRE (Front-Right) | PSI: 24.84 | Wear: 29.36%
2025-04-25 06:36:05,058 TIRE (Rear-Left) | PSI: 28.96 | Wear: 29.29%
2025-04-25 06:36:05,058 TIRE (Rear-Right) | PSI: 27.15 | Wear: 28.90%
2025-04-25 06:36:10,060 TIRE (Front-Left) | PSI: 30.39 | Wear: 28.47%
2025-04-25 06:36:10,061 TIRE (Front-Right) | PSI: 25.15 | Wear: 28.89%
2025-04-25 06:36:10,061 TIRE (Rear-Left) | PSI: 30.49 | Wear: 28.64%
2025-04-25 06:36:10,061 TIRE (Rear-Right) | PSI: 27.52 | Wear: 29.69%
2025-04-25 06:36:15,065 TIRE (Front-Left) | PSI: 31.74 | Wear: 29.94%
2025-04-25 06:36:15,068 TIRE (Front-Right) | PSI: 26.20 | Wear: 30.50%
2025-04-25 06:36:15,068 TIRE (Rear-Left) | PSI: 29.37 | Wear: 28.63%
2025-04-25 06:36:15,068 TIRE (Rear-Right) | PSI: 27.18 | Wear: 29.41%
2025-04-25 06:36:20,073 TIRE (Front-Left) | PSI: 31.85 | Wear: 29.25%
2025-04-25 06:36:20,077 TIRE (Front-Right) | PSI: 26.12 | Wear: 29.87%
2025-04-25 06:36:20,077 TIRE (Rear-Left) | PSI: 29.19 | Wear: 29.38%
2025-04-25 06:36:20,078 TIRE (Rear-Right) | PSI: 27.23 | Wear: 29.59%
2025-04-25 06:36:25,081 TIRE (Front-Left) | PSI: 30.54 | Wear: 30.32%
2025-04-25 06:36:25,083 TIRE (Front-Right) | PSI: 26.31 | Wear: 29.66%
2025-04-25 06:36:25,084 TIRE (Rear-Left) | PSI: 30.01 | Wear: 30.25%
2025-04-25 06:36:25,084 TIRE (Rear-Right) | PSI: 29.12 | Wear: 28.81%
2025-04-25 06:36:30,086 TIRE (Front-Left) | PSI: 29.70 | Wear: 29.44%
2025-04-25 06:36:30,089 TIRE (Front-Right) | PSI: 28.86 | Wear: 29.82%
2025-04-25 06:36:30,090 TIRE (Rear-Left) | PSI: 29.53 | Wear: 29.05%
2025-04-25 06:36:30,091 TIRE (Rear-Right) | PSI: 29.55 | Wear: 30.68%
2025-04-25 06:36:35,097 TIRE (Front-Left) | PSI: 29.77 | Wear: 30.80%
2025-04-25 06:36:35,099 TIRE (Front-Right) | PSI: 29.69 | Wear: 30.81%
2025-04-25 06:36:35,099 TIRE (Rear-Left) | PSI: 28.82 | Wear: 30.44%
2025-04-25 06:36:35,099 TIRE (Rear-Right) | PSI: 29.41 | Wear: 29.05%
2025-04-25 06:36:40,107 TIRE (Front-Left) | PSI: 29.74 | Wear: 30.09%
2025-04-25 06:36:40,110 TIRE (Front-Right) | PSI: 29.08 | Wear: 30.54%
2025-04-25 06:36:40,110 TIRE (Rear-Left) | PSI: 29.80 | Wear: 29.98%
2025-04-25 06:36:40,111 TIRE (Rear-Right) | PSI: 30.12 | Wear: 29.99%
2025-04-25 06:36:45,114 TIRE (Front-Left) | PSI: 30.27 | Wear: 29.86%
2025-04-25 06:36:45,116 TIRE (Front-Right) | PSI: 29.97 | Wear: 29.12%
2025-04-25 06:36:45,116 TIRE (Rear-Left) | PSI: 28.84 | Wear: 29.82%
2025-04-25 06:36:45,116 TIRE (Rear-Right) | PSI: 30.25 | Wear: 29.02%
2025-04-25 06:36:50,123 TIRE (Front-Left) | PSI: 30.79 | Wear: 29.75%
2025-04-25 06:36:50,126 TIRE (Front-Right) | PSI: 29.29 | Wear: 30.22%
2025-04-25 06:36:50,126 TIRE (Rear-Left) | PSI: 29.61 | Wear: 30.90%
2025-04-25 06:36:50,126 TIRE (Rear-Right) | PSI: 31.67 | Wear: 30.25%
2025-04-25 06:36:55,130 TIRE (Front-Left) | PSI: 29.74 | Wear: 30.10%
2025-04-25 06:36:55,132 TIRE (Front-Right) | PSI: 28.20 | Wear: 29.18%
2025-04-25 06:36:55,132 TIRE (Rear-Left) | PSI: 30.58 | Wear: 30.68%
2025-04-25 06:36:55,132 TIRE (Rear-Right) | PSI: 31.57 | Wear: 29.43%
2025-04-25 06:37:00,141 TIRE (Front-Left) | PSI: 28.11 | Wear: 29.63%
2025-04-25 06:37:00,144 TIRE (Front-Right) | PSI: 27.93 | Wear: 29.62%
2025-04-25 06:37:00,144 TIRE (Rear-Left) | PSI: 29.97 | Wear: 30.11%
2025-04-25 06:37:00,144 TIRE (Rear-Right) | PSI: 31.01 | Wear: 30.80%
2025-04-25 06:37:05,147 TIRE (Front-Left) | PSI: 29.43 | Wear: 29.78%
2025-04-25 06:37:05,149 TIRE (Front-Right) | PSI: 28.85 | Wear: 29.96%
2025-04-25 06:37:05,149 TIRE (Rear-Left) | PSI: 28.94 | Wear: 30.35%
2025-04-25 06:37:05,149 TIRE (Rear-Right) | PSI: 31.10 | Wear: 29.14%
2025-04-25 06:37:10,153 TIRE (Front-Left) | PSI: 29.46 | Wear: 29.33%
2025-04-25 06:37:10,154 TIRE (Front-Right) | PSI: 30.61 | Wear: 29.79%
2025-04-25 06:37:10,154 TIRE (Rear-Left) | PSI: 29.72 | Wear: 29.81%
2025-04-25 06:37:10,154 TIRE (Rear-Right) | PSI: 31.15 | Wear: 30.74%
2025-04-25 06:37:15,165 TIRE (Front-Left) | PSI: 29.98 | Wear: 29.17%
2025-04-25 06:37:15,167 TIRE (Front-Right) | PSI: 30.28 | Wear: 29.54%
2025-04-25 06:37:15,167 TIRE (Rear-Left) | PSI: 28.53 | Wear: 30.55%
2025-04-25 06:37:15,168 TIRE (Rear-Right) | PSI: 30.28 | Wear: 29.14%
2025-04-25 06:37:20,172 TIRE (Front-Left) | PSI: 30.81 | Wear: 29.79%
2025-04-25 06:37:20,173 TIRE (Front-Right) | PSI: 30.85 | Wear: 30.19%
2025-04-25 06:37:20,173 TIRE (Rear-Left) | PSI: 28.33 | Wear: 30.11%
2025-04-25 06:37:20,173 TIRE (Rear-Right) | PSI: 30.82 | Wear: 30.81%
2025-04-25 06:37:25,178 TIRE (Front-Left) | PSI: 30.08 | Wear: 30.23%
2025-04-25 06:37:25,179 TIRE (Front-Right) | PSI: 30.46 | Wear: 30.30%
2025-04-25 06:37:25,179 TIRE (Rear-Left) | PSI: 30.24 | Wear: 30.01%
2025-04-25 06:37:25,179 TIRE (Rear-Right) | PSI: 33.18 | Wear: 30.87%
2025-04-25 06:37:30,186 TIRE (Front-Left) | PSI: 29.13 | Wear: 29.22%
2025-04-25 06:37:30,187 TIRE (Front-Right) | PSI: 32.17 | Wear: 29.32%
2025-04-25 06:37:30,187 TIRE (Rear-Left) | PSI: 31.74 | Wear: 29.03%
2025-04-25 06:37:30,187 TIRE (Rear-Right) | PSI: 31.61 | Wear: 30.39%
2025-04-25 06:37:35,192 TIRE (Front-Left) | PSI: 29.35 | Wear: 30.02%
2025-04-25 06:37:35,197 TIRE (Front-Right) | PSI: 31.22 | Wear: 29.16%
2025-04-25 06:37:35,197 TIRE (Rear-Left) | PSI: 30.61 | Wear: 29.86%
2025-04-25 06:37:35,197 TIRE (Rear-Right) | PSI: 32.19 | Wear: 29.99%
2025-04-25 06:37:40,200 TIRE (Front-Left) | PSI: 29.89 | Wear: 29.56%
2025-04-25 06:37:40,201 TIRE (Front-Right) | PSI: 30.43 | Wear: 29.82%
2025-04-25 06:37:40,202 TIRE (Rear-Left) | PSI: 29.84 | Wear: 29.79%
2025-04-25 06:37:40,202 TIRE (Rear-Right) | PSI: 31.64 | Wear: 29.98%
2025-04-25 06:37:45,206 TIRE (Front-Left) | PSI: 30.99 | Wear: 28.76%
2025-04-25 06:37:45,207 TIRE (Front-Right) | PSI: 31.30 | Wear: 29.65%
2025-04-25 06:37:45,207 TIRE (Rear-Left) | PSI: 29.48 | Wear: 29.11%
2025-04-25 06:37:45,207 TIRE (Rear-Right) | PSI: 31.51 | Wear: 30.64%
2025-04-25 06:37:50,208 TIRE (Front-Left) | PSI: 31.58 | Wear: 29.69%
2025-04-25 06:37:50,209 TIRE (Front-Right) | PSI: 32.03 | Wear: 29.56%
2025-04-25 06:37:50,209 TIRE (Rear-Left) | PSI: 30.59 | Wear: 30.56%
2025-04-25 06:37:50,210 TIRE (Rear-Right) | PSI: 31.45 | Wear: 28.94%
2025-04-25 06:37:55,215 TIRE (Front-Left) | PSI: 31.31 | Wear: 29.26%
2025-04-25 06:37:55,216 TIRE (Front-Right) | PSI: 30.82 | Wear: 28.61%
2025-04-25 06:37:55,216 TIRE (Rear-Left) | PSI: 30.61 | Wear: 30.38%
2025-04-25 06:37:55,216 TIRE (Rear-Right) | PSI: 30.08 | Wear: 29.41%
2025-04-25 06:38:00,219 TIRE (Front-Left) | PSI: 30.76 | Wear: 29.30%
2025-04-25 06:38:00,220 TIRE (Front-Right) | PSI: 30.47 | Wear: 30.48%
2025-04-25 06:38:00,220 TIRE (Rear-Left) | PSI: 29.46 | Wear: 29.39%
2025-04-25 06:38:00,221 TIRE (Rear-Right) | PSI: 31.44 | Wear: 28.53%
2025-04-25 06:38:05,223 TIRE (Front-Left) | PSI: 31.51 | Wear: 30.10%
2025-04-25 06:38:05,224 TIRE (Front-Right) | PSI: 31.34 | Wear: 29.05%
2025-04-25 06:38:05,224 TIRE (Rear-Left) | PSI: 29.06 | Wear: 30.09%
2025-04-25 06:38:05,224 TIRE (Rear-Right) | PSI: 29.38 | Wear: 29.53%
2025-04-25 06:41:56,482 TIRE (Front-Left) | PSI: 28.69 | Wear: 19.45%
2025-04-25 06:41:56,484 TIRE (Front-Right) | PSI: 29.15 | Wear: 19.41%
2025-04-25 06:41:56,489 TIRE (Rear-Left) | PSI: 30.34 | Wear: 20.01%
2025-04-25 06:41:56,490 TIRE (Rear-Right) | PSI: 31.12 | Wear: 20.00%
2025-04-25 06:41:56,534 [31m[1mWARNING: This is a development server. Do not use it in a production deployment. Use a production WSGI server instead.[0m
 * Running on all addresses (0.0.0.0)
 * Running on http://127.0.0.1:5002
 * Running on http://172.20.0.3:5002
2025-04-25 06:41:56,535 [33mPress CTRL+C to quit[0m
2025-04-25 06:42:01,511 TIRE (Front-Left) | PSI: 27.26 | Wear: 21.22%
2025-04-25 06:42:01,513 TIRE (Front-Right) | PSI: 31.26 | Wear: 19.87%
2025-04-25 06:42:01,514 TIRE (Rear-Left) | PSI: 29.72 | Wear: 20.19%
2025-04-25 06:42:01,514 TIRE (Rear-Right) | PSI: 32.16 | Wear: 19.64%
2025-04-25 06:42:06,520 TIRE (Front-Left) | PSI: 28.05 | Wear: 20.98%
2025-04-25 06:42:06,522 TIRE (Front-Right) | PSI: 29.45 | Wear: 19.67%
2025-04-25 06:42:06,522 TIRE (Rear-Left) | PSI: 28.41 | Wear: 20.41%
2025-04-25 06:42:06,522 TIRE (Rear-Right) | PSI: 30.67 | Wear: 19.75%
2025-04-25 06:42:11,523 TIRE (Front-Left) | PSI: 25.63 | Wear: 20.65%
2025-04-25 06:42:11,524 TIRE (Front-Right) | PSI: 28.42 | Wear: 21.15%
2025-04-25 06:42:11,524 TIRE (Rear-Left) | PSI: 27.67 | Wear: 19.96%
2025-04-25 06:42:11,524 TIRE (Rear-Right) | PSI: 30.17 | Wear: 20.93%
2025-04-25 06:42:16,528 TIRE (Front-Left) | PSI: 26.81 | Wear: 20.35%
2025-04-25 06:42:16,535 TIRE (Front-Right) | PSI: 29.21 | Wear: 21.33%
2025-04-25 06:42:16,535 TIRE (Rear-Left) | PSI: 29.97 | Wear: 21.41%
2025-04-25 06:42:16,535 TIRE (Rear-Right) | PSI: 30.30 | Wear: 20.43%
2025-04-25 06:42:21,538 TIRE (Front-Left) | PSI: 27.65 | Wear: 21.08%
2025-04-25 06:42:21,541 TIRE (Front-Right) | PSI: 30.10 | Wear: 22.06%
2025-04-25 06:42:21,541 TIRE (Rear-Left) | PSI: 30.58 | Wear: 22.48%
2025-04-25 06:42:21,541 TIRE (Rear-Right) | PSI: 31.34 | Wear: 20.91%
2025-04-25 06:42:26,540 TIRE (Front-Left) | PSI: 27.87 | Wear: 22.42%
2025-04-25 06:42:26,544 TIRE (Front-Right) | PSI: 30.17 | Wear: 20.97%
2025-04-25 06:42:26,544 TIRE (Rear-Left) | PSI: 30.13 | Wear: 21.02%
2025-04-25 06:42:26,544 TIRE (Rear-Right) | PSI: 32.99 | Wear: 21.87%
2025-04-25 06:42:31,547 TIRE (Front-Left) | PSI: 29.49 | Wear: 21.23%
2025-04-25 06:42:31,548 TIRE (Front-Right) | PSI: 29.43 | Wear: 22.55%
2025-04-25 06:42:31,548 TIRE (Rear-Left) | PSI: 29.04 | Wear: 21.67%
2025-04-25 06:42:31,548 TIRE (Rear-Right) | PSI: 31.08 | Wear: 22.61%
2025-04-25 06:42:36,550 TIRE (Front-Left) | PSI: 30.25 | Wear: 22.56%
2025-04-25 06:42:36,555 TIRE (Front-Right) | PSI: 28.22 | Wear: 23.04%
2025-04-25 06:42:36,555 TIRE (Rear-Left) | PSI: 29.79 | Wear: 22.59%
2025-04-25 06:42:36,555 TIRE (Rear-Right) | PSI: 30.04 | Wear: 21.85%
2025-04-25 06:42:41,560 TIRE (Front-Left) | PSI: 29.06 | Wear: 23.52%
2025-04-25 06:42:41,563 TIRE (Front-Right) | PSI: 30.04 | Wear: 22.50%
2025-04-25 06:42:41,563 TIRE (Rear-Left) | PSI: 30.79 | Wear: 21.79%
2025-04-25 06:42:41,563 TIRE (Rear-Right) | PSI: 29.60 | Wear: 22.25%
2025-04-25 06:42:46,567 TIRE (Front-Left) | PSI: 28.99 | Wear: 23.56%
2025-04-25 06:42:46,569 TIRE (Front-Right) | PSI: 30.63 | Wear: 23.04%
2025-04-25 06:42:46,569 TIRE (Rear-Left) | PSI: 30.31 | Wear: 23.48%
2025-04-25 06:42:46,569 TIRE (Rear-Right) | PSI: 29.12 | Wear: 22.03%
2025-04-25 06:42:51,573 TIRE (Front-Left) | PSI: 29.73 | Wear: 23.23%
2025-04-25 06:42:51,574 TIRE (Front-Right) | PSI: 29.00 | Wear: 23.54%
2025-04-25 06:42:51,574 TIRE (Rear-Left) | PSI: 29.88 | Wear: 23.47%
2025-04-25 06:42:51,575 TIRE (Rear-Right) | PSI: 28.18 | Wear: 23.48%
2025-04-25 06:42:56,580 TIRE (Front-Left) | PSI: 29.54 | Wear: 23.50%
2025-04-25 06:42:56,582 TIRE (Front-Right) | PSI: 29.66 | Wear: 23.15%
2025-04-25 06:42:56,583 TIRE (Rear-Left) | PSI: 27.20 | Wear: 23.72%
2025-04-25 06:42:56,583 TIRE (Rear-Right) | PSI: 28.66 | Wear: 23.47%
2025-04-25 06:43:01,587 TIRE (Front-Left) | PSI: 29.19 | Wear: 23.80%
2025-04-25 06:43:01,595 TIRE (Front-Right) | PSI: 30.86 | Wear: 24.10%
2025-04-25 06:43:01,595 TIRE (Rear-Left) | PSI: 28.51 | Wear: 23.64%
2025-04-25 06:43:01,595 TIRE (Rear-Right) | PSI: 27.90 | Wear: 23.36%
2025-04-25 06:43:06,599 TIRE (Front-Left) | PSI: 28.21 | Wear: 24.87%
2025-04-25 06:43:06,602 TIRE (Front-Right) | PSI: 29.71 | Wear: 23.63%
2025-04-25 06:43:06,602 TIRE (Rear-Left) | PSI: 29.27 | Wear: 24.79%
2025-04-25 06:43:06,603 TIRE (Rear-Right) | PSI: 27.24 | Wear: 24.17%
2025-04-25 06:43:11,607 TIRE (Front-Left) | PSI: 29.63 | Wear: 24.66%
2025-04-25 06:43:11,610 TIRE (Front-Right) | PSI: 30.22 | Wear: 25.00%
2025-04-25 06:43:11,610 TIRE (Rear-Left) | PSI: 27.23 | Wear: 23.52%
2025-04-25 06:43:11,611 TIRE (Rear-Right) | PSI: 26.75 | Wear: 25.31%
2025-04-25 06:43:16,618 TIRE (Front-Left) | PSI: 27.90 | Wear: 25.34%
2025-04-25 06:43:16,620 TIRE (Front-Right) | PSI: 28.34 | Wear: 25.36%
2025-04-25 06:43:16,620 TIRE (Rear-Left) | PSI: 27.53 | Wear: 24.69%
2025-04-25 06:43:16,620 TIRE (Rear-Right) | PSI: 28.50 | Wear: 25.06%
2025-04-25 06:43:21,625 TIRE (Front-Left) | PSI: 31.23 | Wear: 24.68%
2025-04-25 06:43:21,627 TIRE (Front-Right) | PSI: 29.05 | Wear: 24.59%
2025-04-25 06:43:21,627 TIRE (Rear-Left) | PSI: 29.61 | Wear: 24.23%
2025-04-25 06:43:21,628 TIRE (Rear-Right) | PSI: 27.11 | Wear: 24.44%
2025-04-25 06:43:26,639 TIRE (Front-Left) | PSI: 30.98 | Wear: 24.72%
2025-04-25 06:43:26,642 TIRE (Front-Right) | PSI: 28.91 | Wear: 25.35%
2025-04-25 06:43:26,642 TIRE (Rear-Left) | PSI: 28.48 | Wear: 25.65%
2025-04-25 06:43:26,643 TIRE (Rear-Right) | PSI: 27.28 | Wear: 25.21%
2025-04-25 06:43:31,649 TIRE (Front-Left) | PSI: 30.64 | Wear: 25.57%
2025-04-25 06:43:31,653 TIRE (Front-Right) | PSI: 29.54 | Wear: 26.28%
2025-04-25 06:43:31,653 TIRE (Rear-Left) | PSI: 29.72 | Wear: 26.03%
2025-04-25 06:43:31,653 TIRE (Rear-Right) | PSI: 26.45 | Wear: 24.91%
2025-04-25 06:43:36,656 TIRE (Front-Left) | PSI: 31.85 | Wear: 25.55%
2025-04-25 06:43:36,659 TIRE (Front-Right) | PSI: 29.79 | Wear: 26.24%
2025-04-25 06:43:36,660 TIRE (Rear-Left) | PSI: 29.78 | Wear: 25.85%
2025-04-25 06:43:36,660 TIRE (Rear-Right) | PSI: 26.49 | Wear: 25.73%
2025-04-25 06:43:41,670 TIRE (Front-Left) | PSI: 31.53 | Wear: 25.63%
2025-04-25 06:43:41,673 TIRE (Front-Right) | PSI: 30.60 | Wear: 25.83%
2025-04-25 06:43:41,673 TIRE (Rear-Left) | PSI: 28.69 | Wear: 26.11%
2025-04-25 06:43:41,673 TIRE (Rear-Right) | PSI: 27.10 | Wear: 25.32%
2025-04-25 06:43:46,681 TIRE (Front-Left) | PSI: 30.89 | Wear: 26.24%
2025-04-25 06:43:46,688 TIRE (Front-Right) | PSI: 29.83 | Wear: 26.44%
2025-04-25 06:43:46,689 TIRE (Rear-Left) | PSI: 29.16 | Wear: 25.68%
2025-04-25 06:43:46,689 TIRE (Rear-Right) | PSI: 26.32 | Wear: 26.38%
2025-04-25 06:43:51,692 TIRE (Front-Left) | PSI: 29.83 | Wear: 25.81%
2025-04-25 06:43:51,695 TIRE (Front-Right) | PSI: 31.17 | Wear: 25.76%
2025-04-25 06:43:51,695 TIRE (Rear-Left) | PSI: 29.01 | Wear: 26.71%
2025-04-25 06:43:51,696 TIRE (Rear-Right) | PSI: 25.76 | Wear: 26.91%
2025-04-25 06:43:56,701 TIRE (Front-Left) | PSI: 29.38 | Wear: 26.30%
2025-04-25 06:43:56,703 TIRE (Front-Right) | PSI: 31.86 | Wear: 26.15%
2025-04-25 06:43:56,703 TIRE (Rear-Left) | PSI: 29.17 | Wear: 27.43%
2025-04-25 06:43:56,703 TIRE (Rear-Right) | PSI: 25.19 | Wear: 26.62%
2025-04-25 06:44:01,706 TIRE (Front-Left) | PSI: 28.63 | Wear: 26.00%
2025-04-25 06:44:01,708 TIRE (Front-Right) | PSI: 31.97 | Wear: 25.88%
2025-04-25 06:44:01,709 TIRE (Rear-Left) | PSI: 29.16 | Wear: 27.35%
2025-04-25 06:44:01,709 TIRE (Rear-Right) | PSI: 24.98 | Wear: 26.36%
2025-04-25 06:44:06,713 TIRE (Front-Left) | PSI: 27.95 | Wear: 27.37%
2025-04-25 06:44:06,715 TIRE (Front-Right) | PSI: 31.71 | Wear: 26.22%
2025-04-25 06:44:06,716 TIRE (Rear-Left) | PSI: 30.30 | Wear: 27.39%
2025-04-25 06:44:06,716 TIRE (Rear-Right) | PSI: 24.69 | Wear: 28.00%
2025-04-25 06:44:11,728 TIRE (Front-Left) | PSI: 27.58 | Wear: 28.00%
2025-04-25 06:44:11,731 TIRE (Front-Right) | PSI: 30.52 | Wear: 28.01%
2025-04-25 06:44:11,731 TIRE (Rear-Left) | PSI: 30.25 | Wear: 26.25%
2025-04-25 06:44:11,731 TIRE (Rear-Right) | PSI: 24.85 | Wear: 27.45%
2025-04-25 06:44:16,746 TIRE (Front-Left) | PSI: 27.75 | Wear: 26.88%
2025-04-25 06:44:16,749 TIRE (Front-Right) | PSI: 28.55 | Wear: 27.53%
2025-04-25 06:44:16,749 TIRE (Rear-Left) | PSI: 31.79 | Wear: 27.22%
2025-04-25 06:44:16,750 TIRE (Rear-Right) | PSI: 23.83 | Wear: 27.67%
2025-04-25 06:44:21,754 TIRE (Front-Left) | PSI: 27.70 | Wear: 27.80%
2025-04-25 06:44:21,756 TIRE (Front-Right) | PSI: 28.82 | Wear: 27.68%
2025-04-25 06:44:21,757 TIRE (Rear-Left) | PSI: 30.55 | Wear: 27.79%
2025-04-25 06:44:21,757 TIRE (Rear-Right) | PSI: 23.97 | Wear: 26.82%
2025-04-25 06:44:26,763 TIRE (Front-Left) | PSI: 28.51 | Wear: 27.82%
2025-04-25 06:44:26,767 TIRE (Front-Right) | PSI: 29.27 | Wear: 28.31%
2025-04-25 06:44:26,768 TIRE (Rear-Left) | PSI: 29.38 | Wear: 27.73%
2025-04-25 06:44:26,768 TIRE (Rear-Right) | PSI: 26.39 | Wear: 28.17%
2025-04-25 06:44:31,770 TIRE (Front-Left) | PSI: 30.29 | Wear: 28.41%
2025-04-25 06:44:31,771 TIRE (Front-Right) | PSI: 29.98 | Wear: 28.24%
2025-04-25 06:44:31,771 TIRE (Rear-Left) | PSI: 27.62 | Wear: 28.62%
2025-04-25 06:44:31,772 TIRE (Rear-Right) | PSI: 25.41 | Wear: 27.51%
2025-04-25 06:44:36,773 TIRE (Front-Left) | PSI: 30.03 | Wear: 28.28%
2025-04-25 06:44:36,774 TIRE (Front-Right) | PSI: 27.79 | Wear: 28.94%
2025-04-25 06:44:36,775 TIRE (Rear-Left) | PSI: 28.37 | Wear: 28.72%
2025-04-25 06:44:36,775 TIRE (Rear-Right) | PSI: 26.69 | Wear: 27.27%
2025-04-25 06:44:41,783 TIRE (Front-Left) | PSI: 28.73 | Wear: 28.85%
2025-04-25 06:44:41,786 TIRE (Front-Right) | PSI: 27.80 | Wear: 28.33%
2025-04-25 06:44:41,786 TIRE (Rear-Left) | PSI: 27.21 | Wear: 28.83%
2025-04-25 06:44:41,786 TIRE (Rear-Right) | PSI: 28.40 | Wear: 28.30%
2025-04-25 06:44:46,790 TIRE (Front-Left) | PSI: 28.93 | Wear: 29.48%
2025-04-25 06:44:46,792 TIRE (Front-Right) | PSI: 28.80 | Wear: 28.38%
2025-04-25 06:44:46,793 TIRE (Rear-Left) | PSI: 27.62 | Wear: 29.48%
2025-04-25 06:44:46,793 TIRE (Rear-Right) | PSI: 28.33 | Wear: 28.70%
2025-04-25 06:44:51,794 TIRE (Front-Left) | PSI: 29.18 | Wear: 28.47%
2025-04-25 06:44:51,797 TIRE (Front-Right) | PSI: 28.19 | Wear: 29.36%
2025-04-25 06:44:51,797 TIRE (Rear-Left) | PSI: 28.60 | Wear: 27.83%
2025-04-25 06:44:51,802 TIRE (Rear-Right) | PSI: 27.28 | Wear: 28.02%
2025-04-25 06:44:56,806 TIRE (Front-Left) | PSI: 28.92 | Wear: 29.73%
2025-04-25 06:44:56,808 TIRE (Front-Right) | PSI: 27.31 | Wear: 28.05%
2025-04-25 06:44:56,809 TIRE (Rear-Left) | PSI: 26.37 | Wear: 28.04%
2025-04-25 06:44:56,809 TIRE (Rear-Right) | PSI: 27.98 | Wear: 29.64%
2025-04-25 06:46:49,839 TIRE (Front-Left) | PSI: 31.27 | Wear: 20.22%
2025-04-25 06:46:49,849 TIRE (Front-Right) | PSI: 30.23 | Wear: 20.79%
2025-04-25 06:46:49,852 TIRE (Rear-Left) | PSI: 27.83 | Wear: 21.00%
2025-04-25 06:46:49,852 TIRE (Rear-Right) | PSI: 29.98 | Wear: 20.28%
2025-04-25 06:46:49,873 [31m[1mWARNING: This is a development server. Do not use it in a production deployment. Use a production WSGI server instead.[0m
 * Running on all addresses (0.0.0.0)
 * Running on http://127.0.0.1:5002
 * Running on http://172.20.0.4:5002
2025-04-25 06:46:49,873 [33mPress CTRL+C to quit[0m
2025-04-25 06:46:54,857 TIRE (Front-Left) | PSI: 30.24 | Wear: 20.80%
2025-04-25 06:46:54,861 TIRE (Front-Right) | PSI: 30.01 | Wear: 19.37%
2025-04-25 06:46:54,862 TIRE (Rear-Left) | PSI: 28.09 | Wear: 20.58%
2025-04-25 06:46:54,862 TIRE (Rear-Right) | PSI: 29.35 | Wear: 21.30%
2025-04-25 06:46:59,867 TIRE (Front-Left) | PSI: 29.22 | Wear: 20.19%
2025-04-25 06:46:59,870 TIRE (Front-Right) | PSI: 29.15 | Wear: 21.60%
2025-04-25 06:46:59,871 TIRE (Rear-Left) | PSI: 29.37 | Wear: 20.27%
2025-04-25 06:46:59,871 TIRE (Rear-Right) | PSI: 28.79 | Wear: 19.80%
2025-04-25 06:47:04,872 TIRE (Front-Left) | PSI: 29.58 | Wear: 21.51%
2025-04-25 06:47:04,873 TIRE (Front-Right) | PSI: 28.03 | Wear: 20.29%
2025-04-25 06:47:04,873 TIRE (Rear-Left) | PSI: 29.62 | Wear: 20.48%
2025-04-25 06:47:04,873 TIRE (Rear-Right) | PSI: 28.86 | Wear: 21.60%
2025-04-25 06:47:09,879 TIRE (Front-Left) | PSI: 30.29 | Wear: 21.71%
2025-04-25 06:47:09,881 TIRE (Front-Right) | PSI: 29.88 | Wear: 21.04%
2025-04-25 06:47:09,881 TIRE (Rear-Left) | PSI: 30.62 | Wear: 20.81%
2025-04-25 06:47:09,881 TIRE (Rear-Right) | PSI: 29.17 | Wear: 20.53%
2025-04-25 06:47:14,883 TIRE (Front-Left) | PSI: 31.84 | Wear: 22.02%
2025-04-25 06:47:14,884 TIRE (Front-Right) | PSI: 30.39 | Wear: 21.72%
2025-04-25 06:47:14,884 TIRE (Rear-Left) | PSI: 29.74 | Wear: 21.87%
2025-04-25 06:47:14,884 TIRE (Rear-Right) | PSI: 29.88 | Wear: 21.63%
2025-04-25 06:47:19,889 TIRE (Front-Left) | PSI: 32.26 | Wear: 21.18%
2025-04-25 06:47:19,891 TIRE (Front-Right) | PSI: 32.10 | Wear: 21.98%
2025-04-25 06:47:19,891 TIRE (Rear-Left) | PSI: 29.05 | Wear: 21.56%
2025-04-25 06:47:19,891 TIRE (Rear-Right) | PSI: 30.12 | Wear: 22.58%
2025-04-25 06:47:24,894 TIRE (Front-Left) | PSI: 32.55 | Wear: 22.53%
2025-04-25 06:47:24,897 TIRE (Front-Right) | PSI: 31.48 | Wear: 23.08%
2025-04-25 06:47:24,897 TIRE (Rear-Left) | PSI: 28.78 | Wear: 21.78%
2025-04-25 06:47:24,897 TIRE (Rear-Right) | PSI: 29.96 | Wear: 22.54%
2025-04-25 06:47:29,902 TIRE (Front-Left) | PSI: 32.64 | Wear: 22.83%
2025-04-25 06:47:29,904 TIRE (Front-Right) | PSI: 31.12 | Wear: 22.43%
2025-04-25 06:47:29,904 TIRE (Rear-Left) | PSI: 28.04 | Wear: 22.53%
2025-04-25 06:47:29,904 TIRE (Rear-Right) | PSI: 28.02 | Wear: 22.63%
2025-04-25 06:47:34,910 TIRE (Front-Left) | PSI: 30.70 | Wear: 23.26%
2025-04-25 06:47:34,913 TIRE (Front-Right) | PSI: 31.35 | Wear: 21.83%
2025-04-25 06:47:34,913 TIRE (Rear-Left) | PSI: 28.95 | Wear: 23.36%
2025-04-25 06:47:34,913 TIRE (Rear-Right) | PSI: 27.84 | Wear: 22.49%
2025-04-25 06:47:39,918 TIRE (Front-Left) | PSI: 30.32 | Wear: 23.13%
2025-04-25 06:47:39,919 TIRE (Front-Right) | PSI: 30.30 | Wear: 23.03%
2025-04-25 06:47:39,920 TIRE (Rear-Left) | PSI: 28.06 | Wear: 22.57%
2025-04-25 06:47:39,920 TIRE (Rear-Right) | PSI: 29.08 | Wear: 23.04%
2025-04-25 06:47:44,924 TIRE (Front-Left) | PSI: 29.61 | Wear: 22.48%
2025-04-25 06:47:44,932 TIRE (Front-Right) | PSI: 30.67 | Wear: 23.66%
2025-04-25 06:47:44,933 TIRE (Rear-Left) | PSI: 27.79 | Wear: 22.68%
2025-04-25 06:47:44,934 TIRE (Rear-Right) | PSI: 28.19 | Wear: 24.20%
2025-04-25 06:47:49,942 TIRE (Front-Left) | PSI: 29.48 | Wear: 24.20%
2025-04-25 06:47:49,949 TIRE (Front-Right) | PSI: 31.80 | Wear: 23.65%
2025-04-25 06:47:49,949 TIRE (Rear-Left) | PSI: 28.82 | Wear: 24.20%
2025-04-25 06:47:49,949 TIRE (Rear-Right) | PSI: 29.93 | Wear: 23.39%
2025-04-25 06:47:54,951 TIRE (Front-Left) | PSI: 29.30 | Wear: 24.00%
2025-04-25 06:47:54,952 TIRE (Front-Right) | PSI: 30.51 | Wear: 23.31%
2025-04-25 06:47:54,952 TIRE (Rear-Left) | PSI: 28.96 | Wear: 22.81%
2025-04-25 06:47:54,952 TIRE (Rear-Right) | PSI: 31.03 | Wear: 23.21%
2025-04-25 06:47:59,959 TIRE (Front-Left) | PSI: 28.37 | Wear: 23.27%
2025-04-25 06:47:59,961 TIRE (Front-Right) | PSI: 29.84 | Wear: 24.63%
2025-04-25 06:47:59,961 TIRE (Rear-Left) | PSI: 28.82 | Wear: 23.11%
2025-04-25 06:47:59,961 TIRE (Rear-Right) | PSI: 32.17 | Wear: 23.58%
2025-04-25 06:48:04,965 TIRE (Front-Left) | PSI: 27.79 | Wear: 24.95%
2025-04-25 06:48:04,966 TIRE (Front-Right) | PSI: 30.33 | Wear: 25.24%
2025-04-25 06:48:04,967 TIRE (Rear-Left) | PSI: 29.95 | Wear: 23.36%
2025-04-25 06:48:04,967 TIRE (Rear-Right) | PSI: 30.32 | Wear: 24.29%
2025-04-25 06:48:09,974 TIRE (Front-Left) | PSI: 28.18 | Wear: 24.33%
2025-04-25 06:48:09,977 TIRE (Front-Right) | PSI: 30.29 | Wear: 24.04%
2025-04-25 06:48:09,977 TIRE (Rear-Left) | PSI: 29.38 | Wear: 24.73%
2025-04-25 06:48:09,978 TIRE (Rear-Right) | PSI: 31.29 | Wear: 25.39%
2025-04-25 06:48:14,979 TIRE (Front-Left) | PSI: 28.51 | Wear: 25.14%
2025-04-25 06:48:14,986 TIRE (Front-Right) | PSI: 30.59 | Wear: 23.89%
2025-04-25 06:48:14,986 TIRE (Rear-Left) | PSI: 29.95 | Wear: 25.07%
2025-04-25 06:48:14,987 TIRE (Rear-Right) | PSI: 30.75 | Wear: 24.55%
2025-04-25 06:48:19,988 TIRE (Front-Left) | PSI: 28.03 | Wear: 25.74%
2025-04-25 06:48:19,993 TIRE (Front-Right) | PSI: 29.62 | Wear: 24.23%
2025-04-25 06:48:19,993 TIRE (Rear-Left) | PSI: 29.73 | Wear: 25.83%
2025-04-25 06:48:19,995 TIRE (Rear-Right) | PSI: 29.71 | Wear: 25.56%
2025-04-25 06:48:25,000 TIRE (Front-Left) | PSI: 29.19 | Wear: 25.30%
2025-04-25 06:48:25,002 TIRE (Front-Right) | PSI: 29.54 | Wear: 25.41%
2025-04-25 06:48:25,002 TIRE (Rear-Left) | PSI: 29.14 | Wear: 25.08%
2025-04-25 06:48:25,003 TIRE (Rear-Right) | PSI: 29.06 | Wear: 25.79%
2025-04-25 06:48:30,006 TIRE (Front-Left) | PSI: 29.27 | Wear: 26.08%
2025-04-25 06:48:30,008 TIRE (Front-Right) | PSI: 29.44 | Wear: 24.93%
2025-04-25 06:48:30,009 TIRE (Rear-Left) | PSI: 28.42 | Wear: 25.83%
2025-04-25 06:48:30,009 TIRE (Rear-Right) | PSI: 30.18 | Wear: 25.83%
2025-04-25 06:48:35,017 TIRE (Front-Left) | PSI: 28.47 | Wear: 26.67%
2025-04-25 06:48:35,023 TIRE (Front-Right) | PSI: 31.45 | Wear: 25.15%
2025-04-25 06:48:35,023 TIRE (Rear-Left) | PSI: 29.89 | Wear: 25.73%
2025-04-25 06:48:35,023 TIRE (Rear-Right) | PSI: 31.67 | Wear: 26.56%
2025-04-25 06:48:40,026 TIRE (Front-Left) | PSI: 28.95 | Wear: 25.71%
2025-04-25 06:48:40,029 TIRE (Front-Right) | PSI: 32.55 | Wear: 25.48%
2025-04-25 06:48:40,029 TIRE (Rear-Left) | PSI: 30.16 | Wear: 26.09%
2025-04-25 06:48:40,029 TIRE (Rear-Right) | PSI: 32.55 | Wear: 26.86%
2025-04-25 06:48:45,033 TIRE (Front-Left) | PSI: 28.40 | Wear: 27.12%
2025-04-25 06:48:45,036 TIRE (Front-Right) | PSI: 33.02 | Wear: 25.48%
2025-04-25 06:48:45,036 TIRE (Rear-Left) | PSI: 30.12 | Wear: 25.65%
2025-04-25 06:48:45,037 TIRE (Rear-Right) | PSI: 31.43 | Wear: 25.37%
2025-04-25 06:48:50,046 TIRE (Front-Left) | PSI: 27.17 | Wear: 26.70%
2025-04-25 06:48:50,048 TIRE (Front-Right) | PSI: 33.42 | Wear: 26.31%
2025-04-25 06:48:50,048 TIRE (Rear-Left) | PSI: 29.75 | Wear: 27.18%
2025-04-25 06:48:50,048 TIRE (Rear-Right) | PSI: 29.92 | Wear: 26.08%
2025-04-25 06:48:55,054 TIRE (Front-Left) | PSI: 26.43 | Wear: 25.91%
2025-04-25 06:48:55,056 TIRE (Front-Right) | PSI: 33.90 | Wear: 26.07%
2025-04-25 06:48:55,056 TIRE (Rear-Left) | PSI: 32.26 | Wear: 26.98%
2025-04-25 06:48:55,056 TIRE (Rear-Right) | PSI: 29.89 | Wear: 27.16%
2025-04-25 06:49:00,060 TIRE (Front-Left) | PSI: 26.54 | Wear: 27.85%
2025-04-25 06:49:00,062 TIRE (Front-Right) | PSI: 34.13 | Wear: 26.68%
2025-04-25 06:49:00,063 TIRE (Rear-Left) | PSI: 31.09 | Wear: 26.67%
2025-04-25 06:49:00,063 TIRE (Rear-Right) | PSI: 30.68 | Wear: 26.47%
2025-04-25 06:49:05,086 TIRE (Front-Left) | PSI: 26.20 | Wear: 27.78%
2025-04-25 06:49:05,087 TIRE (Front-Right) | PSI: 33.07 | Wear: 26.60%
2025-04-25 06:49:05,088 TIRE (Rear-Left) | PSI: 30.94 | Wear: 27.18%
2025-04-25 06:49:05,089 TIRE (Rear-Right) | PSI: 30.84 | Wear: 27.00%
2025-04-25 06:49:10,092 TIRE (Front-Left) | PSI: 23.55 | Wear: 27.74%
2025-04-25 06:49:10,094 TIRE (Front-Right) | PSI: 33.85 | Wear: 26.80%
2025-04-25 06:49:10,095 TIRE (Rear-Left) | PSI: 31.96 | Wear: 26.73%
2025-04-25 06:49:10,095 TIRE (Rear-Right) | PSI: 30.96 | Wear: 28.33%
2025-04-25 06:49:15,098 TIRE (Front-Left) | PSI: 25.66 | Wear: 27.77%
2025-04-25 06:49:15,101 TIRE (Front-Right) | PSI: 32.93 | Wear: 28.27%
2025-04-25 06:49:15,102 TIRE (Rear-Left) | PSI: 30.43 | Wear: 27.79%
2025-04-25 06:49:15,102 TIRE (Rear-Right) | PSI: 30.59 | Wear: 28.03%
2025-04-25 06:49:20,110 TIRE (Front-Left) | PSI: 26.38 | Wear: 27.13%
2025-04-25 06:49:20,170 TIRE (Front-Right) | PSI: 32.16 | Wear: 27.76%
2025-04-25 06:49:20,171 TIRE (Rear-Left) | PSI: 31.90 | Wear: 27.36%
2025-04-25 06:49:20,171 TIRE (Rear-Right) | PSI: 29.74 | Wear: 28.60%
2025-04-25 06:49:25,180 TIRE (Front-Left) | PSI: 26.65 | Wear: 27.91%
2025-04-25 06:49:25,184 TIRE (Front-Right) | PSI: 32.29 | Wear: 27.47%
2025-04-25 06:49:25,184 TIRE (Rear-Left) | PSI: 32.57 | Wear: 27.69%
2025-04-25 06:49:25,184 TIRE (Rear-Right) | PSI: 29.67 | Wear: 27.03%
2025-04-25 06:49:30,190 TIRE (Front-Left) | PSI: 26.39 | Wear: 28.38%
2025-04-25 06:49:30,195 TIRE (Front-Right) | PSI: 31.25 | Wear: 28.65%
2025-04-25 06:49:30,195 TIRE (Rear-Left) | PSI: 32.71 | Wear: 28.55%
2025-04-25 06:49:30,195 TIRE (Rear-Right) | PSI: 27.79 | Wear: 27.73%
2025-04-25 06:49:35,200 TIRE (Front-Left) | PSI: 24.90 | Wear: 28.82%
2025-04-25 06:49:35,206 TIRE (Front-Right) | PSI: 30.07 | Wear: 28.75%
2025-04-25 06:49:35,206 TIRE (Rear-Left) | PSI: 32.57 | Wear: 29.25%
2025-04-25 06:49:35,206 TIRE (Rear-Right) | PSI: 28.99 | Wear: 29.21%
2025-04-25 06:49:40,224 TIRE (Front-Left) | PSI: 24.51 | Wear: 27.92%
2025-04-25 06:49:40,227 TIRE (Front-Right) | PSI: 30.16 | Wear: 29.41%
2025-04-25 06:49:40,227 TIRE (Rear-Left) | PSI: 32.21 | Wear: 27.80%
2025-04-25 06:49:40,228 TIRE (Rear-Right) | PSI: 30.00 | Wear: 28.15%
2025-04-25 06:49:45,236 TIRE (Front-Left) | PSI: 23.12 | Wear: 28.77%
2025-04-25 06:49:45,239 TIRE (Front-Right) | PSI: 27.28 | Wear: 28.89%
2025-04-25 06:49:45,239 TIRE (Rear-Left) | PSI: 32.73 | Wear: 28.90%
2025-04-25 06:49:45,239 TIRE (Rear-Right) | PSI: 30.42 | Wear: 28.93%
2025-04-25 06:49:50,243 TIRE (Front-Left) | PSI: 21.95 | Wear: 27.88%
2025-04-25 06:49:50,250 TIRE (Front-Right) | PSI: 27.88 | Wear: 28.53%
2025-04-25 06:49:50,251 TIRE (Rear-Left) | PSI: 33.67 | Wear: 28.22%
2025-04-25 06:49:50,251 TIRE (Rear-Right) | PSI: 28.93 | Wear: 29.65%
2025-04-25 06:52:01,145 TIRE (Front-Left) | PSI: 30.15 | Wear: 20.94%
2025-04-25 06:52:01,156 TIRE (Front-Right) | PSI: 31.15 | Wear: 19.91%
2025-04-25 06:52:01,161 TIRE (Rear-Left) | PSI: 31.44 | Wear: 19.37%
2025-04-25 06:52:01,161 TIRE (Rear-Right) | PSI: 28.33 | Wear: 19.21%
2025-04-25 06:52:01,174 [31m[1mWARNING: This is a development server. Do not use it in a production deployment. Use a production WSGI server instead.[0m
 * Running on all addresses (0.0.0.0)
 * Running on http://127.0.0.1:5002
 * Running on http://172.20.0.4:5002
2025-04-25 06:52:01,174 [33mPress CTRL+C to quit[0m
2025-04-25 06:52:06,164 TIRE (Front-Left) | PSI: 29.99 | Wear: 20.28%
2025-04-25 06:52:06,165 TIRE (Front-Right) | PSI: 30.22 | Wear: 20.97%
2025-04-25 06:52:06,165 TIRE (Rear-Left) | PSI: 29.80 | Wear: 21.27%
2025-04-25 06:52:06,165 TIRE (Rear-Right) | PSI: 29.24 | Wear: 21.04%
2025-04-25 06:52:11,167 TIRE (Front-Left) | PSI: 29.46 | Wear: 20.56%
2025-04-25 06:52:11,167 TIRE (Front-Right) | PSI: 30.93 | Wear: 20.70%
2025-04-25 06:52:11,168 TIRE (Rear-Left) | PSI: 27.88 | Wear: 19.74%
2025-04-25 06:52:11,168 TIRE (Rear-Right) | PSI: 29.26 | Wear: 20.99%
2025-04-25 06:52:16,174 TIRE (Front-Left) | PSI: 29.74 | Wear: 20.45%
2025-04-25 06:52:16,179 TIRE (Front-Right) | PSI: 30.69 | Wear: 21.17%
2025-04-25 06:52:16,179 TIRE (Rear-Left) | PSI: 27.72 | Wear: 21.37%
2025-04-25 06:52:16,179 TIRE (Rear-Right) | PSI: 30.58 | Wear: 20.24%
2025-04-25 06:52:21,184 TIRE (Front-Left) | PSI: 30.28 | Wear: 20.85%
2025-04-25 06:52:21,185 TIRE (Front-Right) | PSI: 32.42 | Wear: 20.63%
2025-04-25 06:52:21,186 TIRE (Rear-Left) | PSI: 28.76 | Wear: 21.13%
2025-04-25 06:52:21,186 TIRE (Rear-Right) | PSI: 29.81 | Wear: 21.75%
2025-04-25 06:52:26,195 TIRE (Front-Left) | PSI: 28.93 | Wear: 21.11%
2025-04-25 06:52:26,197 TIRE (Front-Right) | PSI: 32.87 | Wear: 20.97%
2025-04-25 06:52:26,197 TIRE (Rear-Left) | PSI: 29.34 | Wear: 20.77%
2025-04-25 06:52:26,197 TIRE (Rear-Right) | PSI: 29.10 | Wear: 22.07%
2025-04-25 06:52:31,200 TIRE (Front-Left) | PSI: 30.18 | Wear: 21.78%
2025-04-25 06:52:31,201 TIRE (Front-Right) | PSI: 31.54 | Wear: 21.21%
2025-04-25 06:52:31,201 TIRE (Rear-Left) | PSI: 29.49 | Wear: 21.91%
2025-04-25 06:52:31,201 TIRE (Rear-Right) | PSI: 28.69 | Wear: 22.39%
2025-04-25 06:52:36,204 TIRE (Front-Left) | PSI: 30.03 | Wear: 22.25%
2025-04-25 06:52:36,212 TIRE (Front-Right) | PSI: 32.84 | Wear: 21.85%
2025-04-25 06:52:36,213 TIRE (Rear-Left) | PSI: 29.67 | Wear: 21.35%
2025-04-25 06:52:36,213 TIRE (Rear-Right) | PSI: 28.24 | Wear: 22.51%
2025-04-25 06:52:41,215 TIRE (Front-Left) | PSI: 29.00 | Wear: 22.08%
2025-04-25 06:52:41,216 TIRE (Front-Right) | PSI: 32.77 | Wear: 22.63%
2025-04-25 06:52:41,216 TIRE (Rear-Left) | PSI: 30.79 | Wear: 22.75%
2025-04-25 06:52:41,216 TIRE (Rear-Right) | PSI: 29.18 | Wear: 21.49%
2025-04-25 06:52:46,225 TIRE (Front-Left) | PSI: 29.21 | Wear: 22.33%
2025-04-25 06:52:46,229 TIRE (Front-Right) | PSI: 30.31 | Wear: 23.64%
2025-04-25 06:52:46,229 TIRE (Rear-Left) | PSI: 30.03 | Wear: 23.46%
2025-04-25 06:52:46,229 TIRE (Rear-Right) | PSI: 28.82 | Wear: 22.11%
2025-04-25 06:52:51,232 TIRE (Front-Left) | PSI: 31.44 | Wear: 22.32%
2025-04-25 06:52:51,232 TIRE (Front-Right) | PSI: 28.05 | Wear: 23.22%
2025-04-25 06:52:51,233 TIRE (Rear-Left) | PSI: 29.88 | Wear: 23.35%
2025-04-25 06:52:51,233 TIRE (Rear-Right) | PSI: 28.82 | Wear: 23.58%
2025-04-25 06:52:56,234 TIRE (Front-Left) | PSI: 29.50 | Wear: 22.89%
2025-04-25 06:52:56,235 TIRE (Front-Right) | PSI: 28.55 | Wear: 22.77%
2025-04-25 06:52:56,235 TIRE (Rear-Left) | PSI: 29.65 | Wear: 23.85%
2025-04-25 06:52:56,235 TIRE (Rear-Right) | PSI: 27.89 | Wear: 22.84%
2025-04-25 06:53:01,238 TIRE (Front-Left) | PSI: 29.21 | Wear: 23.14%
2025-04-25 06:53:01,240 TIRE (Front-Right) | PSI: 29.80 | Wear: 23.37%
2025-04-25 06:53:01,240 TIRE (Rear-Left) | PSI: 29.64 | Wear: 23.51%
2025-04-25 06:53:01,240 TIRE (Rear-Right) | PSI: 25.97 | Wear: 23.98%
2025-04-25 06:53:06,243 TIRE (Front-Left) | PSI: 28.03 | Wear: 23.72%
2025-04-25 06:53:06,244 TIRE (Front-Right) | PSI: 29.87 | Wear: 23.67%
2025-04-25 06:53:06,244 TIRE (Rear-Left) | PSI: 29.04 | Wear: 24.18%
2025-04-25 06:53:06,244 TIRE (Rear-Right) | PSI: 26.12 | Wear: 24.35%
2025-04-25 06:53:11,246 TIRE (Front-Left) | PSI: 27.59 | Wear: 23.80%
2025-04-25 06:53:11,248 TIRE (Front-Right) | PSI: 29.94 | Wear: 24.12%
2025-04-25 06:53:11,248 TIRE (Rear-Left) | PSI: 27.37 | Wear: 23.98%
2025-04-25 06:53:11,248 TIRE (Rear-Right) | PSI: 26.91 | Wear: 24.86%
2025-04-25 06:53:16,250 TIRE (Front-Left) | PSI: 26.87 | Wear: 24.55%
2025-04-25 06:53:16,251 TIRE (Front-Right) | PSI: 31.05 | Wear: 24.94%
2025-04-25 06:53:16,251 TIRE (Rear-Left) | PSI: 28.15 | Wear: 23.95%
2025-04-25 06:53:16,251 TIRE (Rear-Right) | PSI: 26.85 | Wear: 23.35%
2025-04-25 06:53:21,273 TIRE (Front-Left) | PSI: 27.13 | Wear: 25.07%
2025-04-25 06:53:21,277 TIRE (Front-Right) | PSI: 30.81 | Wear: 25.13%
2025-04-25 06:53:21,277 TIRE (Rear-Left) | PSI: 27.69 | Wear: 25.17%
2025-04-25 06:53:21,277 TIRE (Rear-Right) | PSI: 26.49 | Wear: 24.35%
2025-04-25 06:53:26,283 TIRE (Front-Left) | PSI: 26.71 | Wear: 24.08%
2025-04-25 06:53:26,286 TIRE (Front-Right) | PSI: 30.31 | Wear: 24.41%
2025-04-25 06:53:26,286 TIRE (Rear-Left) | PSI: 27.28 | Wear: 25.85%
2025-04-25 06:53:26,286 TIRE (Rear-Right) | PSI: 26.57 | Wear: 25.25%
2025-04-25 06:53:31,289 TIRE (Front-Left) | PSI: 27.50 | Wear: 25.99%
2025-04-25 06:53:31,290 TIRE (Front-Right) | PSI: 28.39 | Wear: 25.01%
2025-04-25 06:53:31,290 TIRE (Rear-Left) | PSI: 27.68 | Wear: 24.85%
2025-04-25 06:53:31,290 TIRE (Rear-Right) | PSI: 27.72 | Wear: 25.31%
2025-04-25 06:53:36,293 TIRE (Front-Left) | PSI: 28.15 | Wear: 25.53%
2025-04-25 06:53:36,295 TIRE (Front-Right) | PSI: 28.83 | Wear: 24.52%
2025-04-25 06:53:36,296 TIRE (Rear-Left) | PSI: 26.73 | Wear: 26.12%
2025-04-25 06:53:36,296 TIRE (Rear-Right) | PSI: 28.89 | Wear: 26.37%
2025-04-25 06:53:41,312 TIRE (Front-Left) | PSI: 29.08 | Wear: 25.87%
2025-04-25 06:53:41,323 TIRE (Front-Right) | PSI: 29.05 | Wear: 26.19%
2025-04-25 06:53:41,323 TIRE (Rear-Left) | PSI: 26.64 | Wear: 26.41%
2025-04-25 06:53:41,324 TIRE (Rear-Right) | PSI: 29.20 | Wear: 26.51%
2025-04-25 06:53:46,330 TIRE (Front-Left) | PSI: 29.31 | Wear: 25.53%
2025-04-25 06:53:46,331 TIRE (Front-Right) | PSI: 29.79 | Wear: 26.65%
2025-04-25 06:53:46,332 TIRE (Rear-Left) | PSI: 29.88 | Wear: 25.34%
2025-04-25 06:53:46,332 TIRE (Rear-Right) | PSI: 29.55 | Wear: 25.68%
2025-04-25 06:53:51,334 TIRE (Front-Left) | PSI: 29.46 | Wear: 26.01%
2025-04-25 06:53:51,335 TIRE (Front-Right) | PSI: 30.20 | Wear: 25.23%
2025-04-25 06:53:51,336 TIRE (Rear-Left) | PSI: 29.61 | Wear: 25.39%
2025-04-25 06:53:51,336 TIRE (Rear-Right) | PSI: 31.32 | Wear: 25.94%
2025-04-25 06:53:56,338 TIRE (Front-Left) | PSI: 27.80 | Wear: 26.47%
2025-04-25 06:53:56,339 TIRE (Front-Right) | PSI: 30.55 | Wear: 26.62%
2025-04-25 06:53:56,339 TIRE (Rear-Left) | PSI: 31.13 | Wear: 26.15%
2025-04-25 06:53:56,339 TIRE (Rear-Right) | PSI: 31.25 | Wear: 26.75%
2025-04-25 06:54:01,342 TIRE (Front-Left) | PSI: 29.18 | Wear: 26.56%
2025-04-25 06:54:01,343 TIRE (Front-Right) | PSI: 29.75 | Wear: 27.39%
2025-04-25 06:54:01,343 TIRE (Rear-Left) | PSI: 29.45 | Wear: 27.24%
2025-04-25 06:54:01,343 TIRE (Rear-Right) | PSI: 31.30 | Wear: 26.98%
2025-04-25 06:54:06,344 TIRE (Front-Left) | PSI: 27.27 | Wear: 26.43%
2025-04-25 06:54:06,345 TIRE (Front-Right) | PSI: 30.07 | Wear: 27.41%
2025-04-25 06:54:06,345 TIRE (Rear-Left) | PSI: 30.49 | Wear: 26.81%
2025-04-25 06:54:06,346 TIRE (Rear-Right) | PSI: 31.04 | Wear: 26.83%
2025-04-25 06:54:11,350 TIRE (Front-Left) | PSI: 26.30 | Wear: 26.21%
2025-04-25 06:54:11,352 TIRE (Front-Right) | PSI: 30.46 | Wear: 27.40%
2025-04-25 06:54:11,352 TIRE (Rear-Left) | PSI: 31.31 | Wear: 27.97%
2025-04-25 06:54:11,352 TIRE (Rear-Right) | PSI: 29.48 | Wear: 26.52%
2025-04-25 06:54:16,354 TIRE (Front-Left) | PSI: 27.31 | Wear: 28.18%
2025-04-25 06:54:16,354 TIRE (Front-Right) | PSI: 31.58 | Wear: 26.87%
2025-04-25 06:54:16,355 TIRE (Rear-Left) | PSI: 30.56 | Wear: 27.71%
2025-04-25 06:54:16,355 TIRE (Rear-Right) | PSI: 29.97 | Wear: 26.74%
2025-04-25 06:54:21,358 TIRE (Front-Left) | PSI: 27.23 | Wear: 26.67%
2025-04-25 06:54:21,360 TIRE (Front-Right) | PSI: 30.09 | Wear: 27.74%
2025-04-25 06:54:21,360 TIRE (Rear-Left) | PSI: 29.64 | Wear: 27.91%
2025-04-25 06:54:21,360 TIRE (Rear-Right) | PSI: 30.48 | Wear: 27.72%
2025-04-25 06:54:26,359 TIRE (Front-Left) | PSI: 27.26 | Wear: 27.86%
2025-04-25 06:54:26,360 TIRE (Front-Right) | PSI: 30.36 | Wear: 27.80%
2025-04-25 06:54:26,360 TIRE (Rear-Left) | PSI: 29.26 | Wear: 26.83%
2025-04-25 06:54:26,360 TIRE (Rear-Right) | PSI: 30.92 | Wear: 27.62%
2025-04-25 06:54:31,363 TIRE (Front-Left) | PSI: 25.89 | Wear: 28.41%
2025-04-25 06:54:31,365 TIRE (Front-Right) | PSI: 29.73 | Wear: 27.74%
2025-04-25 06:54:31,365 TIRE (Rear-Left) | PSI: 26.97 | Wear: 28.33%
2025-04-25 06:54:31,365 TIRE (Rear-Right) | PSI: 29.89 | Wear: 27.25%
2025-04-25 06:54:36,367 TIRE (Front-Left) | PSI: 26.60 | Wear: 27.61%
2025-04-25 06:54:36,368 TIRE (Front-Right) | PSI: 30.12 | Wear: 28.62%
2025-04-25 06:54:36,368 TIRE (Rear-Left) | PSI: 28.31 | Wear: 27.18%
2025-04-25 06:54:36,368 TIRE (Rear-Right) | PSI: 30.44 | Wear: 27.74%
2025-04-25 06:54:41,371 TIRE (Front-Left) | PSI: 27.38 | Wear: 28.96%
2025-04-25 06:54:41,373 TIRE (Front-Right) | PSI: 30.34 | Wear: 28.87%
2025-04-25 06:54:41,373 TIRE (Rear-Left) | PSI: 29.33 | Wear: 29.14%
2025-04-25 06:54:41,373 TIRE (Rear-Right) | PSI: 31.05 | Wear: 27.50%
2025-04-25 06:54:46,377 TIRE (Front-Left) | PSI: 29.16 | Wear: 28.24%
2025-04-25 06:54:46,380 TIRE (Front-Right) | PSI: 32.01 | Wear: 27.93%
2025-04-25 06:54:46,381 TIRE (Rear-Left) | PSI: 29.97 | Wear: 28.79%
2025-04-25 06:54:46,381 TIRE (Rear-Right) | PSI: 29.93 | Wear: 27.40%
2025-04-25 06:54:51,384 TIRE (Front-Left) | PSI: 29.43 | Wear: 28.17%
2025-04-25 06:54:51,386 TIRE (Front-Right) | PSI: 33.49 | Wear: 27.67%
2025-04-25 06:54:51,386 TIRE (Rear-Left) | PSI: 30.45 | Wear: 29.49%
2025-04-25 06:54:51,386 TIRE (Rear-Right) | PSI: 30.08 | Wear: 28.96%
2025-04-25 06:54:56,393 TIRE (Front-Left) | PSI: 29.12 | Wear: 29.33%
2025-04-25 06:54:56,393 TIRE (Front-Right) | PSI: 30.72 | Wear: 29.43%
2025-04-25 06:54:56,393 TIRE (Rear-Left) | PSI: 30.86 | Wear: 28.28%
2025-04-25 06:54:56,393 TIRE (Rear-Right) | PSI: 31.79 | Wear: 29.27%
2025-04-25 06:55:01,396 TIRE (Front-Left) | PSI: 28.02 | Wear: 29.14%
2025-04-25 06:55:01,398 TIRE (Front-Right) | PSI: 31.53 | Wear: 28.86%
2025-04-25 06:55:01,398 TIRE (Rear-Left) | PSI: 30.45 | Wear: 28.02%
2025-04-25 06:55:01,398 TIRE (Rear-Right) | PSI: 31.06 | Wear: 29.00%
2025-04-25 06:55:06,402 TIRE (Front-Left) | PSI: 27.43 | Wear: 29.45%
2025-04-25 06:55:06,403 TIRE (Front-Right) | PSI: 32.33 | Wear: 29.39%
2025-04-25 06:55:06,403 TIRE (Rear-Left) | PSI: 30.52 | Wear: 29.10%
2025-04-25 06:55:06,403 TIRE (Rear-Right) | PSI: 30.93 | Wear: 28.02%
2025-04-25 06:55:11,406 TIRE (Front-Left) | PSI: 27.61 | Wear: 29.65%
2025-04-25 06:55:11,408 TIRE (Front-Right) | PSI: 31.08 | Wear: 29.90%
2025-04-25 06:55:11,408 TIRE (Rear-Left) | PSI: 29.41 | Wear: 29.37%
2025-04-25 06:55:11,408 TIRE (Rear-Right) | PSI: 30.49 | Wear: 29.13%
2025-04-25 06:55:16,410 TIRE (Front-Left) | PSI: 27.40 | Wear: 28.50%
2025-04-25 06:55:16,411 TIRE (Front-Right) | PSI: 30.61 | Wear: 29.65%
2025-04-25 06:55:16,412 TIRE (Rear-Left) | PSI: 30.56 | Wear: 28.73%
2025-04-25 06:55:16,412 TIRE (Rear-Right) | PSI: 29.49 | Wear: 29.21%
2025-04-25 06:55:21,415 TIRE (Front-Left) | PSI: 28.01 | Wear: 28.66%
2025-04-25 06:55:21,418 TIRE (Front-Right) | PSI: 28.96 | Wear: 29.36%
2025-04-25 06:55:21,418 TIRE (Rear-Left) | PSI: 32.72 | Wear: 29.49%
2025-04-25 06:55:21,418 TIRE (Rear-Right) | PSI: 30.20 | Wear: 28.33%
2025-04-25 06:55:26,419 TIRE (Front-Left) | PSI: 29.66 | Wear: 28.78%
2025-04-25 06:55:26,420 TIRE (Front-Right) | PSI: 27.24 | Wear: 29.17%
2025-04-25 06:55:26,420 TIRE (Rear-Left) | PSI: 32.79 | Wear: 28.64%
2025-04-25 06:55:26,420 TIRE (Rear-Right) | PSI: 30.69 | Wear: 28.71%
2025-04-25 06:55:31,424 TIRE (Front-Left) | PSI: 30.42 | Wear: 29.85%
2025-04-25 06:55:31,426 TIRE (Front-Right) | PSI: 26.78 | Wear: 29.06%
2025-04-25 06:55:31,426 TIRE (Rear-Left) | PSI: 31.96 | Wear: 29.43%
2025-04-25 06:55:31,427 TIRE (Rear-Right) | PSI: 30.47 | Wear: 29.48%
2025-04-25 06:55:36,432 TIRE (Front-Left) | PSI: 30.67 | Wear: 30.35%
2025-04-25 06:55:36,433 TIRE (Front-Right) | PSI: 27.14 | Wear: 30.07%
2025-04-25 06:55:36,433 TIRE (Rear-Left) | PSI: 32.02 | Wear: 29.33%
2025-04-25 06:55:36,434 TIRE (Rear-Right) | PSI: 29.89 | Wear: 30.55%
2025-04-25 06:55:41,436 TIRE (Front-Left) | PSI: 28.26 | Wear: 29.89%
2025-04-25 06:55:41,440 TIRE (Front-Right) | PSI: 27.72 | Wear: 30.11%
2025-04-25 06:55:41,440 TIRE (Rear-Left) | PSI: 31.77 | Wear: 29.20%
2025-04-25 06:55:41,440 TIRE (Rear-Right) | PSI: 29.28 | Wear: 29.28%
2025-04-25 06:55:46,443 TIRE (Front-Left) | PSI: 28.98 | Wear: 29.47%
2025-04-25 06:55:46,444 TIRE (Front-Right) | PSI: 29.27 | Wear: 29.61%
2025-04-25 06:55:46,445 TIRE (Rear-Left) | PSI: 33.48 | Wear: 30.56%
2025-04-25 06:55:46,445 TIRE (Rear-Right) | PSI: 30.53 | Wear: 29.43%
2025-04-25 06:55:51,456 TIRE (Front-Left) | PSI: 29.85 | Wear: 29.50%
2025-04-25 06:55:51,469 TIRE (Front-Right) | PSI: 29.30 | Wear: 29.81%
2025-04-25 06:55:51,469 TIRE (Rear-Left) | PSI: 36.62 | Wear: 29.90%
2025-04-25 06:55:51,469 TIRE (Rear-Right) | PSI: 30.29 | Wear: 29.86%
2025-04-25 06:55:56,476 TIRE (Front-Left) | PSI: 31.21 | Wear: 28.94%
2025-04-25 06:55:56,477 TIRE (Front-Right) | PSI: 27.45 | Wear: 29.20%
2025-04-25 06:55:56,478 TIRE (Rear-Left) | PSI: 37.27 | Wear: 30.81%
2025-04-25 06:55:56,478 TIRE (Rear-Right) | PSI: 31.37 | Wear: 29.83%
2025-04-25 06:56:01,483 TIRE (Front-Left) | PSI: 31.74 | Wear: 30.35%
2025-04-25 06:56:01,486 TIRE (Front-Right) | PSI: 26.93 | Wear: 29.89%
2025-04-25 06:56:01,486 TIRE (Rear-Left) | PSI: 38.56 | Wear: 29.65%
2025-04-25 06:56:01,486 TIRE (Rear-Right) | PSI: 31.55 | Wear: 28.99%
2025-04-25 06:56:06,490 TIRE (Front-Left) | PSI: 30.71 | Wear: 30.57%
2025-04-25 06:56:06,491 TIRE (Front-Right) | PSI: 27.33 | Wear: 30.83%
2025-04-25 06:56:06,491 TIRE (Rear-Left) | PSI: 37.21 | Wear: 29.86%
2025-04-25 06:56:06,492 TIRE (Rear-Right) | PSI: 29.64 | Wear: 30.95%
2025-04-25 06:56:11,495 TIRE (Front-Left) | PSI: 30.23 | Wear: 29.29%
2025-04-25 06:56:11,497 TIRE (Front-Right) | PSI: 28.71 | Wear: 29.32%
2025-04-25 06:56:11,497 TIRE (Rear-Left) | PSI: 36.60 | Wear: 30.63%
2025-04-25 06:56:11,497 TIRE (Rear-Right) | PSI: 28.80 | Wear: 30.49%
2025-04-25 06:56:16,507 TIRE (Front-Left) | PSI: 30.78 | Wear: 29.23%
2025-04-25 06:56:16,508 TIRE (Front-Right) | PSI: 29.40 | Wear: 30.91%
2025-04-25 06:56:16,508 TIRE (Rear-Left) | PSI: 36.07 | Wear: 30.49%
2025-04-25 06:56:16,508 TIRE (Rear-Right) | PSI: 29.51 | Wear: 30.12%
2025-04-25 06:56:21,510 TIRE (Front-Left) | PSI: 30.73 | Wear: 29.12%
2025-04-25 06:56:21,513 TIRE (Front-Right) | PSI: 29.79 | Wear: 29.34%
2025-04-25 06:56:21,513 TIRE (Rear-Left) | PSI: 36.44 | Wear: 30.38%
2025-04-25 06:56:21,514 TIRE (Rear-Right) | PSI: 29.40 | Wear: 29.17%
2025-04-25 06:56:26,517 TIRE (Front-Left) | PSI: 29.28 | Wear: 30.81%
2025-04-25 06:56:26,519 TIRE (Front-Right) | PSI: 29.95 | Wear: 30.44%
2025-04-25 06:56:26,519 TIRE (Rear-Left) | PSI: 37.23 | Wear: 29.65%
2025-04-25 06:56:26,519 TIRE (Rear-Right) | PSI: 31.73 | Wear: 29.33%
2025-04-25 06:56:31,523 TIRE (Front-Left) | PSI: 30.91 | Wear: 29.65%
2025-04-25 06:56:31,525 TIRE (Front-Right) | PSI: 28.84 | Wear: 30.14%
2025-04-25 06:56:31,525 TIRE (Rear-Left) | PSI: 37.47 | Wear: 30.40%
2025-04-25 06:56:31,525 TIRE (Rear-Right) | PSI: 31.37 | Wear: 29.06%
2025-04-25 06:56:36,533 TIRE (Front-Left) | PSI: 30.64 | Wear: 29.02%
2025-04-25 06:56:36,534 TIRE (Front-Right) | PSI: 28.19 | Wear: 29.82%
2025-04-25 06:56:36,534 TIRE (Rear-Left) | PSI: 35.27 | Wear: 30.38%
2025-04-25 06:56:36,534 TIRE (Rear-Right) | PSI: 30.62 | Wear: 29.71%
2025-04-25 06:56:41,538 TIRE (Front-Left) | PSI: 32.57 | Wear: 29.49%
2025-04-25 06:56:41,540 TIRE (Front-Right) | PSI: 27.75 | Wear: 30.23%
2025-04-25 06:56:41,540 TIRE (Rear-Left) | PSI: 35.02 | Wear: 29.94%
2025-04-25 06:56:41,540 TIRE (Rear-Right) | PSI: 30.38 | Wear: 30.88%
2025-04-25 06:56:46,542 TIRE (Front-Left) | PSI: 32.18 | Wear: 30.68%
2025-04-25 06:56:46,544 TIRE (Front-Right) | PSI: 29.29 | Wear: 29.00%
2025-04-25 06:56:46,544 TIRE (Rear-Left) | PSI: 33.25 | Wear: 30.73%
2025-04-25 06:56:46,544 TIRE (Rear-Right) | PSI: 29.98 | Wear: 30.79%
2025-04-25 06:56:51,546 TIRE (Front-Left) | PSI: 31.61 | Wear: 28.90%
2025-04-25 06:56:51,549 TIRE (Front-Right) | PSI: 30.87 | Wear: 30.68%
2025-04-25 06:56:51,549 TIRE (Rear-Left) | PSI: 32.13 | Wear: 29.56%
2025-04-25 06:56:51,549 TIRE (Rear-Right) | PSI: 29.88 | Wear: 29.60%
2025-04-25 06:56:56,533 TIRE (Front-Left) | PSI: 31.97 | Wear: 29.37%
2025-04-25 06:56:56,535 TIRE (Front-Right) | PSI: 31.61 | Wear: 29.61%
2025-04-25 06:56:56,535 TIRE (Rear-Left) | PSI: 32.12 | Wear: 29.57%
2025-04-25 06:56:56,535 TIRE (Rear-Right) | PSI: 29.57 | Wear: 29.56%
2025-04-25 06:57:01,539 TIRE (Front-Left) | PSI: 31.85 | Wear: 30.51%
2025-04-25 06:57:01,544 TIRE (Front-Right) | PSI: 31.70 | Wear: 29.79%
2025-04-25 06:57:01,544 TIRE (Rear-Left) | PSI: 32.86 | Wear: 30.53%
2025-04-25 06:57:01,545 TIRE (Rear-Right) | PSI: 27.37 | Wear: 30.20%
2025-05-01 04:04:32,898 TIRE (Front-Left) | PSI: 30.17 | Wear: 19.33%
2025-05-01 04:04:32,901 TIRE (Front-Right) | PSI: 30.56 | Wear: 19.26%
2025-05-01 04:04:32,913 TIRE (Rear-Left) | PSI: 29.06 | Wear: 19.20%
2025-05-01 04:04:32,937 TIRE (Rear-Right) | PSI: 29.55 | Wear: 20.02%
2025-05-01 04:04:33,124 [31m[1mWARNING: This is a development server. Do not use it in a production deployment. Use a production WSGI server instead.[0m
 * Running on all addresses (0.0.0.0)
 * Running on http://127.0.0.1:5002
 * Running on http://172.20.0.2:5002
2025-05-01 04:04:33,127 [33mPress CTRL+C to quit[0m
2025-05-01 04:04:37,978 TIRE (Front-Left) | PSI: 31.26 | Wear: 20.38%
2025-05-01 04:04:37,981 TIRE (Front-Right) | PSI: 31.66 | Wear: 21.19%
2025-05-01 04:04:37,981 TIRE (Rear-Left) | PSI: 28.24 | Wear: 20.43%
2025-05-01 04:04:37,982 TIRE (Rear-Right) | PSI: 30.38 | Wear: 20.06%
2025-05-01 04:04:42,994 TIRE (Front-Left) | PSI: 31.79 | Wear: 21.43%
2025-05-01 04:04:43,004 TIRE (Front-Right) | PSI: 32.23 | Wear: 20.66%
2025-05-01 04:04:43,005 TIRE (Rear-Left) | PSI: 28.71 | Wear: 20.57%
2025-05-01 04:04:43,011 TIRE (Rear-Right) | PSI: 29.27 | Wear: 20.15%
2025-05-01 04:04:47,997 TIRE (Front-Left) | PSI: 30.95 | Wear: 20.72%
2025-05-01 04:04:47,999 TIRE (Front-Right) | PSI: 30.89 | Wear: 20.30%
2025-05-01 04:04:47,999 TIRE (Rear-Left) | PSI: 28.48 | Wear: 20.49%
2025-05-01 04:04:47,999 TIRE (Rear-Right) | PSI: 28.32 | Wear: 21.43%
2025-05-01 04:04:53,002 TIRE (Front-Left) | PSI: 31.18 | Wear: 20.42%
2025-05-01 04:04:53,006 TIRE (Front-Right) | PSI: 30.42 | Wear: 21.88%
2025-05-01 04:04:53,006 TIRE (Rear-Left) | PSI: 29.11 | Wear: 21.52%
2025-05-01 04:04:53,007 TIRE (Rear-Right) | PSI: 26.48 | Wear: 20.81%
2025-05-01 04:04:58,111 TIRE (Front-Left) | PSI: 31.19 | Wear: 22.20%
2025-05-01 04:04:58,170 TIRE (Front-Right) | PSI: 31.25 | Wear: 20.92%
2025-05-01 04:04:58,175 TIRE (Rear-Left) | PSI: 30.47 | Wear: 21.48%
2025-05-01 04:04:58,179 TIRE (Rear-Right) | PSI: 26.84 | Wear: 22.09%
2025-05-01 04:05:03,210 TIRE (Front-Left) | PSI: 30.79 | Wear: 22.62%
2025-05-01 04:05:03,258 TIRE (Front-Right) | PSI: 32.26 | Wear: 22.61%
2025-05-01 04:05:03,259 TIRE (Rear-Left) | PSI: 29.04 | Wear: 22.18%
2025-05-01 04:05:03,260 TIRE (Rear-Right) | PSI: 28.03 | Wear: 21.36%
2025-05-01 04:05:08,268 TIRE (Front-Left) | PSI: 30.13 | Wear: 21.18%
2025-05-01 04:05:08,271 TIRE (Front-Right) | PSI: 32.90 | Wear: 22.40%
2025-05-01 04:05:08,272 TIRE (Rear-Left) | PSI: 30.69 | Wear: 21.88%
2025-05-01 04:05:08,272 TIRE (Rear-Right) | PSI: 28.45 | Wear: 21.57%
2025-05-01 04:05:13,276 TIRE (Front-Left) | PSI: 30.82 | Wear: 22.54%
2025-05-01 04:05:13,278 TIRE (Front-Right) | PSI: 33.12 | Wear: 21.67%
2025-05-01 04:05:13,278 TIRE (Rear-Left) | PSI: 29.63 | Wear: 23.36%
2025-05-01 04:05:13,278 TIRE (Rear-Right) | PSI: 30.03 | Wear: 22.35%
2025-05-01 04:05:18,300 TIRE (Front-Left) | PSI: 30.53 | Wear: 23.03%
2025-05-01 04:05:18,301 TIRE (Front-Right) | PSI: 32.59 | Wear: 22.85%
2025-05-01 04:05:18,302 TIRE (Rear-Left) | PSI: 30.15 | Wear: 23.20%
2025-05-01 04:05:18,302 TIRE (Rear-Right) | PSI: 30.26 | Wear: 23.57%
2025-05-01 04:05:23,304 TIRE (Front-Left) | PSI: 29.17 | Wear: 22.82%
2025-05-01 04:05:23,306 TIRE (Front-Right) | PSI: 31.67 | Wear: 22.80%
2025-05-01 04:05:23,306 TIRE (Rear-Left) | PSI: 31.32 | Wear: 23.51%
2025-05-01 04:05:23,307 TIRE (Rear-Right) | PSI: 30.11 | Wear: 23.88%
2025-05-01 04:05:28,310 TIRE (Front-Left) | PSI: 28.88 | Wear: 22.28%
2025-05-01 04:05:28,312 TIRE (Front-Right) | PSI: 31.76 | Wear: 22.88%
2025-05-01 04:05:28,312 TIRE (Rear-Left) | PSI: 31.17 | Wear: 23.20%
2025-05-01 04:05:28,312 TIRE (Rear-Right) | PSI: 30.82 | Wear: 22.42%
2025-05-01 04:05:33,314 TIRE (Front-Left) | PSI: 28.38 | Wear: 22.85%
2025-05-01 04:05:33,316 TIRE (Front-Right) | PSI: 30.01 | Wear: 23.90%
2025-05-01 04:05:33,316 TIRE (Rear-Left) | PSI: 29.88 | Wear: 23.11%
2025-05-01 04:05:33,316 TIRE (Rear-Right) | PSI: 31.06 | Wear: 24.08%
2025-05-01 04:05:38,321 TIRE (Front-Left) | PSI: 27.80 | Wear: 23.22%
2025-05-01 04:05:38,324 TIRE (Front-Right) | PSI: 29.17 | Wear: 23.48%
2025-05-01 04:05:38,324 TIRE (Rear-Left) | PSI: 29.30 | Wear: 23.02%
2025-05-01 04:05:38,324 TIRE (Rear-Right) | PSI: 30.68 | Wear: 23.52%
2025-05-01 04:05:43,326 TIRE (Front-Left) | PSI: 27.02 | Wear: 23.72%
2025-05-01 04:05:43,327 TIRE (Front-Right) | PSI: 28.92 | Wear: 23.87%
2025-05-01 04:05:43,327 TIRE (Rear-Left) | PSI: 27.94 | Wear: 25.07%
2025-05-01 04:05:43,328 TIRE (Rear-Right) | PSI: 30.93 | Wear: 24.33%
2025-05-01 04:05:48,338 TIRE (Front-Left) | PSI: 27.36 | Wear: 23.74%
2025-05-01 04:05:48,347 TIRE (Front-Right) | PSI: 27.58 | Wear: 25.07%
2025-05-01 04:05:48,348 TIRE (Rear-Left) | PSI: 27.87 | Wear: 23.65%
2025-05-01 04:05:48,348 TIRE (Rear-Right) | PSI: 31.69 | Wear: 24.42%
2025-05-01 04:05:53,351 TIRE (Front-Left) | PSI: 27.60 | Wear: 23.87%
2025-05-01 04:05:53,352 TIRE (Front-Right) | PSI: 28.66 | Wear: 23.72%
2025-05-01 04:05:53,352 TIRE (Rear-Left) | PSI: 28.58 | Wear: 24.25%
2025-05-01 04:05:53,352 TIRE (Rear-Right) | PSI: 31.50 | Wear: 24.33%
2025-05-01 04:05:58,359 TIRE (Front-Left) | PSI: 28.23 | Wear: 24.89%
2025-05-01 04:05:58,361 TIRE (Front-Right) | PSI: 29.17 | Wear: 24.76%
2025-05-01 04:05:58,361 TIRE (Rear-Left) | PSI: 30.05 | Wear: 25.36%
2025-05-01 04:05:58,361 TIRE (Rear-Right) | PSI: 33.99 | Wear: 25.66%
2025-05-01 04:06:03,363 TIRE (Front-Left) | PSI: 29.87 | Wear: 24.60%
2025-05-01 04:06:03,367 TIRE (Front-Right) | PSI: 29.42 | Wear: 25.39%
2025-05-01 04:06:03,367 TIRE (Rear-Left) | PSI: 29.86 | Wear: 24.22%
2025-05-01 04:06:03,367 TIRE (Rear-Right) | PSI: 34.74 | Wear: 25.05%
2025-05-01 04:06:08,372 TIRE (Front-Left) | PSI: 29.47 | Wear: 25.54%
2025-05-01 04:06:08,375 TIRE (Front-Right) | PSI: 30.13 | Wear: 25.31%
2025-05-01 04:06:08,375 TIRE (Rear-Left) | PSI: 31.54 | Wear: 25.88%
2025-05-01 04:06:08,375 TIRE (Rear-Right) | PSI: 32.75 | Wear: 25.98%
2025-05-01 04:06:13,380 TIRE (Front-Left) | PSI: 30.31 | Wear: 26.00%
2025-05-01 04:06:13,382 TIRE (Front-Right) | PSI: 28.58 | Wear: 26.29%
2025-05-01 04:06:13,382 TIRE (Rear-Left) | PSI: 31.72 | Wear: 24.79%
2025-05-01 04:06:13,382 TIRE (Rear-Right) | PSI: 32.58 | Wear: 24.94%
2025-05-01 04:06:18,384 TIRE (Front-Left) | PSI: 29.57 | Wear: 26.79%
2025-05-01 04:06:18,386 TIRE (Front-Right) | PSI: 29.43 | Wear: 26.34%
2025-05-01 04:06:18,386 TIRE (Rear-Left) | PSI: 32.17 | Wear: 25.08%
2025-05-01 04:06:18,386 TIRE (Rear-Right) | PSI: 32.34 | Wear: 26.21%
2025-05-01 04:06:23,389 TIRE (Front-Left) | PSI: 30.61 | Wear: 26.76%
2025-05-01 04:06:23,391 TIRE (Front-Right) | PSI: 30.78 | Wear: 26.56%
2025-05-01 04:06:23,391 TIRE (Rear-Left) | PSI: 33.83 | Wear: 26.23%
2025-05-01 04:06:23,391 TIRE (Rear-Right) | PSI: 30.76 | Wear: 26.69%
2025-05-01 04:06:28,397 TIRE (Front-Left) | PSI: 30.17 | Wear: 27.10%
2025-05-01 04:06:28,414 TIRE (Front-Right) | PSI: 30.15 | Wear: 27.34%
2025-05-01 04:06:28,416 TIRE (Rear-Left) | PSI: 33.42 | Wear: 26.17%
2025-05-01 04:06:28,416 TIRE (Rear-Right) | PSI: 30.22 | Wear: 25.50%
2025-05-01 04:06:33,419 TIRE (Front-Left) | PSI: 30.90 | Wear: 27.09%
2025-05-01 04:06:33,420 TIRE (Front-Right) | PSI: 32.70 | Wear: 27.27%
2025-05-01 04:06:33,420 TIRE (Rear-Left) | PSI: 30.97 | Wear: 26.36%
2025-05-01 04:06:33,421 TIRE (Rear-Right) | PSI: 30.05 | Wear: 25.92%
2025-05-01 04:06:38,424 TIRE (Front-Left) | PSI: 29.71 | Wear: 26.47%
2025-05-01 04:06:38,426 TIRE (Front-Right) | PSI: 33.80 | Wear: 27.69%
2025-05-01 04:06:38,427 TIRE (Rear-Left) | PSI: 32.72 | Wear: 25.96%
2025-05-01 04:06:38,427 TIRE (Rear-Right) | PSI: 30.94 | Wear: 27.07%
2025-05-01 04:06:43,429 TIRE (Front-Left) | PSI: 28.32 | Wear: 27.99%
2025-05-01 04:06:43,431 TIRE (Front-Right) | PSI: 32.86 | Wear: 27.71%
2025-05-01 04:06:43,431 TIRE (Rear-Left) | PSI: 33.52 | Wear: 26.10%
2025-05-01 04:06:43,432 TIRE (Rear-Right) | PSI: 31.88 | Wear: 26.39%
2025-05-01 04:06:48,433 TIRE (Front-Left) | PSI: 30.53 | Wear: 27.44%
2025-05-01 04:06:48,436 TIRE (Front-Right) | PSI: 33.60 | Wear: 27.14%
2025-05-01 04:06:48,436 TIRE (Rear-Left) | PSI: 34.16 | Wear: 26.38%
2025-05-01 04:06:48,436 TIRE (Rear-Right) | PSI: 32.78 | Wear: 28.15%
2025-05-01 04:06:53,439 TIRE (Front-Left) | PSI: 30.19 | Wear: 27.05%
2025-05-01 04:06:53,441 TIRE (Front-Right) | PSI: 32.97 | Wear: 27.82%
2025-05-01 04:06:53,441 TIRE (Rear-Left) | PSI: 36.04 | Wear: 27.00%
2025-05-01 04:06:53,441 TIRE (Rear-Right) | PSI: 33.24 | Wear: 26.84%
2025-05-01 04:06:58,449 TIRE (Front-Left) | PSI: 29.98 | Wear: 26.99%
2025-05-01 04:06:58,451 TIRE (Front-Right) | PSI: 32.65 | Wear: 26.88%
2025-05-01 04:06:58,451 TIRE (Rear-Left) | PSI: 35.29 | Wear: 27.95%
2025-05-01 04:06:58,451 TIRE (Rear-Right) | PSI: 31.81 | Wear: 27.54%
2025-05-01 04:07:03,455 TIRE (Front-Left) | PSI: 29.98 | Wear: 27.98%
2025-05-01 04:07:03,457 TIRE (Front-Right) | PSI: 31.08 | Wear: 28.38%
2025-05-01 04:07:03,457 TIRE (Rear-Left) | PSI: 34.63 | Wear: 28.60%
2025-05-01 04:07:03,457 TIRE (Rear-Right) | PSI: 30.55 | Wear: 27.39%
2025-05-01 04:07:08,464 TIRE (Front-Left) | PSI: 29.53 | Wear: 27.29%
2025-05-01 04:07:08,467 TIRE (Front-Right) | PSI: 30.29 | Wear: 28.99%
2025-05-01 04:07:08,467 TIRE (Rear-Left) | PSI: 35.46 | Wear: 28.04%
2025-05-01 04:07:08,468 TIRE (Rear-Right) | PSI: 30.29 | Wear: 28.15%
2025-05-01 04:07:13,478 TIRE (Front-Left) | PSI: 29.19 | Wear: 29.13%
2025-05-01 04:07:13,480 TIRE (Front-Right) | PSI: 30.54 | Wear: 28.67%
2025-05-01 04:07:13,481 TIRE (Rear-Left) | PSI: 35.47 | Wear: 28.08%
2025-05-01 04:07:13,481 TIRE (Rear-Right) | PSI: 29.79 | Wear: 28.66%
2025-05-01 04:07:18,488 TIRE (Front-Left) | PSI: 28.66 | Wear: 28.47%
2025-05-01 04:07:18,490 TIRE (Front-Right) | PSI: 32.59 | Wear: 28.26%
2025-05-01 04:07:18,490 TIRE (Rear-Left) | PSI: 33.80 | Wear: 27.52%
2025-05-01 04:07:18,490 TIRE (Rear-Right) | PSI: 30.84 | Wear: 29.29%
2025-05-01 04:07:23,492 TIRE (Front-Left) | PSI: 29.02 | Wear: 29.24%
2025-05-01 04:07:23,495 TIRE (Front-Right) | PSI: 34.03 | Wear: 27.72%
2025-05-01 04:07:23,496 TIRE (Rear-Left) | PSI: 33.66 | Wear: 29.03%
2025-05-01 04:07:23,496 TIRE (Rear-Right) | PSI: 30.90 | Wear: 28.19%
2025-05-01 04:07:28,506 TIRE (Front-Left) | PSI: 28.48 | Wear: 28.91%
2025-05-01 04:07:28,508 TIRE (Front-Right) | PSI: 32.52 | Wear: 29.47%
2025-05-01 04:07:28,508 TIRE (Rear-Left) | PSI: 33.23 | Wear: 28.58%
2025-05-01 04:07:28,508 TIRE (Rear-Right) | PSI: 33.04 | Wear: 27.69%
2025-05-01 04:07:33,516 TIRE (Front-Left) | PSI: 28.01 | Wear: 28.59%
2025-05-01 04:07:33,520 TIRE (Front-Right) | PSI: 33.34 | Wear: 29.26%
2025-05-01 04:07:33,520 TIRE (Rear-Left) | PSI: 33.86 | Wear: 28.30%
2025-05-01 04:07:33,520 TIRE (Rear-Right) | PSI: 31.64 | Wear: 28.95%
2025-05-01 04:07:38,539 TIRE (Front-Left) | PSI: 29.82 | Wear: 28.12%
2025-05-01 04:07:38,552 TIRE (Front-Right) | PSI: 33.55 | Wear: 29.94%
2025-05-01 04:07:38,553 TIRE (Rear-Left) | PSI: 33.06 | Wear: 29.82%
2025-05-01 04:07:38,560 TIRE (Rear-Right) | PSI: 31.65 | Wear: 27.98%
2025-05-01 04:07:43,564 TIRE (Front-Left) | PSI: 28.92 | Wear: 29.74%
2025-05-01 04:07:43,566 TIRE (Front-Right) | PSI: 33.23 | Wear: 28.93%
2025-05-01 04:07:43,566 TIRE (Rear-Left) | PSI: 32.23 | Wear: 28.77%
2025-05-01 04:07:43,568 TIRE (Rear-Right) | PSI: 31.06 | Wear: 29.46%
2025-05-01 04:07:48,570 TIRE (Front-Left) | PSI: 30.83 | Wear: 28.97%
2025-05-01 04:07:48,575 TIRE (Front-Right) | PSI: 33.80 | Wear: 29.76%
2025-05-01 04:07:48,576 TIRE (Rear-Left) | PSI: 32.69 | Wear: 29.31%
2025-05-01 04:07:48,576 TIRE (Rear-Right) | PSI: 31.30 | Wear: 29.78%
2025-05-01 04:07:53,586 TIRE (Front-Left) | PSI: 30.39 | Wear: 30.15%
2025-05-01 04:07:53,588 TIRE (Front-Right) | PSI: 33.03 | Wear: 28.98%
2025-05-01 04:07:53,588 TIRE (Rear-Left) | PSI: 31.72 | Wear: 29.16%
2025-05-01 04:07:53,588 TIRE (Rear-Right) | PSI: 33.38 | Wear: 29.90%
