2025-04-24 23:49:56,837 🚦 Aggregator service running with time series-aware logic...
2025-04-24 23:49:56,849 ⚠️ ALERT: ENGINE Overheat! Temp: 125.0°C
2025-04-24 23:49:56,849 ⚠️ ALERT: ENGINE Overheat! Temp: 123.0°C
2025-04-24 23:49:56,849 ⚠️ ALERT: ENGINE Overheat! Temp: 124.0°C
2025-04-24 23:49:56,849 ⚠️ ALERT: ENGINE Overheat! Temp: 128.0°C
2025-04-24 23:49:56,849 ⚠️ ALERT: ENGINE Overheat! Temp: 125.0°C
2025-04-24 23:49:56,849 ⚠️ ALERT: ENGINE Overheat! Temp: 125.0°C
2025-04-24 23:49:56,849 ⚠️ ALERT: ENGINE Overheat! Temp: 126.0°C
2025-04-24 23:49:56,849 ⚠️ ALERT: ENGINE Overheat! Temp: 127.0°C
2025-04-24 23:49:56,849 ⚠️ ALERT: ENGINE Overheat! Temp: 130.0°C
2025-04-24 23:49:56,849 ⚠️ ALERT: ENGINE Overheat! Temp: 124.0°C
2025-04-24 23:49:56,850 ⚠️ ALERT: ENGINE Overheat! Temp: 121.0°C
2025-04-24 23:49:56,850 ⚠️ ALERT: ENGINE Overheat! Temp: 130.0°C
2025-04-24 23:49:56,850 ⚠️ ALERT: ENGINE Overheat! Temp: 122.0°C
2025-04-24 23:49:56,850 ⚠️ ALERT: ENGINE Overheat! Temp: 123.0°C
2025-04-24 23:49:56,850 ⚠️ ALERT: ENGINE Overheat! Temp: 129.0°C
2025-04-24 23:49:56,850 ⚠️ ALERT: ENGINE Overheat! Temp: 125.0°C
2025-04-24 23:49:56,850 ⚠️ ALERT: ENGINE Overheat! Temp: 128.0°C
2025-04-24 23:49:56,850 ⚠️ ALERT: ENGINE Overheat! Temp: 125.0°C
2025-04-24 23:49:56,850 ⚠️ ALERT: ENGINE Overheat! Temp: 121.0°C
2025-04-24 23:49:56,850 ⚠️ ALERT: ENGINE Overheat! Temp: 122.0°C
2025-04-24 23:49:56,850 ⚠️ ALERT: ENGINE Overheat! Temp: 121.0°C
2025-04-24 23:49:56,850 ⚠️ ALERT: ENGINE Overheat! Temp: 125.0°C
2025-04-24 23:49:56,850 ⚠️ ALERT: ENGINE Overheat! Temp: 125.0°C
2025-04-24 23:49:56,850 ⚠️ ALERT: ENGINE Overheat! Temp: 122.0°C
2025-04-24 23:49:56,850 ⚠️ ALERT: ENGINE Overheat! Temp: 128.0°C
2025-04-24 23:49:56,850 ⚠️ ALERT: ENGINE Overheat! Temp: 122.0°C
2025-04-24 23:49:56,850 ⚠️ ALERT: ENGINE Overheat! Temp: 121.0°C
2025-04-24 23:49:56,850 ⚠️ ALERT: ENGINE Overheat! Temp: 120.1°C
2025-04-24 23:49:56,850 ⚠️ ALERT: ENGINE Overheat! Temp: 120.93°C
2025-04-24 23:49:56,850 ⚠️ ALERT: ENGINE Overheat! Temp: 120.79°C
2025-04-24 23:49:56,850 ⚠️ ALERT: ENGINE Overheat! Temp: 121.75°C
2025-04-24 23:49:56,850 ⚠️ ALERT: ENGINE Overheat! Temp: 121.71°C
2025-04-24 23:49:56,850 ⚠️ ALERT: ENGINE Overheat! Temp: 120.81°C
2025-04-24 23:49:56,850 ⚠️ ALERT: ENGINE Overheat! Temp: 120.51°C
2025-04-24 23:49:56,850 ⚠️ ALERT: ENGINE Overheat! Temp: 121.35°C
2025-04-24 23:49:56,850 ⚠️ ALERT: ENGINE Overheat! Temp: 120.16°C
2025-04-24 23:49:56,850 ⚠️ ALERT: ENGINE Overheat! Temp: 121.05°C
2025-04-24 23:49:56,850 ⚠️ ALERT: ENGINE Overheat! Temp: 120.86°C
2025-04-24 23:49:56,850 ⚠️ ALERT: ENGINE Overheat! Temp: 121.54°C
2025-04-24 23:49:56,850 ⚠️ ALERT: ENGINE Overheat! Temp: 120.99°C
2025-04-24 23:49:56,850 ⚠️ ALERT: ENGINE Overheat! Temp: 121.67°C
2025-04-24 23:49:56,850 ⚠️ ALERT: ENGINE Overheat! Temp: 120.12°C
2025-04-24 23:49:56,850 ⚠️ ALERT: ENGINE Overheat! Temp: 120.16°C
2025-04-24 23:49:56,850 ⚠️ ALERT: ENGINE Overheat! Temp: 121.08°C
2025-04-24 23:49:56,850 ⚠️ ALERT: ENGINE Overheat! Temp: 120.1°C
2025-04-24 23:49:56,850 ⚠️ ALERT: ENGINE Overheat! Temp: 120.32°C
2025-04-24 23:49:56,850 ⚠️ ALERT: ENGINE Overheat! Temp: 120.62°C
2025-04-24 23:49:56,850 ⚠️ ALERT: ENGINE Overheat! Temp: 120.14°C
2025-04-24 23:49:56,850 ⚠️ ALERT: ENGINE Overheat! Temp: 120.15°C
2025-04-24 23:49:56,850 ⚠️ ALERT: ENGINE Overheat! Temp: 120.88°C
2025-04-24 23:49:56,850 ⚠️ ALERT: Front-Right Tire Pressure LOW! PSI: 23.77
2025-04-24 23:49:56,850 ⚠️ ALERT: Front-Right Tire Pressure LOW! PSI: 23.89
2025-04-24 23:49:56,850 ⚠️ ALERT: Front-Right Tire Pressure LOW! PSI: 23.13
2025-04-24 23:49:56,850 ⚠️ ALERT: Front-Right Tire Pressure LOW! PSI: 22.66
2025-04-24 23:49:56,850 ⚠️ ALERT: Front-Right Tire Pressure LOW! PSI: 23.99
2025-04-24 23:49:56,850 ⚠️ ALERT: Front-Right Tire Pressure LOW! PSI: 23.71
2025-04-24 23:49:56,850 ⚠️ ALERT: Front-Right Tire Pressure LOW! PSI: 23.70
2025-04-24 23:49:56,850 ⚠️ ALERT: Front-Left Tire Pressure LOW! PSI: 23.19
2025-04-24 23:49:56,850 ⚠️ ALERT: Front-Left Tire Pressure LOW! PSI: 23.01
2025-04-24 23:49:56,850 ⚠️ ALERT: Rear-Right Tire Pressure LOW! PSI: 23.49
2025-04-24 23:49:56,850 ⚠️ ALERT: Front-Right Tire Pressure LOW! PSI: 22.65
2025-04-24 23:49:56,850 ⚠️ ALERT: Rear-Right Tire Pressure LOW! PSI: 22.55
2025-04-24 23:49:56,850 ⚠️ ALERT: Rear-Right Tire Pressure LOW! PSI: 23.38
2025-04-24 23:49:56,850 ⚠️ ALERT: Rear-Right Tire Pressure LOW! PSI: 22.63
2025-04-24 23:49:59,857 ✅ All systems normal.
2025-04-24 23:50:02,864 ✅ All systems normal.
2025-04-24 23:50:05,867 ✅ All systems normal.
2025-04-24 23:50:08,870 ✅ All systems normal.
2025-04-24 23:50:11,874 ✅ All systems normal.
2025-04-24 23:50:14,879 ✅ All systems normal.
2025-04-24 23:50:17,887 ✅ All systems normal.
2025-04-24 23:50:20,893 ✅ All systems normal.
2025-04-24 23:50:23,897 ✅ All systems normal.
2025-04-24 23:50:26,905 ✅ All systems normal.
2025-04-24 23:50:29,912 ✅ All systems normal.
2025-04-24 23:50:32,920 ✅ All systems normal.
2025-04-24 23:50:35,927 ✅ All systems normal.
2025-04-24 23:50:38,934 ✅ All systems normal.
2025-04-24 23:50:41,942 ✅ All systems normal.
2025-04-24 23:50:44,950 ✅ All systems normal.
2025-04-24 23:50:47,955 ✅ All systems normal.
2025-04-24 23:50:50,961 ✅ All systems normal.
2025-04-24 23:50:53,968 ✅ All systems normal.
2025-04-24 23:50:56,973 ✅ All systems normal.
2025-04-24 23:50:59,979 ✅ All systems normal.
2025-04-24 23:51:02,992 ✅ All systems normal.
2025-04-24 23:51:06,001 ✅ All systems normal.
2025-04-24 23:51:09,004 ✅ All systems normal.
2025-04-24 23:51:12,007 ✅ All systems normal.
2025-04-24 23:51:15,014 ✅ All systems normal.
2025-04-24 23:51:18,023 ✅ All systems normal.
2025-04-24 23:51:21,028 ✅ All systems normal.
2025-04-24 23:51:24,036 ✅ All systems normal.
2025-04-24 23:51:27,043 ✅ All systems normal.
2025-04-24 23:51:30,053 ✅ All systems normal.
2025-04-24 23:51:33,055 ✅ All systems normal.
2025-04-24 23:51:36,063 ✅ All systems normal.
2025-04-24 23:51:39,072 ✅ All systems normal.
2025-04-24 23:51:42,077 ✅ All systems normal.
2025-04-24 23:51:45,084 ✅ All systems normal.
2025-04-24 23:51:48,090 ✅ All systems normal.
2025-04-24 23:51:51,096 ✅ All systems normal.
2025-04-24 23:51:54,101 ✅ All systems normal.
2025-04-24 23:51:57,108 ✅ All systems normal.
2025-04-24 23:52:00,117 ✅ All systems normal.
2025-04-24 23:52:03,125 ✅ All systems normal.
2025-04-24 23:52:06,130 ✅ All systems normal.
2025-04-24 23:52:09,134 ✅ All systems normal.
2025-04-24 23:52:12,137 ✅ All systems normal.
2025-04-24 23:52:15,141 ✅ All systems normal.
2025-04-24 23:52:18,147 ✅ All systems normal.
2025-04-24 23:52:21,153 ⚠️ ALERT: Front-Right Tire Pressure LOW! PSI: 23.69
2025-04-24 23:52:24,161 ✅ All systems normal.
2025-04-24 23:52:27,169 ⚠️ ALERT: Front-Right Tire Pressure LOW! PSI: 23.66
2025-04-24 23:52:30,177 ⚠️ ALERT: Front-Right Tire Pressure LOW! PSI: 23.32
2025-04-24 23:52:33,185 ✅ All systems normal.
2025-04-24 23:52:36,189 ⚠️ ALERT: Front-Right Tire Pressure LOW! PSI: 23.94
2025-04-24 23:52:39,198 ✅ All systems normal.
2025-04-24 23:52:42,206 ✅ All systems normal.
2025-04-24 23:52:45,214 ✅ All systems normal.
2025-04-24 23:52:48,222 ✅ All systems normal.
2025-04-24 23:52:51,223 ✅ All systems normal.
2025-04-24 23:52:54,227 ✅ All systems normal.
2025-04-24 23:52:57,229 ✅ All systems normal.
2025-04-24 23:53:00,237 ✅ All systems normal.
2025-04-25 05:58:10,919 🚦 Aggregator service running with time series-aware logic...
2025-04-25 05:58:14,589 🚦 Aggregator service running with time series-aware logic...
2025-04-25 05:58:16,804 🚦 Aggregator service running with time series-aware logic...
2025-04-25 05:58:19,451 🚦 Aggregator service running with time series-aware logic...
2025-04-25 05:58:22,085 🚦 Aggregator service running with time series-aware logic...
2025-04-25 05:58:25,473 🚦 Aggregator service running with time series-aware logic...
2025-04-25 05:58:31,381 🚦 Aggregator service running with time series-aware logic...
2025-04-25 05:58:39,323 🚦 Aggregator service running with time series-aware logic...
2025-04-25 05:58:55,968 🚦 Aggregator service running with time series-aware logic...
2025-04-25 05:59:22,757 🚦 Aggregator service running with time series-aware logic...
2025-04-25 06:00:14,655 🚦 Aggregator service running with time series-aware logic...
2025-04-25 06:01:15,282 🚦 Aggregator service running with time series-aware logic...
2025-04-25 06:02:16,199 🚦 Aggregator service running with time series-aware logic...
2025-04-25 06:07:28,341 🚦 Aggregator service running with time series-aware logic...
2025-04-25 06:07:30,598 🚦 Aggregator service running with time series-aware logic...
2025-04-25 06:07:32,609 🚦 Aggregator service running with time series-aware logic...
2025-04-25 06:07:34,782 🚦 Aggregator service running with time series-aware logic...
2025-04-25 06:07:37,261 🚦 Aggregator service running with time series-aware logic...
2025-04-25 06:07:41,066 🚦 Aggregator service running with time series-aware logic...
2025-04-25 06:07:45,439 🚦 Aggregator service running with time series-aware logic...
2025-04-25 06:07:52,550 🚦 Aggregator service running with time series-aware logic...
2025-04-25 06:08:05,887 🚦 Aggregator service running with time series-aware logic...
2025-04-25 06:08:32,151 🚦 Aggregator service running with time series-aware logic...
2025-04-25 06:12:11,241 🚦 Aggregator service running with time series-aware logic...
2025-04-25 06:12:11,251 ✅ All systems normal.
2025-04-25 06:12:14,280 ✅ All systems normal.
2025-04-25 06:12:17,310 ✅ All systems normal.
2025-04-25 06:12:20,322 ✅ All systems normal.
2025-04-25 06:12:23,339 ✅ All systems normal.
2025-04-25 06:12:26,371 ✅ All systems normal.
2025-04-25 06:12:29,388 ✅ All systems normal.
2025-04-25 06:12:32,393 ✅ All systems normal.
2025-04-25 06:12:35,403 ✅ All systems normal.
2025-04-25 06:12:38,410 ✅ All systems normal.
2025-04-25 06:12:41,418 ✅ All systems normal.
2025-04-25 06:12:44,431 ✅ All systems normal.
2025-04-25 06:12:47,436 ✅ All systems normal.
2025-04-25 06:12:50,450 ✅ All systems normal.
2025-04-25 06:12:53,463 ✅ All systems normal.
2025-04-25 06:12:56,471 ✅ All systems normal.
2025-04-25 06:12:59,480 ✅ All systems normal.
2025-04-25 06:13:02,497 ✅ All systems normal.
2025-04-25 06:13:05,515 ✅ All systems normal.
2025-04-25 06:13:08,524 ✅ All systems normal.
2025-04-25 06:13:11,533 ✅ All systems normal.
2025-04-25 06:13:14,544 ✅ All systems normal.
2025-04-25 06:13:17,558 ✅ All systems normal.
2025-04-25 06:13:20,570 ✅ All systems normal.
2025-04-25 06:13:23,585 ✅ All systems normal.
2025-04-25 06:13:26,601 ✅ All systems normal.
2025-04-25 06:13:29,606 ✅ All systems normal.
2025-04-25 06:13:32,611 ✅ All systems normal.
2025-04-25 06:13:35,617 ✅ All systems normal.
2025-04-25 06:13:38,629 ✅ All systems normal.
2025-04-25 06:13:41,651 ✅ All systems normal.
2025-04-25 06:13:44,659 ✅ All systems normal.
2025-04-25 06:13:47,670 ✅ All systems normal.
2025-04-25 06:13:50,705 ✅ All systems normal.
2025-04-25 06:13:53,719 ✅ All systems normal.
2025-04-25 06:13:56,727 ✅ All systems normal.
2025-04-25 06:13:59,735 ✅ All systems normal.
2025-04-25 06:14:02,746 ✅ All systems normal.
2025-04-25 06:14:05,757 ✅ All systems normal.
2025-04-25 06:14:08,771 ✅ All systems normal.
2025-04-25 06:14:11,782 ✅ All systems normal.
2025-04-25 06:14:14,790 ✅ All systems normal.
2025-04-25 06:14:17,799 ✅ All systems normal.
2025-04-25 06:14:20,810 ✅ All systems normal.
2025-04-25 06:14:23,822 ✅ All systems normal.
2025-04-25 06:14:26,829 ✅ All systems normal.
2025-04-25 06:14:29,836 ✅ All systems normal.
2025-04-25 06:14:32,842 ✅ All systems normal.
2025-04-25 06:14:35,854 ✅ All systems normal.
2025-04-25 06:14:38,872 ✅ All systems normal.
2025-04-25 06:14:41,892 ✅ All systems normal.
2025-04-25 06:16:22,977 🚦 Aggregator service running with time series-aware logic...
2025-04-25 06:16:22,989 ✅ All systems normal.
2025-04-25 06:16:26,005 ✅ All systems normal.
2025-04-25 06:16:29,020 ✅ All systems normal.
2025-04-25 06:16:32,035 ✅ All systems normal.
2025-04-25 06:16:35,138 ✅ All systems normal.
2025-04-25 06:16:38,185 ✅ All systems normal.
2025-04-25 06:16:41,191 ✅ All systems normal.
2025-04-25 06:16:44,199 ✅ All systems normal.
2025-04-25 06:16:47,207 ✅ All systems normal.
2025-04-25 06:16:50,218 ✅ All systems normal.
2025-04-25 06:16:53,225 ✅ All systems normal.
2025-04-25 06:16:56,230 ✅ All systems normal.
2025-04-25 06:16:59,238 ✅ All systems normal.
2025-04-25 06:17:02,246 ✅ All systems normal.
2025-04-25 06:17:05,252 ✅ All systems normal.
2025-04-25 06:17:08,279 ✅ All systems normal.
2025-04-25 06:17:11,286 ✅ All systems normal.
2025-04-25 06:17:14,302 ✅ All systems normal.
2025-04-25 06:17:17,310 ✅ All systems normal.
2025-04-25 06:17:20,316 ✅ All systems normal.
2025-04-25 06:17:23,325 ✅ All systems normal.
2025-04-25 06:17:26,356 ✅ All systems normal.
2025-04-25 06:17:29,379 ✅ All systems normal.
2025-04-25 06:17:32,389 ✅ All systems normal.
2025-04-25 06:17:35,397 ✅ All systems normal.
2025-04-25 06:17:38,408 ✅ All systems normal.
2025-04-25 06:17:41,423 ✅ All systems normal.
2025-04-25 06:17:44,429 ✅ All systems normal.
2025-04-25 06:17:47,438 ✅ All systems normal.
2025-04-25 06:17:50,453 ✅ All systems normal.
2025-04-25 06:17:53,471 ✅ All systems normal.
2025-04-25 06:17:56,474 ✅ All systems normal.
2025-04-25 06:17:59,480 ✅ All systems normal.
2025-04-25 06:18:02,489 ✅ All systems normal.
2025-04-25 06:18:05,495 ✅ All systems normal.
2025-04-25 06:18:08,504 ✅ All systems normal.
2025-04-25 06:18:11,515 ✅ All systems normal.
2025-04-25 06:18:14,528 ✅ All systems normal.
2025-04-25 06:18:17,537 ✅ All systems normal.
2025-04-25 06:18:20,551 ✅ All systems normal.
2025-04-25 06:18:23,563 ✅ All systems normal.
2025-04-25 06:18:26,572 ✅ All systems normal.
2025-04-25 06:18:29,579 ✅ All systems normal.
2025-04-25 06:18:32,588 ✅ All systems normal.
2025-04-25 06:18:35,598 ✅ All systems normal.
2025-04-25 06:18:38,616 ✅ All systems normal.
2025-04-25 06:18:41,631 ✅ All systems normal.
2025-04-25 06:18:44,642 ✅ All systems normal.
2025-04-25 06:18:47,652 ✅ All systems normal.
2025-04-25 06:18:50,663 ✅ All systems normal.
2025-04-25 06:18:53,676 ✅ All systems normal.
2025-04-25 06:18:56,684 ✅ All systems normal.
2025-04-25 06:18:59,693 ✅ All systems normal.
2025-04-25 06:19:02,712 ✅ All systems normal.
2025-04-25 06:19:05,723 ✅ All systems normal.
2025-04-25 06:19:08,733 ✅ All systems normal.
2025-04-25 06:19:11,744 ✅ All systems normal.
2025-04-25 06:19:14,756 ✅ All systems normal.
2025-04-25 06:19:17,765 ✅ All systems normal.
2025-04-25 06:19:20,778 ✅ All systems normal.
2025-04-25 06:19:23,789 ✅ All systems normal.
2025-04-25 06:19:26,803 ✅ All systems normal.
2025-04-25 06:19:29,815 ✅ All systems normal.
2025-04-25 06:19:32,830 ✅ All systems normal.
2025-04-25 06:19:35,841 ✅ All systems normal.
2025-04-25 06:19:38,846 ✅ All systems normal.
2025-04-25 06:19:41,853 ✅ All systems normal.
2025-04-25 06:19:44,862 ✅ All systems normal.
2025-04-25 06:19:47,869 ✅ All systems normal.
2025-04-25 06:19:50,878 ✅ All systems normal.
2025-04-25 06:19:53,889 ✅ All systems normal.
2025-04-25 06:19:56,899 ✅ All systems normal.
2025-04-25 06:19:59,908 ✅ All systems normal.
2025-04-25 06:20:02,916 ✅ All systems normal.
2025-04-25 06:20:05,925 ✅ All systems normal.
2025-04-25 06:20:08,942 ✅ All systems normal.
2025-04-25 06:20:11,951 ✅ All systems normal.
2025-04-25 06:20:14,961 ✅ All systems normal.
2025-04-25 06:20:17,976 ✅ All systems normal.
2025-04-25 06:20:20,983 ✅ All systems normal.
2025-04-25 06:20:23,988 ✅ All systems normal.
2025-04-25 06:20:26,994 ✅ All systems normal.
2025-04-25 06:20:30,003 ✅ All systems normal.
2025-04-25 06:20:33,012 ✅ All systems normal.
2025-04-25 06:20:36,022 ✅ All systems normal.
2025-04-25 06:20:39,037 ✅ All systems normal.
2025-04-25 06:20:42,062 ✅ All systems normal.
2025-04-25 06:20:45,071 ✅ All systems normal.
2025-04-25 06:20:48,081 ✅ All systems normal.
2025-04-25 06:20:51,090 ✅ All systems normal.
2025-04-25 06:20:54,100 ✅ All systems normal.
2025-04-25 06:20:57,110 ✅ All systems normal.
2025-04-25 06:21:00,124 ✅ All systems normal.
2025-04-25 06:21:03,133 ✅ All systems normal.
2025-04-25 06:21:06,140 ✅ All systems normal.
2025-04-25 06:21:09,151 ✅ All systems normal.
2025-04-25 06:21:12,156 ✅ All systems normal.
2025-04-25 06:21:15,160 ✅ All systems normal.
2025-04-25 06:21:18,186 ✅ All systems normal.
2025-04-25 06:21:21,233 ✅ All systems normal.
2025-04-25 06:21:24,272 ✅ All systems normal.
2025-04-25 06:21:27,284 ✅ All systems normal.
2025-04-25 06:21:30,310 ✅ All systems normal.
2025-04-25 06:21:33,332 ✅ All systems normal.
2025-04-25 06:21:36,419 ✅ All systems normal.
2025-04-25 06:21:39,520 ✅ All systems normal.
2025-04-25 06:21:42,616 ✅ All systems normal.
2025-04-25 06:21:45,652 ✅ All systems normal.
2025-04-25 06:21:48,664 ✅ All systems normal.
2025-04-25 06:21:51,696 ✅ All systems normal.
2025-04-25 06:21:54,708 ✅ All systems normal.
2025-04-25 06:21:57,721 ✅ All systems normal.
2025-04-25 06:22:00,729 ✅ All systems normal.
2025-04-25 06:22:03,743 ✅ All systems normal.
2025-04-25 06:22:06,757 ✅ All systems normal.
2025-04-25 06:22:09,767 ✅ All systems normal.
2025-04-25 06:22:12,777 ✅ All systems normal.
2025-04-25 06:22:15,788 ✅ All systems normal.
2025-04-25 06:22:18,798 ✅ All systems normal.
2025-04-25 06:22:21,813 ✅ All systems normal.
2025-04-25 06:22:24,826 ✅ All systems normal.
2025-04-25 06:22:27,833 ✅ All systems normal.
2025-04-25 06:22:30,845 ✅ All systems normal.
2025-04-25 06:22:33,860 ✅ All systems normal.
2025-04-25 06:22:36,873 ✅ All systems normal.
2025-04-25 06:22:39,882 ✅ All systems normal.
2025-04-25 06:22:42,895 ✅ All systems normal.
2025-04-25 06:22:45,903 ✅ All systems normal.
2025-04-25 06:22:48,913 ✅ All systems normal.
2025-04-25 06:22:51,920 ✅ All systems normal.
2025-04-25 06:22:54,930 ✅ All systems normal.
2025-04-25 06:22:57,938 ✅ All systems normal.
2025-04-25 06:23:00,948 ✅ All systems normal.
2025-04-25 06:23:03,962 ✅ All systems normal.
2025-04-25 06:23:06,970 ✅ All systems normal.
2025-04-25 06:23:09,977 ✅ All systems normal.
2025-04-25 06:23:12,984 ✅ All systems normal.
2025-04-25 06:23:15,993 ✅ All systems normal.
2025-04-25 06:23:19,002 ✅ All systems normal.
2025-04-25 06:23:22,013 ✅ All systems normal.
2025-04-25 06:23:25,031 ✅ All systems normal.
2025-04-25 06:23:28,040 ✅ All systems normal.
2025-04-25 06:23:31,047 ✅ All systems normal.
2025-04-25 06:23:34,052 ✅ All systems normal.
2025-04-25 06:23:37,073 ✅ All systems normal.
2025-04-25 06:23:40,080 ✅ All systems normal.
